0.779804
0.861545
0.865248
0.873493
0.875784
0.87669
0.877867
0.878987
0.880958
0.960005
0.961704
0.963018
0.964267
0.96749
0.968956
0.970673
0.97194
0.97414
0.975655
0.977553
1.000217
1.002023
1.060226
1.062909
1.064372
1.065793
1.066943
1.067954
1.070075
1.071894
1.072892
1.073898
1.074923
1.075952
1.077514
1.078624
1.080006
1.080996
1.082128
1.083061
1.084817
1.142967
1.143984
1.145145
1.152712
1.154843
1.157284
1.159506
1.160821
1.162051
1.164713
1.165912
1.167351
1.168396
1.169365
1.170314
1.171363
1.175253
1.176229
1.177464
1.178517
1.17993
1.181441
1.181543
1.183351
1.185306
1.185559
1.185665
1.186608
1.188413
1.189898
1.190965
1.608985
1.609124
1.609238
1.60935
1.781863
1.788519
1.795213
1.796283
1.797304
1.798311
1.80027
1.80513
1.805298
1.80544
1.806592
1.808837
1.810081
1.812773
1.813781
1.815985
1.817522
1.819593
1.82089
1.822894
1.824094
1.825246
1.827568
1.828668
1.829846
1.880415
1.886097
1.887581
1.889053
1.890683
1.892073
1.893396
1.894976
1.896028
1.898664
1.899725
1.900776
1.901885
1.902897
1.903934
1.905074
1.906043
1.907036
1.908282
1.909484
1.909721
1.911023
1.913001
1.913959
1.914945
1.916091
1.917397
1.918468
1.920418
1.922703
1.941818
1.958573
1.958801
1.969456
2.164492
2.164684
2.197197
2.35064
2.775855
2.776058
2.776238
2.776416
2.783318
2.789267
2.791388
2.796942
2.799357
2.801051
2.8028
2.80428
2.806493
2.808355
2.810198
2.811414
2.814347
2.815539
2.816529
2.817958
2.818987
2.870918
2.878861
2.881129
2.883839
2.885165
2.887085
2.888604
2.890067
2.891203
2.893163
2.894273
2.895585
2.897676
2.898932
2.900103
2.902904
2.903872
2.904743
2.905905
2.906842
2.908353
2.909289
2.910622
2.91183
2.912811
2.914079
2.915046
2.916504
2.918586
2.919731
2.922111
2.92417
2.926287
2.928313
2.931004
2.932193
2.935111
2.97249
2.976281
2.980266
2.982334
2.984265
2.988522
2.990465
2.993119
3.06597
3.066174
3.095259
3.109901
3.195445
3.195626
3.370794
3.371027
3.371234
3.371437
3.785217
3.785345
3.785456
3.785565
3.790237
3.79655
3.799251
3.802172
3.804771
3.808477
3.808587
3.81019
3.812169
3.814997
3.816058
3.817907
3.819063
3.819996
3.8209
3.821921
3.822904
3.824587
3.825596
3.826545
3.827575
3.829425
3.832288
3.834241
3.835712
3.83661
3.83776
3.838944
3.840079
3.841421
3.842437
3.843498
3.844387
3.845425
3.846406
3.847405
3.848492
3.849678
3.850888
3.854456
3.882728
3.885038
3.887887
3.893744
3.894952
3.896475
3.898311
3.89928
3.900931
3.901906
3.902822
3.903807
3.904813
3.94895
3.949151
3.997545
4.348047
4.348247
4.348416
4.718204
4.718397
4.718566
4.718732
4.718896
4.777786
4.777956
4.787926
4.790352
4.792607
4.795774
4.796783
4.798099
4.799045
4.801058
4.802474
4.805238
4.806614
4.80917
4.810371
4.811741
4.812741
4.813696
4.815637
4.817289
4.8175
4.819036
4.820086
4.821053
4.822911
4.825742
4.826812
4.827791
4.828817
4.82985
4.831158
4.833174
4.834523
4.837337
4.838444
4.83935
4.840343
4.841777
4.84325
4.845512
4.848277
4.850508
4.853148
4.854237
4.860498
4.861907
4.865657
4.86669
4.870344
4.874955
4.876068
4.877903
4.883078
4.884414
4.88672
4.893567
4.898322
4.900435
4.93345
4.975216
4.975515
5.018198
5.023151
5.787989
5.788165
5.788316
5.791083
5.793377
5.794902
5.797366
5.800017
5.80221
5.804602
5.806467
5.80828
5.88476
5.888651
5.889767
5.892633
5.894031
5.896458
5.897783
5.899277
5.900784
5.901653
5.902603
5.903926
5.904994
5.90599
5.907328
5.908297
5.909227
5.910109
5.911013
5.912428
5.914652
5.915705
5.916812
5.977887
5.979873
5.981263
5.982496
5.98433
5.986169
5.987764
5.989068
5.990601
5.992305
5.994108
5.995286
5.996785
5.997991
6.000085
6.001387
6.002315
6.003331
6.005347
6.006394
6.007258
6.080855
6.084089
6.08586
6.088412
6.090309
6.520764
6.520962
6.521132
6.788764
6.789163
6.797881
6.799674
6.801588
6.804365
6.806906
6.808132
6.810045
6.811402
6.814847
6.816265
6.817328
6.818309
6.81919
6.820176
6.887122
6.888696
6.890392
6.891811
6.894132
6.895381
6.897978
6.899383
6.900467
6.901789
6.902722
6.903747
6.904906
6.906027
6.908205
6.910168
6.912197
6.913415
6.914479
6.915711
6.916615
6.980316
6.982289
6.984025
6.985684
6.986889
6.989408
6.991499
6.992758
6.993981
7.002681
7.004697
7.005681
7.00588
7.007805
7.008848
7.011864
7.014806
7.015965
7.236923
7.237176
7.604388
7.604521
7.785705
7.785936
7.786143
7.789203
7.793745
7.795599
7.798013
7.799251
7.800575
7.803726
7.805035
7.807593
7.808991
7.810589
7.813237
7.814277
7.816374
7.839693
7.879965
7.882098
7.884129
7.885257
7.886474
7.887705
7.888697
7.890215
7.894136
7.896372
7.897676
7.899032
7.900365
7.901649
7.903792
7.904779
7.905939
7.906799
7.908978
7.909865
7.910826
7.911834
7.912805
7.943631
7.979008
7.981449
7.98158
7.98281
7.984098
7.985386
7.986733
7.989284
7.992659
7.993679
7.994684
7.995946
7.997018
7.997952
7.998053
7.999102
8.000141
8.009037
8.009149
8.009243
8.038706
8.322218
8.322423
8.530815
8.530982
8.53113
8.531277
8.781693
8.781932
8.78214
8.782344
8.792318
8.795397
8.797923
8.800278
8.801752
8.802961
8.805793
8.807781
8.809893
8.81121
8.813362
8.815272
8.81845
8.88237
8.884538
8.886964
8.890307
8.89324
8.894906
8.896008
8.897149
8.898009
8.898932
8.899934
8.90122
8.902371
8.903507
8.905202
8.907158
8.908452
8.909848
8.911012
8.912143
8.912997
8.9143
8.916259
8.917603
8.918948
8.91989
8.920795
8.976786
8.978795
8.980505
8.980872
8.982673
8.984212
8.985633
8.987416
8.988628
8.989901
8.991378
8.992414
8.994054
8.995376
8.99668
8.998023
8.99891
9.00014
9.002214
9.003504
9.005578
9.008081
9.009039
9.010011
9.011012
9.012917
9.014493
9.015768
9.016774
9.042318
9.042431
9.075572
9.166636
9.166866
9.167145
9.202729
9.202861
9.275815
9.276046
9.783467
9.790764
9.794327
9.796864
9.799132
9.801191
9.803942
9.884403
9.889195
9.890623
9.89169
9.893336
9.896987
9.898586
9.899671
9.901964
9.905427
9.906485
9.908275
9.909357
9.911476
9.912667
9.914531
9.916406
9.91734
9.974887
9.981043
9.982343
9.983888
9.985404
9.986602
9.989153
9.990426
9.991772
9.992682
9.993716
9.994581
9.995849
9.996817
9.997704
9.998564
9.999629
10.000605
10.001978
10.003596
10.005208
10.006165
10.007109
10.008102
10.009038
10.011199
10.012278
10.01319
10.014295
10.070193
10.073646
10.075737
10.468972
10.469086
10.534671
10.534859
10.535028
10.535193
10.779351
10.779572
10.779815
10.779985
10.78015
10.789608
10.795104
10.797517
10.799817
10.803246
10.805355
10.873242
10.877196
10.880652
10.88472
10.88795
10.891113
10.893021
10.895663
10.898655
10.899696
10.900711
10.975924
10.977601
10.980483
10.981528
10.982877
10.984097
10.985127
10.98622
10.987199
10.988408
10.989791
10.99077
10.991683
10.993209
10.994502
10.995541
10.996664
10.999402
10.999513
11.000854
11.001915
11.003431
11.005588
11.008246
11.068443
11.071798
11.073256
11.076709
11.079185
11.080497
11.082704
11.084164
11.085111
11.086446
11.087525
11.089022
11.090639
11.091572
11.092475
11.09351
11.355903
11.356096
11.674047
11.674279
11.674498
11.674714
11.779371
11.779505
11.787393
11.790366
11.795207
11.79775
11.79882
11.800197
11.801894
11.804426
11.806864
11.809874
11.811867
11.81303
11.814574
11.815572
11.816565
11.817611
11.818739
11.820033
11.859009
11.860958
11.87435
11.875826
11.881984
11.883096
11.884615
11.885728
11.890281
11.891324
11.892325
11.893717
11.894777
11.895891
11.897178
11.898341
11.899974
11.901947
11.903064
11.904297
11.905765
11.906789
11.908095
11.909197
11.910085
11.911044
11.913982
11.915589
11.916485
11.917533
11.91877
11.919754
11.966414
11.968176
11.96967
11.971202
11.982694
11.983888
11.985025
11.986167
11.987419
11.989398
11.989521
11.991606
12.011959
12.550431
12.550667
12.550875
12.551077
12.780983
12.781191
12.781375
12.781566
12.785019
12.788551
12.790431
12.794142
12.796114
12.801186
12.803002
12.804627
12.806312
12.809674
12.811229
12.812514
12.815339
12.817154
12.820515
12.823705
12.825414
12.827183
12.828974
12.854928
12.856541
12.875409
12.877566
12.880104
12.883699
12.885895
12.887627
12.890424
12.892407
12.894406
12.896744
12.898552
12.900665
12.902443
12.904453
12.90716
12.911617
12.915721
12.917467
12.919131
12.920206
12.921381
12.922379
12.923553
12.92511
12.92756
12.929518
12.933307
12.935617
12.936702
12.937791
12.938931
12.970493
12.97528
12.977839
12.979998
12.981198
13.122595
13.122722
13.383842
13.384166
13.782134
13.782262
13.782375
13.782485
13.782595
13.784727
13.787854
13.790891
13.792308
13.795396
13.796274
13.797358
13.799251
13.800762
13.801916
13.803783
13.806533
13.807621
13.811052
13.813204
13.814229
13.81556
13.816691
13.817766
13.819936
13.820947
13.821996
13.822938
13.855667
13.857224
13.875556
13.877296
13.879636
13.881154
13.882299
13.883752
13.885299
13.886347
13.887421
13.888825
13.889813
13.890777
13.891869
13.893142
13.893245
13.89417
13.895029
13.89606
13.898494
13.899415
13.900393
13.90312
13.905013
13.905949
13.907235
13.908544
13.909553
13.910499
13.911539
13.944622
13.944833
13.945004
13.946688
13.952818
13.954756
13.963485
13.97264
13.9751
13.980327
14.042775
14.043103
14.349879
14.35008
14.35025
14.788209
14.788379
14.788535
14.788684
14.791369
14.793997
14.797171
14.800898
14.802226
14.804546
14.806385
14.807355
14.809151
14.810691
14.813108
14.814248
14.815586
14.816678
14.81772
14.817823
14.820057
14.821093
14.822103
14.884911
14.887211
14.88918
14.891115
14.893015
14.896616
14.898646
14.899527
14.902213
14.903326
14.904433
14.905376
14.906275
14.907359
14.908334
14.909754
14.910916