0.467265
0.472318
0.518429
0.560227
0.562932
0.566512
0.574993
0.631537
0.653841
0.655971
0.657612
0.660439
0.661889
0.663282
0.664799
0.666623
0.668857
0.670435
0.672074
0.673509
0.674963
0.746924
0.749449
0.751654
0.755172
0.759274
0.763684
0.76574
0.767286
0.768922
0.770345
0.771935
0.773692
0.775232
0.778899
0.78211
0.784401
0.83701
0.839072
0.842613
0.844407
0.845968
0.847418
0.849219
0.850893
0.852394
0.853883
0.856807
1.083056
1.083496
1.27749
1.277991
1.278316
1.278613
1.467188
1.470454
1.474061
1.475582
1.476937
1.479653
1.481998
1.485609
1.490072
1.491899
1.493296
1.495638
1.501108
1.503991
1.506056
1.507679
1.509041
1.510699
1.512147
1.562769
1.567503
1.56947
1.571357
1.573867
1.579676
1.581699
1.583873
1.586125
1.588147
1.589942
1.591746
1.59374
1.600305
1.605217
1.609243
1.612071
1.613722
1.615469
1.617055
1.61854
1.620484
1.624381
1.626927
1.631307
1.632977
1.634887
1.637174
1.639333
1.641501
1.645265
1.647275
1.648909
1.650874
1.653057
1.655797
1.660398
1.663018
1.665899
1.669643
1.671491
1.676079
1.677745
1.679078
1.680933
1.682773
1.686892
1.689298
1.691779
1.694233
1.696618
1.710604
1.712813
1.715737
1.718489
1.721114
1.724154
1.72604
1.728801
1.730753
1.732345
1.734
1.735509
1.736892
1.740178
1.750816
1.761242
2.23098
2.231467
2.231876
2.465033
2.475395
2.478465
2.480308
2.48592
2.491146
2.497421
2.502163
2.508022
2.511934
2.513915
2.518477
2.521135
2.522806
2.524546
2.525986
2.52904
2.53069
2.532657
2.535053
2.539055
2.543556
2.545868
2.548506
2.550008
2.55158
2.553224
2.554869
2.556413
2.557883
2.559213
2.560516
2.562081
2.564327
2.565801
2.567523
2.568901
2.570689
2.573934
2.575821
2.577642
2.579054
2.580659
2.582302
2.583753
2.585101
2.586726
2.588323
2.589893
2.593387
2.594733
2.596495
2.597962
2.600214
2.601666
2.603644
2.60536
2.610907
2.622714
2.626895
2.62902
2.643754
2.647613
2.822345
2.822764
2.823056
2.872091
2.872449
3.00263
3.00317
3.003663
3.004095
3.474581
3.475023
3.475469
3.475909
3.481305
3.484175
3.485703
3.487707
3.491178
3.493734
3.495211
3.498549
3.501388
3.50334
3.504605
3.505864
3.507341
3.508651
3.51009
3.512745
3.516279
3.518476
3.519945
3.52167
3.522997
3.52432
3.525875
3.527996
3.529492
3.530947
3.532268
3.53387
3.535937
3.540056
3.542204
3.545325
3.548007
3.550987
3.553922
3.558174
3.562678
3.56553
3.568384
3.571521
3.577547
3.580875
3.583296
3.587677
3.590801
3.594302
3.602731
3.604474
3.606371
3.664077
3.664564
3.789996
3.790424
3.790761
4.473986
4.474454
4.474877
4.476308
4.478806
4.482863
4.486495
4.488465
4.490953
4.496132
4.501356
4.504146
4.506867
4.50875
4.510004
4.512485
4.513713
4.515184
4.516851
4.518392
4.519765
4.522343
4.523698
4.525832
4.527239
4.528765
4.530378
4.531937
4.533405
4.534749
4.536706
4.538413
4.539812
4.600126
4.602579
4.604633
4.606617
4.610526
4.61306
4.614881
4.617231
4.619568
4.624334
4.626956
4.629229
4.633144
4.692841
4.694293
4.697565
4.698963
4.700642
4.704191
4.706201
4.707632
4.708988
4.710287
4.711817
4.712147
4.714596
4.71882
4.719225
5.395309
5.472832
5.47553
5.477088
5.478411
5.481629
5.483855
5.488218
5.566503
5.569806
5.57128
5.574243
5.577136
5.579362
5.580689
5.583089
5.58447
5.586035
5.587607
5.589068
5.594982
5.661207
5.664053
5.665864
5.667325
5.669354
5.671572
5.674084
5.675481
5.678883
5.680278
5.682785
5.684476
5.686166
5.687914
5.689241
5.690522
5.69241
5.693738
5.695368
5.697014
5.698435
5.712072
5.713451
5.755073
5.757417
5.760509
5.76307
5.765551
5.767724
5.770019
5.772556
5.776041
5.777493
5.778827
5.782017
5.784379
5.791562
5.79448
5.797248
5.7998
5.801821
5.803401
5.804844
5.807352
5.808776
5.810563
5.81547
5.817356
5.81779
5.819295
6.075845
6.076243
6.076715
6.4632
6.463545
6.463867
6.470679
6.475646
6.47915
6.482701
6.487049
6.492968
6.494816
6.497478
6.505212
6.511975
6.51438
6.516529
6.520566
6.522987
6.525549
6.528235
6.532396
6.534851
6.537062
6.539099
6.541364
6.543113
6.546566
6.549877
6.551622
6.55479
6.557593
6.561701
6.56355
6.567208
6.569762
6.57137
6.573196
6.581287
6.587132
6.593442
6.596063
6.598333
6.600282
6.602342
6.604618
6.606948
6.612566
6.614753
6.619089
6.621866
6.625365
6.627881
6.633018
6.635241
6.636679
6.638077
6.648956
6.670111
6.777319
6.777892
6.803236
7.42651
7.426894
7.427255
7.427633
7.472277
7.477405
7.479536
7.48227
7.484803
7.490111
7.492701
7.49925
7.500888
7.502414
7.504684
7.508774
7.514516
7.515864
7.517348
7.518773
7.522334
7.525004
7.527773
7.529943
7.532177
7.534317
7.536431
7.5401
7.541648
7.544926
7.54688
7.549126
7.551643
7.567327
7.569719
7.571837
7.574177
7.576198
7.578285
7.580015
7.582241
7.584601
7.587397
7.589231
7.592087
7.594206
7.594608
7.597439
7.59883
7.600324
7.601588
7.60292
7.604899
7.606896
7.607278
7.608621
7.610451
7.611856
7.613939
7.635203
7.670874
7.671281
7.689417
7.91006
7.910576
7.910952
7.936659
7.937167
8.168427
8.16885
8.47549
8.475822
8.476186
8.476596
8.485367
8.488237
8.491272
8.493193
8.494804
8.496173
8.498038
8.500566
8.502155
8.508241
8.511376
8.513071
8.514513
8.51575
8.517192
8.519745
8.525066
8.526391
8.529198
8.533069
8.534682
8.536527
8.541413
8.542774
8.543994
8.545784
8.548128
8.549648
8.551349
8.553331
8.555894
8.569705
8.571238
8.572588
8.575799
8.579667
8.582301
8.585015
8.58655
8.587972
8.589296
8.590669
8.591978
8.593386
8.596827
8.599943
8.602
8.606541
8.618382
8.634888
8.637503
8.662384
9.405362
9.40588
9.406245
9.406588
9.468433
9.47975
9.480088
9.481512
9.483908
9.485203
9.490125
9.492962
9.494841
9.4967
9.502013
9.507497
9.509292
9.511606
9.514296
9.515775
9.563944
9.56716
9.568812
9.570186
9.571544
9.572737
9.573403
9.575067
9.577498
9.580032
9.582632
9.585076
9.587298
9.589203
9.591337
9.593704
9.598206
9.600103
9.601773
9.603473
9.605034
9.606424
9.60814
9.609566
9.611898
9.615893
9.619274
9.635951
9.636329
9.639308
9.642648
9.677788
9.678286
9.687923
9.919811
9.920197
10.279796
10.280346
10.28084
10.475232
10.47568
10.480782
10.483157
10.485491
10.489332
10.492735
10.494031
10.497803
10.49931
10.502676
10.507153
10.51079
10.51204
10.514616
10.516153
10.5175
10.51901
10.522244
10.52396
10.52681
10.529295
10.530941
10.572781
10.577656
10.579347
10.58147
10.583053
10.584759
10.586101
10.589778
10.591387
10.593515
10.595064
10.597384
10.599101
10.600454
10.601627
10.603053
10.606933
10.608519
10.610321
10.611652
10.613422
10.61611
10.617959
10.622165
10.623879
10.625246
10.626709
10.627167
10.62863
10.630003
10.630414
10.631816
10.633213
10.635852
10.636314
10.638725
10.641427
10.642877
10.643272
10.644724
10.646389
10.648238
10.669791
10.672255
10.674903
10.677251
10.677862
10.679512
10.856615
10.856992
11.124811
11.125292
11.125706
11.126103
11.126399
11.482451
11.482875
11.483202
11.485846
11.488982
11.492592
11.495088
11.496673
11.500709
11.502605
11.504208
11.505535
11.507192
11.508808
11.510247
11.511748
11.513098
11.514406
11.515849
11.517183
11.518943
11.520673
11.522406
11.523982
11.531604
11.533434
11.543328
11.545044
11.547675
11.549051
11.552345
11.553852
11.573949
11.578356
11.583309
11.585609
11.592735
11.601432
11.601817
11.624865
11.636319
11.648407
11.651077
11.664935
11.672646
11.696018
11.697546
11.699124
11.94421
12.471832
12.472273
12.472647
12.476007
12.49334
12.495504
12.497843
12.50168
12.503616
12.505063
12.506521
12.50799
12.509318
12.510855
12.512322
12.514924
12.516425
12.51771
12.519005
12.520774
12.522575
12.567396
12.57278
12.574433
12.576228
12.577816
12.586582
12.588051
12.589359
12.590738
12.592493
12.596156
12.597602
12.598992
12.600605
12.601973
12.603681
12.60507
12.606601
12.608211
12.609786
12.611371
12.613069
12.614492
12.616056
12.6176
12.618974
12.619571
12.621045
12.622476
12.623918
12.625388
12.662765
12.682519
12.683093
12.775638
12.776305
12.776737
12.982662
12.983347
12.98386
13.467148
13.467596
13.467952
13.470514
13.47354
13.475999
13.479133
13.484057
13.486241
13.487793
13.49124
13.492627
13.561959
13.564405
13.565732
13.567677
13.569085
13.570683
13.572182
13.573701
13.575103
13.576637
13.578298
13.579664
13.581048
13.582497
13.584484
13.586255
13.588664
13.590324
13.592569
13.593958
13.595406
13.59951
13.600917
13.657023
13.661365
13.663225
13.666981
13.668589
13.67086
13.672277
13.673582
13.674975
13.678309
13.679741
13.681033
13.682355
13.684039
13.685533
13.686934
13.688524
13.689954
13.691408
13.693865
13.695265
13.752438
13.75482
13.763241
13.765078
13.766791
13.769391
13.771084
13.772491
13.774068
13.775546
13.778155
13.77971
13.782086
13.847047
13.847835
13.848573
13.910093
13.910766
13.911263
14.473122
14.47357
14.473994
14.474417
14.474869
14.482244
14.484253
14.485942
14.487437
14.490135
14.491691
14.49444
14.495885
14.498253
14.499657
14.501081
14.503852
14.509176
14.510838
14.512301
14.513686
14.515057
14.516428
14.519026
14.520273
14.574443
14.578853
14.582407
14.583994
14.586508
14.587921
14.589374
14.59078
14.592292
14.595484
14.596713
14.598041
14.600077
14.601689
14.603063
14.604687
14.606343
14.607623
14.609351
14.612822
14.61434
14.616058
14.617817
14.619382
14.621868
14.623269
14.62511
14.62672
14.629332
14.630831
14.6322
14.63433
14.636716
14.65615
14.657676
14.669939
14.671317
14.675749
14.677771
14.679564
14.681064
14.682425
14.683843
14.685586
14.687226
14.689647
14.691531
14.69289
14.694439
14.701257
14.76718
14.767662
14.846923
14.932634
14.933272
15.064855
15.065338
15.09962
15.464945