0.770277
0.000164
0.000102
9.3e-05
0.331078
0.000166
0.000101
0.000145
0.008819
0.001564
0.083156
0.007187
0.00131
0.001956
0.002187
0.000969
0.001157
0.080531
0.002108
0.001152
0.001619
0.001269
0.001193
0.002539
0.001163
0.001983
0.001828
0.001165
0.001023
0.073962
0.004473
0.002699
0.003561
0.001094
0.000996
0.001974
0.001147
0.001176
0.001108
0.000844
0.000947
0.000945
0.001005
0.001035
0.000923
0.001114
0.001097
0.001204
0.001003
0.001213
0.067123
0.001304
0.001717
0.001074
0.001733
0.001038
0.003236
0.002764
0.001008
0.001023
0.001068
0.000961
0.000886
0.001097
9.8e-05
0.00126
0.189726
0.000176
0.000143
0.413765
0.000171
0.012921
0.003054
0.002169
0.003103
0.001068
0.000853
0.001488
0.000978
0.001065
0.002782
0.002107
0.003309
0.006306
0.001345
0.000894
0.001212
0.001148
0.001051
0.001923
0.001349
0.001092
0.053463
0.003086
0.00559
0.002011
0.001125
0.001131
0.001956
0.001735
0.001588
0.002506
0.001758
0.002452
0.001066
0.000967
0.000985
0.001122
0.002613
0.001114
0.001371
0.002078
0.001951
0.001548
0.00139
0.002193
0.001989
0.001651
0.001241
0.001994
0.001589
0.022318
0.002029
0.015152
0.000104
0.066031
0.74154
0.000196
0.005515
0.003623
0.002535
0.003626
0.081705
0.005032
0.00128
0.002196
0.002156
0.001597
0.002616
0.001486
0.00112
0.000965
0.001125
0.002595
0.001959
0.001455
0.001277
0.001016
0.062413
0.001696
0.001261
0.001358
0.001618
0.001529
0.001474
0.001169
0.000888
0.001271
0.001214
0.001589
0.000927
0.001086
0.00111
0.001396
0.000101
0.001042
0.002896
0.002014
0.000965
0.001099
0.000961
0.001007
0.001916
0.001105
0.001031
0.000979
0.000891
0.00088
0.061608
0.00508
0.001117
0.001132
0.001765
0.000923
0.000965
0.001281
0.000947
0.328352
0.000121
9.4e-05
8e-05
0.381493
0.000248
0.000305
0.005604
0.003464
0.001411
0.001276
0.002249
0.002482
0.003042
0.001221
0.00239
0.002343
0.00109
0.001767
0.005004
0.001788
0.002017
0.001694
0.001363
0.001617
0.001077
0.001935
0.001169
0.002721
0.002131
0.001094
0.044671
0.000186
0.005089
0.001759
0.002112
0.001883
0.001678
0.001824
0.002003
0.008291
0.005569
0.001178
0.007518
0.009663
0.001224
0.009059
0.001818
0.004015
0.016846
0.009328
0.297052
0.000127
9.5e-05
9.7e-05
0.331547
0.000167
0.000141
0.000158
0.170701
0.000115
0.012396
0.001501
0.002405
0.000995
0.006763
0.002439
0.002297
0.003786
0.001258
0.001309
0.00108
0.002107
0.002591
0.001859
0.001164
0.001233
0.000978
0.000959
0.001096
0.00102
0.000973
0.001162
0.003102
0.001191
0.000902
0.001447
0.001014
0.001025
0.000896
0.038791
0.001562
0.002176
0.001761
0.001425
0.001163
0.001203
0.001582
0.003209
0.001687
0.001252
0.000941
0.001215
0.000987
0.001042
0.000945
0.001049
0.002008
0.002341
0.000809
0.002463
0.002556
0.001218
0.001189
0.001497
0.002919
0.001081
0.002728
0.000113
0.002109
0.001225
0.001826
0.001026
0.001633
0.001296
0.034439
0.001492
0.009341
0.068567
0.000221
0.117635
0.000185
0.000145
0.087252
0.52616
0.000173
0.000204
0.000143
0.004776
0.002533
0.007902
0.001648
0.002198
0.001934
0.001053
0.001066
0.001941
0.002579
0.002042
0.002157
0.001073
0.002639
0.001804
0.000901
0.000972
0.001242
0.003717
0.002225
0.001013
0.001027
0.002539
0.000903
0.00117
0.000974
0.001
0.000928
0.002255
0.000941
0.001052
0.00105
0.002703
0.001293
0.001498
0.001176
0.001153
0.00089
0.000886
0.000839
0.001111
0.022491
0.002095
0.001937
0.001381
0.001407
0.002054
0.001107
0.000989
0.001165
0.001344
0.001496
0.000992
0.001025
0.001054
9.5e-05
0.020635
0.010378
0.004536
0.002034
0.01364
0.031903
0.331862
0.000289
0.000223
0.461145
0.000234
0.000146
0.0132
0.004376
0.002825
0.005114
0.001384
0.002412
0.002182
0.001275
0.001418
0.001927
0.001362
0.001242
0.002281
0.00109
0.002571
0.00182
0.00101
0.00276
0.001135
0.001136
0.001061
0.001089
0.001077
0.000991
0.001394
0.002796
0.001429
0.001525
0.001698
0.001773
0.001184
0.001764
0.001193
0.002094
9.3e-05
0.000975
0.00114
0.001169
0.000925
0.012487
0.00103
0.001234
0.061505
0.012657
0.029921
0.002768
0.030452
0.000189
0.00013
0.39725
0.000125
9.7e-05
9.9e-05
0.388518
0.000215
0.000245
0.004508
0.002003
0.002463
0.002715
0.00223
0.002725
0.002291
0.001362
0.002652
0.00141
0.001014
0.002189
0.001156
0.001505
0.001414
0.001129
0.001014
0.002148
0.001199
0.001362
0.001149
0.001109
0.003091
0.001107
0.001885
0.001465
0.001248
0.001502
0.001992
0.002722
0.000999
0.001164
0.002207
0.000951
0.00084
0.000861
0.001065
0.000882
0.001081
0.001967
0.00197
0.000879
0.001069
0.001565
0.001872
0.000874
0.001064
0.001096
0.001782
0.001006
0.001266
0.013667
0.001013
0.00104
0.001153
0.00091
0.001187
0.001011
0.000994
0.007069
0.006531
0.007912
0.002457
0.084994
0.404569
0.000185
0.286805
0.000208
0.000177
0.000239
0.000273
0.096261
0.004222
0.004411
0.002846
0.003817
0.001102
0.001263
0.001813
0.001092
0.001089
0.001126
0.002001
0.001141
0.001084
0.003646
0.001057
0.000921
0.001257
0.001008
0.001163
0.001267
0.001295
0.001425
0.001314
0.000975
0.002102
0.002053
0.00117
0.001802
0.001453
0.000903
0.00104
0.001217
0.001299
0.000949
0.001018
0.000931
0.001021
0.000909
0.00113
0.001028
0.001035
0.001495
0.009128
0.001927
0.00269
0.001787
0.001658
0.012778
0.004023
0.028509
0.000412
0.007553
0.001927
0.001646
0.002367
0.012911
0.006219
0.051153
0.002333
0.019658
0.327031
0.000163
0.43851
0.000207
0.005532
0.003092
0.005189
0.001308
0.003831
0.001998
0.002173
0.00224
0.002298
0.001909
0.001041
0.001219
0.000875
0.000964
0.000895
0.002651
0.001478
0.001475
0.001421
0.00163
0.001161
0.000992
0.001907
0.001891
0.000951
0.00193
0.000837
0.017059
0.026146
0.001698
0.001579
0.001724
0.001313
0.001313
0.001184
0.001033
0.001449
0.001198
0.000979
0.001776
0.00151
0.001066
0.005601
0.001992
0.001457
0.00103
0.004532
0.014522
0.016279
0.000173
0.309028
0.000184
0.000143
0.266501
0.000206
0.000172
0.000172
0.263978
0.000182
0.006778
0.002256
0.001463
0.003494
0.001083
0.001284
0.00196
0.000973
0.000925
0.001205
0.001315
0.002248
0.001111
0.001748
0.001191
0.001579
0.002788
0.003758
0.001761
0.001854
0.001185
0.002498
0.000916
0.000957
0.000972
0.00129
0.001071
0.00113
0.001136
0.001749
0.000982
0.000933
0.001078
0.001004
0.000936
0.002079
0.000905
0.000967
0.000864
0.031657
0.001015
0.001255
0.001065
0.001107
0.001208
0.001044
0.001753
0.001209
0.001142
0.001318
0.00114
0.001997
0.001978
0.000882
0.001948
0.000876
0.000895
0.006749
0.007124
0.004736
0.011019
0.012317
0.021229
0.0333
0.019642
0.000187
0.004246
0.005886
0.05392
0.119523
0.012139
0.006492
0.553401
0.000107
9e-05
0.003397
0.004457
0.003189
0.002096
0.005852
0.001956
0.001914
0.002736
0.005305
0.001275
0.00105
0.002118
0.001267
0.004972
0.001126
0.000997
0.001142
0.001006
0.00238
0.001408
0.001215
0.002962
0.000937
0.039328
0.001141
0.001144
0.001144
0.000904
0.001431
0.001142
0.001031
0.000891
0.00104
0.002172
0.000962
0.001102
0.000921
0.001153
0.001101
0.001932
0.00283
0.001977
0.001238
0.015001
0.001014
0.001526
0.002522
0.009861
0.018417
0.001286
0.096299
0.168402
0.000112
8.1e-05
0.020021
0.052148
0.000113
0.140975
0.000112
0.358658
0.000114
8.8e-05
0.00421
0.001943
0.001056
0.006608
0.003639
0.002258
0.000993
0.002056
0.001967
0.002096
0.001007
0.000994
0.001183
0.000979
0.001542
0.002512
0.001048
0.000977
0.000945
0.00476
0.000114
0.002041
0.00178
0.002664
0.001751
0.002123
0.001944
0.000946
0.000935
0.001751
0.001138
0.0001
0.03492
0.000992
0.000941
0.001074
0.001241
0.000955
0.009997
0.017904
0.057118
0.00374
0.000113
0.009613
0.062981
0.190404
0.000178
0.000145
0.113524
0.000114
0.264678
0.000115
8.9e-05
0.168245
0.000109
9.1e-05
0.00475
0.00273
0.003753
0.002124
0.002798
0.001465
0.002344
0.004015
0.001048
0.001137
0.002635
0.001028
0.003
0.001079
0.001972
0.001002
0.000932
0.001018
0.003243
0.001033
0.001214
0.001313
0.00393
0.00102
0.001031
0.001047
0.001126
0.000979
0.000874
0.001058
0.000931
0.000884
0.000878
0.000899
0.001115
0.001157
0.001351
0.032164
0.000961
0.000994
0.001402
0.001102
0.000981
0.001759
0.001384
0.001112
0.001009
0.000982
0.001795
0.001532
0.00206
0.001037
0.001401
9.1e-05
0.007251
0.027114
0.008304
0.060486
0.0142
0.197089
0.121212
0.000104
0.401265
0.000111
9.1e-05
9e-05
0.047371
0.006992
0.004984
0.003126
0.001688
0.003283
0.001087
0.00211
0.004027
0.001157
0.003147
0.001508
0.001467
0.001404
0.002277
0.001196
0.001251
0.001169
0.000899
0.001213
0.002156
0.001134
0.000981
0.000922
0.000864
0.001014
0.000956
0.001751
0.000834
0.001034
0.001055
0.001089
0.000877
0.000917
0.000926
0.00381
0.001069
0.027752
0.013029
0.00824
0.000116
0.010141
0.00842
0.004948
0.03446
0.000103
7.9e-05
0.003628
0.00304
0.015412
0.069759
0.448011
0.000118
0.021228
0.26744
0.000105
0.004444
0.006869
0.002525
0.002196
0.003102
0.002123
0.001005
0.001084
0.001068
0.000101
0.001678
0.001027
0.001235
0.001179
0.002478
0.001224
0.002764
0.000986
0.001853
0.001041
0.001065
0.001329
0.001145
0.003264
0.001221
0.001005
0.001198
0.001011
0.00109
0.001492
0.0012
0.000926
0.001999
0.003024
0.002162
0.001062
0.00104
0.001049
0.001048
0.000898
0.001072
0.000983
0.000168
0.001406
0.001189
0.003901
0.001034
0.01005
0.002169
0.007569
0.002143
0.001787
0.00119
0.002229
0.001713
0.008455
0.00277
0.003654
0.001107
0.266817
0.000103
0.906561
0.000109
0.003866
0.001184
0.001171
0.001339
0.00254
0.002574
0.00094
0.001137
0.002117
0.001659
0.001064
0.00096
0.001017
0.001821
0.071091
0.001194
0.001585
0.001344
0.001145
0.001044
0.001122
0.0011
0.002179
0.002454
0.000847
0.001071
0.000963
0.001018
0.001288
0.000924
0.000956
0.001789
0.000905
0.000904
0.00103
0.001185
0.001017
0.0681
0.001162
0.001419
0.001668
0.001028
0.000949
0.001049
0.002097
0.000995
0.000929
0.001157
0.000935
0.001022
0.001959
0.000984
0.000977
0.001968
0.001805
0.001803
0.00167
0.001097
0.001059
0.000908
0.001118
0.001056
0.002071
0.000109
0.48229
0.000107
9e-05
0.000122
0.002022
0.002374
0.003242
0.002851
0.000931
0.002706
0.005375
0.001527
0.00134
0.001021
0.001006
0.001044
0.00107
0.001826
0.002362
0.001306
0.002089
0.001108
0.000928
0.000858
0.000959
0.001054
0.000933
0.001098
0.094511
0.001349
0.001051
0.002094
0.000982
0.000949
0.001088
0.001578
0.001012
0.00219
0.001375
0.000978
0.001325
0.000874
0.000896
0.001058
0.000908
0.000995
0.001138
8.8e-05
0.00093
0.06793
0.000113
0.004548
0.303825
0.000113
9e-05
0.165546
0.000113
0.296146
0.000108
8.7e-05
9.3e-05
0.006934
0.001331
0.002696
0.002759
0.002514
0.002187
0.002386
0.001425
0.00115
0.001931
0.001412
0.002458
0.001266
0.002361
0.002582
0.00206
0.001801
0.001031
0.00207
0.001041
0.000969
0.001867
0.001145
0.00212
0.000945
0.046895
0.001112
0.000895
0.000906
0.001935
0.000137
0.001165
0.001082
0.000972
0.000185
0.001053
0.001415
0.001648
0.001751
0.001062
0.00134
0.000103
0.000874
0.000956
0.001086
0.001027
0.00132
0.002051
0.001116
0.000213
0.01464
0.003123
0.008238
0.001976
0.001073
0.036246
0.082509
0.000116
0.049598
0.680568
0.000117
8.9e-05
0.00549
0.002825
0.001082
0.01197
0.002319
0.002539
0.001688
0.001114
0.003521
0.002623
0.000991
0.001372
0.001617
0.002673
0.00114
0.001287
0.001559
0.001855
0.001557
0.001246
0.000987
0.001208
0.001084
0.001263
0.001127
0.001734
0.001225
0.00218
0.000947
0.001113
0.002007
0.000878
0.000921
0.001724
0.001005
0.001012
0.001871
0.001056
0.019315
0.001658
0.005886
0.002169
0.001233
0.002243
0.001331
0.014959
0.001378
0.00099
0.001067
0.001065
0.001534
0.002151
0.001588
0.001017
0.000952
0.001588
0.001038
0.032679
0.045515
0.01353
0.237518
0.000116
0.006605
0.075817
0.000118
9.4e-05
8e-05
0.445206
0.000116
7.9e-05
8.1e-05
0.006351
0.001903
0.00372
0.001162
0.002141
0.001983
0.001914
0.001473
0.001188
0.002117
0.001181
0.002141
0.002305
0.001156
0.001968
0.001308
0.001256
0.001302
0.001041
8.7e-05
0.001015
0.001119
0.001053
0.00103
0.001245
0.001203
0.00164
0.001465
0.002869
0.001079
0.000944
0.000919
0.00124
0.001162
0.002987
0.001388
0.00123
0.002017
0.000974
0.00095
0.001056
0.001363
0.002709
0.000934
0.000993
0.001013
0.001093
0.000986
0.001017
0.02062
0.003051
0.001173
0.001017
0.001247
0.002282
0.002174
0.000962
0.001098
0.000958
0.020415
0.002998
0.023829
0.016386
0.064035
0.000106
8e-05
0.070517
0.00411
0.001849
0.508744
0.000169
8.9e-05
9.1e-05
0.176382
0.000118
0.003651
0.016031
0.002419
0.001483
0.001306
0.001586
0.002216
0.00109
0.001008
0.000931
0.002033
0.002847
0.00102
0.000951
0.002198
0.00207
0.001064
0.001129
0.001147
0.002165
0.001632
0.001153
0.000958
0.001647
0.002995
0.001136
0.00242
0.000977
0.001043
0.00133
0.001318
0.001622
0.001275
0.001004
0.001025
0.031726
0.001073
0.003825
0.007012
0.00647
0.009574
0.013014
0.00386
0.026686
0.01285
0.031831
0.000156
8.2e-05
0.03018
0.028534
0.114449
0.068133
0.060135
0.097532
0.385968
0.000171
0.000148
0.000151
0.008528
0.001296
0.001209
0.00331
0.005549
0.000128
0.003762
0.000951
0.002418
0.001512
0.001028
0.003627
0.000249
0.003128
0.001043
0.001393
0.002998
0.001161
0.001955
0.001059
0.0012
0.00291
0.001217
0.001084
0.000899
0.001838
0.001876
0.001043
0.000961
0.001717
0.001459
0.001102
0.001144
0.000943
0.001381
0.000941
0.001059
0.000951
0.001037
0.001007
0.001102
0.001235
0.001016
0.010985
0.001514
0.003693
0.001073
0.009544
0.017225
0.036875
0.043094
0.331818
0.000117
9e-05
0.476369
0.00015
0.004054
0.003001
0.001465
0.008822
0.001303
0.001449
0.002566
0.001237
0.001925
0.000945
0.001179
0.000986
0.001071
0.00132
0.001249
0.001459
0.003144
0.001082
0.001234
0.001164
0.003422
0.001233
0.001424
0.001145
0.002657
0.000951
0.001975
0.001226
0.001042
0.000947
0.001046
0.000902
0.000988
0.002444
0.001752
0.001026
0.001104
0.002028
0.000846
0.000908
0.001101
0.000916
0.003982
0.001126
0.015572
0.00097
0.022269
0.001824
0.120149
0.039068
0.000143
0.719353
0.000157
0.000148
0.000107
0.00356
0.002133
0.003735
0.00284
0.001214
0.00215
0.002809
0.002458
0.002031
0.001482
0.001147
0.002718
0.003223
0.001628
0.001078
0.001417
0.001445
0.001381
0.001157
0.001018
0.000868
0.001023
0.001418
0.001009
0.001035
0.003207
0.001126
0.001178
0.001018
0.001003
0.001455
0.001078
0.000858
0.00102
0.001955
0.002897
0.001154
0.001798
0.008025
0.010839
0.00903
0.007534
0.004243
0.002402
0.015766
0.010769
0.003928
0.096085
0.129601
0.510269
0.000168
0.000144
0.000138
0.128297
0.000213
0.00503
0.003513
0.003783
0.001954
0.00144
0.002623
0.001469
0.001391
0.001211
0.001523
0.003123
0.001346
0.001087
0.001426
0.001245
0.001106
0.001025
0.001041
0.002414
0.000943
0.003079
0.001194
0.000883
0.001242
0.003707
0.001293
0.002238
0.001289
0.001115
0.001108
0.003606
0.001007
0.001185
0.001298
0.002627
0.001101
0.000911
0.000913
0.000951
0.000987
0.000975
0.001011
0.001636
0.003703
0.001042
0.000958
0.000977
0.000923
0.000866
0.00095
0.001133
0.002984
0.001543
0.003394
0.001417
0.001707
0.007667
0.001555
0.002289
0.041899
0.002169
0.010033
0.001131
0.014274
0.016394
0.801798
0.000171
0.003369
0.001148
0.00372
0.002485
0.002727
0.002353
0.000928
0.001942
0.001063
0.002757
0.00095
0.000947
0.000825
0.000948
0.001055
0.066596
0.004114
0.001866
0.001191
0.00107
0.001571
0.002966
0.001284
0.001339
0.001024
0.001114
0.000976
0.001197
0.002323
0.001646
0.001003
0.001459
0.00017
0.000864
0.000917
0.002103
0.000905
0.000978
0.003155
0.000952
0.001116
0.001176
0.001231
0.001005
0.057417
0.002089
0.002801
0.002089
0.001755
0.001999
0.002463
0.0011
0.000998
0.001118
0.001157
0.002471
0.00023
0.001153
0.000929
0.001095
0.001113
0.001338
0.001127
0.001137
0.002061
0.000923
0.001199
0.000862
0.001474
0.001069
0.059948
0.23004
0.308824
0.000112
9.3e-05
9.1e-05
0.172567
0.000268
0.007754
0.003191
0.001097
0.002165
0.002632
0.001138
0.001206
0.002033
0.002949
0.000911
0.001881
0.000924
0.001114
0.0009
0.001949
0.000987
0.000919
0.001024
0.001013
0.004049
0.001295
0.001723
0.000969
0.000873
0.000867
0.049997
0.003214
0.00189
0.001067
0.000976
8.6e-05
0.001197
0.001145
0.001411
0.001349
0.001315
0.000972
0.000976
0.001104
0.00091
0.001092
0.001171
0.000895
0.003968
0.032508
0.004767
0.930973
0.000175
0.000135
0.001313
0.001474
0.001169
0.002056
0.002253
0.000925
0.086368
0.002835
0.002254
0.001139
0.000107
0.001144
0.002925
0.001058
0.00203
0.001918
0.075726
0.002133
0.001697
0.001475
0.001498
0.003276
0.001116
0.001109
0.001311
0.001096
0.002744
0.00102
0.077437
0.003908
0.004778
0.00181
0.00229
0.002394
0.001421
0.001482
0.001515
0.001725
0.001555
0.001446
0.001347
0.001645
0.003539
0.001774
0.060204
0.002502
0.001741
0.001979
0.001397
0.001529
0.001434
0.001337
0.002345
0.001304
0.001236
0.00188
0.059041
0.001163
0.003241
0.00096
0.01258
0.002087
0.000105
0.00107
0.00098
0.001152
0.001031
0.000933
0.104774
0.000233
0.000206
0.000131
0.321606
0.000222
0.00015
0.000152
0.007344
0.003797
0.003327
0.001166
0.00563
0.129726
0.00319
0.001393
0.001294
0.001195
0.001212
0.002588
0.001072
0.001076
0.001039
0.000865
0.000962
0.001035
0.001001
0.075553
0.005715
0.001187
0.001855
0.000914
0.000959
0.00089
0.00101
0.001159
0.00206
0.00108
0.00092
0.001301
0.001289
0.000921
0.001971
0.000981
0.002756
0.000949
0.001085
0.001132
0.001916
0.001
0.058689
0.001555
0.001375
0.001194
0.001002
0.001107
0.000969
0.001942
0.001862
0.000913
0.001791
0.000924
0.000887
0.000895
0.00091
0.001394
0.001205
0.000983
0.000939
0.000255
8e-05
8.2e-05
7.7e-05
0.198265
0.000177
0.000141
0.133629
0.000124
0.000106
0.180694
0.00017
0.000142
0.00014
0.000138
0.141462
0.003364
0.002624
0.002299
0.002915
0.001092
0.001237
0.000852
0.000881
0.001989
0.00184
0.00235
0.00093