0.779804
0.861545
0.865248
0.873493
0.875784
0.87669
0.877867
0.878987
0.880958
0.960005
0.961704
0.963018
0.964267
0.96749
0.968956
0.970673
0.97194
0.97414
0.975655
0.977553
1.000217
1.002023
1.060226
1.062909
1.064372
1.065793
1.066943
1.067954
1.070075
1.071894
1.072892
1.073898
1.074923
1.075952
1.077514
1.078624
1.080006
1.080996
1.082128
1.083061
1.084817
1.142967
1.143984
1.145145
1.152712
1.154843
1.157284
1.159506
1.160821
1.162051
1.164713
1.165912
1.167351
1.168396
1.169365
1.170314
1.171363
1.175253
1.176229
1.177464
1.178517
1.17993
1.181441
1.181543
1.183351
1.185306
1.185559
1.185665
1.186608
1.188413
1.189898
1.190965
1.608985
1.609124
1.609238
1.60935
1.781863
1.788519
1.795213
1.796283
1.797304
1.798311
1.80027
1.80513
1.805298
1.80544
1.806592
1.808837
1.810081
1.812773
1.813781
1.815985
1.817522
1.819593
1.82089
1.822894
1.824094
1.825246
1.827568
1.828668
1.829846
1.880415
1.886097
1.887581
1.889053
1.890683
1.892073
1.893396
1.894976
1.896028
1.898664
1.899725
1.900776
1.901885
1.902897
1.903934
1.905074
1.906043
1.907036
1.908282
1.909484
1.909721
1.911023
1.913001
1.913959
1.914945
1.916091
1.917397
1.918468
1.920418
1.922703
1.941818
1.958573
1.958801
1.969456
2.164492
2.164684
2.197197
2.35064
2.775855
2.776058
2.776238
2.776416
2.783318
2.789267
2.791388
2.796942
2.799357
2.801051
2.8028
2.80428
2.806493
2.808355
2.810198
2.811414
2.814347
2.815539
2.816529
2.817958
2.818987
2.870918
2.878861
2.881129
2.883839
2.885165
2.887085
2.888604
2.890067
2.891203
2.893163
2.894273
2.895585
2.897676
2.898932
2.900103
2.902904
2.903872
2.904743
2.905905
2.906842
2.908353
2.909289
2.910622
2.91183
2.912811
2.914079
2.915046
2.916504
2.918586
2.919731
2.922111
2.92417
2.926287
2.928313
2.931004
2.932193
2.935111
2.97249
2.976281
2.980266
2.982334
2.984265
2.988522
2.990465
2.993119
3.06597
3.066174
3.095259
3.109901
3.195445
3.195626
3.370794
3.371027
3.371234
3.371437
3.785217
3.785345
3.785456
3.785565
3.790237
3.79655
3.799251
3.802172
3.804771
3.808477
3.808587
3.81019
3.812169
3.814997
3.816058
3.817907
3.819063
3.819996
3.8209
3.821921
3.822904
3.824587
3.825596
3.826545
3.827575
3.829425
3.832288
3.834241
3.835712
3.83661
3.83776
3.838944
3.840079
3.841421
3.842437
3.843498
3.844387
3.845425
3.846406
3.847405
3.848492
3.849678
3.850888
3.854456
3.882728
3.885038
3.887887
3.893744
3.894952
3.896475
3.898311
3.89928
3.900931
3.901906
3.902822
3.903807
3.904813
3.94895
3.949151
3.997545
4.348047
4.348247
4.348416
4.718204
4.718397
4.718566
4.718732
4.718896
4.777786
4.777956
4.787926
4.790352
4.792607
4.795774
4.796783
4.798099
4.799045
4.801058
4.802474
4.805238
4.806614
4.80917
4.810371
4.811741
4.812741
4.813696
4.815637
4.817289
4.8175
4.819036
4.820086
4.821053
4.822911
4.825742
4.826812
4.827791
4.828817
4.82985
4.831158
4.833174
4.834523
4.837337
4.838444
4.83935
4.840343
4.841777
4.84325
4.845512
4.848277
4.850508
4.853148
4.854237
4.860498
4.861907
4.865657
4.86669
4.870344
4.874955
4.876068
4.877903
4.883078
4.884414
4.88672
4.893567
4.898322
4.900435
4.93345
4.975216
4.975515
5.018198
5.023151
5.787989
5.788165
5.788316
5.791083
5.793377
5.794902
5.797366
5.800017
5.80221
5.804602
5.806467
5.80828
5.88476
5.888651
5.889767
5.892633
5.894031
5.896458
5.897783
5.899277
5.900784
5.901653
5.902603
5.903926
5.904994
5.90599
5.907328
5.908297
5.909227
5.910109
5.911013
5.912428
5.914652
5.915705
5.916812
5.977887
5.979873
5.981263
5.982496
5.98433
5.986169
5.987764
5.989068
5.990601
5.992305
5.994108
5.995286
5.996785
5.997991
6.000085
6.001387
6.002315
6.003331
6.005347
6.006394
6.007258
6.080855
6.084089
6.08586
6.088412
6.090309
6.520764
6.520962
6.521132
6.788764
6.789163
6.797881
6.799674
6.801588
6.804365
6.806906
6.808132
6.810045
6.811402
6.814847
6.816265
6.817328
6.818309
6.81919
6.820176
6.887122
6.888696
6.890392
6.891811
6.894132
6.895381
6.897978
6.899383
6.900467
6.901789
6.902722
6.903747
6.904906
6.906027
6.908205
6.910168
6.912197
6.913415
6.914479
6.915711
6.916615
6.980316
6.982289
6.984025
6.985684
6.986889
6.989408
6.991499
6.992758
6.993981
7.002681
7.004697
7.005681
7.00588
7.007805
7.008848
7.011864
7.014806
7.015965
7.236923
7.237176
7.604388
7.604521
7.785705
7.785936
7.786143
7.789203
7.793745
7.795599
7.798013
7.799251
7.800575
7.803726
7.805035
7.807593
7.808991
7.810589
7.813237
7.814277
7.816374
7.839693
7.879965
7.882098
7.884129
7.885257
7.886474
7.887705
7.888697
7.890215
7.894136
7.896372
7.897676
7.899032
7.900365
7.901649
7.903792
7.904779
7.905939
7.906799
7.908978
7.909865
7.910826
7.911834
7.912805
7.943631
7.979008
7.981449
7.98158
7.98281
7.984098
7.985386
7.986733
7.989284
7.992659
7.993679
7.994684
7.995946
7.997018
7.997952
7.998053
7.999102
8.000141
8.009037
8.009149
8.009243
8.038706
8.322218
8.322423
8.530815
8.530982
8.53113
8.531277
8.781693
8.781932
8.78214
8.782344
8.792318
8.795397
8.797923
8.800278
8.801752
8.802961
8.805793
8.807781
8.809893
8.81121
8.813362
8.815272
8.81845
8.88237
8.884538
8.886964
8.890307
8.89324
8.894906
8.896008
8.897149
8.898009
8.898932
8.899934
8.90122
8.902371
8.903507
8.905202
8.907158
8.908452
8.909848
8.911012
8.912143
8.912997
8.9143
8.916259
8.917603
8.918948
8.91989
8.920795
8.976786
8.978795
8.980505
8.980872
8.982673
8.984212
8.985633
8.987416
8.988628
8.989901
8.991378
8.992414
8.994054
8.995376
8.99668
8.998023
8.99891
9.00014
9.002214
9.003504
9.005578
9.008081
9.009039
9.010011
9.011012
9.012917
9.014493
9.015768
9.016774
9.042318
9.042431
9.075572
9.166636
9.166866
9.167145
9.202729
9.202861
9.275815
9.276046
9.783467
9.790764
9.794327
9.796864
9.799132
9.801191
9.803942
9.884403
9.889195
9.890623
9.89169
9.893336
9.896987
9.898586
9.899671
9.901964
9.905427
9.906485
9.908275
9.909357
9.911476
9.912667
9.914531
9.916406
9.91734
9.974887
9.981043
9.982343
9.983888
9.985404
9.986602
9.989153
9.990426
9.991772
9.992682
9.993716
9.994581
9.995849
9.996817
9.997704
9.998564
9.999629
10.000605
10.001978
10.003596
10.005208
10.006165
10.007109
10.008102
10.009038
10.011199
10.012278
10.01319
10.014295
10.070193
10.073646
10.075737
10.468972
10.469086
10.534671
10.534859
10.535028
10.535193
10.779351
10.779572
10.779815
10.779985
10.78015
10.789608
10.795104
10.797517
10.799817
10.803246
10.805355
10.873242
10.877196
10.880652
10.88472
10.88795
10.891113
10.893021
10.895663
10.898655
10.899696
10.900711
10.975924
10.977601
10.980483
10.981528
10.982877
10.984097
10.985127
10.98622
10.987199
10.988408
10.989791
10.99077
10.991683
10.993209
10.994502
10.995541
10.996664
10.999402
10.999513
11.000854
11.001915
11.003431
11.005588
11.008246
11.068443
11.071798
11.073256
11.076709
11.079185
11.080497
11.082704
11.084164
11.085111
11.086446
11.087525
11.089022
11.090639
11.091572
11.092475
11.09351
11.355903
11.356096
11.674047
11.674279
11.674498
11.674714
11.779371
11.779505
11.787393
11.790366
11.795207
11.79775
11.79882
11.800197
11.801894
11.804426
11.806864
11.809874
11.811867
11.81303
11.814574
11.815572
11.816565
11.817611
11.818739
11.820033
11.859009
11.860958
11.87435
11.875826
11.881984
11.883096
11.884615
11.885728
11.890281
11.891324
11.892325
11.893717
11.894777
11.895891
11.897178
11.898341
11.899974
11.901947
11.903064
11.904297
11.905765
11.906789
11.908095
11.909197
11.910085
11.911044
11.913982
11.915589
11.916485
11.917533
11.91877
11.919754
11.966414
11.968176
11.96967
11.971202
11.982694
11.983888
11.985025
11.986167
11.987419
11.989398
11.989521
11.991606
12.011959
12.550431
12.550667
12.550875
12.551077
12.780983
12.781191
12.781375
12.781566
12.785019
12.788551
12.790431
12.794142
12.796114
12.801186
12.803002
12.804627
12.806312
12.809674
12.811229
12.812514
12.815339
12.817154
12.820515
12.823705
12.825414
12.827183
12.828974
12.854928
12.856541
12.875409
12.877566
12.880104
12.883699
12.885895
12.887627
12.890424
12.892407
12.894406
12.896744
12.898552
12.900665
12.902443
12.904453
12.90716
12.911617
12.915721
12.917467
12.919131
12.920206
12.921381
12.922379
12.923553
12.92511
12.92756
12.929518
12.933307
12.935617
12.936702
12.937791
12.938931
12.970493
12.97528
12.977839
12.979998
12.981198
13.122595
13.122722
13.383842
13.384166
13.782134
13.782262
13.782375
13.782485
13.782595
13.784727
13.787854
13.790891
13.792308
13.795396
13.796274
13.797358
13.799251
13.800762
13.801916
13.803783
13.806533
13.807621
13.811052
13.813204
13.814229
13.81556
13.816691
13.817766
13.819936
13.820947
13.821996
13.822938
13.855667
13.857224
13.875556
13.877296
13.879636
13.881154
13.882299
13.883752
13.885299
13.886347
13.887421
13.888825
13.889813
13.890777
13.891869
13.893142
13.893245
13.89417
13.895029
13.89606
13.898494
13.899415
13.900393
13.90312
13.905013
13.905949
13.907235
13.908544
13.909553
13.910499
13.911539
13.944622
13.944833
13.945004
13.946688
13.952818
13.954756
13.963485
13.97264
13.9751
13.980327
14.042775
14.043103
14.349879
14.35008
14.35025
14.788209
14.788379
14.788535
14.788684
14.791369
14.793997
14.797171
14.800898
14.802226
14.804546
14.806385
14.807355
14.809151
14.810691
14.813108
14.814248
14.815586
14.816678
14.81772
14.817823
14.820057
14.821093
14.822103
14.884911
14.887211
14.88918
14.891115
14.893015
14.896616
14.898646
14.899527
14.902213
14.903326
14.904433
14.905376
14.906275
14.907359
14.908334
14.909754
14.910916
0.467265
0.472318
0.518429
0.560227
0.562932
0.566512
0.574993
0.631537
0.653841
0.655971
0.657612
0.660439
0.661889
0.663282
0.664799
0.666623
0.668857
0.670435
0.672074
0.673509
0.674963
0.746924
0.749449
0.751654
0.755172
0.759274
0.763684
0.76574
0.767286
0.768922
0.770345
0.771935
0.773692
0.775232
0.778899
0.78211
0.784401
0.83701
0.839072
0.842613
0.844407
0.845968
0.847418
0.849219
0.850893
0.852394
0.853883
0.856807
1.083056
1.083496
1.27749
1.277991
1.278316
1.278613
1.467188
1.470454
1.474061
1.475582
1.476937
1.479653
1.481998
1.485609
1.490072
1.491899
1.493296
1.495638
1.501108
1.503991
1.506056
1.507679
1.509041
1.510699
1.512147
1.562769
1.567503
1.56947
1.571357
1.573867
1.579676
1.581699
1.583873
1.586125
1.588147
1.589942
1.591746
1.59374
1.600305
1.605217
1.609243
1.612071
1.613722
1.615469
1.617055
1.61854
1.620484
1.624381
1.626927
1.631307
1.632977
1.634887
1.637174
1.639333
1.641501
1.645265
1.647275
1.648909
1.650874
1.653057
1.655797
1.660398
1.663018
1.665899
1.669643
1.671491
1.676079
1.677745
1.679078
1.680933
1.682773
1.686892
1.689298
1.691779
1.694233
1.696618
1.710604
1.712813
1.715737
1.718489
1.721114
1.724154
1.72604
1.728801
1.730753
1.732345
1.734
1.735509
1.736892
1.740178
1.750816
1.761242
2.23098
2.231467
2.231876
2.465033
2.475395
2.478465
2.480308
2.48592
2.491146
2.497421
2.502163
2.508022
2.511934
2.513915
2.518477
2.521135
2.522806
2.524546
2.525986
2.52904
2.53069
2.532657
2.535053
2.539055
2.543556
2.545868
2.548506
2.550008
2.55158
2.553224
2.554869
2.556413
2.557883
2.559213
2.560516
2.562081
2.564327
2.565801
2.567523
2.568901
2.570689
2.573934
2.575821
2.577642
2.579054
2.580659
2.582302
2.583753
2.585101
2.586726
2.588323
2.589893
2.593387
2.594733
2.596495
2.597962
2.600214
2.601666
2.603644
2.60536
2.610907
2.622714
2.626895
2.62902
2.643754
2.647613
2.822345
2.822764
2.823056
2.872091
2.872449
3.00263
3.00317
3.003663
3.004095
3.474581
3.475023
3.475469
3.475909
3.481305
3.484175
3.485703
3.487707
3.491178
3.493734
3.495211
3.498549
3.501388
3.50334
3.504605
3.505864
3.507341
3.508651
3.51009
3.512745
3.516279
3.518476
3.519945
3.52167
3.522997
3.52432
3.525875
3.527996
3.529492
3.530947
3.532268
3.53387
3.535937
3.540056
3.542204
3.545325
3.548007
3.550987
3.553922
3.558174
3.562678
3.56553
3.568384
3.571521
3.577547
3.580875
3.583296
3.587677
3.590801
3.594302
3.602731
3.604474
3.606371
3.664077
3.664564
3.789996
3.790424
3.790761
4.473986
4.474454
4.474877
4.476308
4.478806
4.482863
4.486495
4.488465
4.490953
4.496132
4.501356
4.504146
4.506867
4.50875
4.510004
4.512485
4.513713
4.515184
4.516851
4.518392
4.519765
4.522343
4.523698
4.525832
4.527239
4.528765
4.530378
4.531937
4.533405
4.534749
4.536706
4.538413
4.539812
4.600126
4.602579
4.604633
4.606617
4.610526
4.61306
4.614881
4.617231
4.619568
4.624334
4.626956
4.629229
4.633144
4.692841
4.694293
4.697565
4.698963
4.700642
4.704191
4.706201
4.707632
4.708988
4.710287
4.711817
4.712147
4.714596
4.71882
4.719225
5.395309
5.472832
5.47553
5.477088
5.478411
5.481629
5.483855
5.488218
5.566503
5.569806
5.57128
5.574243
5.577136
5.579362
5.580689
5.583089
5.58447
5.586035
5.587607
5.589068
5.594982
5.661207
5.664053
5.665864
5.667325
5.669354
5.671572
5.674084
5.675481
5.678883
5.680278
5.682785
5.684476
5.686166
5.687914
5.689241
5.690522
5.69241
5.693738
5.695368
5.697014
5.698435
5.712072
5.713451
5.755073
5.757417
5.760509
5.76307
5.765551
5.767724
5.770019
5.772556
5.776041
5.777493
5.778827
5.782017
5.784379
5.791562
5.79448
5.797248
5.7998
5.801821
5.803401
5.804844
5.807352
5.808776
5.810563
5.81547
5.817356
5.81779
5.819295
6.075845
6.076243
6.076715
6.4632
6.463545
6.463867
6.470679
6.475646
6.47915
6.482701
6.487049
6.492968
6.494816
6.497478
6.505212
6.511975
6.51438
6.516529
6.520566
6.522987
6.525549
6.528235
6.532396
6.534851
6.537062
6.539099
6.541364
6.543113
6.546566
6.549877
6.551622
6.55479
6.557593
6.561701
6.56355
6.567208
6.569762
6.57137
6.573196
6.581287
6.587132
6.593442
6.596063
6.598333
6.600282
6.602342
6.604618
6.606948
6.612566
6.614753
6.619089
6.621866
6.625365
6.627881
6.633018
6.635241
6.636679
6.638077
6.648956
6.670111
6.777319
6.777892
6.803236
7.42651
7.426894
7.427255
7.427633
7.472277
7.477405
7.479536
7.48227
7.484803
7.490111
7.492701
7.49925
7.500888
7.502414
7.504684
7.508774
7.514516
7.515864
7.517348
7.518773
7.522334
7.525004
7.527773
7.529943
7.532177
7.534317
7.536431
7.5401
7.541648
7.544926
7.54688
7.549126
7.551643
7.567327
7.569719
7.571837
7.574177
7.576198
7.578285
7.580015
7.582241
7.584601
7.587397
7.589231
7.592087
7.594206
7.594608
7.597439
7.59883
7.600324
7.601588
7.60292
7.604899
7.606896
7.607278
7.608621
7.610451
7.611856
7.613939
7.635203
7.670874
7.671281
7.689417
7.91006
7.910576
7.910952
7.936659
7.937167
8.168427
8.16885
8.47549
8.475822
8.476186
8.476596
8.485367
8.488237
8.491272
8.493193
8.494804
8.496173
8.498038
8.500566
8.502155
8.508241
8.511376
8.513071
8.514513
8.51575
8.517192
8.519745
8.525066
8.526391
8.529198
8.533069
8.534682
8.536527
8.541413
8.542774
8.543994
8.545784
8.548128
8.549648
8.551349
8.553331
8.555894
8.569705
8.571238
8.572588
8.575799
8.579667
8.582301
8.585015
8.58655
8.587972
8.589296
8.590669
8.591978
8.593386
8.596827
8.599943
8.602
8.606541
8.618382
8.634888
8.637503
8.662384
9.405362
9.40588
9.406245
9.406588
9.468433
9.47975
9.480088
9.481512
9.483908
9.485203
9.490125
9.492962
9.494841
9.4967
9.502013
9.507497
9.509292
9.511606
9.514296
9.515775
9.563944
9.56716
9.568812
9.570186
9.571544
9.572737
9.573403
9.575067
9.577498
9.580032
9.582632
9.585076
9.587298
9.589203
9.591337
9.593704
9.598206
9.600103
9.601773
9.603473
9.605034
9.606424
9.60814
9.609566
9.611898
9.615893
9.619274
9.635951
9.636329
9.639308
9.642648
9.677788
9.678286
9.687923
9.919811
9.920197
10.279796
10.280346
10.28084
10.475232
10.47568
10.480782
10.483157
10.485491
10.489332
10.492735
10.494031
10.497803
10.49931
10.502676
10.507153
10.51079
10.51204
10.514616
10.516153
10.5175
10.51901
10.522244
10.52396
10.52681
10.529295
10.530941
10.572781
10.577656
10.579347
10.58147
10.583053
10.584759
10.586101
10.589778
10.591387
10.593515
10.595064
10.597384
10.599101
10.600454
10.601627
10.603053
10.606933
10.608519
10.610321
10.611652
10.613422
10.61611
10.617959
10.622165
10.623879
10.625246
10.626709
10.627167
10.62863
10.630003
10.630414
10.631816
10.633213
10.635852
10.636314
10.638725
10.641427
10.642877
10.643272
10.644724
10.646389
10.648238
10.669791
10.672255
10.674903
10.677251
10.677862
10.679512
10.856615
10.856992
11.124811
11.125292
11.125706
11.126103
11.126399
11.482451
11.482875
11.483202
11.485846
11.488982
11.492592
11.495088
11.496673
11.500709
11.502605
11.504208
11.505535
11.507192
11.508808
11.510247
11.511748
11.513098
11.514406
11.515849
11.517183
11.518943
11.520673
11.522406
11.523982
11.531604
11.533434
11.543328
11.545044
11.547675
11.549051
11.552345
11.553852
11.573949
11.578356
11.583309
11.585609
11.592735
11.601432
11.601817
11.624865
11.636319
11.648407
11.651077
11.664935
11.672646
11.696018
11.697546
11.699124
11.94421
12.471832
12.472273
12.472647
12.476007
12.49334
12.495504
12.497843
12.50168
12.503616
12.505063
12.506521
12.50799
12.509318
12.510855
12.512322
12.514924
12.516425
12.51771
12.519005
12.520774
12.522575
12.567396
12.57278
12.574433
12.576228
12.577816
12.586582
12.588051
12.589359
12.590738
12.592493
12.596156
12.597602
12.598992
12.600605
12.601973
12.603681
12.60507
12.606601
12.608211
12.609786
12.611371
12.613069
12.614492
12.616056
12.6176
12.618974
12.619571
12.621045
12.622476
12.623918
12.625388
12.662765
12.682519
12.683093
12.775638
12.776305
12.776737
12.982662
12.983347
12.98386
13.467148
13.467596
13.467952
13.470514
13.47354
13.475999
13.479133
13.484057
13.486241
13.487793
13.49124
13.492627
13.561959
13.564405
13.565732
13.567677
13.569085
13.570683
13.572182
13.573701
13.575103
13.576637
13.578298
13.579664
13.581048
13.582497
13.584484
13.586255
13.588664
13.590324
13.592569
13.593958
13.595406
13.59951
13.600917
13.657023
13.661365
13.663225
13.666981
13.668589
13.67086
13.672277
13.673582
13.674975
13.678309
13.679741
13.681033
13.682355
13.684039
13.685533
13.686934
13.688524
13.689954
13.691408
13.693865
13.695265
13.752438
13.75482
13.763241
13.765078
13.766791
13.769391
13.771084
13.772491
13.774068
13.775546
13.778155
13.77971
13.782086
13.847047
13.847835
13.848573
13.910093
13.910766
13.911263
14.473122
14.47357
14.473994
14.474417
14.474869
14.482244
14.484253
14.485942
14.487437
14.490135
14.491691
14.49444
14.495885
14.498253
14.499657
14.501081
14.503852
14.509176
14.510838
14.512301
14.513686
14.515057
14.516428
14.519026
14.520273
14.574443
14.578853
14.582407
14.583994
14.586508
14.587921
14.589374
14.59078
14.592292
14.595484
14.596713
14.598041
14.600077
14.601689
14.603063
14.604687
14.606343
14.607623
14.609351
14.612822
14.61434
14.616058
14.617817
14.619382
14.621868
14.623269
14.62511
14.62672
14.629332
14.630831
14.6322
14.63433
14.636716
14.65615
14.657676
14.669939
14.671317
14.675749
14.677771
14.679564
14.681064
14.682425
14.683843
14.685586
14.687226
14.689647
14.691531
14.69289
14.694439
14.701257
14.76718
14.767662
14.846923
14.932634
14.933272
15.064855
15.065338
15.09962
15.464945