0.000223
0.000126
6.1e-05
0.000124
2.7e-05
6.5e-05
2.3e-05
3.1e-05
5.6e-05
8.7e-05
9.2e-05
2.8e-05
8.5e-05
4.7e-05
4.8e-05
5.6e-05
9.1e-05
3.3e-05
2.8e-05
2.8e-05
2.9e-05
3.2e-05
0.00013
5.1e-05
2.9e-05
2.8e-05
0.000114
2.9e-05
2.8e-05
9.9e-05
4.2e-05
5.2e-05
4.6e-05
2.9e-05
4.8e-05
4.6e-05
4.6e-05
2.7e-05
5.3e-05
5.6e-05
2.8e-05
0.000125
4.3e-05
2.7e-05
2.6e-05
5e-05
2.7e-05
2.8e-05
2.7e-05
2.7e-05
2.8e-05
0.000107
2.7e-05
3.3e-05
6.3e-05
4.7e-05
2.7e-05
2.9e-05
9.2e-05
2.7e-05
0.000153
0.000116
2.6e-05
2.3e-05
2.2e-05
0.00016
2.6e-05
2.3e-05
5.8e-05
4.7e-05
2.8e-05
2.9e-05
2.8e-05
2.8e-05
2.9e-05
0.000117
7e-05
2.6e-05
2.7e-05
0.000101
3.3e-05
5e-05
3.1e-05
2.6e-05
2.6e-05
2.9e-05
2.6e-05
2.6e-05
2.6e-05
3.2e-05
2.7e-05
6.3e-05
2.7e-05
5.1e-05
4.9e-05
9.4e-05
6.8e-05
2.7e-05
3.4e-05
2.6e-05
4.8e-05
4.5e-05
2.7e-05
8e-05
3.6e-05
2.7e-05
2.7e-05
2.7e-05
3.1e-05
2.8e-05
2.7e-05
3.6e-05
6.8e-05
7.9e-05
3e-05
5.7e-05
4.6e-05
6.3e-05
4.5e-05
2.8e-05
6.7e-05
2.8e-05
7.9e-05
5.9e-05
5.2e-05
2.4e-05
6.3e-05
0.000188
5.8e-05
3e-05
3.3e-05
8.4e-05
6.8e-05
2.9e-05
3.3e-05
8.9e-05
6.4e-05
0.000106
2.7e-05
2.3e-05
8.8e-05
4.5e-05
4.1e-05
5.4e-05
3.5e-05
3.1e-05
2.9e-05
7.2e-05
2.7e-05
2.6e-05
2.7e-05
2.6e-05
2.7e-05
6.3e-05
2.6e-05
2.8e-05
5.7e-05
2.7e-05
2.6e-05
2.8e-05
2.6e-05
0.000123
6.2e-05
4.5e-05
7.3e-05
4.3e-05
2.7e-05
4.1e-05
2.7e-05
2.7e-05
2.7e-05
2.6e-05
6.4e-05
2.6e-05
2.6e-05
2.8e-05
9.1e-05
2.7e-05
3.1e-05
2.6e-05
2.9e-05
0.000163
5.6e-05
4.7e-05
2.8e-05
2.7e-05
2.8e-05
2.9e-05
2.6e-05
4.1e-05
8.3e-05
8.1e-05
4.2e-05
5e-05
3.4e-05
3.1e-05
8.3e-05
9.2e-05
7.3e-05
0.000134
4.1e-05
8.4e-05
0.000108
7.7e-05
3.4e-05
8.9e-05
0.000122
2.5e-05
2.3e-05
2.2e-05
8.6e-05
2.3e-05
2.2e-05
0.000135
0.000134
2.8e-05
4.5e-05
2.7e-05
0.000142
2.8e-05
6.4e-05
2.8e-05
3.7e-05
7.8e-05
6.7e-05
7.7e-05
4.8e-05
7.4e-05
2.7e-05
2.6e-05
7e-05
3.7e-05
2.6e-05
2.7e-05
3.2e-05
2.8e-05
8.5e-05
3.5e-05
0.000101
2.9e-05
0.000188
3.1e-05
0.000143
6.6e-05
0.000113
3.8e-05
7.2e-05
3.6e-05
7.7e-05
8.4e-05
5e-05
6e-05
0.000181
8.8e-05
2.8e-05
3e-05
3.7e-05
3e-05
0.000126
4e-05
5.1e-05
8.4e-05
9.2e-05
0.000111
0.000109
0.000179
4.4e-05
2.8e-05
8.3e-05
0.000133
6.4e-05
6.6e-05
0.000148
2.8e-05
0.000128
5.1e-05
0.000269
0.000193
9.4e-05
2.6e-05
9.5e-05
2.6e-05
2.6e-05
2.2e-05
5.1e-05
3.3e-05
2.8e-05
2.7e-05
0.00021
7.9e-05
5.1e-05
7.7e-05
3.4e-05
2.7e-05
2.6e-05
2.6e-05
2.6e-05
2.6e-05
2.5e-05
3.7e-05
3.3e-05
2.6e-05
4.4e-05
2.8e-05
2.7e-05
2.6e-05
3.8e-05
3.2e-05
3e-05
6.2e-05
0.000128
3.8e-05
4.4e-05
5.6e-05
9.9e-05
0.000188
4.2e-05
3.4e-05
4.5e-05
5.5e-05
4.8e-05
2.7e-05
3.3e-05
2.6e-05
3.8e-05
6.7e-05
6.1e-05
5.9e-05
4.2e-05
3e-05
6.4e-05
3.7e-05
8.1e-05
2.8e-05
9e-05
2.5e-05
8.2e-05
2.4e-05
2.2e-05
0.000105
4.3e-05
8e-05
5.1e-05
3.1e-05
2.7e-05
7.1e-05
5.3e-05
3.1e-05
5.3e-05
2.7e-05
2.8e-05
2.8e-05
3.3e-05
2.6e-05
2.6e-05
2.5e-05
2.7e-05
2.6e-05
2.6e-05
2.7e-05
5.1e-05
5.3e-05
4.7e-05
3.3e-05
5.4e-05
2.7e-05
2.7e-05
2.8e-05
8.6e-05
5e-05
5.2e-05
4.5e-05
2.8e-05
3e-05
0.000112
3.5e-05
5.6e-05
4.5e-05
2.6e-05
2.6e-05
3.2e-05
5.2e-05
2.7e-05
2.7e-05
5e-05
2.9e-05
2.9e-05
2.7e-05
3.1e-05
2.7e-05
3.9e-05
2.7e-05
2.7e-05
3.9e-05
2.8e-05
3.4e-05
3.9e-05
0.000119
2.8e-05
4.7e-05
7.9e-05
5.3e-05
2.7e-05
5.2e-05
0.000206
4.8e-05
8.2e-05
8.6e-05
2.4e-05
2.3e-05
2.2e-05
8.7e-05
7.2e-05
2.7e-05
6.1e-05
2.8e-05
2.8e-05
9.2e-05
2.9e-05
2.9e-05
3.1e-05
2.9e-05
3.1e-05
3.2e-05
3.2e-05
2.7e-05
2.8e-05
3.2e-05
3.1e-05
3e-05
3e-05
3.5e-05
2.7e-05
3.9e-05
2.7e-05
4.9e-05
3.1e-05
3e-05
3.9e-05
2.7e-05
2.7e-05
2.7e-05
2.7e-05
2.7e-05
2.7e-05
2.7e-05
9e-05
2.7e-05
6.6e-05
3.4e-05
5.4e-05
3.8e-05
4.7e-05
5.1e-05
6.7e-05
4.8e-05
2.9e-05
8.2e-05
4.4e-05
4.5e-05
5.1e-05
3.7e-05
6.7e-05
8.4e-05
2.6e-05
2.3e-05
2.2e-05
8.1e-05
2.3e-05
2.2e-05
2.2e-05
2.6e-05
2.7e-05
2.7e-05
2.7e-05
2.7e-05
2.7e-05
9.3e-05
3e-05
3.1e-05
3e-05
2.8e-05
2.8e-05
3.5e-05
2.7e-05
2.6e-05
5e-05
2.7e-05
2.8e-05
2.6e-05
2.6e-05
2.6e-05
2.6e-05
2.7e-05
2.7e-05
2.6e-05
2.9e-05
2.6e-05
2.6e-05
7e-05
0.000372
8.9e-05
2.7e-05
2.6e-05
2.6e-05
6.9e-05
2.6e-05
4.6e-05
5e-05
2.7e-05
5e-05
2.8e-05
2.6e-05
5.2e-05
0.000239
3e-05
0.000107
7e-05
2.6e-05
2.7e-05
8.8e-05
0.000137
4.9e-05
3.3e-05
2.7e-05
7.2e-05
3e-05
2.8e-05
2.3e-05
3.1e-05
6.5e-05
8.8e-05
8.7e-05
2.3e-05
2.3e-05
5.3e-05
2.4e-05
8e-05
2.4e-05
2.3e-05
3.1e-05
8.9e-05
2.9e-05
5.1e-05
2.6e-05
2.6e-05
2.7e-05
4.7e-05
5.6e-05
5.3e-05
2.8e-05
2.6e-05
2.6e-05
2.6e-05
2.5e-05
2.6e-05
2.7e-05
0.000101
2.9e-05
5.2e-05
2.7e-05
2.7e-05
2.6e-05
3.1e-05
2.6e-05
2.6e-05
2.7e-05
5.5e-05
2.6e-05
3.1e-05
2.6e-05
2.6e-05
2.6e-05
2.9e-05
2.6e-05
3.7e-05
4.7e-05
2.6e-05
2.7e-05
2.6e-05
5.1e-05
2.7e-05
2.7e-05
2.7e-05
2.7e-05
3.1e-05
3.6e-05
4.6e-05
8.5e-05
2.8e-05
4.9e-05
2.6e-05
2.6e-05
4.1e-05
2.8e-05
0.000118
4.6e-05
0.000159
4.8e-05
2.9e-05
4e-05
8.4e-05
7.7e-05
8.8e-05
2.3e-05
2.2e-05
2.2e-05
2.9e-05
2.9e-05
2.7e-05
3.1e-05
2.3e-05
2.7e-05
2.6e-05
2.6e-05
2.8e-05
2.7e-05
8.9e-05
2.8e-05
3.2e-05
4.7e-05
3.4e-05
2.6e-05
2.6e-05
3e-05
2.6e-05
2.7e-05
3.2e-05
2.6e-05
3.2e-05
2.6e-05
2.7e-05
2.7e-05
2.5e-05
5.7e-05
2.8e-05
2.7e-05
2.7e-05
2.7e-05
2.7e-05
2.7e-05
3.7e-05
5.5e-05
2.9e-05
2.6e-05
3.7e-05
8.5e-05
4.4e-05
8.5e-05
0.000109
2.8e-05
2.8e-05
3e-05
3.1e-05
5.8e-05
2.8e-05
0.000147
3e-05
2.9e-05
3.6e-05
7e-05
2.8e-05
3.4e-05
2.6e-05
2.9e-05
4.3e-05
3e-05
3.9e-05
2.8e-05
3.1e-05
2.7e-05
2.6e-05
3.1e-05
7.6e-05
2.7e-05
2.8e-05
2.7e-05
2.6e-05
2.8e-05
3.2e-05
2.7e-05
2.6e-05
2.7e-05
2.7e-05
2.7e-05
2.6e-05
2.6e-05
2.7e-05
2.8e-05
2.7e-05
2.7e-05
2.8e-05
9e-05
6.6e-05
3.4e-05
2.9e-05
3e-05
2.6e-05
3e-05
3.2e-05
3.2e-05
3.1e-05
2.8e-05
2.6e-05
3e-05
0.000183
2.9e-05
2.6e-05
2.7e-05
4.8e-05
2.6e-05
2.6e-05
5e-05
2.4e-05
2.7e-05
2.8e-05
2.5e-05
2.9e-05
2.8e-05
4.9e-05
2.7e-05
3.2e-05
2.7e-05
5.2e-05
4.1e-05
5.6e-05
3.6e-05
2.6e-05
3.5e-05
8e-05
8.4e-05
0.0001
0.000128
2.4e-05
2.3e-05
2.6e-05
2.6e-05
2.7e-05
2.6e-05
3e-05
2.7e-05
2.6e-05
2.6e-05
2.7e-05
2.6e-05
9.3e-05
4.9e-05
5.6e-05
3e-05
2.8e-05
2.6e-05
2.6e-05
3.1e-05
2.6e-05
2.8e-05
4e-05
2.9e-05
2.7e-05
2.6e-05
2.6e-05
2.6e-05
2.6e-05
2.7e-05
2.9e-05
3.8e-05
2.6e-05
2.6e-05
2.6e-05
2.5e-05
2.5e-05
2.6e-05
3.6e-05
3.3e-05
2.6e-05
2.7e-05
2.7e-05
2.7e-05
2.6e-05
2.6e-05
2.7e-05
2.9e-05
2.7e-05
8.2e-05
2.9e-05
2.6e-05
2.8e-05
2.6e-05
2.6e-05
2.7e-05
2.8e-05
2.6e-05
3.1e-05
2.6e-05
2.6e-05
4.8e-05
2.7e-05
2.8e-05
6.9e-05
5e-05
3.6e-05
2.8e-05
3e-05
2.7e-05
2.8e-05
2.6e-05
4.3e-05
3.6e-05
2.7e-05
2.7e-05
3.2e-05
5e-05
3.4e-05
8.8e-05
4.3e-05
9.1e-05
2.3e-05
2.2e-05
2.2e-05
0.000136
2.3e-05
2.2e-05
9.5e-05
0.000105
4.6e-05
0.00011
5.6e-05
3.2e-05
3.7e-05
2.8e-05
2.6e-05
2.7e-05
2.9e-05
4e-05
2.6e-05
2.6e-05
2.6e-05
2.8e-05
2.7e-05
2.6e-05
2.8e-05
2.6e-05
2.5e-05
4e-05
2.7e-05
2.8e-05
2.9e-05
0.000174
3e-05
2.8e-05
2.6e-05
2.7e-05
2.6e-05
4.8e-05
2.6e-05
2.6e-05
2.8e-05
2.9e-05
2.8e-05
4e-05
3.3e-05
2.7e-05
4.8e-05
2.6e-05
3e-05
2.8e-05
3e-05
3.1e-05
2.5e-05
3.7e-05
2.7e-05
2.9e-05
3.6e-05
2.8e-05
3.5e-05
2.7e-05
2.8e-05
2.3e-05
3.4e-05
3.6e-05
3.5e-05
2.8e-05
2.9e-05
4.5e-05
3.8e-05
3.3e-05
9e-05
9.2e-05
2.4e-05
9.2e-05
2.4e-05
2.3e-05
2.2e-05
9.3e-05
2.5e-05
7.7e-05
2.8e-05
2.6e-05
2.6e-05
2.6e-05
2.7e-05
2.8e-05
6.2e-05
2.7e-05
2.6e-05
2.6e-05
4e-05
3e-05
2.9e-05
6.7e-05
3.1e-05
2.8e-05
3.3e-05
2.7e-05
2.9e-05
2.7e-05
2.8e-05
6e-05
3.6e-05
0.000163
4.4e-05
4.7e-05
2.8e-05
4.7e-05
2.7e-05
2.7e-05
0.00013
2.6e-05
2.9e-05
2.7e-05
2.8e-05
2.7e-05
4.8e-05
2.7e-05
4.6e-05
2.7e-05
2.6e-05
5.6e-05
2.9e-05
2.8e-05
2.7e-05
3e-05
9.1e-05
7.3e-05
0.000147
7.4e-05
3.3e-05
0.000112
0.000105
5.6e-05
2.6e-05
5.3e-05
8.2e-05
9.7e-05
2.4e-05
2.2e-05
2.2e-05
6.6e-05
2.6e-05
2.8e-05
3.2e-05
2.7e-05
2.8e-05
2.7e-05
0.000156
3.3e-05
3e-05
4.6e-05
2.7e-05
4.6e-05
5e-05
2.6e-05
2.8e-05
2.6e-05
6.4e-05
2.8e-05
2.5e-05
2.9e-05
3e-05
4.7e-05
4.8e-05
2.6e-05
4.6e-05
2.7e-05
2.9e-05
2.7e-05
2.8e-05
2.6e-05
2.7e-05
2.6e-05
2.7e-05
0.000101
2.8e-05
2.8e-05
6.8e-05
4.7e-05
2.7e-05
2.6e-05
2.9e-05
2.6e-05
2.9e-05
3.2e-05
2.8e-05
2.7e-05
9e-05
5.9e-05
3e-05
2.8e-05
2.9e-05
3e-05
2.6e-05
2.8e-05
3.1e-05
8.3e-05
2.4e-05
9.5e-05
2.8e-05
2.9e-05
3.7e-05
6.1e-05
2.8e-05
2.8e-05
5.2e-05
2.7e-05
2.6e-05
2.8e-05
2.8e-05
5.7e-05
2.7e-05
2.8e-05
2.6e-05
5.6e-05
0.000152
4.7e-05
2.9e-05
2.6e-05
2.4e-05
4.8e-05
2.7e-05
7e-05
6e-05
2.6e-05
2.6e-05
2.6e-05
2.5e-05
3.6e-05
2.6e-05
5.3e-05
2.6e-05
2.6e-05
2.6e-05
2.6e-05
2.6e-05
2.6e-05
2.7e-05
2.6e-05
2.8e-05
6.3e-05
5.2e-05
3.5e-05
2.8e-05
2.6e-05
2.8e-05
2.6e-05
2.7e-05
3.1e-05
2.6e-05
2.6e-05
2.8e-05
2.7e-05
5.4e-05
2.9e-05
7.6e-05
2.5e-05
3e-05
4.3e-05
3.8e-05
3.1e-05
7.9e-05
8e-05
2.4e-05
0.000137
2.4e-05
2.3e-05
2.2e-05
8.1e-05
2.4e-05
2.2e-05
4.8e-05
2.9e-05
9.2e-05
3.1e-05
2.7e-05
5.3e-05
2.8e-05
2.7e-05
3e-05
2.7e-05
2.7e-05
2.7e-05
2.5e-05
2.7e-05
2.6e-05
5.9e-05
2.6e-05
2.6e-05
2.8e-05
6.1e-05
7.5e-05
2.6e-05
3.5e-05
4.9e-05
3e-05
7e-05
2.7e-05
4.8e-05
2.7e-05
2.7e-05
2.7e-05
6.2e-05
2.7e-05
2.7e-05
3.2e-05
5.1e-05
3.1e-05
2.9e-05
5e-05
2.7e-05
2.7e-05
2.7e-05
3.9e-05
2.7e-05
5.8e-05
2.7e-05
2.7e-05
2.8e-05
5.3e-05
4.2e-05
3.8e-05
7.9e-05
6.9e-05
8.5e-05
2.8e-05
8.3e-05
8.6e-05
5e-05
7e-05
2.5e-05
0.000119
8.9e-05
4.4e-05
8.7e-05
2.4e-05
9.8e-05
2.3e-05
9.8e-05
2.7e-05
2.5e-05
2.4e-05
8.2e-05
2.4e-05
2.9e-05
2.7e-05
8.6e-05
0.000192
3.1e-05
7.2e-05
4.8e-05
2.8e-05
2.8e-05
2.7e-05
2.6e-05
2.7e-05
2.6e-05
2.6e-05
2.7e-05
2.7e-05
2.6e-05
2.8e-05
2.7e-05
2.6e-05
0.000121
5e-05
7e-05
2.6e-05
2.6e-05
3.6e-05
2.8e-05
8.9e-05
4.1e-05
5.9e-05
3.2e-05
8.1e-05
2.7e-05
3.2e-05
2.9e-05
3.7e-05
2.7e-05
4e-05
3.9e-05
8.7e-05
3.9e-05
6.8e-05
2.3e-05
6.2e-05
9.9e-05
2.4e-05
2.3e-05
2.2e-05
4.3e-05
2.8e-05
7.5e-05
2.9e-05
3.3e-05
3e-05
2.8e-05
4.8e-05
2.7e-05
2.8e-05
2.6e-05
5.4e-05
0.000113
3.2e-05
4.7e-05
4.7e-05
2.7e-05
2.6e-05
5.4e-05
2.6e-05
3.6e-05
2.7e-05
2.6e-05
5.1e-05
2.6e-05
2.9e-05
5.5e-05
2.7e-05
2.7e-05
7.6e-05
3e-05
2.7e-05
2.6e-05
3.3e-05
5.1e-05
3.1e-05
2.7e-05
9.8e-05
2.7e-05
2.6e-05
2.7e-05
4.9e-05
2.7e-05
2.7e-05
4.6e-05
4.7e-05
6e-05
3e-05
3.6e-05
3e-05
5.3e-05
6.8e-05
0.000117
0.000208
2.5e-05
2.2e-05
7e-05
2.3e-05
3.2e-05
2.9e-05
3e-05
2.8e-05
2.8e-05
2.9e-05
3.1e-05
2.9e-05
2.6e-05
2.7e-05
2.6e-05
2.7e-05
8.9e-05
3.7e-05
2.6e-05
2.6e-05
2.7e-05
2.8e-05
2.6e-05
2.7e-05
2.7e-05
4.9e-05
2.6e-05
3e-05
2.7e-05
2.7e-05
2.7e-05
2.6e-05
2.6e-05
2.6e-05
2.7e-05
2.8e-05
5.2e-05
4.8e-05
2.6e-05
2.6e-05
2.7e-05
3.6e-05
3.6e-05
5.6e-05
2.8e-05
2.8e-05
2.8e-05
0.000152
5.6e-05
6.9e-05
8.2e-05
4.3e-05
8e-05
8.6e-05
2.4e-05
2.3e-05
0.000104
5.4e-05
2.7e-05
2.9e-05
3e-05
2.7e-05
2.6e-05
3.7e-05
0.000157
4.4e-05
2.6e-05
2.9e-05
2.6e-05
2.6e-05
2.7e-05
3.1e-05
2.6e-05
3.8e-05
2.6e-05
9.8e-05
4.4e-05
2.6e-05
2.6e-05
2.7e-05
6.3e-05
2.8e-05
4.2e-05
2.6e-05
2.8e-05
3.4e-05
2.7e-05
2.6e-05
3e-05
2.7e-05
3.1e-05
2.6e-05
2.7e-05
3.4e-05
4.7e-05
2.6e-05
2.9e-05
2.7e-05
9.1e-05
5.4e-05
9.4e-05
4.3e-05
5.7e-05
6e-05
6.3e-05
3.1e-05
9.2e-05
2.4e-05
2.7e-05
6.9e-05
2.4e-05
9.1e-05
8.6e-05
2.4e-05
2.3e-05
3.9e-05
2.9e-05
3e-05
2.7e-05
3.1e-05
3.3e-05
2.8e-05
0.000154
4.7e-05
2.6e-05
5.2e-05
2.7e-05
2.7e-05
2.6e-05
3.7e-05
2.7e-05
2.6e-05
5.4e-05
2.6e-05
2.6e-05
3.7e-05
2.6e-05
2.7e-05
5.1e-05
0.000106
2.6e-05
2.8e-05
4.6e-05
5e-05
2.6e-05
3e-05
4.8e-05
2.6e-05
3.1e-05
2.6e-05
2.7e-05
2.7e-05
3.7e-05
2.7e-05
7.1e-05
2.8e-05
3e-05
3.6e-05
3.3e-05
2.6e-05
2.9e-05
2.7e-05
3.3e-05
3.6e-05
0.000113
2.3e-05
2.9e-05
2.8e-05
2.6e-05
2.6e-05
4.8e-05
5.9e-05
0.000143
3.9e-05
2.3e-05
8.2e-05
2.4e-05
2.2e-05
2.4e-05
0.000109
2.4e-05
8.9e-05
2.8e-05
2.7e-05
2.8e-05
2.7e-05
5.5e-05
4.8e-05
2.9e-05
2.8e-05
2.8e-05
2.6e-05
2.7e-05
7.8e-05
2.7e-05
2.6e-05
2.7e-05
4.7e-05
3.6e-05
2.6e-05
2.5e-05
4.8e-05
2.7e-05
2.7e-05
3.7e-05
3.7e-05
5.7e-05
9e-05
2.7e-05
4.5e-05
3e-05
2.7e-05
2.7e-05
2.6e-05
2.7e-05
2.7e-05
9.4e-05
3e-05
2.6e-05
2.7e-05
3e-05
3.2e-05
6.2e-05
4.9e-05
2.6e-05
3e-05
4.8e-05
2.9e-05
8.5e-05
4.6e-05
3.2e-05
2.6e-05
2.7e-05
2.7e-05
3.3e-05
2.7e-05
2.8e-05
2.6e-05
3.2e-05
7.7e-05
4.6e-05
5.8e-05
0.000143
8.3e-05
2.5e-05
2.2e-05
2.2e-05
3.2e-05
2.3e-05
2.7e-05
2.7e-05
2.6e-05
0.000114
4.7e-05
2.6e-05
0.000133
5.2e-05
2.9e-05
4.9e-05
2.7e-05
2.8e-05
2.6e-05
2.6e-05
3e-05
5e-05
4.8e-05
2.6e-05
2.6e-05
2.7e-05
4.7e-05
5.2e-05
2.6e-05
2.7e-05
3e-05
2.7e-05
6.4e-05
5.1e-05
4.5e-05
2.7e-05
2.7e-05
2.6e-05
5.1e-05
4.7e-05
4.8e-05
2.7e-05
4.2e-05
5e-05
2.7e-05
4.9e-05
6e-05
9.6e-05
4.5e-05
2.7e-05
8e-05
2.4e-05
8.1e-05
2.4e-05
2.2e-05
2.2e-05
3.7e-05
9.3e-05
5.8e-05
6.1e-05
2.8e-05
2.7e-05
2.6e-05
2.7e-05
2.7e-05
2.7e-05
2.7e-05
2.7e-05
2.8e-05
2.9e-05
2.6e-05
2.7e-05
2.8e-05
0.000147
2.7e-05
2.7e-05
4.7e-05
2.7e-05
4.7e-05
2.6e-05
4.4e-05
2.7e-05
2.5e-05
2.9e-05
4.7e-05
2.8e-05
2.7e-05
3.1e-05
5e-05
2.6e-05
2.5e-05
2.6e-05
2.6e-05
4.6e-05
2.7e-05
2.5e-05
2.6e-05
2.6e-05
2.6e-05
2.6e-05
2.6e-05
2.6e-05
3.8e-05
2.6e-05
2.7e-05
2.5e-05
2.7e-05
3.3e-05
3.1e-05
2.8e-05
2.7e-05
3.4e-05
4.1e-05
0.000103
3.4e-05
3.1e-05
2.9e-05
2.4e-05
9.6e-05
7.3e-05
2.7e-05
2.4e-05
2.5e-05
0.000124
2.5e-05
0.000602
0.000294
2.6e-05
2.4e-05
7.3e-05
5e-05
2.8e-05
7.1e-05
2.8e-05
2.6e-05
3e-05
2.7e-05
2.7e-05
2.8e-05
3.8e-05
2.7e-05
2.7e-05
2.7e-05
2.6e-05
2.7e-05
2.6e-05
2.6e-05
2.6e-05
2.7e-05
2.8e-05
7.2e-05
2.6e-05
2.7e-05
2.8e-05
2.8e-05
2.6e-05
4.6e-05
2.7e-05
2.7e-05
2.7e-05
0.00014
2.6e-05
4.7e-05
2.9e-05
2.5e-05
2.6e-05
5.8e-05
4.2e-05
4.9e-05
2.9e-05
2.8e-05
7.5e-05
2.3e-05
4.8e-05
0.0001
8.2e-05
5.8e-05
2.3e-05
0.000216
4e-05
8.4e-05
2.3e-05
2.4e-05
2.2e-05
3.2e-05
2.7e-05
3.3e-05
2.6e-05
2.6e-05
2.7e-05
2.6e-05
2.8e-05
2.7e-05
2.6e-05
0.000202
5.5e-05
3e-05
3e-05
9.5e-05
3.2e-05
2.7e-05
2.6e-05
4.5e-05
4.4e-05
2.6e-05
2.6e-05
2.6e-05
2.7e-05
2.7e-05
2.9e-05
2.7e-05
2.7e-05
2.9e-05
2.8e-05
2.8e-05
2.6e-05
2.6e-05
0.000123
2.7e-05
5e-05
2.7e-05
0.000126
2.8e-05
4.5e-05
2.7e-05
2.7e-05
2.6e-05
2.7e-05
2.8e-05
3e-05
2.7e-05
2.7e-05
2.6e-05
3e-05
2.7e-05
2.7e-05
2.6e-05
5.3e-05
9.9e-05
7.1e-05
2.4e-05
9.5e-05
3e-05
8.6e-05
2.8e-05
7.6e-05
2.3e-05
8e-05
2.4e-05
2.7e-05
2.7e-05
2.7e-05
3.2e-05
2.8e-05
2.7e-05
2.7e-05
2.7e-05
2.6e-05
2.6e-05
2.9e-05
2.9e-05
3.5e-05
2.6e-05
2.5e-05
2.6e-05
3e-05
2.9e-05
2.7e-05
2.9e-05
2.6e-05
2.7e-05
2.6e-05
3.5e-05
2.9e-05
2.7e-05
2.6e-05
2.6e-05
4.3e-05
2.6e-05
2.6e-05
2.6e-05
2.7e-05
2.7e-05
2.6e-05
2.6e-05
2.6e-05
3.6e-05
2.7e-05
2.7e-05
3.6e-05
2.6e-05
2.7e-05
2.9e-05
2.7e-05
9.2e-05
2.8e-05
2.8e-05
2.7e-05
3.4e-05
0.000156
5.7e-05
2.9e-05
3.4e-05
0.000102
2.4e-05
5.8e-05
2.7e-05
8.7e-05
0.000104
2.3e-05
2.2e-05
2.2e-05
0.000121
4.7e-05
7.5e-05
2.8e-05
4.5e-05
2.7e-05
2.7e-05
3e-05
2.7e-05
2.6e-05
2.7e-05
3e-05
2.7e-05
2.9e-05
2.6e-05
9.3e-05
2.6e-05
2.8e-05
2.8e-05
2.8e-05
4.8e-05
3.1e-05
2.6e-05
5.1e-05
2.5e-05
0.000107
2.8e-05
5.2e-05
2.3e-05
2.7e-05
2.6e-05
2.6e-05
3.1e-05
2.6e-05
2.8e-05
2.8e-05
2.6e-05
5.3e-05
2.7e-05
2.7e-05
2.8e-05
3.2e-05
2.8e-05
5.7e-05
2.6e-05
4.5e-05
3.6e-05
2.7e-05
2.9e-05
2.9e-05
0.000127
2.8e-05
3.3e-05
2.7e-05
2.7e-05
7.2e-05
4.7e-05
7.8e-05
3.1e-05
7.9e-05
7.5e-05
3.6e-05
4.8e-05
9.2e-05
2.4e-05
2.3e-05
3.9e-05
2.7e-05
2.9e-05
0.00011
2.7e-05
2.9e-05
2.6e-05
2.7e-05
2.9e-05
2.8e-05
2.8e-05
2.7e-05
2.6e-05
2.7e-05
2.7e-05
2.6e-05
2.6e-05
2.7e-05
2.7e-05
2.8e-05
2.6e-05
3.2e-05
6.3e-05
3.2e-05
2.8e-05
2.6e-05
3.2e-05
2.7e-05
2.7e-05
2.7e-05
2.6e-05
2.6e-05
2.6e-05
2.6e-05
2.9e-05
2.7e-05
2.8e-05
2.6e-05
3e-05
2.6e-05
3.6e-05
2.5e-05
3.2e-05
2.8e-05
5.6e-05
2.4e-05
4.7e-05
4.5e-05
3.5e-05
3.1e-05
8.3e-05
9.5e-05
2.3e-05
2.2e-05
2.5e-05
8.5e-05
2.3e-05
3.1e-05
2.8e-05
2.8e-05
2.7e-05
2.6e-05
2.6e-05
2.7e-05
2.7e-05
2.6e-05
2.6e-05
2.7e-05
2.6e-05
2.8e-05
2.6e-05
2.6e-05
9.1e-05
3e-05
2.6e-05
2.6e-05
2.6e-05
2.6e-05
2.6e-05
2.7e-05
2.8e-05
2.8e-05
5.4e-05
2.9e-05
3.5e-05
4.1e-05
2.6e-05
2.6e-05
5.3e-05
3.1e-05
2.6e-05
2.7e-05
2.7e-05
2.5e-05
2.7e-05
2.7e-05
2.7e-05
2.6e-05
2.9e-05
6.3e-05
4.1e-05
4.8e-05
2.6e-05
2.8e-05
3.1e-05
4e-05
2.7e-05
0.000194
4.6e-05
2.6e-05
2.7e-05
2.8e-05
6.1e-05
5.7e-05
3.3e-05
3.4e-05
8.9e-05
8.3e-05
2.4e-05
2.3e-05
2.8e-05
5.6e-05
3.1e-05
2.8e-05
2.6e-05
2.6e-05
2.8e-05
2.7e-05
2.6e-05
6.9e-05
8.7e-05
2.7e-05
2.7e-05
6.4e-05
2.7e-05
2.7e-05
2.9e-05
2.7e-05
2.8e-05
2.7e-05
2.6e-05
5.5e-05
2.9e-05
5e-05
6e-05
2.9e-05
2.7e-05
2.6e-05
2.6e-05
2.6e-05
4.8e-05
2.6e-05
2.6e-05
2.6e-05
2.9e-05
2.6e-05
4.9e-05
2.7e-05
2.7e-05
2.7e-05
2.7e-05
2.6e-05
2.7e-05
2.6e-05
5.9e-05
2.8e-05
2.8e-05
2.6e-05
2.7e-05
2.6e-05
2.7e-05
2.8e-05
2.8e-05
2.6e-05
2.6e-05
5.4e-05
2.6e-05
2.6e-05
2.5e-05
2.6e-05
4.6e-05
3.1e-05
2.7e-05
5.2e-05
4.5e-05
7.9e-05
4.8e-05
9e-05
2.4e-05
2.2e-05
2.1e-05
2.7e-05
2.6e-05
3.1e-05
2.6e-05
2.7e-05
9.1e-05
2.8e-05
8.1e-05
5.3e-05
5.5e-05
0.000104
2.7e-05
2.7e-05
2.9e-05
2.6e-05
2.7e-05
3.9e-05
2.7e-05
5.5e-05
4.7e-05
7.3e-05
2.7e-05
2.8e-05
5.3e-05
2.9e-05
2.8e-05
2.6e-05
2.7e-05
2.6e-05
5.4e-05
2.9e-05
5.3e-05
2.7e-05
2.8e-05
3.2e-05
2.5e-05
2.6e-05
6.9e-05
3e-05
2.8e-05
2.6e-05
5.8e-05
6.3e-05
2.7e-05
2.6e-05
2.6e-05
2.7e-05
2.5e-05
3.1e-05
2.7e-05
2.6e-05
2.6e-05
2.6e-05
2.8e-05
5.4e-05
6.7e-05
2.6e-05
2.7e-05
5.1e-05
2.7e-05
2.7e-05
2.6e-05
5e-05
5.8e-05
2.8e-05
8.1e-05
2.7e-05
9.6e-05
2.4e-05
6.2e-05
4.4e-05
2.4e-05
9.5e-05
6.3e-05
2.6e-05
2.3e-05
9.2e-05
2.4e-05
2.3e-05
3e-05
9.3e-05
3.1e-05
4.6e-05
2.7e-05
4e-05
2.7e-05
2.8e-05
4.8e-05
2.7e-05
2.7e-05
4.7e-05
2.8e-05
2.7e-05
2.7e-05
2.8e-05
2.7e-05
3.1e-05
3.9e-05
6.7e-05
4.1e-05
9.1e-05
5.9e-05
2.7e-05
2.7e-05
4.7e-05
4.4e-05
4.4e-05
3e-05
4.5e-05
5e-05
4.8e-05
3.1e-05
2.6e-05
4.5e-05
2.7e-05
3.2e-05
2.6e-05
2.6e-05
9.2e-05
2.7e-05
4.7e-05
2.7e-05
8.8e-05
7e-05
3.8e-05
2.8e-05
3.2e-05
8.8e-05
6.8e-05
2.8e-05
0.000121
2.6e-05
9.8e-05
2.3e-05
2.7e-05
2.5e-05
8.8e-05
2.9e-05
8.8e-05
2.8e-05
4.5e-05
2.6e-05
2.9e-05
2.7e-05
2.9e-05
2.7e-05
2.6e-05
2.6e-05
8e-05
6.2e-05
3.3e-05
4.7e-05
2.7e-05
2.9e-05
2.7e-05
2.7e-05
5.2e-05
6.7e-05
2.7e-05
2.7e-05
3.5e-05
2.7e-05
4.7e-05
3.5e-05
3.7e-05
2.8e-05
2.7e-05
2.7e-05
8.3e-05
2.8e-05
4.4e-05
4.5e-05
3.8e-05
5.8e-05
3.7e-05
2.8e-05
2.6e-05
6.9e-05
2.6e-05
2.9e-05
2.7e-05
6e-05
4.7e-05
2.7e-05
2.7e-05
2.7e-05
2.7e-05
3.7e-05
2.9e-05
2.6e-05
3.2e-05
8.6e-05
5.9e-05
4.1e-05
8.8e-05
5.6e-05
9e-05
2.7e-05
2.7e-05
3.3e-05
3.8e-05
2.6e-05
8.4e-05
5.3e-05
0.00015
8.2e-05
2.3e-05
2.3e-05
2.3e-05
8.9e-05
2.9e-05
2.7e-05
6.5e-05
2.7e-05
2.8e-05
2.8e-05
2.6e-05
0.000105
3.1e-05
9.1e-05
2.8e-05
2.7e-05
6.6e-05
2.7e-05
4.6e-05
3e-05
4.1e-05
2.7e-05
2.7e-05
2.9e-05
6.3e-05
2.7e-05
2.7e-05
2.5e-05
2.7e-05
2.6e-05
5.3e-05
4.1e-05
2.6e-05
2.7e-05
4.4e-05
2.6e-05
2.6e-05
2.6e-05
2.8e-05
2.6e-05
2.7e-05
2.6e-05
3.6e-05
2.7e-05
2.6e-05
2.7e-05
2.7e-05
3.5e-05
4e-05
2.6e-05
2.6e-05
3.2e-05
6.4e-05
9.3e-05
2.6e-05
4.8e-05
4.7e-05
5.4e-05
8.2e-05
2.4e-05
2.7e-05
5.1e-05
3.2e-05
6.9e-05
4.6e-05
6.7e-05
9.5e-05
0.000103
9e-05
2.9e-05
5.2e-05
9e-05
2.6e-05
2.3e-05
2.3e-05
9.9e-05
2.6e-05
2.2e-05
3.6e-05
0.000163
4.7e-05
5.4e-05
6.3e-05
8.8e-05
5.6e-05
5.1e-05
2.8e-05
2.9e-05
2.9e-05
0.0001
2.9e-05
3e-05
3.3e-05
8.4e-05
5.2e-05
9e-05
8.2e-05
3e-05
0.000153
8.3e-05
2.7e-05
9.3e-05
2.8e-05
0.000138
9.2e-05
3e-05
0.000114
7.3e-05
2.8e-05
3e-05
5.4e-05
4.5e-05
7.1e-05
6.1e-05
3.2e-05
8e-05
8.1e-05
3e-05
2.8e-05
9.2e-05
0.000142
0.0001
8.2e-05
2.9e-05
8.1e-05
4.7e-05
8.2e-05
2.4e-05
6.9e-05
3e-05
0.000106
2.9e-05
4.7e-05
2.8e-05
4.8e-05
2.7e-05
3e-05
5.7e-05
2.6e-05
2.7e-05
2.6e-05
2.6e-05
0.000153
2.8e-05
2.8e-05
0.000134
5.6e-05
3.9e-05
2.7e-05
6.7e-05
2.7e-05
3.1e-05
2.7e-05
4.8e-05
0.000101
4.1e-05
2.8e-05
5.6e-05
2.7e-05
2.6e-05
2.6e-05
7.6e-05
2.8e-05
5.6e-05
3e-05
7.8e-05
5.9e-05
2.9e-05
8.2e-05
2.4e-05
7.8e-05
2.3e-05
5.6e-05
9.3e-05
2.4e-05
2.3e-05
2.3e-05
0.000149
4.3e-05
3e-05
6.7e-05
3.2e-05
6.4e-05
2.8e-05
5.8e-05
9.1e-05
2.8e-05
2.7e-05
2.8e-05
2.8e-05
2.9e-05
6.4e-05
0.000114
3.1e-05
3.5e-05
7e-05
2.7e-05
0.000105
0.000222
3.2e-05
2.6e-05
2.6e-05
4.7e-05
5.5e-05
7.5e-05
2.7e-05
2.6e-05
2.6e-05
2.6e-05
2.7e-05
3.9e-05
2.8e-05
6.1e-05
2.8e-05
2.7e-05
2.6e-05
4.7e-05
2.6e-05
2.8e-05
2.6e-05
4.2e-05
2.9e-05
5.6e-05
3.7e-05
5e-05
3.5e-05
2.7e-05
6.5e-05
2.4e-05
0.000133
6.7e-05
2.7e-05
2.7e-05
3e-05
7.5e-05
0.000138
2.5e-05
2.3e-05
6.5e-05
0.000112
2.5e-05
2.2e-05
0.00014
9.9e-05
2.4e-05
2.3e-05
2.2e-05
2.1e-05
0.000129
2.5e-05
2.3e-05
2.2e-05
0.000109
2.5e-05
2.4e-05
2.4e-05
2.3e-05
9.3e-05
3.1e-05
2.3e-05
2.3e-05
3.2e-05
3.1e-05
2.8e-05
0.000128
2.8e-05
4.1e-05
5.7e-05
5.3e-05
3.1e-05
4.7e-05
2.9e-05
6e-05
4.7e-05
3e-05
2.7e-05
7.8e-05
2.7e-05
2.7e-05
4.3e-05
2.8e-05
2.8e-05
3.1e-05
2.7e-05
5.4e-05
2.9e-05
2.6e-05
2.7e-05
2.6e-05
6.2e-05
5.4e-05
2.7e-05
0.000128
3.9e-05
4.6e-05
2.8e-05
3.7e-05
4.1e-05
2.8e-05
4.1e-05
2.6e-05
7e-05
3.9e-05
2.7e-05
2.7e-05
0.00021
3.4e-05
2.6e-05
2.9e-05
6.2e-05
3.1e-05
2.8e-05
4.2e-05
3.3e-05
2.6e-05
7.8e-05
2.8e-05
7e-05
7.3e-05
4.2e-05
2.9e-05
9.4e-05
6.9e-05
2.8e-05
7.6e-05
4.6e-05
8.6e-05
2.4e-05
2.3e-05
3.8e-05
0.000146
2.9e-05
5.5e-05
2.8e-05
2.7e-05
6.8e-05
3.2e-05
2.9e-05
4.2e-05
5e-05
4.5e-05
2.7e-05
4.4e-05
2.6e-05
2.6e-05
2.8e-05
4.7e-05
2.7e-05
2.8e-05
2.8e-05
4.7e-05
2.7e-05
2.6e-05
2.6e-05
0.000168
2.9e-05
4.9e-05
4e-05
5.4e-05
2.7e-05
2.9e-05
6.9e-05
3.3e-05
5.2e-05
3e-05
4.8e-05
6.1e-05
3.2e-05
4.1e-05
2.9e-05
0.000114
5.4e-05
2.7e-05
2.6e-05
2.8e-05
6.2e-05
3e-05
2.4e-05
4.8e-05
6.1e-05
2.7e-05
4.8e-05
2.8e-05
2.8e-05
2.6e-05
4.8e-05
4.9e-05
2.8e-05
4.9e-05
4.8e-05
3.7e-05
2.8e-05
6.5e-05
3e-05
2.7e-05
6.6e-05
4.3e-05
0.000122
4.6e-05
3.6e-05
2.4e-05
5.5e-05
8.7e-05
2.4e-05
2.2e-05
0.000107
8.9e-05
3e-05
2.6e-05
2.6e-05
3.3e-05
3.3e-05
3e-05
3e-05
3e-05
2.9e-05
2.7e-05
2.8e-05
0.000145
4.4e-05
5e-05
2.9e-05
2.7e-05
2.9e-05
2.6e-05
0.000113
0.000103
8.1e-05
2.7e-05
5.1e-05
2.9e-05
2.7e-05
2.7e-05
2.6e-05
3.2e-05
2.7e-05
2.8e-05
2.6e-05
2.7e-05
6.3e-05
5.8e-05
3.1e-05
3.6e-05
2.9e-05
8.7e-05
0.000101
2.4e-05
4.4e-05
0.000109
0.000139
8.2e-05
8.9e-05
2.4e-05
2.3e-05
2.2e-05
2.1e-05
3.2e-05
3.9e-05
2.7e-05
2.6e-05
2.7e-05
3.3e-05
2.6e-05
0.000231
4.2e-05
5.5e-05
6e-05
4.8e-05
9.4e-05
2.7e-05
2.9e-05
2.6e-05
4.9e-05
2.7e-05
8.2e-05
2.6e-05
4.7e-05
2.6e-05
2.7e-05
2.6e-05
2.7e-05
5e-05
2.8e-05
2.6e-05
2.7e-05
2.6e-05
7.9e-05
2.7e-05
8.8e-05
0.00011
2.7e-05
2.7e-05
5.8e-05
3.1e-05
2.7e-05
3.4e-05
3.1e-05
2.8e-05
2.9e-05
3e-05
2.5e-05
7.2e-05
3.4e-05
3.3e-05
5.5e-05
2.8e-05
2.6e-05
7.4e-05
2.4e-05
4.9e-05
3e-05
3.7e-05
3e-05
4.3e-05
2.8e-05
8.1e-05
0.00011
0.000104
4.8e-05
0.000158
8.5e-05
2.4e-05
2.3e-05
2.7e-05
3.1e-05
3.7e-05
2.7e-05
3.4e-05
2.7e-05
2.6e-05
2.6e-05
2.8e-05
5.1e-05
2.7e-05
3.5e-05
8.4e-05
2.8e-05
2.8e-05
2.7e-05
8.1e-05
9.3e-05
3.3e-05
4.8e-05
2.6e-05
3.4e-05
4.8e-05
3.3e-05
3e-05
3.1e-05
9.6e-05
2.8e-05
0.000123
5.4e-05
2.9e-05
5.2e-05
3e-05
2.8e-05
5.6e-05
2.6e-05
3e-05
3.7e-05
2.8e-05
2.6e-05
2.9e-05
4.8e-05
0.000193
5e-05
3.2e-05
6.8e-05
2.9e-05
0.000132
4.8e-05
3.6e-05
2.8e-05
3e-05
0.000112
7.7e-05
9.4e-05
9e-05
2.4e-05
0.000107
6.9e-05
3e-05
4.4e-05
2.7e-05
3.7e-05
3.1e-05
3e-05
2.7e-05
2.6e-05
4.2e-05
2.6e-05
2.6e-05
2.6e-05
3.2e-05
2.7e-05
3.4e-05
2.6e-05
2.8e-05
3.7e-05
2.6e-05
2.7e-05
7.2e-05
2.7e-05
2.8e-05
2.6e-05
6.2e-05
2.8e-05
2.6e-05
2.6e-05
3.1e-05
2.6e-05
3.1e-05
2.9e-05
0.000164
3.7e-05
2.9e-05
3e-05
2.6e-05
3.1e-05
2.7e-05
2.6e-05
2.7e-05
2.7e-05
2.6e-05
2.6e-05
2.7e-05
2.7e-05
2.8e-05
3.6e-05
3e-05
3.4e-05
3.2e-05
4.2e-05
2.4e-05
8.8e-05
7.8e-05
5e-05
8.1e-05
2.4e-05
8.1e-05
2.4e-05
2.6e-05
3.2e-05
2.9e-05
6.2e-05
2.7e-05
9.3e-05
3.4e-05
2.8e-05
2.6e-05
2.7e-05
2.7e-05
2.6e-05
2.7e-05
2.8e-05
2.7e-05
2.7e-05
2.7e-05
2.6e-05
7.6e-05
2.7e-05
3.2e-05
2.7e-05
2.6e-05
2.6e-05
8.1e-05
4.9e-05
2.6e-05
2.6e-05
2.6e-05
2.6e-05
2.8e-05
2.6e-05
2.7e-05
2.8e-05
2.7e-05
2.6e-05
3e-05
3.2e-05
2.6e-05
3.8e-05
2.7e-05
2.6e-05
2.8e-05
2.7e-05
2.6e-05
2.6e-05
3.6e-05
2.7e-05
2.6e-05
2.6e-05
2.7e-05
2.6e-05
2.7e-05
2.6e-05
2.6e-05
2.8e-05
2.8e-05
2.6e-05
3.1e-05
2.6e-05
2.8e-05
2.7e-05
2.6e-05
2.8e-05
4.7e-05
0.000148
0.000125
2.5e-05
4.8e-05
2.9e-05
8.7e-05
2.3e-05
2.2e-05
2.2e-05
8.4e-05
2.4e-05
3e-05
2.7e-05
2.6e-05
3.2e-05
2.3e-05
8.7e-05
3.4e-05
2.6e-05
8.6e-05
3.4e-05
5.1e-05
6e-05
4.5e-05
2.7e-05
3.8e-05
2.8e-05
3.2e-05
8.9e-05
4.8e-05
4.6e-05
2.6e-05
2.6e-05
2.6e-05
2.6e-05
2.7e-05
0.00011
4.5e-05
2.6e-05
7.5e-05
2.7e-05
2.5e-05
2.6e-05
2.6e-05
6.3e-05
2.8e-05
2.7e-05
3.3e-05
3e-05
5.2e-05
2.7e-05
4.6e-05
4.8e-05
4.6e-05
2.8e-05
2.8e-05
2.7e-05
2.6e-05
3.7e-05
3.3e-05
3.2e-05
2.8e-05
4.5e-05
5.5e-05
2.6e-05
4.3e-05
3e-05
3.8e-05
2.7e-05
4.6e-05
0.000117
3.5e-05
7.4e-05
9.1e-05
2.3e-05
2.3e-05
2.2e-05
8.8e-05
3.9e-05
3.5e-05
2.6e-05
2.7e-05
2.6e-05
2.7e-05
0.000111
3.2e-05
4.4e-05
4.7e-05
0.000105
3.9e-05
2.6e-05
2.7e-05
6.9e-05
2.6e-05
2.8e-05
2.7e-05
3.2e-05
2.9e-05
2.6e-05
2.6e-05
2.6e-05
2.6e-05
3.4e-05
3.5e-05
4.3e-05
2.7e-05
3.1e-05
2.9e-05
0.000169
7.3e-05
2.9e-05
2.6e-05
2.8e-05
2.6e-05
2.8e-05
3e-05
2.7e-05
2.9e-05
2.8e-05
2.7e-05
2.7e-05
2.9e-05
2.6e-05
7.5e-05
3.1e-05
2.7e-05
6.3e-05
3.4e-05
4.5e-05
4.1e-05
3.5e-05
4e-05
3.9e-05
8.5e-05
2.3e-05
9.7e-05
4.3e-05
8.1e-05
2.4e-05
3e-05
3.4e-05
0.000118
3.5e-05
3.4e-05
6.1e-05
2.7e-05
2.7e-05
4.7e-05
2.7e-05
2.8e-05
2.7e-05
4.8e-05
3e-05
3.3e-05
2.7e-05
2.6e-05
2.7e-05
2.6e-05
7.8e-05
2.7e-05
2.7e-05
2.6e-05
2.7e-05
2.6e-05
2.7e-05
2.8e-05
2.9e-05
3.7e-05
3.6e-05
2.6e-05
2.6e-05
2.6e-05
2.7e-05
3.1e-05
3.1e-05
2.6e-05
2.6e-05
2.6e-05
3.2e-05
2.6e-05
2.6e-05
2.6e-05
2.6e-05
2.6e-05
2.5e-05
2.6e-05
2.7e-05
2.5e-05
7.9e-05
2.9e-05
3.7e-05
2.8e-05
4e-05
2.8e-05
3.3e-05
2.9e-05
2.7e-05
9.8e-05
2.7e-05
7.8e-05
4.2e-05
3e-05
4.7e-05
2.4e-05
2.7e-05
0.00012
5.3e-05
8.4e-05
8.1e-05
2.4e-05
2.3e-05
2.2e-05
2.7e-05
3.3e-05
2.8e-05
2.8e-05
3.2e-05
2.7e-05
2.7e-05
2.6e-05
2.6e-05
2.7e-05
2.6e-05
2.8e-05
4e-05
2.7e-05
2.7e-05
2.9e-05
2.7e-05
9.9e-05
2.9e-05
2.7e-05
2.6e-05
2.6e-05
2.8e-05
2.6e-05
3.6e-05
2.5e-05
2.5e-05
2.7e-05
2.7e-05
2.6e-05
3.6e-05
2.8e-05
2.6e-05
2.9e-05
4.1e-05
2.6e-05
0.000105
0.000122
8.4e-05
4.6e-05
3.3e-05
4.4e-05
3.9e-05
0.000101
2.7e-05
4.9e-05
4.3e-05
2.6e-05
0.000142
0.0001
0.000151
3.5e-05
2.8e-05
7.9e-05
2.3e-05
2.3e-05
0.000136
2.7e-05
3.1e-05
7e-05
3.4e-05
2.9e-05
2.6e-05
2.8e-05
2.8e-05
2.7e-05
2.7e-05
2.5e-05
0.000115
4.8e-05
3.7e-05
2.9e-05
3.1e-05
7.6e-05
2.6e-05
2.5e-05
8e-05
4.6e-05
3.4e-05
0.00013
4.1e-05
0.000103
3.3e-05
2.6e-05
3e-05
3.2e-05
2.7e-05
2.6e-05
2.7e-05
2.8e-05
9.5e-05
3.5e-05
3e-05
5.5e-05
2.6e-05
4.7e-05
3.1e-05
2.8e-05
2.6e-05
2.7e-05
2.6e-05
5e-05
2.6e-05
2.6e-05
6.7e-05
2.7e-05
2.9e-05
2.9e-05
2.6e-05
3e-05
2.7e-05
4e-05
3.8e-05
5e-05
2.8e-05
2.6e-05
3.1e-05
8.8e-05
2.4e-05
2.3e-05
2.2e-05
0.000238
8.9e-05
2.4e-05
9.2e-05
2.7e-05
9.9e-05
5.2e-05
2.6e-05
6.7e-05
3e-05
2.7e-05
3.1e-05
3.1e-05
4.9e-05
0.000116
5e-05
8.4e-05
3.7e-05
2.6e-05
3.1e-05
6.7e-05
3.9e-05
3e-05
2.6e-05
2.7e-05
2.6e-05
2.7e-05
2.6e-05
2.6e-05
2.7e-05
3.5e-05
8.5e-05
4.5e-05
7.3e-05
5.3e-05
5.1e-05
3.1e-05
3.3e-05
2.9e-05
2.7e-05
2.7e-05
4.8e-05
3.1e-05
2.7e-05
3.1e-05
2.9e-05
7.7e-05
2.9e-05
2.6e-05
2.9e-05
5.9e-05
4.4e-05
4.4e-05
8.3e-05
2.9e-05
0.000191
6e-05
2.3e-05
8.4e-05
0.000282
4.4e-05
8.3e-05
4.7e-05
4e-05
3.1e-05
2.7e-05
2.3e-05
2.5e-05
3e-05
2.6e-05
8.3e-05
3.1e-05
3.1e-05
2.7e-05
4.5e-05
6.4e-05
2.7e-05
8.1e-05
2.9e-05
2.7e-05
2.7e-05
0.000153
2.8e-05
2.7e-05
2.7e-05
7.4e-05
0.000127
3.4e-05
2.7e-05
2.6e-05
0.000122
4.7e-05
2.6e-05
5.2e-05
3.5e-05
3.2e-05
2.8e-05
2.8e-05
2.4e-05
2.8e-05
4.3e-05
2.9e-05
4.3e-05
9.1e-05
4.8e-05
2.9e-05
2.8e-05
3.5e-05
2.8e-05
5.1e-05
9.3e-05
9.3e-05
4.7e-05
0.000141
9.6e-05
8.3e-05
0.000114
0.000104
2.4e-05
0.000103
2.5e-05
2.3e-05
2.3e-05
2.8e-05
2.7e-05
2.7e-05
2.8e-05
2.6e-05
2.8e-05
2.7e-05
2.9e-05
2.8e-05
2.9e-05
2.6e-05
2.6e-05
2.6e-05
2.5e-05
2.8e-05
2.6e-05
2.8e-05
2.7e-05
2.7e-05
2.6e-05
2.9e-05
2.8e-05
2.7e-05
2.7e-05
2.7e-05
2.7e-05
2.6e-05
7.1e-05
2.7e-05
2.6e-05
3.3e-05
2.6e-05
2.7e-05
2.6e-05
2.8e-05
2.6e-05
9.4e-05
2.7e-05
2.7e-05
2.6e-05
2.8e-05
0.000114
2.7e-05
2.7e-05
8.1e-05
2.8e-05
2.8e-05
2.6e-05
2.7e-05
2.7e-05
2.8e-05
5.6e-05
4.5e-05
3.7e-05
4.1e-05
2.8e-05
3.1e-05
2.4e-05
8.5e-05
7.2e-05
9.1e-05
2.4e-05
2.3e-05
9.3e-05
0.000134
4.3e-05
2.4e-05
2.9e-05
2.8e-05
3e-05
0.000129
5.6e-05
3.2e-05
2.9e-05
2.7e-05
2.6e-05
2.6e-05
3.3e-05
2.8e-05
2.6e-05
0.000199
4e-05
6.5e-05
3.1e-05
3.1e-05
2.7e-05
4.7e-05
2.6e-05
2.6e-05
2.6e-05
2.6e-05
2.6e-05
2.7e-05
2.7e-05
2.6e-05
2.6e-05
2.7e-05
2.7e-05
2.6e-05
2.7e-05
2.6e-05
7.1e-05
3e-05
3.3e-05
2.9e-05
3.1e-05
2.7e-05
2.6e-05
2.5e-05
2.6e-05
2.6e-05
2.5e-05
2.7e-05
9.9e-05
2.7e-05
2.6e-05
2.7e-05
2.8e-05
4.7e-05
6.8e-05
4.9e-05
2.4e-05
4.7e-05
2.4e-05
8.7e-05
2.7e-05
2.2e-05
0.000179
4.4e-05
2.3e-05
3.3e-05
3e-05
2.5e-05
3.1e-05
2.6e-05
2.6e-05
2.8e-05
6.3e-05
3.5e-05
4.9e-05
2.7e-05
2.6e-05
5.4e-05
3.1e-05
2.7e-05
5.2e-05
4.8e-05
8.3e-05
2.7e-05
5.3e-05
2.7e-05
3.4e-05
4.3e-05
9.3e-05
4.2e-05
2.7e-05
0.000111
3.1e-05
2.6e-05
6.7e-05
3.2e-05
2.6e-05
2.8e-05
3.3e-05
2.9e-05
0.000117
4.4e-05
4.8e-05
4.8e-05
3.3e-05
4.7e-05
2.7e-05
4.4e-05
2.7e-05
4.2e-05
3.1e-05
5e-05
4.1e-05
5.8e-05
5.3e-05
9.9e-05
0.000116
2.6e-05
9.9e-05
0.000156
2.5e-05
2.3e-05
8.4e-05
8.6e-05
0.000199
5.6e-05
2.9e-05
2.8e-05
2.7e-05
7.3e-05
6e-05
2.8e-05
2.6e-05
2.8e-05
3e-05
3.3e-05
3e-05
2.9e-05
2.7e-05
2.7e-05
0.000115
5.1e-05
3e-05
3.2e-05
2.8e-05
2.8e-05
8.7e-05
2.9e-05
2.8e-05
3.6e-05
4.1e-05
2.7e-05
2.8e-05
0.000149
2.7e-05
2.8e-05
2.7e-05
3.6e-05
2.9e-05
2.7e-05
2.5e-05
2.6e-05
2.6e-05
2.5e-05
2.6e-05
2.6e-05
0.000293
4.5e-05
2.7e-05
2.8e-05
3e-05
2.8e-05
9e-05
2.7e-05
6e-05
3e-05
0.000131
2.7e-05
3.7e-05
8.6e-05
3.6e-05
0.000162
2.6e-05
3.1e-05
0.000105
2.8e-05
0.000119
8.4e-05
2.9e-05
0.000111
9.7e-05
2.7e-05
2.5e-05
2.6e-05
9e-05
2.4e-05
9.3e-05
2.6e-05
2.5e-05
8.5e-05
2.7e-05
9.8e-05
2.9e-05
2.9e-05
2.8e-05
2.9e-05
3.1e-05
2.9e-05
0.000322
3.2e-05
2.7e-05
2.9e-05
2.9e-05
8.5e-05
2.9e-05
2.7e-05
2.7e-05
0.000153
2.9e-05
2.8e-05
2.7e-05
2.9e-05
2.8e-05
2.7e-05
2.7e-05
3e-05
5.2e-05
2.9e-05
0.000343
4.3e-05
3.1e-05
3.8e-05
7.7e-05
2.8e-05
0.000119
4.3e-05
0.000117
3.1e-05
2.6e-05
2.8e-05
8.6e-05
0.00011
9e-05
2.6e-05
0.000102
8.4e-05
3.1e-05
9e-05
8.9e-05
0.000534
8.6e-05
9.7e-05
8.3e-05
8.3e-05
2.5e-05
4e-05
0.000164
3.1e-05
2.9e-05
9.1e-05
7.6e-05
7.2e-05
2.8e-05
3e-05
8.3e-05
0.000143
7.5e-05
3.7e-05
2.8e-05
2.7e-05
2.9e-05
2.9e-05
6.4e-05
3.1e-05
3.1e-05
0.0002
5.9e-05
2.7e-05
5.7e-05
3.6e-05
2.8e-05
5.8e-05
7.9e-05
2.8e-05
0.000218
3.5e-05
2.8e-05
3.3e-05
2.9e-05
2.9e-05
2.6e-05
8.6e-05
2.7e-05
5.4e-05
2.9e-05
8.8e-05
2.9e-05
3.3e-05
3e-05
2.9e-05
2.9e-05
0.000109
2.9e-05
8.4e-05
2.7e-05
3.1e-05
5.8e-05
8e-05
7.3e-05
5.2e-05
8.6e-05
8e-05
2.4e-05
0.000162
3.2e-05
0.000142
2.6e-05
8.7e-05
8.6e-05
0.000168
2.4e-05
8.3e-05
2.5e-05
2.3e-05
2.3e-05
8.8e-05
2.4e-05
2.3e-05
2.2e-05
9.6e-05
2.3e-05
2.9e-05
3.6e-05
0.000113
7.5e-05
6.6e-05
3e-05
4.4e-05
2.8e-05
3.6e-05
4.8e-05
2.9e-05
2.8e-05
2.7e-05
2.7e-05
2.7e-05
2.7e-05
2.7e-05
2.6e-05
3.3e-05
2.5e-05
2.6e-05
2.8e-05
2.6e-05
0.000109
0.000111
2.9e-05
7.3e-05
0.000101
2.7e-05
2.7e-05
2.7e-05
2.8e-05
2.7e-05
2.6e-05
2.8e-05
2.9e-05
2.8e-05
2.7e-05
8.1e-05
2.7e-05
8.1e-05
2.8e-05
3.3e-05
2.7e-05
2.7e-05
2.7e-05
2.7e-05
2.6e-05
8.9e-05
2.8e-05
2.8e-05
6.2e-05
4.5e-05
2.8e-05
2.9e-05
3.1e-05
9e-05
2.9e-05
9.2e-05
2.9e-05
2.9e-05
9e-05
3.2e-05
7.8e-05
2.9e-05
0.000123
2.6e-05
8.8e-05
8.3e-05
7e-05
8.6e-05
8.3e-05
0.000106
3.1e-05
8.4e-05
2.4e-05
0.000204
5.4e-05
2.4e-05
0.000105
2.4e-05
2.3e-05
2.2e-05
8.5e-05
7.9e-05
2.3e-05
2.7e-05
0.000219
3.7e-05
5.9e-05
2.6e-05
5.2e-05
2.8e-05
2.7e-05
2.6e-05
3e-05
3.5e-05
3.1e-05
2.7e-05
2.8e-05
2.8e-05
7.3e-05
6.4e-05
4.4e-05
2.7e-05
2.7e-05
2.7e-05
2.6e-05
5.2e-05
2.7e-05
4.9e-05
6.2e-05
2.8e-05
0.000183
2.9e-05
2.7e-05
3e-05
0.000122
2.9e-05
3.1e-05
3e-05
5.2e-05
5.9e-05
2.9e-05
3e-05
0.000206
3.4e-05
2.9e-05
2.7e-05
5.4e-05
6e-05
4.6e-05
3e-05
3.4e-05
0.000279
7.6e-05
5.1e-05
2.7e-05
2.8e-05
3.1e-05
0.000151
0.000108
9.2e-05
4.7e-05
0.000233
6.5e-05
8.1e-05
2.6e-05
2.4e-05
2.2e-05
9e-05
2.4e-05
2.2e-05
2.2e-05
2.8e-05
3.6e-05
2.8e-05
2.7e-05
2.7e-05
5.8e-05
2.8e-05
2.6e-05
2.6e-05
2.6e-05
2.6e-05
2.7e-05
8.1e-05
9.1e-05
8.4e-05
2.8e-05
2.6e-05
2.6e-05
2.8e-05
2.6e-05
2.6e-05
2.6e-05
2.6e-05
2.7e-05
3e-05
0.000103
2.8e-05
2.7e-05
2.6e-05
2.9e-05
2.7e-05
2.6e-05
5.2e-05
2.6e-05
2.6e-05
2.7e-05
5.4e-05
6.7e-05
2.6e-05
2.7e-05
2.6e-05
4e-05
2.6e-05
2.9e-05
8.2e-05
2.8e-05
2.9e-05
2.8e-05
5.9e-05
2.7e-05
4.7e-05
2.7e-05
2.8e-05
9e-05
2.4e-05
2.2e-05
4.5e-05
9.7e-05
2.4e-05
2.2e-05
2.2e-05
8.5e-05
2.7e-05
2.8e-05
0.000104
4e-05
2.7e-05
2.7e-05
5.5e-05
2.4e-05
2.8e-05
2.5e-05
0.000103
3.1e-05
2.8e-05
2.7e-05
2.6e-05
2.6e-05
7.7e-05
2.6e-05
2.7e-05
8.7e-05
9e-05
2.7e-05
5.5e-05
2.9e-05
2.7e-05
2.8e-05
2.6e-05
2.6e-05
3e-05
5.3e-05
2.8e-05
3.1e-05
7.3e-05
3.3e-05
6.3e-05
2.7e-05
2.6e-05
2.6e-05
2.7e-05
2.6e-05
2.6e-05
2.6e-05
2.5e-05
2.6e-05
2.8e-05
2.6e-05
2.6e-05
4e-05
2.7e-05
2.7e-05
2.6e-05
2.6e-05
2.6e-05
5.6e-05
3.2e-05
5.3e-05
2.9e-05
3.8e-05
3e-05
2.7e-05
2.8e-05
2.7e-05
2.9e-05
3.1e-05
5.5e-05
9.1e-05
2.5e-05
9.8e-05
2.4e-05
2.3e-05
2.7e-05
3.1e-05
4.7e-05
3e-05
3.5e-05
2.9e-05
0.000119
9.5e-05
4.9e-05
2.7e-05
3e-05
2.8e-05
0.000137
4.6e-05
2.6e-05
2.7e-05
2.8e-05
2.7e-05
2.6e-05
2.6e-05
2.8e-05
2.6e-05
6e-05
2.7e-05
4.6e-05
0.000193
4.6e-05
4.1e-05
3.4e-05
2.9e-05
2.9e-05
2.9e-05
8e-05
2.9e-05
2.9e-05
3.1e-05
3e-05
2.8e-05
3.1e-05
2.6e-05
6.8e-05
3e-05
2.7e-05
2.8e-05
2.8e-05
9.1e-05
3e-05
0.000367
7e-05
3.2e-05
3.3e-05
3.3e-05
3e-05
0.00044
2.9e-05
4.9e-05
2.7e-05
2.6e-05
5.1e-05
2.7e-05
2.7e-05
4.3e-05
2.7e-05
2.7e-05
2.7e-05
3.1e-05
2.7e-05
2.8e-05
2.9e-05
5.2e-05
2.8e-05
9.5e-05
0.000103
8.8e-05
0.000174
9.7e-05
8.5e-05
9.3e-05
2.8e-05
2.4e-05
3e-05
4.6e-05
2.7e-05
2.7e-05
3.6e-05
2.6e-05
3.1e-05
0.000101
3e-05
2.8e-05
6.6e-05
4.8e-05
2.6e-05
2.7e-05
6.9e-05
2.7e-05
2.8e-05
2.6e-05
2.6e-05
4.8e-05
2.8e-05
2.9e-05
2.7e-05
2.6e-05
2.6e-05
3.6e-05
0.000185
2.8e-05
5.2e-05
2.7e-05
2.7e-05
2.7e-05
2.7e-05
2.6e-05
8.5e-05
2.6e-05
2.7e-05
2.6e-05
2.9e-05
2.8e-05
2.6e-05
2.7e-05
2.6e-05
2.7e-05
6.5e-05
3.2e-05
7.7e-05
2.7e-05
3.7e-05
3.3e-05
2.4e-05
2.9e-05
2.7e-05
2.7e-05
4.7e-05
2.7e-05
2.6e-05
3.2e-05
0.000144
4.5e-05
3.1e-05
5.7e-05
0.00015
8.2e-05
2.4e-05
7.6e-05
2.3e-05
2.2e-05
2.2e-05
2.8e-05
2.9e-05
2.7e-05
2.9e-05
2.7e-05
3.3e-05
9.6e-05
4.7e-05
2.7e-05
0.000208
3.1e-05
3.4e-05
3.4e-05
2.7e-05
2.6e-05
2.6e-05
2.7e-05
2.6e-05
0.000133
3e-05
5.1e-05
2.7e-05
2.7e-05
2.6e-05
4.6e-05
2.6e-05
2.6e-05
2.5e-05
3e-05
2.8e-05
4.5e-05
2.6e-05
5.3e-05
2.7e-05
5e-05
3e-05
5.6e-05
2.7e-05
2.6e-05
2.6e-05
3e-05
2.7e-05
2.5e-05
2.8e-05
2.7e-05
2.6e-05
6.8e-05
2.7e-05
2.6e-05
2.5e-05
2.5e-05
2.7e-05
2.7e-05
2.7e-05
2.9e-05
2.6e-05
4.2e-05
2.6e-05
4.4e-05
2.6e-05
8.4e-05
0.00016
4.7e-05
2.9e-05
3.6e-05
3.7e-05
2.8e-05
2.7e-05
0.000145
4.4e-05
5.7e-05
4.8e-05
7.4e-05
7.9e-05
2.4e-05
8.5e-05
2.4e-05
2.3e-05
2.5e-05
2.3e-05
9.6e-05
2.5e-05
2.3e-05
2.2e-05
3.1e-05
2.7e-05
2.7e-05
8.7e-05
2.8e-05
4e-05
2.8e-05
2.7e-05
2.8e-05
2.8e-05
4.7e-05
2.6e-05
2.7e-05
2.8e-05
2.3e-05
2.6e-05
2.6e-05
2.5e-05
0.000101
2.6e-05
3.2e-05
2.8e-05
2.6e-05
2.6e-05
2.8e-05
2.6e-05
2.6e-05
2.5e-05
2.6e-05
3e-05
2.6e-05
4.2e-05
2.8e-05
2.6e-05
2.3e-05
2.6e-05
2.6e-05
2.7e-05
2.7e-05
2.7e-05
3.6e-05
2.7e-05
2.8e-05
7.6e-05
2.8e-05
2.7e-05
2.7e-05
3e-05
6.7e-05
6.3e-05
2.8e-05
2.8e-05
3.7e-05
2.7e-05
3.3e-05
2.6e-05
5.1e-05
2.3e-05
2.7e-05
8.1e-05
3e-05
3.8e-05
6.2e-05
3e-05
0.000192
2.4e-05
2.2e-05
2.3e-05
8.3e-05
2.3e-05
3e-05
2.8e-05
2.7e-05
3e-05
2.6e-05
7.1e-05
9e-05
0.000179
2.7e-05
2.7e-05
2.6e-05
4.6e-05
2.7e-05
5.1e-05
2.7e-05
2.9e-05
2.8e-05
4.2e-05
2.7e-05
2.4e-05
5.2e-05
4.5e-05
2.6e-05
2.6e-05
2.6e-05
2.6e-05
8.9e-05
2.6e-05
4.8e-05
2.9e-05
4.7e-05
2.6e-05
4.6e-05
3.1e-05
2.7e-05
4.6e-05
2.8e-05
2.7e-05
2.6e-05
2.6e-05
3.6e-05
2.6e-05
7.9e-05
2.8e-05
5.2e-05
2.8e-05
3.5e-05
2.6e-05
5.6e-05
2.6e-05
2.7e-05
2.7e-05
3e-05
4.3e-05
2.7e-05
2.7e-05
6.4e-05
3.2e-05
2.9e-05
2.7e-05
3.1e-05
8.2e-05
2.3e-05
2.2e-05
2.2e-05
8.3e-05
2.3e-05
2.2e-05
2.1e-05
0.000173
4e-05
2.7e-05
2.6e-05
2.6e-05
2.8e-05
2.7e-05
2.7e-05
4.5e-05
2.7e-05
2.8e-05
6.9e-05
4.8e-05
6.1e-05
3.1e-05
2.8e-05
2.8e-05
2.7e-05
2.6e-05
2.8e-05
2.6e-05
3e-05
2.7e-05
2.7e-05
3e-05
2.7e-05
2.6e-05
6e-05
2.7e-05
2.7e-05
2.6e-05
2.6e-05
3.5e-05
3e-05
5.4e-05
3.7e-05
5.3e-05
2.6e-05
4.1e-05
2.9e-05
2.7e-05
2.6e-05
8.7e-05
7.6e-05
6.2e-05
2.8e-05
4.7e-05
6.2e-05
3.8e-05
2.5e-05
4.4e-05
2.4e-05
6.3e-05
3.6e-05
5.4e-05
9.6e-05
0.000122
3.1e-05
2.3e-05
8.2e-05
2.4e-05
2.2e-05
2.2e-05
2.8e-05
2.8e-05
2.4e-05
2.9e-05
2.7e-05
2.9e-05
2.6e-05
2.8e-05
2.8e-05
9e-05
5.6e-05
6.2e-05
6.3e-05
4.6e-05
5.3e-05
2.6e-05
2.7e-05
2.9e-05
2.7e-05
2.6e-05
4.9e-05
2.6e-05
7.7e-05
2.7e-05
2.7e-05
3.1e-05
2.6e-05
4.7e-05
2.6e-05
3.2e-05
2.6e-05
2.8e-05
2.7e-05
2.7e-05
2.7e-05
7.3e-05
2.7e-05
3.5e-05
5.1e-05
3.2e-05
4.1e-05
2.8e-05
5e-05
2.8e-05
2.8e-05
4.5e-05
9.5e-05
4.9e-05
2.3e-05
9.5e-05
2.4e-05
2.2e-05
8e-05
0.000109
6.6e-05
2.9e-05
2.7e-05
5.9e-05
2.8e-05
4.4e-05
2.8e-05
7.4e-05
2.5e-05
4.6e-05
4.6e-05
4.8e-05
2.7e-05
4.7e-05
9e-05
2.7e-05
2.6e-05
2.6e-05
2.6e-05
2.8e-05
3e-05
2.6e-05
2.6e-05
5.4e-05
3.1e-05
7.3e-05
2.7e-05
0.000107
0.00013
3.6e-05
2.9e-05
2.5e-05
3e-05
2.7e-05
4.8e-05
2.6e-05
5.6e-05
4.8e-05
4.8e-05
3.1e-05
4.7e-05
2.6e-05
2.7e-05
2.8e-05
2.8e-05
5.2e-05
2.7e-05
0.000147
3.1e-05
5.5e-05
2.4e-05
2.8e-05
2.6e-05
4e-05
7.8e-05
3e-05
7.7e-05
9.7e-05
2.4e-05
2.3e-05
8.4e-05
2.3e-05
8.8e-05
2.4e-05
2.4e-05
0.000103
6.1e-05
3e-05
2.8e-05
2.7e-05
2.6e-05
5.4e-05
2.6e-05
3.4e-05
2.7e-05
2.6e-05
2.7e-05
4.6e-05
5.2e-05
2.8e-05
2.8e-05
3e-05
2.6e-05
2.6e-05
2.7e-05
2.6e-05
2.8e-05
2.7e-05
2.6e-05
5.5e-05
2.6e-05
4.6e-05
2.7e-05
5.5e-05
4.7e-05
2.6e-05
2.6e-05
2.6e-05
2.6e-05
2.6e-05
2.5e-05
3.2e-05
2.9e-05
3.4e-05
6.5e-05
5.9e-05
2.3e-05
8.9e-05
3e-05
6.2e-05
4.4e-05
0.000131
3.5e-05
7.6e-05
3e-05
8.2e-05
2.3e-05
8.2e-05
2.3e-05
2.2e-05
9.8e-05
2.3e-05
2.3e-05
2.2e-05
5.5e-05
2.3e-05
2.2e-05
2.8e-05
0.000143
8.6e-05
8.9e-05
2.9e-05
5.2e-05
2.7e-05
2.8e-05
5.6e-05
2.8e-05
2.7e-05
2.7e-05
2.6e-05
2.4e-05
5.6e-05
2.7e-05
2.6e-05
6.7e-05
0.000156
7.8e-05
2.8e-05
2.7e-05
2.6e-05
2.5e-05
2.8e-05
2.6e-05
2.6e-05
2.6e-05
2.6e-05
2.6e-05
2.7e-05
2.7e-05
2.6e-05
2.7e-05
2.6e-05
2.6e-05
3.7e-05
2.6e-05
2.6e-05
8.2e-05
2.7e-05
2.9e-05
2.6e-05
2.8e-05
2.6e-05
3.7e-05
4.2e-05
0.000106
4.6e-05
2.8e-05
4.9e-05
6.4e-05
4.3e-05
7.2e-05
8.5e-05
2.4e-05
0.0001
2.3e-05
2.3e-05
2.2e-05
8.1e-05
2.4e-05
2.2e-05
2.2e-05
9.7e-05
2.3e-05
2.2e-05
2.9e-05
2.7e-05
8.7e-05
3.2e-05
2.7e-05
2.8e-05
2.8e-05
0.000104
2.9e-05
2.7e-05
3.2e-05
2.6e-05
2.6e-05
5.8e-05
2.6e-05
5e-05
4.9e-05
2.7e-05
2.7e-05
2.7e-05
2.7e-05
6.6e-05
2.6e-05
2.8e-05
2.7e-05
4.8e-05
2.6e-05
2.8e-05
2.7e-05
2.7e-05
4.6e-05
2.7e-05
5e-05
2.7e-05
2.6e-05
2.8e-05
2.7e-05
2.5e-05
5.3e-05
2.7e-05
2.7e-05
2.6e-05
2.8e-05
2.7e-05
2.8e-05
2.6e-05
2.7e-05
2.7e-05
2.7e-05
2.6e-05
2.6e-05
6.5e-05
3e-05
3.6e-05
2.6e-05
6.5e-05
2.8e-05
3.2e-05
2.9e-05
9.6e-05
0.000106
2.8e-05
9.1e-05
3.2e-05
2.7e-05
3e-05
7.5e-05
0.000109
8.4e-05
2.3e-05
9.2e-05
3e-05
0.000108
2.4e-05
2.2e-05
2.9e-05
2.9e-05
2.8e-05
0.000138
4.6e-05
2.9e-05
2.7e-05
2.8e-05
9.5e-05
2.8e-05
8.5e-05
2.8e-05
3.2e-05
5.7e-05
2.4e-05
3.3e-05
2.7e-05
2.8e-05
2.7e-05
2.7e-05
2.6e-05
5.2e-05
8.4e-05
3.1e-05
2.7e-05
4.5e-05
2.6e-05
5.2e-05
2.7e-05
4.6e-05
2.6e-05
3e-05
2.9e-05
2.6e-05
2.6e-05
2.8e-05
2.7e-05
2.6e-05
5.3e-05
2.7e-05
4.6e-05
4.9e-05
3e-05
2.8e-05
2.7e-05
3.2e-05
2.6e-05
5.6e-05
7.6e-05
4.2e-05
2.8e-05
2.6e-05
3.6e-05
2.7e-05
7.4e-05
3.2e-05
2.6e-05
4.7e-05
3.2e-05
6.1e-05
2.8e-05
4e-05
3.5e-05
5.3e-05
6.6e-05
5e-05
0.000161
9.1e-05
8.2e-05
9e-05
2.4e-05
2.3e-05
0.000104
2.4e-05
2.3e-05
0.000102
3.6e-05
9.4e-05
2.6e-05
3e-05
2.8e-05
2.6e-05
2.7e-05
2.6e-05
2.8e-05
2.7e-05
2.6e-05
6.7e-05
4.6e-05
2.7e-05
3.1e-05
2.7e-05
2.7e-05
5.7e-05
2.6e-05
2.6e-05
2.8e-05
2.7e-05
2.7e-05
2.8e-05
2.6e-05
2.6e-05
2.7e-05
2.9e-05
2.6e-05
0.000104
4.4e-05
2.7e-05
0.000105
2.7e-05
0.000167
3.3e-05
5.6e-05
2.3e-05
2.7e-05
2.7e-05
4.5e-05