0.024633
0.012344
0.020649
0.018039
0.006376
0.024144
0.002629
0.002581
0.003057
0.002434
0.003465
0.002236
0.002662
0.002367
0.002133
0.003127
0.002594
0.0026
0.002742
0.001943
0.003543
0.002259
0.002115
0.001943
0.002153
0.002035
0.003565
0.002727
0.002705
0.002039
0.002297
0.002776
0.002361
0.002387
0.0019
0.002556
0.002374
0.003215
0.00233
0.002843
0.003135
0.00302
0.002004
0.003204
0.00288
0.002265
0.009293
0.008391
0.020892
0.011542
0.002822
0.004537
0.007595
0.010776
0.009402
0.009349
0.009588
0.012609
0.008997
0.008977
0.00401
0.010525
0.001854
0.004953
0.010594
0.008749
0.002828
0.010289
0.008967
0.003146
0.013931
0.005491
0.003663
0.016911
0.007629
0.00286
0.010247
0.008657
0.013984
0.018373
0.011833
0.011563
0.009222
0.004135
0.004036
0.006178
0.016712
0.004639
0.025266
0.002501
0.013878
0.002396
0.016871
0.003561
0.031696
0.019469
0.006574
0.004371
0.004841
0.003768
0.018775
0.028107
0.008404
0.023762
0.009588
0.003069
0.004529
0.014711
0.002879
0.002155
0.001937
0.004039
0.00972
0.002231
0.002194
0.003413
0.001992
0.002056
0.002994
0.001783
0.001871
0.002279
0.013841
0.009765
0.008085
0.004731
0.006639
0.001961
0.019815
0.013468
0.002356
0.006001
0.004053
0.013533
0.002342
0.002151
0.002197
0.002174
0.008785
0.007001
0.033842
0.009324
0.014047
0.013914
0.010195
0.002608
0.013157
0.008983
0.004029
0.004545
0.004362
0.004485
0.004016
0.004376
0.005419
0.00464
0.009406
0.012535
0.010396
0.008969
0.00615
0.008507
0.004442
0.003251
0.007946
0.009502
0.005956
0.003511
0.013308
0.005601
0.014531
0.007591
0.010813
0.002962
0.004441
0.00945
0.006802
0.005569
0.009621
0.005713
0.003957
0.004482
0.023926
0.013008
0.007111
0.016631
0.024889
0.004845
0.008408
0.012525
0.006054
0.013784
0.010292
0.002612
0.007283
0.010664
0.011024
0.002435
0.004403
0.004387
0.023734
0.032917
0.00829
0.004391
0.004739
0.004282
0.017297
0.0113
0.006161
0.01657
0.004053
0.006771
0.008539
0.002482
0.004244
0.024646
0.0153
0.010019
0.009917
0.008667
0.032496
0.018588
0.00397
0.009677
0.017952
0.00595
0.008746
0.007406
0.008947
0.005253
0.008474
0.002986
0.002061
0.002425
0.002766
0.002615
0.002931
0.002978
0.002582
0.00264
0.002069
0.001913
0.002152
0.002881
0.00272
0.002279
0.002216
0.001738
0.002218
0.002495
0.002207
0.002174
0.002098
0.002059
0.002091
0.002291
0.003095
0.002249
0.006926
0.004039
0.024689
0.005493
0.012554
0.006965
0.004352
0.011481
0.008005
0.010192
0.014774
0.011448
0.009049
0.002952
0.010462
0.008747
0.00914
0.014071
0.015404
0.007297
0.008791
0.013687
0.009738
0.003049
0.004688
0.018944
0.003509
0.009272
0.020113
0.007731
0.004276
0.004618
0.008136
0.006426
0.011321
0.007475
0.00814
0.00399
0.004788
0.024716
0.009106
0.004798
0.017153
0.009019
0.002828
0.009701
0.019658
0.007955
0.027314
0.019832
0.002976
0.008403
0.009311
0.004428
0.043081
0.004549
0.004361
0.003769
0.004586
0.018671
0.014989
0.027577
0.028289
0.004587
0.004578
0.024006
0.004047
0.004855
0.00444
0.005345
0.009876
0.018399
0.007565
0.007641
0.019694
0.014036
0.009545
0.008761
0.008761
0.004252
0.011085
0.00691
0.002533
0.007365
0.025243
0.00878
0.00417
0.01081
0.002835
0.004315
0.004449
0.008873
0.015397
0.004037
0.00391
0.014173
0.003569
0.005512
0.003964
0.008649
0.009624
0.004507
0.00537
0.031278
0.004423
0.01931
0.024356
0.011672
0.009687
0.003602
0.020855
0.00625
0.019515
0.003945
0.004783
0.005209
0.009471
0.013279
0.019622
0.01348
0.009867
0.004225
0.002783
0.01431
0.00434
0.024059
0.010125
0.017628
0.01165
0.004487
0.009621
0.004442
0.021062
0.0068
0.060496
0.009673
0.009222
0.019658
0.010174
0.012361
0.004212
0.009274
0.008827
0.009425
0.005072
0.003255
0.014592
0.036772
0.00466
0.008957
0.023441
0.006433
0.003754
0.002417
0.013978
0.004736
0.006653
0.006353
0.004119
0.034437
0.022223
0.004299
0.013427
0.006337
0.012574
0.027701
0.032296
0.012775
0.010133
0.004282
0.014164
0.018495
0.006972
0.009365
0.007869
0.002874
0.004995
0.016038
0.011786
0.009255
0.009184
0.004092
0.00825
0.017381
0.007561
0.007074
0.004266
0.009298
0.008239
0.009756
0.008446
0.005209
0.036836
0.004032
0.004709
0.006822
0.02966
0.002613
0.002432
0.002454
0.002961
0.002401
0.009136
0.002807
0.001829
0.012619
0.006141
0.005214
0.003507
0.008368
0.006525
0.001749
0.002268
0.001768
0.002811
0.002485
0.001759
0.002414
0.001866
0.002375
0.004203
0.012296
0.006009
0.00613
0.008417
0.008564
0.011739
0.004522
0.009899
0.017924
0.009709
0.007083
0.003548
0.006201
0.008312
0.009383
0.009599
0.011404
0.010898
0.008428
0.009431
0.012932
0.009491
0.008982
0.00971
0.003168
0.009449
0.00527
0.008242
0.014013
0.013247
0.018648
0.003739
0.005012
0.007182
0.014289
0.020485
0.022938
0.009906
0.015216
0.012685
0.002879
0.006037
0.002407
0.009965
0.018242
0.018278
0.009904
0.003368
0.009602
0.014446
0.008237
0.00396
0.015161
0.013471
0.017708
0.032076
0.038802
0.007078
0.002853
0.006146
0.00739
0.004572
0.004561
0.006804
0.008708
0.004014
0.005357
0.011066
0.056103
0.032421
0.03363
0.0284
0.007442
0.013709
0.009358
0.010138
0.005472
0.002122
0.013395
0.018502
0.02401
0.012198
0.024164
0.004359
0.020315
0.028303
0.002515
0.033004
0.007968
0.010023
0.004146
0.048361
0.053667
0.004653
0.003575
0.004079
0.013635
0.005263
0.012587
0.019509
0.050212
0.021958
0.014564
0.003668
0.023275
0.009434
0.008527
0.008995
0.002086
0.015421
0.009415
0.013784
0.013085
0.016833
0.021583
0.014509
0.007013
0.015418
0.008618
0.01389
0.013644
0.006111
0.004659
0.007106
0.017667
0.027456
0.006729
0.005778
0.003808
0.034251
0.016588
0.018438
0.0061
0.007051
0.009566
0.002611
0.005463
0.034034
0.00453
0.008084
0.004875
0.004193
0.004428
0.035215
0.003967
0.013767
0.002401
0.023311
0.004818
0.018856
0.01037
0.002399
0.004558
0.035532
0.004407
0.012272
0.00295
0.003761
0.009567
0.004499
0.007831
0.003943
0.01484
0.009086
0.028598
0.003473
0.004261
0.008911
0.005234
0.003781
0.032315
0.005984
0.002754
0.027991
0.028339
0.004284
0.013765
0.004039
0.004871
0.021942
0.002411
0.010603
0.022041
0.005537
0.018181
0.00393
0.005243
0.013146
0.014551
0.009857
0.002977
0.01875
0.010735
0.002827
0.01002
0.005386
0.002858
0.013696
0.032467
0.003367
0.003089
0.010823
0.002873
0.005023
0.006571
0.009664
0.005093
0.095133
0.017845
0.005553
0.005743
0.003251
0.006238
0.004467
0.003779
0.004692
0.003706
0.004496
0.003933
0.003729
0.005138
0.003986
0.004059
0.004785
0.003756
0.004162
0.004678
0.004959
0.003029
0.009254
0.004309
0.004986
0.014334
0.009445
0.005971
0.003458
0.005389
0.003971
0.002988
0.004213
0.004856
0.034201
0.017992
0.00696
0.009934
0.008603
0.002319
0.001838
0.009642
0.007656
0.0093
0.003117
0.010786
0.0089
0.008234
0.003482
0.010612
0.019075
0.007542
0.009508
0.003329
0.010038
0.002902
0.002563
0.002204
0.023974
0.00846
0.009236
0.0031
0.009897
0.002271
0.006356
0.002505
0.002082
0.001896
0.003461
0.002205
0.002668
0.00226
0.003909
0.002417
0.027043
0.008661
0.008598
0.002116
0.034781
0.003131
0.003191
0.002531
0.002663
0.004323
0.004557
0.005573
0.004679
0.003022
0.004281
0.020353
0.002534
0.004976
0.051111
0.002222
0.003405
0.002586
0.002542
0.002277
0.010638
0.011798
0.0027
0.02478
0.010371
0.003622
0.004075
0.004932
0.005043
0.006156
0.004266
0.004675
0.004638
0.00368
0.004539
0.004056
0.004379
0.007818
0.005898
0.004885
0.004183
0.004548
0.004516
0.004107
0.003781
0.004496
0.005486
0.004104
0.004694
0.003572
0.006942
0.002574
0.005903
0.004035
0.004103
0.00842
0.00453
0.003741
0.005129
0.003502
0.00439
0.004867
0.003987
0.00435
0.004723
0.00415
0.004767
0.004669
0.011152
0.005655
0.006726
0.010143
0.008096
0.01066
0.007439
0.003204
0.004525
0.004893
0.006262
0.00696
0.004094
0.008584
0.003902
0.004833
0.003969
0.005098
0.00386
0.005145
0.004772
0.004073
0.007304
0.002442
0.009711
0.003136
0.004021
0.020543
0.008815
0.002691
0.026552
0.006458
0.003645
0.012428
0.030021
0.005818
0.004069
0.005009
0.002817
0.003884
0.005216
0.004324
0.004055
0.004361
0.006233
0.007973
0.002787
0.005851
0.004137
0.002727
0.004706
0.004892
0.009221
0.009996
0.009439
0.007748
0.010254
0.006254
0.006979
0.0026
0.004714
0.007665
0.005712
0.003857
0.00385
0.005814
0.008634
0.012061
0.008531
0.003957
0.004009
0.004932
0.004034
0.004049
0.005633
0.003995
0.004073
0.00456
0.0039
0.004902
0.004241
0.00558
0.005622
0.007035
0.003414
0.010312
0.00481
0.00709
0.002552
0.002247
0.004548
0.005704
0.01828
0.008832
0.005837
0.005856
0.002034
0.011982
0.00627
0.006058
0.006373
0.004353
0.025599
0.013245
0.007816
0.003471
0.038189
0.003983
0.007959
0.005451
0.003965
0.004869
0.00464
0.004027
0.004134
0.004211
0.010107
0.009512
0.00414
0.003588
0.004921
0.004039
0.004675
0.004338
0.003619
0.005257
0.019241
0.009461
0.003772
0.008863
0.003488
0.016179
0.008049
0.003611
0.009535
0.004516
0.009889
0.003625
0.004595
0.005821
0.005001
0.00295
0.004667
0.004222
0.019595
0.004422
0.003498
0.004399
0.004275
0.005138
0.003735
0.037844
0.015933
0.002633
0.003935
0.00506
0.009561
0.009173
0.001636
0.001619
0.002345
0.002374
0.001924
0.001671
0.002146
0.002147
0.002021
0.002935
0.002559
0.002134
0.00264
0.002089
0.001951
0.001847
0.002557
0.001887
0.001853
0.002025
0.002402
0.002303
0.001816
0.001913
0.002252
0.001985
0.002686
0.001915
0.001917
0.005358
0.003589
0.006461
0.006941
0.028161
0.014457
0.005161
0.008742
0.006255
0.012766
0.007731
0.005376
0.008298
0.012294
0.015055
0.013823
0.009279
0.008883
0.013299
0.009047
0.009274
0.00918
0.023055
0.041681
0.014113
0.008373
0.013526
0.024828
0.012393
0.005169
0.006832
0.011562
0.009744
0.006858
0.01033
0.013901
0.028739
0.005278
0.004418
0.012146
0.019711
0.027178
0.012923
0.009485
0.005314
0.027662
0.003533
0.003718
0.00641
0.002396
0.016502
0.006094
0.029905
0.009453
0.002499
0.022898
0.013653
0.082768
0.020416
0.04487
0.020306
0.005433
0.005599
0.023214
0.008431
0.030815
0.017858
0.003049
0.005439
0.003199
0.004385
0.006862
0.008738
0.006696
0.004504
0.004239
0.005019
0.003255
0.032511
0.037435
0.018469
0.009695
0.008323
0.048093
0.011929
0.004327
0.005051
0.017884
0.028362
0.008792
0.018873
0.008555
0.019839
0.040118
0.005037
0.028333
0.004762
0.019599
0.056813
0.019335
0.002286
0.018446
0.009721
0.003801
0.004501
0.009913
0.004684
0.018167
0.01466
0.013211
0.019879
0.003116
0.008771
0.009353
0.012169
0.048784
0.003588
0.004209
0.00641
0.002339
0.010818
0.003059
0.003688
0.017096
0.006104
0.014819
0.00338
0.018769
0.017874
0.014006
0.003921
0.020975
0.005312
0.00326
0.010734
0.006831
0.00348
0.003951
0.004609
0.009334
0.00656
0.026251
0.004205
0.012733
0.004601
0.004658
0.018111
0.009508
0.013359
0.019017
0.004416
0.00638
0.004286
0.00521
0.013476
0.004153
0.028339
0.023507
0.008789
0.009253
0.009441
0.02416
0.003389
0.009567
0.003822
0.014498
0.014283
0.012113
0.004589
0.002491
0.011737
0.016638
0.008272
0.024207
0.051381
0.009969
0.003786
0.018147
0.003202
0.014423
0.003507
0.005056
0.01265
0.010091
0.001888
0.002205
0.00203
0.001975
0.002574
0.001797
0.002162
0.002129
0.001595
0.002231
0.002213
0.001649
0.001627
0.002126
0.001833
0.002335
0.00202
0.00218
0.001747
0.001699
0.002095
0.001821
0.001678
0.00181
0.001637
0.002257
0.001985
0.002401
0.002085
0.002095
0.002176
0.002553
0.003291
0.003134
0.009448
0.004545
0.007919
0.009125
0.009553
0.008598
0.004158
0.008028
0.009918
0.009517
0.014206
0.00915
0.00747
0.015891
0.0167
0.007403
0.005405
0.023364
0.045451
0.038089
0.008835
0.003911
0.013379
0.004178
0.018352
0.014668
0.002103
0.00903
0.005199
0.003603
0.013346
0.026975
0.004621
0.0066
0.031171
0.026364
0.008674
0.00456
0.009666
0.013069
0.023336
0.024216
0.035833
0.023123
0.00751
0.016017
0.008003
0.009097
0.004211
0.009129
0.012514
0.005774
0.00918
0.01573
0.01858
0.009735
0.005535
0.015305
0.004282
0.032564
0.010468
0.007186
0.024874
0.007652
0.00905
0.037529
0.008843
0.016058
0.007869
0.041568
0.013667
0.009988
0.010705
0.020826
0.01867
0.00436
0.006163
0.003155
0.019659
0.010888
0.026916
0.014237
0.012701
0.00858
0.005058
0.003552
0.015336
0.003062
0.004265
0.004093
0.004677
0.004148
0.009058
0.009032
0.006354
0.02109
0.00369
0.00578
0.008012
0.023828
0.005134
0.004363
0.003982
0.057064
0.024148
0.026667
0.019986
0.00854
0.010173
0.005397
0.015931
0.00777
0.00447
0.004593
0.004296
0.024838
0.017561
0.01028
0.003647
0.005437
0.004731
0.008164
0.030587
0.005922
0.010873
0.024049
0.02265
0.006458
0.013432
0.006486
0.005984
0.027123
0.027174
0.013225
0.01565
0.004594
0.003479
0.009586
0.004115
0.010162
0.007439
0.020799
0.004212
0.009344
0.019506
0.00312
0.004757
0.00625
0.008003
0.023365
0.003526
0.018801
0.004183
0.042576
0.008459
0.00374
0.005722
0.00346
0.004014
0.004495
0.004766
0.005981
0.009305
0.006577
0.004852
0.004867
0.008526
0.023073
0.008486
0.005721
0.007416
0.009485
0.002708
0.015247
0.004066
0.01753
0.009065
0.004085
0.024588
0.004184
0.003111
0.003032
0.002209
0.001877
0.002728
0.002198
0.002415
0.00184
0.001727
0.004931
0.002056
0.002459
0.002345
0.002242
0.002012
0.00261
0.002544
0.00293
0.002052
0.001917
0.002398
0.001854
0.002515
0.00196
0.084244
0.027776
0.003081
0.011762
0.003102
0.009159
0.004085
0.019014
0.006413
0.003069
0.011275
0.007588
0.030422
0.005174
0.006925
0.012928
0.005137
0.016404
0.00814
0.021103
0.012602
0.048265
0.020616
0.012096
0.015407
0.004923
0.00698
0.008225
0.008107
0.008688
0.004372
0.002749
0.00967
0.003488
0.003452
0.004852
0.005382
0.003402
0.011518
0.006606
0.003702
0.004751
0.004162
0.004182
0.004579
0.01331
0.005809
0.006854
0.004076
0.004262
0.004826
0.004168
0.003933
0.004515
0.003826
0.004583
0.005119
0.008449
0.004278
0.014458
0.004173
0.011869
0.002776
0.002317
0.003705
0.0187
0.016737
0.019636
0.006306
0.007147
0.003836
0.003965
0.008924
0.007105
0.003757
0.004444
0.003784
0.005398
0.007376
0.004414
0.00405
0.003943
0.004721
0.003865
0.010462
0.032439
0.002919
0.010243
0.008152
0.008684
0.009106
0.008949
0.004656
0.008101
0.002988
0.001654
0.003593
0.003495
0.005201
0.004601
0.008356
0.003608
0.003902
0.011829
0.005733
0.010091
0.009011
0.00636
0.002685
0.014398
0.00491
0.004056
0.00393
0.004684
0.010506
0.008693
0.00985
0.011165
0.01149
0.006507
0.003696
0.006646
0.004148
0.004601
0.005391
0.002871
0.004687
0.004206
0.01189
0.012242
0.026357
0.004161
0.006652
0.004616
0.006175
0.012439
0.008385
0.005879
0.004899
0.012768
0.003246
0.004362
0.005194
0.004076
0.004557
0.00431
0.005119
0.00441
0.003451
0.009526
0.004045
0.009195
0.007172
0.00891
0.007665
0.005385
0.003312
0.005008
0.009087
0.008792
0.008558
0.003183
0.010196
0.009516
0.003798
0.003461
0.004834
0.00433
0.005002
0.005211
0.003564
0.005794
0.002913
0.004678
0.005416
0.004524
0.008309
0.009508
0.008951
0.004058
0.003917
0.005064
0.004685
0.002596
0.002138
0.001874
0.002209
0.002703
0.002094
0.001651
0.00221
0.002049
0.003031
0.003236
0.001822
0.007725
0.003401
0.005436
0.002781
0.005855
0.007012
0.009769
0.010208
0.007519
0.003528
0.002211
0.00857
0.003834
0.010693
0.002838
0.010727
0.008614
0.008177
0.004688
0.009963
0.009034
0.008372
0.003686
0.009873
0.009856
0.008292
0.003851
0.009636
0.008962
0.012073
0.006016
0.003423
0.00439
0.024215
0.003978
0.003411
0.009806
0.005137
0.008596
0.007415
0.006869
0.002942
0.004861
0.003841
0.08411
0.005303
0.004052
0.034819
0.003319
0.004387
0.002689
0.00425
0.00629
0.002937
0.004413
0.005934
0.003935
0.005083
0.007415
0.003531
0.004295
0.004798
0.00468
0.003306
0.005875
0.012658
0.004748
0.066818
0.008795
0.008338
0.00395
0.004567
0.003779
0.004492
0.01416
0.002095
0.002893
0.003868
0.00495
0.003912
0.004401
0.007817
0.005579
0.077011
0.002132
0.004995
0.028121
0.004065
0.004258
0.004256
0.005478
0.004275
0.003977
0.004369
0.013963
0.005037
0.009678
0.013778
0.003798
0.012359
0.004316
0.011085
0.003414
0.004192
0.005874
0.002945
0.014666
0.003337
0.004841
0.004031
0.004062
0.004765
0.004174
0.038207
0.005305
0.003416
0.00363
0.004845
0.004133
0.004746
0.003822
0.004659
0.004161
0.005365
0.00391
0.032598
0.004103
0.004643
0.004049
0.007752
0.005982
0.004092
0.010233
0.003591
0.005267
0.00366
0.003833
0.00955
0.004443
0.004277
0.007464
0.006555
0.004006
0.003912
0.004643
0.004685
0.006976
0.0089
0.003838
0.008876
0.00546
0.002883
0.005497
0.00445
0.003473
0.004433
0.005158
0.003386
0.003896
0.005098
0.004643
0.004214
0.004387
0.004859
0.003551
0.004586
0.004243
0.005329
0.003805
0.004069
0.004502
0.004837
0.00447
0.003596
0.004018
0.053091
0.013573
0.003489
0.003344
0.006361
0.002692
0.002812
0.003584
0.00351
0.002442
0.005282
0.086784
0.082401
0.006692
0.005038
0.009122
0.010263
0.0035
0.004114
0.017088
0.011333
0.008834
0.003172
0.010083
0.004415
0.007329
0.011643
0.011504
0.008807
0.003907
0.014351
0.009448
0.014439
0.01603
0.004695
0.010079
0.027201
0.032171
0.004
0.004328
0.005849
0.013851
0.009945
0.007698
0.074826
0.009045
0.015212
0.014593
0.007555
0.009532
0.02072
0.003468
0.016686
0.008703
0.008195
0.012666
0.008961
0.008007
0.012124
0.009482
0.012673
0.00569
0.014827
0.008574
0.011235
0.010241
0.010185
0.010431
0.00776
0.012608
0.00953
0.013117
0.011255
0.0076
0.028534
0.00795
0.018895
0.01086
0.007246
0.005367
0.01254
0.009296
0.023497
0.009604
0.006146
0.004253
0.012121
0.009407
0.021415
0.025548
0.012645
0.019158
0.003389
0.034837
0.002447
0.040138
0.009769
0.005876
0.013281
0.003425
0.010055
0.013765
0.003079
0.014008
0.00569
0.008275
0.009031
0.008642
0.009137
0.036508
0.028917
0.005983
0.026542
0.003825
0.028186
0.018498
0.006197
0.008171
0.003451
0.010833
0.01179
0.005478
0.00862
0.009412
0.008054
0.004577
0.004967
0.009036
0.019853
0.002705
0.01387
0.010751
0.00779
0.013707
0.009938
0.003484
0.028142
0.004008
0.005495
0.005093
0.002335
0.020166
0.004792
0.005279
0.00394
0.010967
0.014328
0.002968
0.003778
0.024726
0.018825
0.002343
0.009369
0.004317
0.005308
0.014109
0.022637
0.002996
0.01896
0.033039
0.003738
0.013786
0.003019
0.023038
0.034355
0.002854
0.00222
0.005816
0.002501
0.005036
0.005184
0.002087
0.009863
0.009935
0.003742
0.008181
0.043759
0.006194
0.056651
0.003115
0.004096
0.00394
0.010807
0.009074
0.009762
0.006825
0.005349
0.021913
0.004411
0.008991
0.018474
0.004288
0.004109
0.012592
0.005451
0.004547
0.004214
0.016711
0.008581
0.009566
0.00404
0.004477
0.004356
0.004317
0.019439
0.008566
0.006334
0.015851
0.072447
0.007098
0.003891
0.017469
0.021256
0.004826
0.055076
0.009014
0.005618
0.003797
0.018302
0.024867
0.005603
0.010757
0.02595
0.011693
0.003859
0.016886
0.016876
0.002093
0.004318
0.009507
0.010037
0.008575
0.013791
0.014176
0.025397
0.01059
0.018846
0.003506
0.004477
0.00455
0.025021
0.002916
0.002687
0.002203
0.004781
0.002279
0.002904
0.006593
0.006245
0.005271
0.004088
0.003086
0.008439
0.011566
0.008218
0.002664
0.007481
0.007097
0.002409
0.002609
0.004671
0.002777
0.012272
0.008972
0.006072
0.00389
0.015496
0.012176
0.008264
0.003818
0.01007
0.008286
0.010999
0.012752
0.008347
0.008526
0.005235
0.008878
0.009267
0.007924
0.010692
0.00205
0.009947
0.009793
0.008204
0.013293
0.00955
0.008444
0.009654
0.006699
0.006181
0.009142
0.014296
0.007615
0.042031
0.047953
0.01017
0.004991
0.00354
0.006676
0.004527
0.004582
0.021821
0.007533
0.01994
0.002294
0.041133
0.02274
0.003695
0.009251
0.004834
0.0187
0.014711
0.004432
0.003738
0.004528
0.004891
0.004276
0.018433
0.008932
0.003795
0.004112
0.018536
0.012373
0.005967
0.003012
0.004641
0.004657
0.01468
0.002934
0.007113
0.006923
0.005393
0.00392
0.008645
0.003246
0.004776
0.012226
0.005426
0.005116
0.012318
0.008603
0.009909
0.005841
0.003939
0.047537
0.018883
0.013519
0.011779
0.002681
0.029481
0.004501
0.054996
0.003816
0.015711
0.007117
0.008621
0.00855
0.01834
0.007621
0.011346
0.014112
0.007818
0.008348
0.006799
0.011366
0.008753
0.071403
0.004601
0.046866
0.002603
0.005993
0.027368
0.013121
0.007963
0.029216
0.025616
0.011043
0.012685
0.003357
0.007044
0.027923
0.012068
0.013825
0.005997
0.009566
0.009063
0.004972
0.013965
0.004677
0.003074
0.009498
0.006328
0.010212
0.010918
0.004628
0.004204
0.029756
0.013224
0.009257
0.02693
0.005354
0.011969
0.025865
0.008647
0.002703
0.00763
0.030624
0.012838
0.009702
0.018014
0.004144
0.01504
0.005536
0.020387
0.020314
0.025794
0.021212
0.01134
0.009448
0.032038
0.007016
0.003526
0.00249
0.012722
0.011752
0.00524
0.007512
0.010818
0.003872
0.00475
0.011839
0.029572
0.019124
0.009145
0.012621
0.006907
0.007638
0.00447
0.004276
0.005105
0.012543
0.018501
0.009741
0.003405
0.007802
0.005562
0.024054
0.002618
0.005095
0.028478
0.004558
0.004284
0.009094
0.00306
0.003168
0.003197
0.002993
0.00262
0.008921
0.01194
0.008487
0.010705
0.013634
0.007602
0.012942
0.006369
0.012614
0.011123
0.008822
0.005501
0.008001
0.007848
0.012649
0.005832
0.027724
0.003768
0.013905
0.008799
0.008403
0.013894
0.013847
0.009517
0.008733
0.008785
0.009771
0.012863
0.019927
0.008532
0.031126
0.012127
0.010386
0.029125
0.014493
0.019708
0.008684
0.003586
0.009162
0.009088
0.020212
0.011249
0.005451
0.009958
0.013155
0.011493
0.010441
0.007189
0.008954
0.013861
0.009691
0.007639
0.013694
0.009957
0.00909
0.007885
0.016043
0.011198
0.009847
0.011873
0.006007
0.009517
0.008511
0.005302
0.008542
0.009626
0.007968
0.014349
0.008698
0.008866
0.010038
0.013215
0.009722
0.015764
0.004982
0.047501
0.004385
0.015648
0.002755
0.009068
0.021251
0.006753
0.004459
0.006098
0.012925
0.004583
0.010358
0.019466
0.009902
0.008947
0.007391
0.009747
0.004483
0.006033
0.007959
0.005884
0.055095
0.004078
0.009333
0.004
0.003874
0.004636
0.005044
0.003502
0.009452
0.010716
0.036094
0.004767
0.022294
0.010301
0.007804
0.01931
0.004109
0.014998
0.002651
0.021566
0.01033
0.008792
0.011831
0.003223
0.004522
0.004006
0.011195
0.041864
0.010054
0.013911
0.010716
0.01992
0.001945
0.004217
0.009557
0.011366
0.002208
0.003637
0.009392
0.004552
0.025762
0.06394
0.007251
0.019224
0.002724
0.005622
0.004038
0.006809
0.00342
0.006481
0.00287
0.002235
0.002464
0.003136
0.002248
0.002445
0.003808
0.00559
0.006322
0.007668
0.00624
0.013891
0.00434
0.015787
0.014041
0.014716
0.009498
0.01022
0.002651
0.02967
0.003394
0.007325
0.004071
0.002327
0.007594
0.034656
0.003529
0.004509
0.010844
0.006501
0.005124
0.004706
0.008391
0.007384
0.00525
0.005296
0.011024
0.006813
0.005757
0.027135
0.01988
0.009235
0.016479
0.013556
0.008536
0.009809
0.002523
0.005569
0.003352
0.003854
0.00636
0.022655
0.007864
0.018295
0.005597
0.036479
0.013717
0.013286
0.018768
0.010505
0.003552
0.013179
0.008031
0.008101
0.02564
0.005683
0.012431
0.008588
0.015122
0.004484
0.003698
0.023618
0.02588
0.005161
0.00976
0.021685
0.010957
0.007903
0.008917
0.006616
0.002543
0.004305
0.003786
0.024246
0.00809
0.025061
0.006763
0.009614
0.008808
0.008399
0.00591
0.007782
0.015541
0.011144
0.005805
0.0169
0.009421
0.004714
0.029853
0.011864
0.003774
0.043675
0.0393
0.031632
0.00317
0.00437
0.013998
0.004465
0.016327
0.006823
0.008706
0.040342
0.059404
0.002328
0.009336
0.004515
0.006156
0.002858
0.003466
0.003293
0.002343
0.003682
0.008678
0.010356
0.012103
0.008769
0.009214
0.0131
0.007959
0.009855
0.009129
0.014734
0.009608
0.006729
0.016218
0.009869
0.007547
0.006512
0.014345
0.008994
0.008888
0.016902
0.006301
0.008926
0.009895
0.007657
0.006136
0.009983
0.002251
0.013877
0.018652
0.009548
0.003445
0.008721
0.034034
0.009929
0.023255
0.018508
0.009192
0.045293
0.003475
0.007133
0.006643
0.008355
0.020172
0.033918
0.004926
0.004592
0.004069
0.004756
0.030383
0.011811
0.009164
0.014469
0.017634
0.008934
0.01443
0.016572
0.001783
0.004387
0.009575
0.033856
0.003566
0.005402
0.004216
0.012393
0.006796
0.007681
0.010095
0.008629
0.006394
0.006474
0.018667
0.031898
0.004486
0.01889
0.005255
0.003768
0.004639
0.013546
0.009019
0.009228
0.014929
0.027416
0.016446
0.007844
0.0023
0.004349
0.005943
0.002927
0.008365
0.005065
0.004077
0.004242
0.004967
0.003839
0.005638
0.0507
0.004343
0.028342
0.017012
0.00213
0.003373
0.009279
0.004572
0.009819
0.004586
0.013762
0.00843
0.028236
0.016627
0.004822
0.004199
0.006907
0.009902
0.01376
0.022608
0.011774
0.012978
0.030555
0.008527
0.023168
0.006958
0.007417
0.008321
0.003217
0.014942
0.009259
0.036676
0.028395
0.023155
0.016017
0.006334
0.002351
0.023534
0.008545
0.010507
0.013045
0.009371
0.013696
0.041739
0.028106
0.016377
0.006039
0.007206
0.003914
0.028557
0.007901
0.004284
0.005732
0.00372
0.008387
0.009529
0.004341
0.007361
0.002501
0.010214
0.013427
0.005059
0.008641
0.014616
0.006223
0.013174
0.008624
0.005846
0.005203
0.012508
0.004097
0.004913
0.008442
0.01077
0.003361
0.00401
0.009234
0.010128
0.003178
0.003124
0.005341
0.004281
0.005052
0.003025
0.0046
0.00555
0.003708
0.003421
0.004531
0.00454
0.004584
0.002416
0.011817
0.008786
0.02462
0.030189
0.005878
0.00899
0.003764
0.010069
0.012893
0.008438
0.014974
0.013922
0.006264
0.005801
0.004962
0.005353
0.010296
0.008592
0.005621
0.006754
0.002508
0.002834
0.002165
0.002337
0.002913
0.002598
0.001907
0.001909
0.002135
0.00181
0.002801
0.002188
0.002059
0.002441
0.002384
0.003065
0.003186
0.002654
0.002323
0.001977
0.00256
0.002092
0.002193
0.001746
0.002573
0.002569
0.002502
0.002096
0.002058
0.001957
0.002024
0.002396
0.002031
0.007478
0.00247
0.002296
0.003063
0.002981
0.003106
0.001878
0.00241
0.001981
0.002721
0.002307
0.006221
0.008662
0.013272
0.009844
0.007895
0.009181
0.009705
0.003433
0.009818
0.009356
0.007209
0.01004
0.008959
0.009731
0.019714
0.02835
0.008833
0.013484
0.004628
0.014913
0.007627
0.012662
0.010704
0.009076
0.008991
0.010103
0.016073
0.005453
0.028062
0.013686
0.004292
0.025968
0.006554
0.004439
0.038333
0.00927
0.025728
0.003584
0.002988
0.004372
0.014735
0.01176
0.003088
0.009079
0.005226
0.006505
0.042062
0.011266
0.004726
0.008633
0.007037
0.006574
0.006326
0.002738
0.018326
0.058218
0.002397
0.014529
0.017876
0.0156
0.012305
0.01834
0.004645
0.023895
0.018342
0.008795
0.015622
0.010584
0.025075
0.03247
0.004109
0.004493
0.029814
0.007434
0.009215
0.012502
0.021159
0.003266
0.026779
0.006534
0.011803
0.032526
0.009818
0.006399
0.00196
0.00544
0.023091
0.024074
0.013611
0.013063
0.002969
0.005646
0.016115
0.00761
0.003405
0.003613
0.048506
0.021405
0.004906
0.008767
0.010318
0.007876
0.023719
0.004465
0.003986
0.004653
0.023735
0.003925
0.006623
0.011836
0.006763
0.003038
0.004206
0.00379
0.01907
0.009369
0.019806
0.003192
0.003118
0.008577
0.001912
0.003816
0.017981
0.013788
0.004541
0.019223
0.014675
0.013029
0.007962
0.014446
0.018155
0.009483
0.023874
0.003055
0.018943
0.005075
0.003643
0.010634
0.013034
0.005112
0.003975
0.0267
0.055134
0.004111
0.009625
0.00436
0.017992
0.010489
0.032078
0.013179
0.004422
0.028837
0.005116
0.002584
0.003704
0.018926
0.014458
0.004097
0.018
0.023914
0.03299
0.013901
0.0061
0.01231
0.003698
0.004784
0.004541
0.033832
0.017975
0.00948
0.003132
0.004976
0.009534
0.013146
0.004513
0.014032
0.003952
0.014998
0.004045
0.032535
0.015524
0.023299
0.004935
0.002872
0.014612
0.003819
0.004258
0.010708
0.019365
0.00452
0.008859
0.009253
0.003834
0.009512
0.01307
0.020397
0.003154
0.022673
0.015491
0.050119
0.00934
0.003936
0.018458
0.004656
0.008967
0.004659
0.002404
0.00174
0.001746
0.002122
0.002307
0.001757
0.001709
0.001545
0.001772
0.002111
0.00194
0.001729
0.001995
0.001713
0.002302
0.001755
0.00174
0.001921
0.001833
0.001621
0.002071
0.002533
0.0026
0.001689
0.001647
0.007784
0.008726
0.005429
0.013314
0.010967
0.013162
0.011264
0.006453
0.014459
0.009557
0.008344
0.007136
0.011888
0.012512
0.015182
0.002234
0.00499
0.003685
0.015666
0.008019
0.00955
0.010973
0.002158
0.011508
0.008798
0.008309
0.016036
0.005517
0.009174
0.007535
0.006468
0.004287
0.017989
0.005638
0.009132
0.013807
0.008456
0.015274
0.002789
0.004168
0.009912
0.004344
0.03098
0.011113
0.004577
0.01367
0.016665
0.014027
0.025789
0.006793
0.015371
0.026001
0.005095
0.003835
0.004593
0.019676
0.022024
0.00399
0.018853
0.014691
0.003787
0.028213
0.00898
0.009405
0.005734
0.008081
0.004826
0.009087
0.009124
0.008978
0.005051
0.003986
0.004057
0.004215
0.006936
0.002126
0.014265
0.009272
0.004996
0.003461
0.005302
0.006287
0.005672
0.020478
0.007795
0.008928
0.004221
0.0205
0.005624
0.007869
0.013603
0.020271
0.00745
0.009201
0.008878
0.008888
0.019262
0.013416
0.019612
0.00805
0.014741
0.008922
0.005859
0.007574
0.009182
0.013468
0.01345
0.005993
0.004957
0.023532
0.012698
0.005493
0.003906
0.024116
0.027107
0.003188
0.006089
0.019779
0.019359
0.002497
0.009023
0.009329
0.004659
0.00923
0.003891
0.003991
0.002536
0.002418
0.012511
0.015528
0.004236
0.003721
0.046797
0.018521
0.013147
0.004164
0.004269
0.004079
0.004476
0.004718
0.008282
0.014251
0.008906
0.009956
0.008472
0.016006
0.005356
0.005165
0.012443
0.014401
0.003532
0.003828
0.009976
0.012689
0.010848
0.006525
0.004541
0.014847
0.004904
0.003778
0.007851
0.009681
0.003695
0.010401
0.00433
0.00591
0.005079
0.004161
0.004733
0.012642
0.003597
0.013691
0.022578
0.009931
0.019327
0.004946
0.00324
0.004437
0.010222
0.013118
0.003993
0.003495
0.026991
0.016094
0.02309
0.012695
0.028449
0.022327
0.028576
0.015797
0.002538
0.007485
0.016467
0.004187
0.019757
0.006043
0.004261
0.002229
0.008926
0.001844
0.002345
0.00315
0.00237
0.002294
0.001974
0.002172
0.002081
0.002164
0.002111
0.004992
0.010233
0.013386
0.016322
0.006279
0.009113
0.004933
0.008614
0.007537
0.00906
0.010284
0.014002
0.008183
0.008413
0.004024
0.008463
0.011313
0.008754
0.013564
0.018307
0.008873
0.01522
0.003092
0.003673
0.005043
0.01033
0.00918
0.008726
0.022542
0.013488
0.015212
0.046063
0.027052
0.004751
0.028502
0.013147
0.010333
0.004571
0.003432
0.004239
0.018941
0.004648
0.004034
0.01503
0.0043
0.008895
0.004273
0.018902
0.019352
0.017749
0.005704
0.004435
0.004612
0.004054
0.009485
0.013571
0.022884
0.037515
0.023753
0.017846
0.018178
0.004352
0.005035
0.009263
0.003621
0.01401
0.003839
0.007006
0.015902
0.03282
0.005326
0.016772
0.010355
0.0039
0.005202
0.023667
0.045127
0.004124
0.003504
0.014992
0.006382
0.011773
0.007265
0.005192
0.055969
0.006916
0.001941
0.003698
0.004875
0.066001
0.004472
0.004397
0.005058
0.004501
0.004044
0.00571
0.002422
0.005239
0.060089
0.004168
0.004599
0.004256
0.005469
0.003888
0.008928
0.00394
0.004713
0.023244
0.004528
0.00581
0.002081
0.007725
0.006752
0.004187
0.003391
0.004643
0.067149
0.002445
0.004422
0.004391
0.004979
0.125022
0.003455
0.004796
0.003891
0.005354
0.022624
0.009215
0.027884
0.003718
0.00462
0.004179
0.004187
0.004414
0.004089
0.003793
0.005265
0.004031
0.056536
0.003391
0.00407
0.007336
0.002162
0.006911
0.004226
0.004477
0.006215
0.003964
0.006276
0.007014
0.004508
0.003876
0.014382
0.014068
0.013701
0.003938
0.014378
0.008671
0.004403
0.004584
0.002881
0.007585
0.003812
0.010915
0.015
0.002737
0.00661
0.011496
0.006855
0.010228
0.005848
0.004793
0.002181
0.002499
0.003053
0.004935
0.003953
0.005013
0.004702
0.003621
0.004414
0.004423
0.004846
0.003132
0.014035
0.006645
0.004513
0.02139
0.003401
0.003965
0.004464
0.011016
0.006841
0.00433
0.004348
0.033813
0.011792
0.009994
0.003495
0.004481
0.004417
0.003951
0.002139
0.002413
0.00203
0.001943
0.00281
0.001846
0.001692
0.001638
0.00217
0.002738
0.001843
0.001868
0.001713
0.001819
0.001673
0.002413
0.00193
0.001442
0.002031
0.001712
0.002213
0.001624
0.006041
0.001936
0.001968
0.003185
0.002
0.002202
0.002567
0.002281
0.001893
0.001883
0.001871
0.00281
0.001776
0.001849
0.001596
0.002069
0.002329
0.001834
0.001826
0.002067
0.002246
0.002671
0.001646
0.00275
0.006085
0.002275
0.00267
0.002688
0.001814
0.002059
0.002291
0.002333
0.007769
0.002481
0.00289
0.00176
0.001998
0.003366
0.002303
0.003553
0.001706
0.002016
0.001732
0.002321
0.010014
0.006921
0.012222
0.014483
0.00733
0.009961
0.00938
0.010887
0.010124
0.018824
0.009867
0.010099
0.011713
0.0081
0.010067
0.012379
0.010035
0.008393
0.002865
0.011944
0.017773
0.008647
0.003783
0.010437
0.008697
0.008888
0.003748
0.010525
0.008453
0.013323
0.009393
0.002929
0.004771
0.004359
0.001726
0.004499
0.004429
0.062208
0.008815
0.002769
0.010142
0.00949
0.003118
0.004667
0.004995
0.033443
0.01355
0.003821
0.003241
0.004144
0.007906
0.005805
0.004391
0.004759
0.004492
0.011741
0.006304
0.004493
0.005077
0.003882
0.004919
0.00407
0.004385
0.004969
0.007195
0.006676
0.00416
0.004449
0.004012
0.004462
0.004374
0.005776
0.003274
0.004428
0.005799
0.00855
0.002634
0.009004
0.002913
0.038226
0.013635
0.005092
0.003722
0.004746
0.018474
0.003747
0.003804
0.004649
0.004425
0.004211
0.008752
0.013881
0.005308
0.009679
0.002956
0.004508
0.016889
0.016513
0.010397
0.003076
0.004879
0.043254
0.002676
0.004976
0.013302
0.004513
0.025397
0.006929
0.043392
0.006801
0.01001
0.00996
0.002224
0.005763
0.004331
0.042422
0.02423
0.025508
0.003935
0.005226
0.029487
0.0037
0.006479
0.006993
0.005537
0.002622
0.004308
0.010748
0.008875
0.008937
0.002831
0.00927
0.009002
0.00889
0.002775
0.005774
0.008148
0.003167
0.007604
0.006428
0.003239
0.005779
0.004039
0.032123
0.021702
0.00243
0.004519
0.004253
0.006134
0.008809
0.007878
0.003881
0.004589
0.024676
0.007213
0.003726
0.005965
0.004113
0.00292
0.004321
0.061937
0.008617
0.004501
0.005316
0.004262
0.042857
0.01002
0.006237
0.004765
0.004229
0.002528
0.001626
0.003194
0.003413
0.001909
0.002841
0.002217
0.002589
0.001986
0.002015
0.002
0.002142
0.002611
0.001958
0.002334
0.002362
0.002548
0.002704
0.002242
0.003886
0.001906
0.002096
0.002829
0.002969
0.001937
0.002109
0.002014
0.002335
0.00238
0.001945
0.001745
0.002427
0.001672
0.002469
0.002663
0.003953
0.003297
0.002272
0.003541
0.002894
0.006912
0.012075
0.008333
0.005826
0.004581
0.004127
0.011255
0.006757
0.022904
0.010772
0.006717
0.002967
0.005098
0.009654
0.011937
0.00864
0.0057
0.004307
0.00963
0.009467
0.009429
0.002875
0.010434
0.007795
0.010097
0.008452
0.009313
0.004896
0.00893
0.008872
0.018924
0.027407
0.003958
0.004547
0.004367
0.004679
0.039129
0.012477
0.002075
0.004731
0.004932
0.004422
0.006392
0.002716
0.005834
0.003635
0.006632
0.017663
0.008977
0.003896
0.007186
0.004632
0.003498
0.003876
0.004622
0.004433
0.004699
0.004133
0.004283
0.00421
0.009672
0.009009
0.008874
0.003911
0.021159
0.003708
0.009338
0.01191
0.036748
0.004108
0.004662
0.010655
0.007574
0.008883
0.004761
0.042518
0.007807
0.004209
0.009471
0.009405
0.011258
0.015807
0.003845
0.004681
0.004566
0.004587
0.047966
0.002967
0.005812
0.004447
0.004778
0.023204
0.008302
0.008854
0.010677
0.012033
0.019692
0.008153
0.007205
0.008064
0.004691
0.003785
0.003192
0.042995
0.005707
0.008453
0.008084
0.009517
0.03039
0.00434
0.003856
0.004613
0.057102
0.003396
0.004813
0.003848
0.00452
0.004716
0.003921
0.004919
0.009393
0.010144
0.010064
0.002996
0.010493
0.002586
0.003748
0.004474
0.043281
0.009344
0.01024
0.012312
0.00367
0.005244
0.003907
0.004244
0.027902
0.004331
0.012264
0.006638
0.00863
0.003343
0.015117
0.050538
0.008166
0.009687
0.003612
0.004424
0.008747
0.023858
0.018161
0.004208
0.00436
0.004041
0.003886
0.010468
0.008835
0.008887
0.008404
0.005126
0.0033
0.033838
0.009945
0.004262
0.002521
0.004917
0.004916
0.054653
0.004487
0.005756
0.002689
0.002655
0.008798
0.049399
0.004292
0.007413
0.013775
0.004943
0.039024
0.005154
0.008637
0.008343
0.011443
0.002161
0.00243
0.004047
0.001728
0.002402
0.001859
0.002108
0.002607
0.001752
0.001596
0.002019
0.002138
0.002082
0.001938
0.001976
0.001728
0.002151
0.002378
0.00237
0.001754
0.00203
0.001855
0.00223
0.002208
0.002103
0.001932
0.001767
0.002097
0.001734
0.002045
0.002364
0.001788
0.00293
0.001759
0.001652
0.00235
0.002874
0.002549
0.001855
0.002098
0.010454
0.009021
0.00884
0.009602
0.007909
0.006614
0.007433
0.005651
0.007362
0.00922
0.011903
0.005952
0.009508
0.004148
0.009378
0.008163
0.009913
0.011406
0.005542
0.005173
0.008268
0.009908
0.008065
0.003594
0.004078
0.015439
0.009225
0.003038
0.009898
0.00872
0.009151
0.013811
0.002662
0.008883
0.006233
0.002032
0.003287
0.003295
0.002973
0.004285
0.094672
0.004684
0.003686
0.004083
0.004481
0.004594
0.003421
0.004758
0.003913
0.007389
0.025126
0.006567
0.004984
0.005515
0.002717
0.005248
0.006149
0.004416
0.004722
0.003809
0.004575
0.004096
0.004434
0.004381
0.004
0.003892
0.004268
0.004788
0.003976
0.045055
0.039605
0.013539
0.061732
0.003389
0.01517
0.002589
0.010143
0.009515
0.010393
0.020877
0.007781
0.009632
0.064121
0.005857
0.007421
0.00393
0.004864
0.00384
0.014306
0.006879
0.006479
0.004318
0.010605
0.005595
0.004864
0.00666
0.004397
0.011771
0.007226
0.006394
0.019813
0.002147
0.004565
0.004222
0.004591
0.00446
0.003572
0.004767
0.005843
0.002656
0.014232
0.009037
0.004546
0.003705
0.004468
0.005058
0.004668
0.022432
0.027717
0.014474
0.009729
0.029229
0.00852
0.003762
0.004176
0.004811
0.00411
0.004616
0.024172
0.012599
0.004691
0.02337
0.008725
0.066165
0.006831
0.011262
0.049597
0.003691
0.016884
0.008917
0.029175
0.024282
0.013928
0.022671
0.006348
0.017672
0.003166
0.009488
0.012741
0.008103
0.019796
0.011165
0.00644
0.003054
0.028057
0.013254
0.081157
0.014913
0.004179
0.005135
0.005221
0.059759
0.003689
0.006803
0.002618
0.008121
0.013488
0.007497
0.003663
0.003764
0.011422
0.003172
0.021941
0.009106
0.002505
0.005754
0.00275
0.001835
0.002455
0.00366
0.002973
0.003198
0.001869
0.001834
0.00175
0.002231
0.002491
0.002379
0.003922
0.002017
0.002147
0.001911
0.002103
0.002616
0.001911
0.003362
0.003206
0.001772
0.00423
0.003963
0.00303
0.001891
0.002143
0.002809
0.002149
0.001789
0.002234
0.001768
0.002196
0.002039
0.002696
0.002411
0.001867
0.001893
0.002112
0.003788
0.001945
0.009703
0.004339
0.012807
0.009099
0.013238
0.00686
0.010487
0.008708
0.008702
0.004775
0.007636
0.009327
0.009955
0.013236
0.008291
0.008714
0.014688
0.008623
0.008603
0.009245
0.009232
0.002638
0.009886
0.011077
0.007398
0.008146
0.00471
0.009034
0.011561
0.014036
0.004991
0.014115
0.002924
0.011087
0.002886
0.006714
0.005035
0.009414
0.003208
0.004219
0.008934
0.010648
0.027973
0.026017
0.014126
0.005101
0.005123
0.01633
0.003846
0.003731
0.004787
0.005372
0.003921
0.022708
0.005209
0.002962
0.004353
0.004375
0.015291
0.012768
0.008418
0.038208
0.0091
0.008916
0.013433
0.003564
0.03341
0.033529
0.008541
0.003493
0.004345
0.028364
0.004334
0.003534
0.004552
0.009159
0.005949
0.008148
0.003479
0.00689
0.006287
0.004538
0.006077
0.002714
0.004097
0.003072
0.014563
0.009982
0.005017
0.009681
0.00445
0.003674
0.015913
0.003469
0.00916
0.003716
0.004464
0.004898
0.003306
0.018945
0.00423
0.007239
0.011037
0.003616
0.003915
0.005205
0.003444
0.009226
0.011124
0.002795
0.004039
0.004124
0.011619
0.007212
0.004013
0.015113
0.004891
0.002116
0.010425
0.009321
0.003323
0.004987
0.013197
0.008655
0.009977
0.004181
0.004077
0.004489
0.00511
0.00435
0.004715
0.009275
0.009347
0.00883
0.004178
0.004117
0.024095
0.009165
0.004565
0.003191
0.004128
0.00492
0.005626
0.019581
0.003432
0.004217
0.004831
0.009437
0.008326
0.004622
0.009351
0.00327
0.005021
0.003861
0.004132
0.010172
0.008619
0.009779
0.004938
0.003829
0.003343
0.010016
0.004819
0.003327
0.008088
0.013246
0.010047
0.009774
0.002965
0.004665
0.006357
0.012158
0.004094
0.003567
0.009137
0.004712
0.003946
0.010181
0.00355
0.004677
0.004323
0.004191
0.005833
0.016882
0.004755
0.004328
0.010135
0.003701
0.049704
0.023053
0.0064
0.003686
0.004256
0.004614
0.004134
0.004528
0.005412
0.003952
0.003649
0.004169
0.004852
0.003993
0.009217
0.004512
0.009877
0.005083
0.002753
0.004353
0.004258
0.004814
0.010219
0.004727
0.004099
0.003243
0.00482
0.004465
0.004405
0.009525
0.003505
0.004681
0.004398
0.004012
0.005625
0.004955
0.003704
0.005074
0.002935
0.004403
0.004368
0.004149
0.004489
0.005619
0.003344
0.00606
0.009753
0.009433
0.009472
0.003613
0.003639
0.005261
0.006482
0.006861
0.004513
0.003328
0.00935
0.003812
0.004145
0.00508
0.006142
0.003197
0.009863
0.008812
0.009129
0.004626
0.008803
0.002598
0.006903
0.008621
0.023421
0.010033
0.007384
0.002967
0.013564
0.010256
0.008243
0.009138
0.003614
0.00402
0.010246
0.008803
0.00426
0.009043
0.003585
0.005196
0.010105
0.008883
0.009043
0.003376
0.006941
0.002343
0.008465
0.004816
0.004703
0.003966
0.009517
0.01053
0.00355
0.008949
0.015469
0.004478
0.004502
0.013254
0.012457
0.004892
0.010255
0.008858
0.00278
0.005794
0.003027
0.010455
0.008242
0.009516
0.003237
0.007232
0.00608
0.004331
0.004588
0.004316
0.006942
0.006443
0.008626
0.004598
0.004418
0.004909
0.004602
0.013255
0.004018
0.004363
0.004703
0.004415
0.004684
0.00425
0.009334
0.004188
0.004493
0.004945
0.014509
0.025104
0.005386
0.003491
0.009377
0.006474
0.003815
0.008947
0.008171
0.009096
0.013344
0.006463
0.006481
0.005159
0.049948
0.00323
0.050725
0.020814
0.00604
0.010242
0.015277
0.0029
0.013377
0.005165
0.807004
0.012225
0.008541
0.006948
0.008043
0.004236
0.00594
0.018231
0.004058
0.01891
0.004953
0.010611
0.004048
0.004401
0.003126
0.004625
0.005722
0.002551
0.004599
0.006961
0.002083
0.00397
0.004359
0.004537
0.004923
0.004403
0.004094
0.004181
0.004442
0.004204
0.004628
0.004204
0.004624
0.004029
0.004335
0.038079
0.004298
0.003966
0.009999
0.009773
0.008459
0.003574
0.010249
0.003629
0.004345
0.004841
0.004498
0.004287
0.003705
0.00512
0.003885
0.034048
0.008156
0.009722
0.003618
0.009145
0.003559
0.006681
0.003304
0.002931
0.00422
0.004856
0.004731
0.00408
0.003557
0.00458
0.008482
0.004989
0.004595
0.004471
0.004319
0.006089
0.002734
0.008353
0.005188
0.003999
0.007899
0.005969
0.004487
0.004425
0.00411
0.004457
0.004927
0.003882
0.004216
0.004296
0.004392
0.00489
0.004619
0.003746
0.014128
0.010304
0.004109
0.003158
0.008412
0.004567
0.009403
0.00812
0.008915
0.004112
0.008733
0.009347
0.00845
0.009386
0.009062
0.002958
0.010551
0.0041
0.008371
0.008942
0.00931
0.009018
0.009295
0.008724
0.003906
0.010154
0.00873
0.002877
0.004417
0.005259
0.008895
0.00969
0.009095
0.00908
0.013911
0.009495
0.008499
0.003912
0.010338
0.008553
0.009737
0.002813
0.005011
0.003946
0.005078
0.006782
0.009034
0.005834
0.004725
0.004563
0.003557
0.004599
0.005358
0.006742
0.05205
0.004412
0.006411
0.015068
0.009094
0.00513
0.004311
0.004628
0.004981
0.002462
0.003506
0.004783
0.016144
0.016842
0.022565
0.003706
0.005298
0.013343
0.004514
0.00469
0.003822
0.004319
0.005168
0.003727
0.00467
0.00465
0.013689
0.005622
0.002691
0.004856
0.004244
0.004791
0.009576
0.004524
0.00346
0.004437
0.004639
0.004415
0.005155
0.00322
0.004367
0.005401
0.003819
0.018978
0.003627
0.004197
0.004522
0.006714
0.004469
0.005929
0.004567
0.004603
0.003408
0.004202
0.004605
0.005303
0.003078
0.00437
0.004564
0.01477
0.004052
0.003097
0.004725
0.00445
0.004511
0.00457
0.003733
0.004675
0.004222
0.004746
0.004294
0.004486
0.00431
0.009475
0.00383
0.009986
0.009271
0.009408
0.00276
0.002446
0.001959
0.005066
0.033141
0.009057
0.005572
0.002427
0.001804
0.00208
0.006511
0.002446
0.024572
0.003326
0.003312
0.002107
0.002271
0.01943
0.004216
0.002365
0.006197
0.003418
0.007478
0.003392
0.010009
0.003447
0.005333
0.009203
0.009413
0.009286
0.003058
0.005014
0.004344
0.006687
0.009016
0.002078
0.013974
0.004765
0.005628
0.005371
0.0022
0.004451
0.004518
0.004338
0.005019
0.009773
0.009141
0.008766
0.003411
0.007779
0.005585
0.013908
0.00428
0.004479
0.005827
0.00354
0.004218
0.008823
0.003739
0.04312
0.004821
0.007314
0.004713
0.009376
0.008125
0.002969
0.006772
0.002158
0.004737
0.004477
0.004012
0.006064
0.003664
0.004393
0.004372
0.006247
0.003919
0.003244
0.004668
0.004229
0.004565
0.006127
0.002941
0.004674
0.008797
0.004916
0.004477
0.004588
0.006145
0.016557
0.0041
0.005501
0.002831
0.00496
0.003894
0.00886
0.009418
0.005712
0.011373
0.006396
0.004488
0.011194
0.005818
0.009802
0.003092
0.009835
0.008755
0.00899
0.006171
0.00723
0.009586
0.009863
0.014373
0.006921
0.009718
0.009072
0.009663
0.003958
0.014168
0.008431
0.009402
0.010117
0.006921
0.010003
0.00893
0.003455
0.010622
0.008656
0.009202
0.003681
0.009679
0.006775
0.005908
0.004901
0.003944
0.004365
0.004199
0.004287
0.005628
0.003778
0.006145
0.010158
0.007296
0.004771
0.004572
0.002356
0.004429
0.004745
0.014102
0.003924
0.004324
0.004749
0.003839
0.005883
0.00271
0.020472
0.004994
0.003835
0.004813
0.008607
0.007276
0.004921
0.003866
0.004905
0.003282
0.004298
0.019076
0.011693
0.005335
0.004595
0.004442
0.004341
0.00566
0.026809
0.004294
0.004481
0.004489
0.005553
0.039417
0.005772
0.005057
0.003777
0.004108
0.019096
0.018065
0.02523
0.002679
0.007221
0.006601
0.010053
0.006233
0.028858
0.008569
0.033158
0.006641
0.00904
0.003728
0.009292
0.004846
0.003985
0.004541
0.00451
0.004487
0.005239
0.00309
0.004682
0.004337
0.004267
0.004903
0.003774
0.007426
0.012465
0.003267
0.004019
0.004574
0.009228
0.009246
0.008996
0.009394
0.005998
0.007173
0.006049
0.007486
0.013275
0.003232
0.008003
0.004672
0.012061
0.005733
0.008958
0.004415
0.004333
0.010985
0.002274
0.004516
0.00369
0.004447
0.007283
0.002348
0.003993
0.004024
0.010003
0.003641
0.010634
0.003175
0.004021
0.00963
0.004219
0.004567
0.00522
0.002977
0.011304
0.007542
0.009938
0.003125
0.00424
0.004588
0.004668
0.012235
0.003798
0.010117
0.008981
0.009337
0.007578
0.005543
0.003041
0.004585
0.00708
0.005933
0.010419
0.009317
0.003087
0.008799
0.015472
0.003404
0.003901
0.009329
0.00434
0.004046
0.014108
0.004778