0.010986
0.002359
0.001064
0.00095
0.000958
0.000962
0.000938
0.000941
0.000987
0.000937
0.000926
0.000926
0.000938
0.000922
0.001175
0.000929
0.0021
0.00094
0.000929
0.00172
0.000939
0.001483
0.000961
0.000932
0.000926
0.000938
0.000944
0.000927
0.000955
0.001151
0.000944
0.00094
0.00104
0.000945
0.000941
0.001098
0.000934
0.000926
0.001642
0.000949
0.001057
0.000976
0.001139
0.002456
0.000983
0.000929
0.000928
0.00092
0.000947
0.000934
0.000931
0.000936
0.001203
0.000947
0.00112
0.000965
0.000935
0.00092
0.000933
0.000932
0.000943
0.000937
0.00094
0.000928
0.001014
0.003361
0.001254
0.000921
0.000924
0.000921
0.000933
0.00092
0.00093
0.00092
0.000939
0.000928
0.000938
0.000953
0.000981
0.000968
0.000984
0.000971
0.000991
0.000978
0.000972
0.000991
0.001784
0.001021
0.000997
0.001003
0.000986
0.000981
0.000975
0.001014
0.001028
0.000982
0.001099
0.001002
0.000996
0.000992
0.000968
0.000997
0.001133
0.000991
0.000973
0.000994
0.000984
0.000977
0.000972
0.000991
0.000985
0.000976
0.00097
0.001399
0.000982
0.000976
0.000976
0.001
0.000974
0.000962
0.000969
0.000995
0.000977
0.000977
0.000969
0.000988
0.000977
0.000975
0.001383
0.001085
0.002082
0.007636
0.002411
0.000988
0.001692
0.000982
0.00097
0.000959
0.000969
0.00099
0.001702
0.00097
0.000978
0.000973
0.000961
0.000975
0.000977
0.000958
0.000963
0.000969
0.00098
0.000977
0.000975
0.000981
0.000976
0.000973
0.000966
0.000963
0.000987
0.000979
0.000976
0.000974
0.00098
0.000986
0.00096
0.00099
0.000979
0.001028
0.001004
0.000976
0.00103
0.001017
0.000984
0.000986
0.000994
0.000988
0.000983
0.000987
0.00102
0.001007
0.001018
0.000988
0.000987
0.000976
0.000986
0.000979
0.001002
0.001913
0.000987
0.000998
0.000992
0.001549
0.001016
0.000946
0.00093
0.00092
0.012534
0.001066
0.000941
0.000926
0.000918
0.000937
0.000927
0.000941
0.000927
0.000947
0.000926
0.000924
0.000932
0.000918
0.000946
0.000916
0.000921
0.000929
0.000943
0.000914
0.000922
0.000922
0.000941
0.000924
0.000922
0.000917
0.000947
0.000916
0.000917
0.000922
0.000936
0.000924
0.000914
0.000922
0.000925
0.000924
0.000928
0.000921
0.000929
0.000933
0.000928
0.000928
0.000922
0.000942
0.000919
0.00091
0.000921
0.000934
0.000934
0.000919
0.000917
0.00096
0.000976
0.000959
0.000925
0.000943
0.00096
0.000934
0.00096
0.000937
0.000961
0.000928
0.000948
0.00095
0.000953
0.000973
0.000926
0.000944
0.000956
0.000937
0.000941
0.000923
0.00092
0.000946
0.00093
0.000924
0.00092
0.000941
0.000942
0.000924
0.000929
0.000932
0.000934
0.000931
0.001042
0.001014
0.00093
0.000923
0.000919
0.000939
0.000936
0.000915
0.000923
0.000909
0.000951
0.000921
0.000921
0.000916
0.000924
0.000932
0.000915
0.000912
0.000931
0.000914
0.000914
0.000915
0.00094
0.001596
0.000928
0.000925
0.00092
0.000932
0.000926
0.000913
0.000934
0.000944
0.000903
0.000914
0.000917
0.000917
0.00091
0.00095
0.000956
0.000977
0.00097
0.000963
0.000945
0.000966
0.000961
0.000961
0.000969
0.000969
0.000981
0.000971
0.000948
0.000963
0.000961
0.000957
0.000966
0.00097
0.000983
0.000967
0.000952
0.000969
0.000967
0.000962
0.000956
0.001031
0.000977
0.000981
0.000986
0.000986
0.000971
0.00096
0.000975
0.000994
0.000989
0.000972
0.000974
0.00099
0.000968
0.000977
0.000981
0.000992
0.000999
0.000969
0.000967
0.000991
0.000981
0.001001
0.000971
0.001018
0.001009
0.000984
0.000979
0.000978
0.000978
0.000955
0.000964
0.000984
0.000989
0.000975
0.000993
0.001038
0.001438
0.000996
0.00097
0.000989
0.000981
0.000968
0.000957
0.000963
0.000962
0.00097
0.000986
0.00114
0.001877
0.004936
0.001008
0.000971
0.00096
0.000957
0.000978
0.000967
0.000968
0.000967
0.000985
0.000988
0.000952
0.000949
0.000958
0.000956
0.000958
0.000971
0.000971
0.000982
0.000954
0.000959
0.000955
0.000946
0.000948
0.000953
0.000957
0.000954
0.000953
0.000955
0.00095
0.000971
0.000942
0.00095
0.000952
0.00095
0.00096
0.000957
0.000956
0.000965
0.000955
0.000949
0.000999
0.001019
0.000992
0.000985
0.001087
0.000953
0.000939
0.000951
0.00094
0.000948
0.000938
0.000925
0.000934
0.000934
0.000916
0.000936
0.000937
0.000928
0.000975
0.000935
0.000938
0.000943
0.000958
0.00094
0.001059
0.000947
0.000965
0.000939
0.000942
0.000932
0.000964
0.000921
0.000933
0.000934
0.000939
0.000942
0.000935
0.000929
0.00096
0.000931
0.000919
0.000915
0.000946
0.000936
0.000921
0.000951
0.000965
0.000947
0.000926
0.000924
0.000931
0.000924
0.000928
0.000922
0.000957
0.000932
0.000941
0.00093
0.000924
0.000946
0.000944
0.000915
0.000957
0.000944
0.000949
0.000926
0.00093
0.000923
0.000922
0.000933
0.000927
0.000916
0.000925
0.000919
0.000899
0.000913
0.000943
0.000932
0.000909
0.000919
0.001188
0.000919
0.000919
0.000914
0.000915
0.000946
0.000925
0.00169
0.000932
0.000926
0.005601
0.001022
0.000964
0.000953
0.000929
0.000959
0.000947
0.000962
0.000946
0.000924
0.000972
0.000936
0.000943
0.000943
0.000931
0.000932
0.000944
0.000934
0.000945
0.000932
0.000921
0.000945
0.000962
0.000949
0.000937
0.000928
0.000937
0.000985
0.000938
0.000959
0.001028
0.000949
0.000935
0.000964
0.000946
0.000923
0.000939
0.000949
0.001007
0.001044
0.000943
0.000929
0.000959
0.00095
0.000943
0.000946
0.000928
0.000941
0.000968
0.000934
0.000922
0.000945
0.000926
0.000924
0.000924
0.000937
0.000938
0.000929
0.000931
0.00093
0.000949
0.000929
0.000978
0.000969
0.000974
0.000937
0.00095
0.000944
0.000929
0.000923
0.000934
0.000923
0.000942
0.000929
0.000929
0.000925
0.000927
0.000947
0.000924
0.000927
0.000927
0.000926
0.000924
0.000928
0.000926
0.000936
0.000923
0.000917
0.000939
0.000934
0.00094
0.000922
0.000918
0.000925
0.000957
0.000922
0.000935
0.000927
0.000952
0.000939
0.000925
0.000929
0.000957
0.000941
0.000953
0.000947
0.000952
0.000958
0.000926
0.000925
0.001008
0.000966
0.000943
0.000929
0.000946
0.000952
0.000938
0.000926
0.00092
0.000964
0.000922
0.000948
0.00093
0.000934
0.000941
0.000931
0.000934
0.000939
0.000944
0.000956
0.00099
0.000942
0.000944
0.000919
0.000956
0.000953
0.000933
0.000936
0.000932
0.000939
0.000941
0.001036
0.000979
0.000941
0.000958
0.00094
0.000967
0.000977
0.00094
0.000931
0.000963
0.000971
0.000937
0.000925
0.000945
0.000936
0.000945
0.001132
0.000945
0.000931
0.000954
0.000953
0.000909
0.000926
0.000977
0.000969
0.000977
0.00097
0.000972
0.000949
0.000923
0.000933
0.000951
0.000968
0.000953
0.000936
0.000925
0.000963
0.000934
0.000931
0.000944
0.000954
0.000945
0.001754
0.000962
0.000946
0.000932
0.000927
0.00096
0.000954
0.00095
0.000944
0.000933
0.000965
0.000937
0.00094
0.000949
0.000957
0.00095
0.000937
0.000922
0.000949
0.000962
0.000993
0.000928
0.000933
0.000946
0.000931
0.000958
0.000959
0.000931
0.000931
0.000928
0.000958
0.000928
0.000955
0.000934
0.000937
0.000947
0.000939
0.000934
0.000935
0.000937
0.000938
0.000922
0.000971
0.000931
0.000948
0.000933
0.000931
0.000932
0.000951
0.000945
0.000921
0.000974
0.000923
0.000928
0.000953
0.000925
0.000931
0.000946
0.00096
0.000926
0.000969
0.000921
0.002621
0.000963
0.000923
0.000938
0.00095
0.000933
0.000937
0.000942
0.000966
0.000985
0.000939
0.000925
0.000945
0.000993
0.000966
0.000961
0.000935
0.001585
0.000965
0.000943
0.000953
0.00092
0.000938
0.000919
0.000932
0.000961
0.000925
0.00095
0.000939
0.000959
0.000939
0.000943
0.000925
0.00093
0.000962
0.000937
0.00093
0.000928
0.000942
0.000932
0.000926
0.000936
0.000951
0.000933
0.00094
0.000962
0.000934
0.000942
0.000939
0.000939
0.000981
0.000945
0.000941
0.000936
0.000934
0.000917
0.000985
0.00097
0.000932
0.000932
0.000969
0.000942
0.000937
0.000955
0.000934
0.000922
0.000954
0.00096
0.000937
0.000947
0.00095
0.000948
0.000917
0.000955
0.000919
0.000951
0.000962
0.000932
0.000936
0.000953
0.000936
0.000924
0.000942
0.000947
0.000945
0.000937
0.000936
0.000957
0.000923
0.000928
0.000922
0.000943
0.000925
0.000965
0.000942
0.000924
0.000942
0.000944
0.00094
0.000927
0.000938
0.00095
0.000942
0.000936
0.000951
0.00093
0.000937
0.000932
0.000991
0.000994
0.000919
0.000918
0.000961
0.000997
0.000983
0.000949
0.000957
0.00092
0.000928
0.000928
0.000925
0.000947
0.000938
0.000928
0.000926
0.000941
0.000922
0.001061
0.000969
0.00093
0.000921
0.000935
0.000923
0.00097
0.000938
0.000941
0.000918
0.000954
0.000936
0.000917
0.000966
0.000954
0.000944
0.000946
0.000926
0.000947
0.000936
0.000942
0.001008
0.000998
0.000957
0.000942
0.000966
0.000923
0.00095
0.000943
0.000934
0.000949
0.000948
0.000937
0.00094
0.000925
0.000976
0.000932
0.000927
0.000943
0.001079
0.000944
0.000946
0.000948
0.000956
0.000927
0.000925
0.000945
0.000944
0.000948
0.000948
0.000945
0.000947
0.000952
0.000941
0.000912
0.000951
0.000929
0.000953
0.000916
0.000936
0.000961
0.000939
0.000942
0.00095
0.000949
0.000926
0.000948
0.000956
0.000919
0.000939
0.000947
0.000936
0.000912
0.000974
0.000936
0.000932
0.00093
0.001051
0.001013
0.001047
0.001052
0.000999
0.000951
0.000908
0.00094
0.000952
0.000961
0.000918
0.00105
0.001027
0.000967
0.000923
0.00092
0.000957
0.000949
0.00094
0.000929
0.000931
0.001046
0.001498
0.001012
0.001021
0.000944
0.000994
0.000999
0.000965
0.00096
0.001158
0.001509
0.00102
0.000944
0.00093
0.000931
0.000961
0.000927
0.000935
0.000963
0.000943
0.000939
0.000936
0.000954
0.000971
0.000951
0.001019
0.000969
0.000927
0.000931
0.000933
0.000938
0.000958
0.000949
0.000939
0.00093
0.000929
0.000959
0.000924
0.000931
0.000945
0.000968
0.000928
0.000932
0.000945
0.000951
0.00093
0.000937
0.000951
0.000971
0.000947
0.000934
0.00093
0.00093
0.000924
0.001032
0.000995
0.000973
0.000988
0.000991
0.000977
0.000934
0.000934
0.000926
0.000938
0.000972
0.000944
0.00097
0.000982
0.000967
0.000949
0.000928
0.000986
0.000993
0.000981
0.000939
0.000925
0.000939
0.000976
0.000942
0.000935
0.000957
0.000991
0.00099
0.000964
0.000946
0.000934
0.000937
0.000943
0.000916
0.000987
0.000945
0.000946
0.000934
0.000937
0.000944
0.000939
0.000937
0.000948
0.000956
0.000938
0.000927
0.000953
0.000956
0.000925
0.000934
0.000978
0.00099
0.00116
0.000952
0.000935
0.000928
0.000926
0.000966
0.000952
0.000939
0.000986
0.000944
0.00095
0.00093
0.000936
0.000929
0.000936
0.00095
0.000935
0.000924
0.000932
0.000937
0.00094
0.000944
0.00093
0.000939
0.000934
0.00094
0.000938
0.000947
0.000933
0.000935
0.000928
0.000942
0.000945
0.000929
0.000927
0.000945
0.000952
0.000928
0.000937
0.000924
0.000936
0.000952
0.000927
0.000933
0.00094
0.000927
0.000926
0.000923
0.000957
0.000926
0.000938
0.00092
0.000927
0.000941
0.000935
0.000924
0.000923
0.000948
0.000936
0.000922
0.000937
0.00095
0.000929
0.000928
0.000929
0.000936
0.000933
0.00093
0.000925
0.000943
0.000933
0.000925
0.000938
0.000927
0.000961
0.000936
0.000944
0.000932
0.001722
0.000935
0.000931
0.00094
0.000924
0.000936
0.000931
0.00094
0.000927
0.000928
0.00092
0.001068
0.00094
0.000924
0.000923
0.000926
0.000981
0.000945
0.00092
0.000928
0.00095
0.000949
0.000924
0.000931
0.000941
0.000927
0.00093
0.000935
0.000941
0.000931
0.000932
0.000921
0.000937
0.000943
0.00093
0.000924
0.000919
0.00095
0.000944
0.000926
0.000922
0.000936
0.000933
0.000929
0.000935
0.000943
0.000937
0.000927
0.000938
0.000932
0.000944
0.000935
0.000927
0.000923
0.000937
0.000936
0.000937
0.000925
0.000939
0.000937
0.000919
0.000931
0.000942
0.000917
0.000935
0.000926
0.00096
0.000929
0.000928
0.000924
0.000923
0.000944
0.000937
0.000933
0.000929
0.000939
0.000927
0.000923
0.000923
0.000942
0.000922
0.00094
0.000923
0.000946
0.000927
0.000938
0.000923
0.000932
0.000929
0.000938
0.000936
0.000925
0.000957
0.000937
0.000921
0.000926
0.00095
0.000927
0.000926
0.000922
0.000945
0.000949
0.000939
0.000926
0.000941
0.00092
0.000927
0.000927
0.000921
0.000945
0.000933
0.000927
0.00093
0.000931
0.000947
0.000927
0.000946
0.000962
0.00092
0.000945
0.000941
0.000935
0.000923
0.000935
0.000944
0.000926
0.000924
0.000936
0.000921
0.000923
0.000947
0.000949
0.000935
0.000918
0.000945
0.000929
0.000922
0.000937
0.000946
0.000931
0.000935
0.000938
0.000946
0.000919
0.000927
0.00092
0.000923
0.000947
0.000933
0.000918
0.00092
0.00093
0.000931
0.000914
0.000917
0.000947
0.00092
0.000928
0.000917
0.000939
0.000918
0.000922
0.000916
0.000937
0.000935
0.000935
0.000913
0.00092
0.000935
0.000931
0.000922
0.000923
0.00093
0.000922
0.000932
0.00092
0.000943
0.000922
0.000915
0.000924
0.000925
0.000932
0.000932
0.000921
0.000922
0.000937
0.000916
0.000916
0.000935
0.000936
0.000923
0.000926
0.000921
0.000937
0.000921
0.000918
0.000931
0.000921
0.000934
0.000934
0.000918
0.000921
0.000933
0.00093
0.000915
0.000932
0.000931
0.000929
0.000934
0.000914
0.000934
0.000943
0.000924
0.000916
0.00092
0.00094
0.00094
0.000913
0.000919
0.000955
0.000918
0.000918
0.000921
0.000934
0.000916
0.000919
0.000914
0.000948
0.000923
0.000919
0.000916
0.000922
0.000937
0.000923
0.000922
0.000921
0.000937
0.000933
0.000922
0.000923
0.000937
0.00092
0.000923
0.000916
0.00095
0.000925
0.000922
0.000917
0.000926
0.00093
0.000931
0.000915
0.000926
0.000929
0.000932
0.000919
0.000919
0.000944
0.000919
0.000919
0.000912
0.000954
0.000921
0.000923
0.000916
0.00091
0.001105
0.000928
0.00091
0.00092
0.000943
0.000933
0.000917
0.00092
0.000926
0.000921
0.000924
0.000927
0.000934
0.000914
0.000929
0.000929
0.000912
0.000931
0.000937
0.000918
0.000912
0.000946
0.000914
0.000915
0.000917
0.000941
0.000923
0.000927
0.00092
0.00095
0.000917
0.000922
0.000912
0.000928
0.000931
0.000926
0.00092
0.000924
0.000934
0.00093
0.000925
0.000915
0.000939
0.000915
0.000926
0.000917
0.00094
0.000927
0.000924
0.000915
0.000914
0.000939
0.000936
0.000916
0.000916
0.000938
0.000918
0.000928
0.000916
0.000932
0.000917
0.000929
0.000919
0.000939
0.000917
0.000921
0.000915
0.000919
0.000951
0.000936
0.000923
0.000913
0.000941
0.000919
0.00092
0.00091
0.00094
0.000921
0.000928
0.000916
0.000931
0.000936
0.000919
0.000917
0.000927
0.000936
0.000922
0.000924
0.000927
0.000924
0.000929
0.000919
0.000925
0.000936
0.000913
0.000924
0.000925
0.000919
0.000927
0.000913
0.000923
0.000917
0.000936
0.000939
0.000922
0.000917
0.000934
0.000918
0.000922
0.000914
0.000941
0.000924
0.000932
0.000917
0.000914
0.000938
0.000917
0.000914
0.00092
0.000936
0.001605
0.000929
0.000938
0.00092
0.000929
0.000912
0.000924
0.001575
0.000934
0.000921
0.000927
0.000916
0.000926
0.000915
0.000911
0.000944
0.000923
0.000918
0.000914
0.000938
0.000916
0.000924
0.000928
0.000934
0.00093
0.000919
0.000917
0.00093
0.000921
0.000916
0.00092
0.000921
0.00093
0.000933
0.000916
0.000926
0.000936
0.000917
0.000916
0.001038
0.000944
0.000918
0.000911
0.000929
0.00094
0.000918
0.000923
0.000915
0.000924
0.000932
0.00092
0.000917
0.000922
0.000943
0.000913
0.000926
0.000921
0.000928
0.000916
0.000927
0.000921
0.000935
0.000914
0.000919
0.000933
0.000917
0.000921
0.000928
0.000922
0.000922
0.000926
0.000928
0.000927
0.000927
0.000927
0.000911
0.000926
0.000913
0.000923
0.000921
0.000914
0.000915
0.000914
0.000925
0.00093
0.000912
0.000919
0.000928
0.000924
0.000916
0.000922
0.000923
0.000908
0.000928
0.000911
0.000922
0.000932
0.000917
0.000908
0.000906
0.000942
0.000904
0.000921
0.000919
0.00093
0.000911
0.000921
0.000909
0.000932
0.000926
0.000924
0.000908
0.000918
0.000934
0.000913
0.000913
0.000919
0.000923
0.000913
0.000927
0.00091
0.000929
0.000911
0.000922
0.000923
0.000904
0.000925
0.000929
0.000913
0.000912
0.000929
0.000916
0.000921
0.000912
0.000921
0.001049
0.00093
0.000917
0.000925
0.00093
0.000973
0.000918
0.000947
0.000921
0.000914
0.000914
0.000924
0.000924
0.000909
0.000918
0.000906
0.000917
0.000923
0.000923
0.000912
0.000945
0.000916
0.000921
0.000913
0.000924
0.000929
0.000932
0.000918
0.000922
0.000917
0.000917
0.000926
0.000918
0.000935
0.000916
0.000935
0.000917
0.000933
0.000914
0.000914
0.00094
0.000917
0.000935
0.000932
0.000918
0.000917
0.00094
0.000921
0.000918
0.000931
0.000928
0.000922
0.000926
0.00092
0.000934
0.000917
0.00091
0.000925
0.000915
0.000931
0.00094
0.000923
0.000923
0.000934
0.00093
0.00092
0.00092
0.001973
0.000938
0.000922
0.000932
0.000914
0.000919
0.000914
0.000913
0.000946
0.00093
0.000921
0.000914
0.000934
0.000922
0.000915
0.000912
0.000936
0.000921
0.000927
0.000918
0.000942
0.000914
0.000916
0.000919
0.000935
0.000936
0.000932
0.000923
0.000911
0.000934
0.000916
0.000916
0.000914
0.000942
0.000952
0.000934
0.000924
0.000948
0.00093
0.000929
0.000933
0.000931
0.000949
0.000943
0.000918
0.000918
0.000932
0.000919
0.000913
0.000916
0.000933
0.000912
0.000944
0.000915
0.000932
0.000913
0.000911
0.000918
0.000909
0.000947
0.000961
0.00094
0.000911
0.000935
0.000919
0.000925
0.000924
0.000933
0.000926
0.000929
0.000915
0.000937
0.000919
0.000914
0.000917
0.000928
0.000942
0.000929
0.00092
0.000914
0.000925
0.000914
0.000921
0.000917
0.000942
0.000914
0.000933
0.000914
0.00094
0.000914
0.00092
0.000913
0.000924
0.00093
0.000915
0.000918
0.000925
0.000933
0.000914
0.000928
0.000921
0.000928
0.000918
0.000921
0.000915
0.000914
0.000943
0.000915
0.000913
0.000919
0.000933
0.00092
0.000918
0.000926
0.000931
0.000919
0.000917
0.000926
0.000927
0.000917
0.000926
0.000912
0.000915
0.000936
0.000927
0.000923
0.000923
0.000938
0.000922
0.000926
0.000914
0.000961
0.000922
0.000928
0.000922
0.000954
0.000924
0.000921
0.000921
0.000934
0.000939
0.000931
0.000925
0.00093
0.000938
0.000922
0.000927
0.000922
0.000947
0.000945
0.000926
0.000914
0.000928
0.000926
0.000924
0.00092
0.000916
0.000935
0.000916
0.000919
0.000923
0.00092
0.000921
0.000924
0.000917
0.000932
0.000925
0.000924
0.000916
0.000934
0.00092
0.000929
0.000917
0.000916
0.00094
0.000914
0.000916
0.000914
0.000948
0.000916
0.000929
0.000912
0.000938
0.000921
0.00091
0.000916
0.000937
0.000914
0.001068
0.000915
0.000919
0.000919
0.000929
0.00093
0.000923
0.000929
0.000915
0.000928
0.001656
0.000924
0.00092
0.000917
0.000917
0.00094
0.000931
0.000919
0.000919
0.00094
0.000915
0.000914
0.000916
0.000939
0.000917
0.000925
0.000914
0.000946
0.000917
0.000923
0.000914
0.000918
0.000933
0.000921
0.000916
0.00092
0.000934
0.000912
0.000917
0.000926
0.000932
0.000938
0.000928
0.000933
0.00094
0.000919
0.000925
0.000925
0.000926
0.000942
0.000923
0.000924
0.000949
0.000949
0.000923
0.000919
0.00092
0.000931
0.000933
0.000912
0.000911
0.000931
0.000927
0.000915
0.000913
0.000921
0.000932
0.000916
0.000925
0.000929
0.000937
0.000923
0.00092
0.000916
0.000926
0.000919
0.000917
0.000923
0.000911
0.00093
0.000912
0.000934
0.00092
0.000931
0.000916
0.000933
0.000914
0.000936
0.000914
0.00093
0.000912
0.000936
0.000936
0.000931
0.000914
0.000911
0.000929
0.000922
0.000915
0.000916
0.000933
0.000913
0.000929
0.000924
0.000934
0.000927
0.00092
0.000928
0.000945
0.000916
0.000923
0.000925
0.000915
0.000933
0.000928
0.000916
0.000925
0.000937
0.00091
0.000936
0.000917
0.000967
0.000919
0.000909
0.000925
0.000938
0.000918
0.000933
0.000926
0.000914
0.000935
0.000924
0.000923
0.000915
0.000941
0.000918
0.000932
0.000919
0.000927
0.000921
0.000928
0.00092
0.000939
0.000929
0.000942
0.000922
0.000913
0.000939
0.000922
0.000918
0.000917
0.000942
0.000917
0.000926
0.000921
0.00094
0.000922
0.000915
0.00092
0.000944
0.000915
0.000934
0.000916
0.000919
0.000938
0.00091
0.000915
0.000919
0.000935
0.000916
0.000931
0.000929
0.00093
0.000932
0.000924
0.000929
0.00093
0.000909
0.000932
0.000926
0.000918
0.00093
0.000916
0.000928
0.000916
0.000943
0.000916
0.00094
0.000914
0.000938
0.000918
0.000912
0.000925
0.000931
0.000913
0.000945
0.000918
0.000913
0.000931
0.000927
0.000924
0.000912
0.00094
0.000925
0.000914
0.000912
0.000942
0.000926
0.000911
0.000912
0.000927
0.000931
0.000914
0.000919
0.000917
0.00094
0.000914
0.000915
0.000919
0.000936
0.000913
0.000917
0.000921
0.000941
0.000919
0.000912
0.000917
0.000919
0.000936
0.000919
0.000928
0.000924
0.00094
0.000912
0.00092
0.000922
0.00093
0.000914
0.000934
0.000915
0.000929
0.000918
0.000932
0.000918
0.000916
0.000939
0.000931
0.000933
0.000915
0.000934
0.000924
0.000913
0.000916
0.000941
0.000917
0.001061
0.000934
0.000935
0.000926
0.000918
0.000924
0.000914
0.000921
0.000921
0.000926
0.000921
0.000936
0.000928
0.000922
0.000915
0.000937
0.000932
0.000922
0.000928
0.000946
0.000926
0.00092
0.000915
0.000919
0.000935
0.000919
0.000926
0.000925
0.000926
0.000915
0.000919
0.000936
0.000945
0.000917
0.000922
0.000924
0.000938
0.000908
0.000914
0.000922
0.000914
0.000944
0.000922
0.00093
0.000911
0.000932
0.000926
0.000908
0.000912
0.000935
0.000915
0.000918
0.000912
0.000919
0.000914
0.000915
0.000914
0.000913
0.000931
0.000908
0.000925
0.000919
0.000926
0.000913
0.000916
0.000914
0.000921
0.000917
0.000919
0.00091
0.000902
0.000928
0.000908
0.000907
0.000915
0.000927
0.000916
0.000919
0.000917
0.000935
0.000918
0.000906
0.000909
0.000919
0.000913
0.000902
0.000926
0.000908
0.000927
0.000917
0.000907
0.000908
0.000935
0.00092
0.000915
0.000918
0.000922
0.000906
0.000924
0.000904
0.00091
0.000928
0.000907
0.00092
0.000923
0.000925
0.000917
0.00092
0.000912
0.000922
0.000923
0.000925
0.000911
0.000969
0.000925
0.000904
0.00093
0.000913
0.00093
0.000911
0.000923
0.000909
0.000924
0.000922
0.000907
0.000909
0.000927
0.000909
0.000906
0.000921
0.000916
0.000928
0.000929
0.00092
0.000911
0.000925
0.000916
0.000913
0.000924
0.000927
0.000906
0.000919
0.000913
0.00091
0.000939
0.000929
0.000917
0.000914
0.001704
0.000915
0.000923
0.000923
0.000921
0.000924
0.000911
0.000907
0.000946
0.000906
0.00091
0.00092
0.00093
0.000911
0.000918
0.000927
0.000921
0.00091
0.000911
0.000914
0.000908
0.000923
0.000918
0.000925
0.00091
0.00093
0.000913
0.000903
0.000927
0.000932
0.000918
0.000919
0.001019
0.001003
0.000921
0.000911
0.000908
0.000937
0.000905
0.000911
0.00092
0.000956
0.000976
0.00092
0.000921
0.000922
0.000921
0.000911
0.000938
0.00095
0.000976
0.000926
0.000915
0.000917
0.000933
0.000911
0.000914
0.000919
0.000911
0.000932
0.000917
0.000904
0.000911
0.000914
0.000923
0.000922
0.000921
0.000926
0.000912
0.000904
0.000909
0.000907
0.000938
0.000916
0.000917
0.000918
0.000924
0.000913
0.000912
0.000915
0.000919
0.000919
0.000926
0.000908
0.000919
0.000914
0.000909
0.000927
0.000912
0.000927
0.00093
0.000918
0.000911
0.000924
0.000903
0.000928
0.000923
0.000923
0.00091
0.000945
0.000909
0.00091
0.000927
0.000918
0.000918
0.000908
0.000934
0.001049
0.000923
0.000914
0.000924
0.000926
0.000906
0.000911
0.000933
0.000909
0.000943
0.000914
0.000916
0.000932
0.000969
0.000915
0.000904
0.000933
0.000908
0.000923
0.000916
0.000925
0.000909
0.000921
0.000917
0.000924
0.000916
0.00092
0.000915
0.000915
0.00093
0.000906
0.000902
0.000919
0.000923
0.000906
0.000934
0.000913
0.000928
0.000919
0.000908
0.00091
0.000921
0.000933
0.000928
0.000922
0.00096
0.000938
0.000946
0.000946
0.000928
0.000962
0.00092
0.000918
0.000922
0.000932
0.000906
0.000921
0.000918
0.00091
0.000921
0.000906
0.000926
0.000921
0.000932
0.00091
0.000909
0.000913
0.000934
0.000913
0.000937
0.00091
0.000926
0.000926
0.000907
0.00091
0.000919
0.00093
0.000911
0.000922
0.000917
0.000923
0.000922
0.00091
0.000919
0.000928
0.000919
0.000925
0.00092
0.000909
0.000931
0.000927
0.000902
0.000912
0.000938
0.000931
0.000921
0.000916
0.000939
0.000909
0.000911
0.000907
0.000948
0.000915
0.000909
0.000927
0.000912
0.000924
0.000922
0.000905
0.000911
0.000934
0.000915
0.00092
0.000911
0.000941
0.000911
0.000908
0.000917
0.000907
0.00093
0.000913
0.000911
0.000911
0.000921
0.00091
0.000923
0.000915
0.000939
0.000922
0.000956
0.000916
0.001017
0.00096
0.000963
0.000983
0.000952
0.000955
0.000918
0.000963
0.000962
0.000977
0.000923
0.000913
0.000927
0.000925
0.000919
0.000931
0.000908
0.000923
0.000922
0.000911
0.000912
0.000938
0.000916
0.000916
0.000918
0.000933
0.000932
0.00091
0.000917
0.000913
0.000914
0.000907
0.000919
0.000919
0.000924
0.000913
0.000909
0.000907
0.000939
0.000918
0.000907
0.000935
0.000907
0.000925
0.00092
0.000906
0.00092
0.000924
0.000909
0.000936
0.000914
0.000925
0.000917
0.000913
0.000918
0.000918
0.000935
0.000913
0.000925
0.000911
0.000922
0.00092
0.000906
0.000915
0.00092
0.000906
0.000946
0.000927
0.00093
0.000911
0.000922
0.000912
0.000916
0.000936
0.000915
0.000917
0.000924
0.000923
0.000907
0.00092
0.000907
0.000925
0.000919
0.000915
0.000913
0.000922
0.000931
0.000905
0.000914
0.000913
0.000929
0.000933
0.000916
0.000913
0.000926
0.000907
0.000909
0.000918
0.000905
0.000915
0.000916
0.000925
0.000923
0.000928
0.000919
0.000927
0.000913
0.000944
0.00092
0.000928
0.000913
0.000946
0.00092
0.000913
0.00092
0.000914
0.000923
0.000928
0.000914
0.000924
0.000915
0.00092
0.000918
0.00092
0.001088
0.000929
0.000928
0.000928
0.000928
0.000914
0.000912
0.000911
0.00091
0.000927
0.000929
0.000909
0.00091
0.000925
0.000916
0.000915
0.000918
0.000934
0.000913
0.000928
0.000915
0.000928
0.000915
0.000918
0.000913
0.000913
0.00093
0.000913
0.000916
0.000923
0.000943
0.00169
0.000917
0.000931
0.00092
0.000914
0.000913
0.000917
0.000924
0.000909
0.000915
0.000908
0.000921
0.000917
0.000939
0.000916
0.00093
0.000919
0.000924
0.000913
0.000922
0.000925
0.000902
0.000924
0.000917
0.000905
0.000917
0.000959
0.000964
0.000938
0.000927
0.000937
0.00092
0.000937
0.000938
0.000913
0.000921
0.000925
0.000936
0.000912
0.000919
0.000927
0.000932
0.000916
0.000927
0.000923
0.000929
0.00093
0.000939
0.000924
0.000933
0.000929
0.000915
0.000926
0.000925
0.000934
0.000911
0.000927
0.000918
0.000949
0.000932
0.00091
0.000918
0.000935
0.000918
0.000952
0.00092
0.000934
0.000931
0.000918
0.000919
0.000922
0.000932
0.00094
0.000937
0.00092
0.000931
0.000934
0.000919
0.000923
0.000929
0.000926
0.000944
0.000916
0.000943
0.000919
0.000919
0.000924
0.00093
0.000943
0.000918
0.000921
0.000932
0.000933
0.000915
0.000926
0.000926
0.000929
0.000921
0.000953
0.00092
0.000935
0.000933
0.000919
0.000924
0.000922
0.000935
0.00092
0.000921
0.000929
0.000932
0.000919
0.000924
0.000917
0.000925
0.000929
0.000937
0.000935
0.000938
0.000925
0.000914
0.000912
0.00093
0.000933
0.000932
0.000928
0.000925
0.000934
0.000919
0.000924
0.000917
0.000937
0.000917
0.000947
0.000924
0.000932
0.000934
0.000914
0.000907
0.000924
0.000928
0.000916
0.000921
0.000925
0.000917
0.000915
0.000931
0.000919
0.000929
0.000929
0.000934
0.000925
0.000935
0.000925
0.000913
0.000912
0.000926
0.000929
0.000914
0.000936
0.000918
0.00093
0.00093
0.000913
0.000922
0.000945
0.000916
0.000932
0.00094
0.000945
0.000927
0.000917
0.000909
0.00092
0.000934
0.000923
0.000923
0.000928
0.000932
0.000926
0.000928
0.000915
0.000946
0.000925
0.000933
0.000918
0.000949
0.000937
0.000914
0.00091
0.000936
0.000942
0.000919
0.000923
0.00094
0.001626
0.000929
0.000929
0.000938
0.000914
0.000924
0.000923
0.000913
0.000933
0.00093
0.000918
0.000916
0.000946
0.000918
0.000931
0.000915
0.000937
0.000922
0.000924
0.00092
0.000948
0.000917
0.000915
0.00092
0.000945
0.000937
0.00092
0.000916
0.000933
0.000941
0.001054
0.00094
0.000918
0.000932
0.000917
0.00092
0.000918
0.000928
0.000932
0.000913
0.00092
0.000922
0.000935
0.000918
0.000916
0.000929
0.000926
0.000918
0.000922
0.000926
0.000928
0.00092
0.000923
0.000921
0.000937
0.000914
0.00092
0.000923
0.00092
0.000941
0.000915
0.000919
0.000934
0.000929
0.000921
0.000934
0.000924
0.000945
0.000918
0.000926
0.000921
0.00093
0.000927
0.000915
0.000922
0.000934
0.000939
0.000908
0.000918
0.000924
0.000928
0.000915
0.000937
0.000929
0.00093
0.000916
0.000918
0.000908
0.000933
0.000932
0.000913
0.000921
0.000927
0.000933
0.000913
0.000924
0.000915
0.000935
0.00093
0.000951
0.000922
0.000939
0.00093
0.000916
0.000905
0.00095
0.000914
0.000918
0.000919
0.000939
0.000933
0.000919
0.000917
0.000925
0.000935
0.000914
0.000938
0.000927
0.000932
0.000916
0.000923
0.000908
0.000912
0.000927
0.000919
0.00092
0.000944
0.000938
0.000919
0.000926
0.000919
0.000924
0.000932
0.000936
0.000922
0.000928
0.000923
0.000914
0.000909
0.000927
0.000936
0.000934
0.000926
0.000925
0.000934
0.000918
0.000914
0.00092
0.000927
0.000925
0.000935
0.000925
0.000932
0.000916
0.000916
0.000928
0.000922
0.000931
0.000919
0.000933
0.000914
0.000926
0.000923
0.000918
0.000914
0.000945
0.000916
0.000912
0.00091
0.000942
0.000915
0.000921
0.000925
0.000939
0.000941
0.000941
0.000933
0.00093
0.000945
0.000916
0.000916
0.000915
0.00093
0.000927
0.000922
0.000914
0.00094
0.000917
0.000913
0.000918
0.000927
0.000932
0.000915
0.000937
0.000959
0.000919
0.000913
0.000913
0.000939
0.001684
0.000924
0.000929
0.000924
0.000934
0.000915
0.00092
0.000925
0.000933
0.000919
0.00093
0.000927
0.000926
0.000918
0.00093
0.000911
0.00094
0.000932
0.000917
0.000925
0.000927
0.000937
0.00092
0.000926
0.000917
0.000927
0.00093
0.000929
0.000922
0.000934
0.000946
0.000916
0.000914
0.000951
0.00092
0.000917
0.000923
0.00093
0.000933
0.000923
0.000915
0.00093
0.000927
0.000922
0.00094
0.000928
0.000933
0.000927
0.000939
0.000924
0.000938
0.000915
0.000918
0.000932
0.00092
0.000935
0.000917
0.000935
0.000925
0.000929
0.000921
0.000943
0.000929
0.000932
0.000929
0.000922
0.000919
0.000942
0.000916
0.000918
0.000926
0.000917
0.000953
0.000917
0.00092
0.000919
0.00093
0.000925
0.000942
0.000923
0.000926
0.00097
0.00092
0.00092
0.000939
0.000932
0.001098
0.000935
0.000943
0.000921
0.000916
0.00092
0.000931
0.000939
0.000917
0.000928
0.00093
0.000921
0.000922
0.000927
0.000915
0.000945
0.000917
0.000928
0.000919
0.000941
0.00093
0.000917
0.000927
0.000927
0.00094
0.000913
0.000923
0.000927
0.000933
0.00092
0.00092
0.000932
0.000929
0.000917
0.000927
0.000925
0.000935
0.000917
0.000918
0.000923
0.000918
0.000949
0.000911
0.000922
0.000934
0.000934
0.00094
0.000921
0.00093
0.00093
0.000916
0.000916
0.000922
0.000938
0.000915
0.000916
0.000922
0.000914
0.000931
0.000925
0.000925
0.000917
0.000947
0.000923
0.00092
0.000909
0.000927
0.000921
0.000927
0.000925
0.000949
0.000925
0.000926
0.00092
0.000927
0.000941
0.000919
0.000929
0.000921
0.00094
0.000921
0.000919
0.000917
0.00094
0.00092
0.000913
0.000922
0.000942
0.00092
0.00092
0.000913
0.000933
0.000939
0.000924
0.000931
0.000934
0.000939
0.000933
0.000914
0.000922
0.000929
0.000918
0.000927
0.000931
0.000939
0.000921
0.000919
0.000929
0.000917
0.000931
0.000935
0.000928
0.000917
0.000924
0.000922
0.000915
0.000912
0.000944
0.00092
0.000915
0.000927
0.000941
0.00092
0.000915
0.000916
0.000924
0.000939
0.000922
0.000945
0.000925
0.000936
0.000923
0.000927
0.000913
0.000938
0.000919
0.000928
0.000923
0.000934
0.000927
0.000919
0.000914
0.000928
0.000934
0.00092
0.000931
0.000936
0.000938
0.000922
0.000929
0.000924
0.000938
0.000915
0.000933
0.000924
0.00094
0.000926
0.000917
0.000918
0.000921
0.000939
0.000923
0.000938
0.000926
0.000942
0.00092
0.000918
0.000911
0.000945
0.000918
0.000918
0.000921
0.000922
0.000919
0.000926
0.000928
0.000922
0.000951
0.000924
0.000934
0.000933
0.000931
0.000917
0.000913
0.00093
0.000929
0.000914
0.000924
0.000923
0.000919
0.000937
0.000921
0.000928
0.000921
0.000933
0.000925
0.000948
0.000924
0.000925
0.000923
0.000931
0.000914
0.000938
0.000918
0.000918
0.000936
0.00092
0.000935
0.00092
0.000926
0.000922
0.000934
0.000929
0.000937
0.000906
0.000933
0.000916
0.000912
0.000926
0.000942
0.000922
0.000916
0.000932
0.000911
0.000927
0.000915
0.000914
0.000914
0.000936
0.000912
0.000916
0.000909
0.000942
0.000909
0.000913
0.000923
0.000929
0.000913
0.000923
0.000918
0.000911
0.000936
0.000918
0.000913
0.000916
0.000926
0.000914
0.000918
0.000921
0.000929
0.000919
0.000917
0.000918
0.000918
0.000919
0.00107
0.000922
0.000917
0.000936
0.000919
0.000908
0.000907
0.000921
0.000917
0.000931
0.000912
0.000927
0.000926
0.000908
0.000904
0.000918
0.000926
0.000905
0.000924
0.000915
0.000926
0.00092
0.000912
0.000907
0.000929
0.000911
0.00092
0.000934
0.000926
0.000911
0.00093
0.000915
0.000914
0.000941
0.000906
0.000931
0.000908
0.000932
0.000915
0.000914
0.00091
0.000934
0.000913
0.000904
0.000916
0.000924
0.000912
0.000924
0.001539
0.000932
0.000915
0.000921
0.001534
0.000926
0.000916
0.000913
0.000913
0.000929
0.000918
0.000904
0.000919
0.000935
0.000905
0.000904
0.000905
0.000916
0.000928
0.000917
0.000934
0.000905
0.000911
0.000916
0.000905
0.000929
0.00093
0.000904
0.000915
0.000911
0.000918
0.000922
0.000907
0.000907
0.000909
0.000921
0.000911
0.000922
0.000912
0.00092
0.000918
0.000911
0.000905
0.000915
0.000922
0.000908
0.000915
0.000927
0.00093
0.000909
0.000924
0.000906
0.000927
0.000905
0.000916
0.000917
0.001068
0.001006
0.000917
0.000905
0.000933
0.000914
0.000914
0.000918
0.000922
0.000927
0.000926
0.000907
0.000905
0.00093
0.000912
0.000915
0.000919
0.000925
0.000919
0.000905
0.00091
0.000933
0.000922
0.000917
0.000935
0.000912
0.000924
0.000919
0.00091
0.000918
0.000928
0.000909
0.000903
0.00092
0.000907
0.00093
0.000927
0.000916
0.000914
0.000937
0.000908
0.000912
0.000918
0.000975
0.000959
0.000916
0.000919
0.000933
0.000908
0.000912
0.000917
0.000913
0.000907
0.00092
0.000914
0.000904
0.000934
0.000906
0.000911
0.000922
0.000926
0.000909
0.000916
0.000905
0.000909
0.000925
0.000909
0.000915
0.000921
0.00093
0.000905
0.000904
0.000921
0.00093
0.000911
0.000921
0.000914
0.000923
0.000926
0.00091
0.000909
0.000921
0.00093
0.000912
0.000928
0.000906
0.000914
0.000919
0.000908
0.000908
0.000926
0.000907
0.000907
0.000921
0.000917
0.00091
0.000924
0.000919
0.000902
0.000938
0.000908
0.000909
0.000912
0.000931
0.000909
0.000908
0.000912
0.000905
0.000916
0.000926
0.000913
0.000905
0.000937
0.000908
0.000909
0.000916
0.000925
0.000908
0.000918
0.000913
0.000931
0.000918
0.000911
0.000908
0.000912
0.000931
0.000906
0.00093
0.000916
0.000923
0.000907
0.00092
0.000905
0.000922
0.000914
0.000923
0.000916
0.000923
0.000926
0.00091
0.000911
0.000911
0.000924
0.000911
0.000909
0.000922
0.000929
0.000914
0.000916
0.000904
0.000929
0.001049
0.000912
0.000911
0.00091
0.00093
0.000913
0.000911
0.000902
0.000933
0.000911
0.000905
0.000937
0.00092
0.000908
0.00091
0.000905
0.000913
0.000936
0.000929
0.00092
0.0009
0.000941
0.00091
0.00091
0.000906
0.000937
0.000906
0.000904
0.000918
0.000925
0.000905
0.000919
0.000908
0.00092
0.000936
0.000906
0.000922
0.000918
0.000925
0.000916
0.000904
0.000908
0.000934
0.000902
0.000913
0.000928
0.000914
0.000919
0.000931
0.000908
0.000907
0.000924
0.000915
0.00091
0.000932
0.000927
0.000911
0.000901
0.000913
0.000926
0.000919
0.000913
0.000921
0.000914
0.000946
0.000908
0.000906
0.00092
0.00092
0.000907
0.000916
0.000912
0.000925
0.000919
0.000907
0.000903
0.000912
0.000923
0.000909
0.00091
0.000916
0.000924
0.000903
0.000904
0.000906
0.000947
0.000915
0.000907
0.000912
0.000917
0.000928
0.000907
0.000918
0.000915
0.000927
0.000915
0.00091
0.000915
0.000933
0.000917
0.000905
0.000908
0.000913
0.000913
0.000924
0.000927
0.000904
0.000941
0.000908
0.000906
0.000916
0.000929
0.000909
0.000918
0.00092
0.000928
0.000916
0.000917
0.000917
0.000909
0.000928
0.000908
0.000924
0.000909
0.000931
0.000921
0.00091
0.000903
0.000935
0.000909
0.001021
0.000986
0.000976
0.00095
0.00095
0.000933
0.000937
0.000914
0.000919
0.000938
0.000915
0.000936
0.000936
0.000909
0.000911
0.000951
0.000922
0.000943
0.000925
0.00093
0.000929
0.000939
0.000917
0.000933
0.000918
0.000917
0.000937
0.000914
0.000931
0.000922
0.00092
0.000914
0.000942
0.000923
0.000915
0.000927
0.00094
0.000913
0.000912
0.000918
0.000927
0.000931
0.000911
0.000936
0.000926
0.000933
0.000915
0.000918
0.000925
0.000927
0.000919
0.000922
0.00092
0.00094
0.000921
0.000922
0.000917
0.000905
0.000942
0.00092
0.001687
0.000936
0.00092
0.000914
0.000926
0.000935
0.000915
0.000933
0.000934
0.000907
0.000914
0.000923
0.000927
0.000912
0.000948
0.000918
0.000914
0.000931
0.000928
0.000918
0.00092
0.000913
0.000938
0.000918
0.000924
0.000925
0.000911
0.000948
0.000916
0.000917
0.000916
0.000946
0.00092
0.000915
0.00092
0.000937
0.000918
0.000919
0.000918
0.000951
0.000914
0.000915
0.00093
0.000927
0.000936
0.000915
0.000915
0.000923
0.000941
0.000914
0.000912
0.000938
0.000938
0.000917
0.000916
0.000917
0.000908
0.00093
0.00093
0.00094
0.000914
0.000936
0.000924
0.000926
0.00092
0.001072
0.00093
0.000915
0.000921
0.000938
0.000916
0.000912
0.000914
0.000946
0.000912
0.000915
0.000928
0.000923
0.000934
0.000912
0.000916
0.000925
0.00093
0.000915
0.000922
0.00092
0.000931
0.000918
0.000927
0.000921
0.000904
0.000926
0.000913
0.000928
0.000928
0.000937
0.000912
0.000915
0.000927
0.000931
0.000916
0.000917
0.00093
0.000938
0.000914
0.000918
0.000925
0.000908
0.000925
0.000919
0.000928
0.000915
0.000928
0.000912
0.000963
0.000914
0.000937
0.000921
0.000913
0.000922
0.000941
0.000918
0.000916
0.000913
0.000928
0.000938
0.000912
0.000915
0.000925
0.000932
0.000921
0.000914
0.000924
0.000938
0.000912
0.000928
0.000918
0.000925
0.000923
0.000917
0.000914
0.000919
0.000931
0.000922
0.000915
0.000927
0.000946
0.000915
0.000916
0.000918
0.000937
0.000916
0.000935
0.000923
0.000907
0.000924
0.000907
0.000911
0.000925
0.000935
0.00092
0.000922
0.000919
0.000931
0.000931
0.000925
0.000917
0.000938
0.000918
0.000919
0.000927
0.000913
0.000928
0.000916
0.000918
0.000925
0.000929
0.000914
0.000925
0.000931
0.000936
0.000919
0.000922
0.000917
0.000926
0.000926
0.000914
0.000938
0.000914
0.000938
0.000924
0.000914
0.000925
0.000937
0.000914
0.000914
0.000942
0.000933
0.000916
0.000925
0.000914
0.000922
0.000919
0.000922
0.000934
0.000925
0.00093
0.000915
0.000917
0.000921
0.000935
0.000913
0.00093
0.000918
0.000934
0.000922
0.000917
0.000925
0.000921
0.000932
0.000917
0.00094
0.000919
0.000934
0.000915
0.000917
0.000916
0.001036
0.000982
0.000944
0.000957
0.000934
0.000914
0.000915
0.000924
0.000923
0.000915
0.000924
0.00093
0.000914
0.000933
0.000924
0.000916
0.000921
0.000938
0.000919
0.000909
0.000926
0.000942
0.000913
0.000989
0.000966
0.000945
0.000912
0.000915
0.000932
0.000926
0.000932
0.000911
0.000926
0.000938
0.000938
0.000913
0.000912
0.000928
0.00093
0.000916
0.000915
0.000935
0.000922
0.00092
0.000922
0.001023
0.00094
0.000915
0.000919
0.00092
0.000924
0.000932
0.00092
0.000914
0.000934
0.000931
0.000916
0.000918
0.000918
0.000924
0.000921
0.000926
0.000934
0.000914
0.000929
0.000935
0.000917
0.000922
0.000936
0.000916
0.000929
0.00092
0.000932
0.000917
0.000927
0.000907
0.00093
0.000936
0.000915
0.000943
0.000912
0.000947
0.000912
0.000919
0.000936
0.000928
0.000912
0.000921
0.000928
0.000928
0.000915
0.000927
0.000923
0.001089
0.000931
0.000919
0.000927
0.000935
0.000922
0.000912
0.000922
0.000926
0.000937
0.000913
0.000914
0.000934
0.000933
0.000915
0.000916
0.000919
0.000924
0.000914
0.000923
0.000933
0.000909
0.000933
0.000919
0.000928
0.00092
0.000931
0.000913
0.000921
0.000924
0.000931
0.00092
0.000933
0.000915
0.000928
0.000913
0.000914
0.000936
0.000918
0.000945
0.000914
0.000909
0.00092
0.000926
0.000913
0.000918
0.000919
0.000945
0.000919
0.000923
0.000925
0.000929
0.000921
0.00091
0.000949
0.000917
0.000937
0.000913
0.000924
0.000917
0.00094
0.000921
0.000911
0.000925
0.00094
0.000913
0.000915
0.000919
0.000926
0.000929
0.000913
0.00091
0.000937
0.001699
0.000924
0.000918
0.000925
0.00093
0.00091
0.000926
0.000949
0.000924
0.000914
0.000914
0.000927
0.000932
0.000916
0.000917
0.000943
0.000925
0.00092
0.000916
0.000922
0.000926
0.000914
0.000924
0.000936
0.000913
0.000937
0.000928
0.000918
0.000931
0.000952
0.000922
0.000916
0.000929
0.000947
0.000918
0.000924
0.000913
0.000937
0.000922
0.000924
0.000937
0.000913
0.000965
0.000934
0.000922
0.000919
0.002165
0.000933
0.000935
0.000945
0.00092
0.000917
0.000935
0.000928
0.000921
0.000918
0.000931
0.000923
0.00092
0.000935
0.000915
0.00094
0.000923
0.000925
0.000938
0.000923
0.00096
0.000916
0.000911
0.000911
0.000937
0.000915
0.000917
0.000921
0.000945
0.000916
0.00091
0.000925
0.00093
0.000918
0.000929
0.000917
0.000913
0.000941
0.00091
0.000908
0.000919
0.000935
0.000917
0.000913
0.000929
0.000932
0.000914
0.000929
0.001335
0.000966
0.000914
0.000922
0.000922
0.000927
0.000925
0.000916
0.000915
0.000923
0.000928
0.000916
0.000916
0.000925
0.000922
0.000913
0.00093
0.000914
0.000924
0.000914
0.00092
0.00093
0.00093
0.000931
0.000916
0.000917
0.000917
0.000927
0.000917
0.000913
0.000937
0.000945
0.000912
0.000925
0.00091
0.00093
0.000932
0.000924
0.000947
0.000913
0.000918
0.000928
0.00091
0.000909
0.000944
0.000918
0.000911
0.000919
0.000928
0.000913
0.000911
0.000933
0.000931
0.000909
0.000909
0.000921
0.000915
0.000922
0.000903
0.000917
0.000908
0.000921
0.000909
0.000915
0.00092
0.000918
0.000923
0.000913
0.000914
0.001046
0.000975
0.000918
0.000922
0.000918
0.000933
0.000918
0.000916
0.000911
0.000969
0.000953
0.000923
0.000924
0.000927
0.000913
0.000904
0.000912
0.000928
0.000912
0.001061
0.000948
0.000913
0.000913
0.000908
0.000908
0.000909
0.000933
0.000918
0.00091
0.000917
0.000932
0.000911
0.000903
0.000917
0.000929
0.000908
0.000912
0.000905
0.00091
0.000938
0.000913
0.000907
0.000919
0.000917
0.00091
0.000917
0.000918
0.000921
0.00092
0.000911
0.000908
0.00092
0.000929
0.000905
0.00091
0.000917
0.000926
0.000917
0.000909
0.000918
0.000932
0.000911
0.000912
0.000922
0.000923
0.000914
0.000907
0.000914
0.000908
0.000925
0.000929
0.000905
0.00091
0.000929
0.000913
0.000906
0.000914
0.000922
0.000922
0.000907
0.000902
0.000922
0.000929
0.000903
0.000918
0.000909
0.000922
0.000915
0.000908
0.00093
0.000932
0.000917
0.000909
0.000917
0.000916
0.000931
0.000906
0.000913
0.000925
0.000925
0.000921
0.000908
0.000902
0.000931
0.000911
0.000908
0.000929
0.00094
0.000909
0.000909
0.000919
0.000905
0.000978
0.00098
0.000959
0.000975
0.000969
0.000957
0.000964
0.000919
0.000917
0.000929
0.000907
0.000971
0.000925
0.000911
0.00091
0.000907
0.000914
0.000927
0.000905
0.000922
0.000918
0.000919
0.000917
0.000909
0.000912
0.000918
0.000913
0.000907
0.000931
0.000945
0.000909
0.000907
0.000916
0.000903
0.000926
0.000922
0.000908
0.000912
0.00092
0.000914
0.000914
0.000904
0.000936
0.000907
0.000902
0.000917
0.000921
0.000927
0.00092
0.00091
0.000904
0.000916
0.00091
0.000909
0.000921
0.000923
0.000909
0.000917
0.000902
0.000907
0.000944
0.00091
0.000902
0.001005
0.000988
0.000925
0.000921
0.000912
0.000931
0.000924
0.000921
0.000925
0.000944
0.000931
0.000917
0.000915
0.000924
0.000932
0.000917
0.000919
0.000919
0.000934
0.000922
0.00093
0.000918
0.000937
0.000912
0.00091
0.000943
0.000933
0.000915
0.000914
0.000926
0.000916
0.000927
0.000926
0.000913
0.00092
0.000928
0.000916
0.000916
0.000924
0.000931
0.00092
0.000915
0.000936
0.000933
0.000909
0.000929
0.000911
0.00091
0.000948
0.000931
0.000918
0.000921
0.000934
0.000913
0.000918
0.001059
0.000933
0.000916
0.000923
0.000931
0.000932
0.000912
0.000921
0.000913
0.000913
0.000947
0.000914
0.00091
0.000934
0.000928
0.000916
0.000922
0.000917
0.000928
0.00093
0.00091
0.000939
0.000933
0.000911
0.000921
0.000912
0.000911
0.000944
0.000912
0.000919
0.000928
0.000926
0.000917
0.000927
0.000913
0.000924
0.000924
0.000916
0.00092
0.000927
0.00092
0.000917
0.000915
0.00093
0.001078
0.000938
0.000921
0.000919
0.000935
0.000912
0.000914
0.000919
0.000935
0.000921
0.000916
0.000932
0.000931
0.000914
0.000924
0.00092
0.000912
0.000934
0.000922
0.000914
0.000919
0.000931
0.000926
0.000912
0.000909
0.000929
0.000911
0.000916
0.000914
0.000933
0.000919
0.000912
0.000919
0.000922
0.000924
0.000922
0.000915
0.000928
0.000936
0.000917
0.000912
0.000922
0.000934
0.000921
0.000915
0.000915
0.000917
0.000938
0.000922
0.000915
0.000912
0.000935
0.000923
0.000917
0.000918
0.000941
0.000916
0.000915
0.000926
0.000927
0.000915
0.000928
0.000918
0.000916
0.000944
0.000913
0.000918
0.000926
0.000929
0.000918
0.000927
0.000921
0.000935
0.000935
0.000913
0.000911
0.000938
0.000921
0.000917
0.000911
0.000934
0.000926
0.000915
0.000925
0.000913
0.000927
0.000939
0.000912
0.000933
0.000935
0.000915
0.000916
0.00091
0.00092
0.00093
0.000915
0.000921
0.00092
0.000921
0.000923
0.000913
0.000913
0.000938
0.000921
0.000914
0.000926
0.000934
0.000932
0.000914
0.000919
0.000923
0.000937
0.000912
0.000914
0.000925
0.000922
0.00092
0.000925
0.000906
0.000933
0.000927
0.000915
0.000913
0.000935
0.000928
0.000913
0.00092
0.000921
0.000922
0.000909
0.000929
0.000923
0.000927
0.000928
0.000916
0.000925
0.000941
0.000915
0.000911
0.000914
0.000929
0.000928
0.000913
0.000924
0.000913
0.000932
0.000927
0.000911
0.000924
0.000944
0.000918
0.00091
0.000915
0.000947
0.000917
0.000925
0.000919
0.000921
0.000921
0.000925
0.000913
0.000908
0.000929
0.000908
0.000915
0.000936
0.00093
0.000913
0.000919
0.000924
0.000918
0.000917
0.00092
0.000911
0.000921
0.000948
0.00091
0.000907
0.000921
0.000936
0.000909
0.000922
0.000929
0.000933
0.000929
0.000913
0.000913
0.000923
0.000941
0.000913
0.000939
0.000927
0.00092
0.000921
0.000918
0.00092
0.000932
0.000924
0.000913
0.000917
0.000941
0.000923
0.000908
0.000916
0.000925
0.000924
0.000921
0.000922
0.000921
0.000923
0.000928
0.000913
0.000913
0.000938
0.000918
0.000912
0.000913
0.000954
0.000916
0.000912
0.000912
0.00091
0.000934
0.000912
0.000917
0.000918
0.000935
0.000918
0.000911
0.000914
0.000941
0.000916
0.000918
0.00092
0.00092
0.000928
0.000924
0.00092
0.000913
0.000928