0.005635
0.001744
0.001254
0.001181
0.001068
0.001067
0.001047
0.001072
0.001081
0.001298
0.00106
0.001093
0.001048
0.001053
0.001078
0.001054
0.001061
0.00104
0.001072
0.001059
0.001042
0.001066
0.001094
0.001069
0.001052
0.00105
0.001091
0.001049
0.001051
0.00106
0.001063
0.001058
0.001056
0.001103
0.001083
0.001086
0.001064
0.001085
0.001067
0.001436
0.00109
0.001057
0.001061
0.002975
0.001061
0.001056
0.001075
0.001067
0.00109
0.001076
0.001345
0.001057
0.001052
0.001099
0.001049
0.001051
0.001076
0.001073
0.00106
0.001059
0.001075
0.001062
0.001059
0.001048
0.001086
0.001977
0.002748
0.001053
0.001052
0.001081
0.001062
0.001046
0.001049
0.001067
0.001052
0.001052
0.001074
0.00194
0.001065
0.001094
0.001068
0.001065
0.001047
0.001086
0.001064
0.001067
0.001311
0.001055
0.00107
0.001054
0.001064
0.00107
0.001063
0.001049
0.001074
0.001056
0.00106
0.001053
0.001057
0.001061
0.001049
0.001069
0.001058
0.001067
0.001051
0.001063
0.001074
0.001052
0.001065
0.001076
0.001052
0.001049
0.00107
0.001063
0.001304
0.00107
0.001073
0.00105
0.001065
0.001058
0.001063
0.001056
0.001056
0.00321
0.001056
0.001081
0.001089
0.001051
0.001058
0.001092
0.0033
0.004415
0.00107
0.001054
0.001045
0.001075
0.00105
0.001081
0.001077
0.001058
0.001046
0.001051
0.001061
0.001067
0.001044
0.001046
0.001088
0.001061
0.001064
0.001055
0.001069
0.001046
0.001052
0.001054
0.001051
0.001048
0.001045
0.001067
0.001062
0.001063
0.001045
0.001065
0.001054
0.001045
0.001051
0.001068
0.001064
0.001056
0.001073
0.001054
0.001057
0.001047
0.001067
0.001069
0.001043
0.001046
0.001074
0.001051
0.001053
0.001061
0.001055
0.001067
0.001045
0.001062
0.001053
0.001051
0.001036
0.00107
0.001053
0.001043
0.001046
0.001069
0.001047
0.001067
0.001065
0.001065
0.001285
0.002127
0.001051
0.001046
0.001063
0.001066
0.001049
0.001038
0.001079
0.003501
0.001086
0.00105
0.001046
0.001044
0.001071
0.001042
0.001045
0.001062
0.001052
0.001068
0.001049
0.00107
0.001052
0.001043
0.001046
0.001061
0.001046
0.001045
0.001046
0.001066
0.001057
0.001045
0.001064
0.001059
0.001051
0.001045
0.001056
0.001047
0.001057
0.001043
0.001093
0.001065
0.001039
0.001053
0.001061
0.001043
0.001039
0.001067
0.001081
0.001058
0.001042
0.001062
0.001057
0.001046
0.001037
0.001069
0.001048
0.001048
0.001042
0.001065
0.00105
0.001046
0.001062
0.001063
0.001067
0.001061
0.001063
0.001062
0.001046
0.001042
0.00107
0.001047
0.001043
0.001065
0.001059
0.001044
0.001047
0.001061
0.001044
0.001049
0.001042
0.001057
0.001045
0.001038
0.001047
0.001069
0.001059
0.001045
0.001043
0.001064
0.001033
0.001044
0.001058
0.001043
0.001053
0.001052
0.001057
0.001075
0.00104
0.001038
0.001074
0.001049
0.001045
0.001042
0.001076
0.001041
0.00104
0.00106
0.001059
0.00105
0.001039
0.001059
0.001057
0.001056
0.001041
0.001066
0.001059
0.001041
0.001042
0.00108
0.001043
0.001044
0.001074
0.001061
0.001058
0.001045
0.001288
0.001125
0.001217
0.002755
0.001322
0.001231
0.001196
0.001206
0.001185
0.001158
0.001179
0.001344
0.001511
0.001278
0.001222
0.001206
0.00117
0.001088
0.001086
0.00108
0.001075
0.001058
0.00108
0.001057
0.001068
0.00108
0.001089
0.001064
0.001057
0.001075
0.001153
0.001158
0.001081
0.001095
0.001073
0.001058
0.004548
0.001118
0.001065
0.001067
0.001078
0.001063
0.001143
0.001113
0.001077
0.001082
0.001062
0.001064
0.001082
0.001067
0.001059
0.001075
0.001065
0.001064
0.001058
0.001081
0.001063
0.001042
0.001063
0.001063
0.00106
0.001045
0.001046
0.001067
0.001045
0.00106
0.001062
0.001039
0.001054
0.001049
0.002673
0.006282
0.001099
0.001042
0.001037
0.001055
0.001059
0.001045
0.001047
0.00109
0.001096
0.001094
0.001087
0.001041
0.001045
0.001059
0.001052
0.001056
0.001049
0.001051
0.001069
0.001041
0.001049
0.001085
0.001116
0.001109
0.001053
0.001075
0.001066
0.001056
0.00106
0.001078
0.001068
0.00105
0.001076
0.001047
0.00105
0.001058
0.001072
0.001063
0.001062
0.001055
0.001069
0.001052
0.001068
0.001061
0.001077
0.001056
0.001065
0.002191
0.001079
0.001049
0.001066
0.001108
0.001104
0.001054
0.001067
0.001062
0.001048
0.001059
0.001055
0.001047
0.001043
0.001078
0.001059
0.001042
0.001048
0.001067
0.00108
0.001038
0.001039
0.001071
0.001053
0.001084
0.001069
0.001057
0.00106
0.001045
0.001084
0.001078
0.001056
0.001052
0.001132
0.001064
0.001042
0.001071
0.001044
0.001046
0.001036
0.001063
0.001047
0.001043
0.001036
0.001043
0.001054
0.001044
0.001041
0.001059
0.001049
0.00104
0.001063
0.001049
0.00104
0.00104
0.001071
0.001039
0.001064
0.001029
0.001054
0.001052
0.001041
0.001039
0.00107
0.001052
0.001034
0.001036
0.00106
0.001426
0.001108
0.001115
0.005741
0.001271
0.001178
0.001186
0.001053
0.001194
0.001307
0.001052
0.001081
0.001091
0.001049
0.001066
0.001075
0.001207
0.00108
0.001061
0.001054
0.001059
0.001056
0.001077
0.001167
0.001188
0.001052
0.001098
0.001063
0.001066
0.001185
0.001087
0.00107
0.001038
0.001062
0.001106
0.00104
0.001059
0.00107
0.001396
0.001116
0.001062
0.001071
0.001049
0.001228
0.001069
0.001171
0.001068
0.001046
0.001057
0.00103
0.001034
0.001078
0.001198
0.001094
0.001041
0.001066
0.001052
0.001072
0.001157
0.001054
0.001034
0.001033
0.00106
0.001068
0.001045
0.001033
0.00106
0.001413
0.001174
0.001052
0.00106
0.001046
0.001042
0.001047
0.001434
0.001482
0.001214
0.001061
0.001028
0.001079
0.00105
0.001461
0.001089
0.001044
0.001058
0.001023
0.00102
0.001159
0.001052
0.001075
0.001072
0.001074
0.001031
0.001031
0.001068
0.001069
0.00106
0.001047
0.001064
0.001055
0.001038
0.001039
0.001093
0.001062
0.001055
0.001053
0.001081
0.001058
0.001039
0.001094
0.001057
0.001065
0.001031
0.001061
0.001053
0.001045
0.001095
0.00106
0.001063
0.001061
0.001054
0.001068
0.001035
0.001068
0.001062
0.001084
0.001037
0.001036
0.001058
0.001089
0.001038
0.001068
0.001101
0.001055
0.001041
0.001069
0.001037
0.001077
0.001035
0.001077
0.001077
0.001038
0.001036
0.001059
0.001031
0.001108
0.001087
0.001029
0.001057
0.001054
0.001073
0.00107
0.001035
0.001034
0.001099
0.001048
0.001036
0.001033
0.001049
0.001043
0.001053
0.001049
0.001098
0.001102
0.001118
0.001129
0.001083
0.001078
0.001102
0.00111
0.0011
0.001098
0.001114
0.001117
0.001099
0.001096
0.001117
0.001088
0.001074
0.00111
0.001079
0.001118
0.001089
0.001111
0.00111
0.001074
0.001091
0.001096
0.001091
0.001083
0.001138
0.001123
0.001097
0.001075
0.001099
0.001112
0.001081
0.001119
0.001121
0.001112
0.001066
0.001109
0.001161
0.001096
0.001095
0.001085
0.001085
0.001087
0.001094
0.001084
0.0011
0.001079
0.001123
0.001095
0.00111
0.001081
0.00109
0.001117
0.001114
0.001093
0.001121
0.001086
0.00111
0.001093
0.001084
0.001105
0.00109
0.001104
0.001088
0.001119
0.001096
0.001104
0.001087
0.001092
0.001076
0.00111
0.001083
0.001114
0.00109
0.001091
0.00111
0.001104
0.001123
0.001103
0.001115
0.001079
0.001081
0.001101
0.001094
0.001074
0.001113
0.00113
0.001078
0.001111
0.001079
0.001107
0.001083
0.001103
0.00111
0.001079
0.001065
0.001082
0.001104
0.001106
0.001117
0.001112
0.001114
0.001103
0.001099
0.00112
0.001121
0.001086
0.001109
0.001115
0.001126
0.001108
0.001106
0.001084
0.001095
0.001071
0.001108
0.001084
0.0011
0.001093
0.001144
0.001096
0.001077
0.001102
0.001126
0.00108
0.001068
0.001134
0.00111
0.001089
0.001081
0.00113
0.001102
0.001106
0.001122
0.001099
0.001084
0.001079
0.001122
0.001126
0.001082
0.001136
0.001102
0.001098
0.001127
0.001098
0.001081
0.001114
0.001096
0.001155
0.001105
0.001102
0.001087
0.001106
0.001092
0.001119
0.001107
0.001076
0.001107
0.001119
0.001121
0.001111
0.001103
0.001119
0.001109
0.001118
0.001117
0.00111
0.001099
0.00112
0.001093
0.001083
0.001086
0.001098
0.001109
0.001113
0.00109
0.001094
0.001114
0.001118
0.001098
0.001086
0.001084
0.001101
0.001109
0.001109
0.001097
0.001124
0.001102
0.001099
0.001101
0.001117
0.001084
0.001091
0.001125
0.001126
0.001098
0.001116
0.001136
0.001117
0.001231
0.001237
0.001211
0.001203
0.001135
0.001185
0.00117
0.001196
0.001233
0.001202
0.011466
0.001303
0.001092
0.001123
0.001321
0.001118
0.001856
0.001185
0.001112
0.001127
0.001194
0.001121
0.001103
0.001106
0.001108
0.001102
0.001438
0.001424
0.001112
0.001116
0.001109
0.001453
0.001132
0.001076
0.001114
0.0011
0.001111
0.001488
0.001164
0.001125
0.001102
0.001086
0.001114
0.001148
0.00143
0.001111
0.00111
0.00111
0.001105
0.001115
0.001077
0.001377
0.001116
0.001156
0.001099
0.00109
0.001112
0.001083
0.001356
0.001113
0.001079
0.001116
0.0011
0.001137
0.001357
0.001126
0.001091
0.001319
0.001083
0.001088
0.001116
0.001107
0.001097
0.001116
0.001371
0.001121
0.001104
0.001113
0.001068
0.001086
0.001351
0.001102
0.001075
0.001076
0.00123
0.001075
0.001077
0.001269
0.001132
0.001114
0.001236
0.001119
0.001237
0.001104
0.001608
0.00132
0.001164
0.00113
0.001103
0.001117
0.001114
0.001464
0.001114
0.001094
0.001196
0.001218
0.001099
0.001435
0.001149
0.001893
0.0011
0.001476
0.001138
0.001105
0.001272
0.001243
0.001218
0.001151
0.001123
0.001151
0.001673
0.001359
0.001159
0.001301
0.001199
0.001163
0.00112
0.001376
0.001349
0.001193
0.001135
0.00113
0.00122
0.001268
0.001729
0.001453
0.001197
0.001317
0.001307
0.001214
0.001342
0.001352
0.001201
0.001147
0.001306
0.001137
0.001151
0.001316
0.001156
0.001171
0.001132
0.00115
0.001134
0.001204
0.001787
0.001178
0.001136
0.001314
0.001145
0.001126
0.001155
0.001799
0.001247
0.001136
0.00134
0.001132
0.001195
0.001269
0.001152
0.001292
0.001362
0.001169
0.001123
0.00138
0.001301
0.001128
0.0015
0.00137
0.001136
0.006682
0.001482
0.001251
0.001198
0.001167
0.001063
0.001061
0.001043
0.00115
0.001198
0.001157
0.001046
0.001051
0.001052
0.00105
0.001036
0.001046
0.001049
0.001052
0.001036
0.001065
0.001073
0.001098
0.001052
0.001038
0.001052
0.001025
0.00106
0.001151
0.001161
0.001033
0.001066
0.001056
0.001059
0.001206
0.00107
0.001043
0.001328
0.001337
0.001394
0.001036
0.001029
0.00107
0.001066
0.001026
0.001053
0.001047
0.001036
0.001058
0.001044
0.001056
0.001029
0.001054
0.001234
0.001078
0.001042
0.001052
0.001043
0.001042
0.001023
0.001046
0.001046
0.001033
0.001043
0.001039
0.001038
0.001158
0.001064
0.001048
0.00107
0.001074
0.001056
0.001049
0.001033
0.001023
0.001057
0.001049
0.00112
0.001478
0.001481
0.001709
0.001552
0.001495
0.001466
0.00112
0.001187
0.001039
0.001069
0.00105
0.001026
0.001076
0.001023
0.001062
0.001096
0.001441
0.001099
0.001061
0.001471
0.001459
0.001456
0.001513
0.001192
0.001034
0.00119
0.001087
0.001121
0.00157
0.001504
0.001209
0.00111
0.001105
0.001065
0.001048
0.001202
0.001071
0.0011
0.001072
0.001317
0.001479
0.00146
0.00115
0.001177
0.00108
0.001058
0.00111
0.001039
0.001087
0.001031
0.001052
0.001029
0.00104
0.00105
0.001036
0.00103
0.001045
0.001036
0.001053
0.001037
0.001049
0.001038
0.001041
0.001037
0.001063
0.001038
0.00104
0.001067
0.001571
0.001205
0.001065
0.001029
0.001053
0.001028
0.001044
0.001043
0.001044
0.001176
0.001153
0.001055
0.001037
0.001027
0.00105
0.001045
0.001033
0.00105
0.001026
0.001068
0.001513
0.001274
0.001065
0.001036
0.001048
0.001034
0.001055
0.001032
0.001054
0.001045
0.001041
0.00103
0.001041
0.001035
0.001044
0.001027
0.001042
0.001037
0.001038
0.001043
0.001028
0.001057
0.00103
0.001049
0.001024
0.001026
0.001048
0.001052
0.001028
0.001031
0.00103
0.001041
0.001037
0.001031
0.001039
0.001043
0.001035
0.001046
0.00105
0.001028
0.001045
0.001027
0.001048
0.001039
0.001032
0.001041
0.001039
0.001032
0.001034
0.001032
0.001051
0.001034
0.001093
0.001038
0.001039
0.001045
0.001084
0.001064
0.001049
0.001041
0.001026
0.00104
0.001036
0.001031
0.001042
0.001052
0.001042
0.001024
0.001026
0.001058
0.001025
0.001048
0.001025
0.001048
0.001031
0.001027
0.001069
0.001027
0.001032
0.001025
0.001042
0.001026
0.001028
0.001041
0.001057
0.001028
0.001032
0.00103
0.001055
0.001031
0.001033
0.001034
0.001054
0.001023
0.001037
0.001042
0.001027
0.001022
0.001032
0.001069
0.001028
0.001034
0.001048
0.001043
0.001029
0.001161
0.001154
0.001045
0.00103
0.00103
0.001064
0.001033
0.001253
0.001453
0.001092
0.001052
0.00103
0.001044
0.001029
0.001047
0.001222
0.001378
0.001367
0.00111
0.001081
0.001058
0.001031
0.001024
0.001155
0.001206
0.001161
0.001055
0.001047
0.001464
0.001269
0.001195
0.001057
0.001031
0.00143
0.001415
0.001367
0.001382
0.001368
0.001363
0.001369
0.00117
0.001031
0.001048
0.00104
0.00103
0.001033
0.00114
0.00152
0.001292
0.00109
0.001041
0.001037
0.001028
0.001033
0.001045
0.001153
0.001098
0.001208
0.001144
0.001051
0.001098
0.001046
0.001044
0.001377
0.001269
0.001163
0.001058
0.001041
0.001057
0.001033
0.001045
0.001036
0.001098
0.001176
0.001046
0.001047
0.001042
0.001033
0.001046
0.00104
0.001049
0.001191
0.001072
0.001077
0.001038
0.001054
0.001107
0.00131
0.001206
0.001109
0.001077
0.001055
0.001047
0.001106
0.001181
0.001097
0.001057
0.001055
0.001036
0.001051
0.001035
0.001057
0.001037
0.001051
0.001033
0.001075
0.001033
0.001108
0.001194
0.001057
0.001073
0.001034
0.001044
0.001031
0.00106
0.001037
0.001135
0.001161
0.001074
0.001058
0.001173
0.001077
0.001035
0.001073
0.001034
0.001055
0.001035
0.001064
0.00118
0.001195
0.001067
0.001042
0.00105
0.001032
0.001042
0.001028
0.001199
0.001194
0.001069
0.001037
0.001052
0.001051
0.001029
0.001187
0.001166
0.001064
0.001035
0.001055
0.001138
0.001165
0.001181
0.001152
0.001139
0.001131
0.001154
0.006872
0.001182
0.001057
0.001026
0.001034
0.001063
0.001064
0.001033
0.001047
0.001039
0.001061
0.001029
0.00106
0.001033
0.001034
0.00104
0.00106
0.001065
0.001037
0.001034
0.001056
0.001028
0.001038
0.001045
0.001031
0.001058
0.00103
0.00105
0.001049
0.001044
0.001036
0.001055
0.001044
0.001036
0.001029
0.001047
0.001029
0.00103
0.001035
0.00106
0.00104
0.00103
0.001059
0.00103
0.001045
0.001029
0.001058
0.001038
0.001044
0.001033
0.001061
0.001045
0.001045
0.001026
0.001057
0.001038
0.001038
0.001036
0.001042
0.001045
0.001031
0.001057
0.001032
0.001053
0.001028
0.00105
0.001044
0.001044
0.001022
0.001052
0.001042
0.001045
0.001039
0.00106
0.00103
0.001034
0.001047
0.001028
0.001046
0.00103
0.001046
0.001029
0.00105
0.001032
0.001051
0.001039
0.001046
0.001024
0.001052
0.001111
0.001039
0.001032
0.00105
0.001044
0.001053
0.001058
0.00103
0.001045
0.001032
0.001045
0.001028
0.001037
0.00103
0.001048
0.001033
0.001035
0.001043
0.0011
0.001042
0.001032
0.001025
0.001033
0.001038
0.001039
0.001047
0.001036
0.001037
0.001036
0.001066
0.001037
0.001041
0.001027
0.001043
0.001048
0.001033
0.00103
0.001056
0.001035
0.001035
0.001059
0.001039
0.00103
0.001036
0.001049
0.001028
0.001052
0.001029
0.001044
0.001035
0.001033
0.001037
0.001063
0.001033
0.001034
0.001033
0.001046
0.001043
0.001033
0.001043
0.001031
0.001045
0.001049
0.001044
0.00103
0.001038
0.001024
0.001047
0.001031
0.001044
0.00103
0.001049
0.001047
0.001052
0.001025
0.001043
0.001029
0.001031
0.001047
0.001032
0.001041
0.001059
0.001096
0.001082
0.001111
0.001075
0.001103
0.001097
0.001083
0.001093
0.001091
0.001099
0.001082
0.001089
0.0011
0.001098
0.001068
0.001098
0.001089
0.001092
0.001091
0.001105
0.001087
0.001076
0.001087
0.001086
0.001088
0.001093
0.001093
0.001094
0.001088
0.001089
0.001088
0.001114
0.001077
0.001098
0.001102
0.001088
0.00111
0.001079
0.001107
0.001087
0.001094
0.001101
0.001072
0.001091
0.001087
0.001096
0.001095
0.001114
0.001082
0.001093
0.001075
0.001115
0.001079
0.001088
0.001106
0.001073
0.001088
0.001089
0.001108
0.001074
0.001094
0.001083
0.001101
0.001097
0.001091
0.001106
0.001078
0.001095
0.001084
0.00111
0.0011
0.001081
0.001099
0.001103
0.001071
0.001102
0.001105
0.001081
0.001081
0.001082
0.001107
0.001069
0.001092
0.001107
0.001077
0.001093
0.001086
0.001107
0.001077
0.001083
0.00109
0.001117
0.001091
0.001085
0.001099
0.001084
0.001098
0.001079
0.001099
0.001097
0.001078
0.001091
0.001105
0.001082
0.001176
0.001108
0.001088
0.001095
0.001086
0.001109
0.00108
0.001094
0.001097
0.001088
0.001089
0.001096
0.001103
0.001088
0.001082
0.001093
0.001101
0.001092
0.00108
0.001112
0.001081
0.001097
0.001085
0.00111
0.001094
0.001073
0.001108
0.001081
0.001089
0.001083
0.001073
0.001042
0.001045
0.001031
0.001056
0.001034
0.001036
0.001027
0.001035
0.001052
0.001029
0.001046
0.001027
0.00106
0.001042
0.009385
0.001106
0.00103
0.001028
0.001048
0.001042
0.001038
0.001053
0.001034
0.001043
0.001039
0.001043
0.001031
0.00106
0.001598
0.00104
0.001041
0.001044
0.001052
0.001039
0.001063
0.001031
0.001052
0.001037
0.001034
0.001032
0.001053
0.001044
0.001043
0.001028
0.001069
0.001055
0.001035
0.001054
0.001036
0.001049
0.001038
0.001055
0.001039
0.001039
0.001034
0.001057
0.001046
0.001044
0.001034
0.001064
0.001056
0.001042
0.001051
0.001043
0.001035
0.001037
0.001052
0.00103
0.001054
0.001041
0.001055
0.001032
0.00105
0.001043
0.00106
0.001054
0.00104
0.001032
0.001058
0.001057
0.001043
0.001055
0.00103
0.001043
0.001041
0.001057
0.001045
0.00109
0.001045
0.001049
0.001053
0.001026
0.001033
0.001047
0.001023
0.001022
0.001043
0.001028
0.001039
0.001028
0.001056
0.001035
0.001025
0.001035
0.001071
0.001031
0.001037
0.001119
0.001069
0.001036
0.001029
0.001026
0.00107
0.001122
0.001038
0.001051
0.001035
0.001047
0.001029
0.001041
0.001036
0.001034
0.001032
0.00107
0.001043
0.001039
0.001035
0.001034
0.00104
0.001033
0.001045
0.001035
0.001037
0.001023
0.00106
0.001029
0.001039
0.00103
0.001037
0.00103
0.001033
0.001034
0.001044
0.001032
0.001048
0.001125
0.001081
0.001031
0.001036
0.001044
0.00104
0.001039
0.001044
0.001061
0.00103
0.001036
0.001038
0.001059
0.001054
0.001037
0.001038
0.001047
0.001037
0.001029
0.001055
0.001039
0.001029
0.00104
0.001064
0.001045
0.001036
0.001026
0.001054
0.001037
0.001055
0.001032
0.001048
0.001036
0.00104
0.001042
0.001061
0.001036
0.001036
0.001051
0.001036
0.001027
0.001037
0.001042
0.001041
0.001049
0.001054
0.001045
0.001037
0.001046
0.00103
0.00105
0.001037
0.001031
0.00103
0.001059
0.001035
0.001049
0.001055
0.001034
0.001054
0.001036
0.001046
0.001033
0.001039
0.001031
0.001039
0.001034
0.001062
0.001032
0.001049
0.00103
0.00104
0.001049
0.001029
0.001041
0.001042
0.00105
0.001036
0.001051
0.001031
0.001049
0.001033
0.001043
0.001037
0.00105
0.001038
0.001041
0.00103
0.001048
0.001038
0.00105
0.001051
0.001035
0.001024
0.00103
0.001057
0.001036
0.001035
0.001041
0.001044
0.001031
0.001056
0.001032
0.001048
0.001035
0.001037
0.001028
0.001053
0.001034
0.001029
0.001047
0.001038
0.001045
0.00104
0.001045
0.001045
0.001035
0.001036
0.00104
0.001034
0.001052
0.001043
0.001045
0.001048
0.001031
0.001031
0.001039
0.001028
0.001035
0.001042
0.001051
0.00103
0.001035
0.001054
0.001044
0.001037
0.001033
0.001038
0.001047
0.001042
0.001027
0.001052
0.001036
0.001049
0.001043
0.001058
0.001031
0.001043
0.001048
0.001035
0.001031
0.001035
0.001048
0.00104
0.00105
0.001034
0.001039
0.001025
0.00105
0.001033
0.001047
0.001038
0.001035
0.001031
0.00105
0.001029
0.00104
0.001067
0.001034
0.001034
0.001031
0.001044
0.001036
0.001045
0.001033
0.001033
0.001035
0.001036
0.001026
0.001065
0.001036
0.001055
0.001108
0.001081
0.001073
0.001085
0.0011
0.001087
0.001085
0.001068
0.001118
0.001089
0.001067
0.001106
0.001087
0.001091
0.001075
0.001098
0.001085
0.001104
0.001071
0.001102
0.001082
0.001079
0.001098
0.001096
0.001095
0.001073
0.001102
0.001088
0.001076
0.001093
0.00109
0.001079
0.001081
0.001097
0.00109
0.001107
0.001072
0.001104
0.001089
0.001185
0.001096
0.001102
0.00109
0.001074
0.001094
0.001083
0.001103
0.001091
0.001084
0.001087
0.001085
0.001089
0.001093
0.001103
0.001084
0.00111
0.00108
0.001086
0.001101
0.001068
0.001088
0.001095
0.001102
0.001087
0.001098
0.001079
0.001087
0.001078
0.001087
0.00112
0.001083
0.001099
0.001083
0.001097
0.001076
0.00111
0.0011
0.001074
0.001084
0.001093
0.001089
0.001085
0.001105
0.001077
0.001101
0.001079
0.00109
0.001108
0.001094
0.001073
0.001093
0.001092
0.001077
0.001102
0.00109
0.001103
0.001074
0.001102
0.001099
0.00109
0.00108
0.001089
0.001105
0.00108
0.001086
0.001105
0.001082
0.001085
0.001083
0.001105
0.001091
0.00109
0.001085
0.001114
0.001083
0.00108
0.001111
0.001088
0.001086
0.001084
0.001102
0.001089
0.001083
0.001075
0.001086
0.001094
0.001081
0.001098
0.001089
0.001147
0.001089
0.001135
0.001105
0.001098
0.00147
0.00118
0.001109
0.001119
0.001229
0.001137
0.001095
0.001099
0.001096
0.001111
0.001272
0.001123
0.001109
0.001258
0.001387
0.001288
0.001178
0.001111
0.001444
0.001146
0.002532
0.001271
0.001368
0.001574
0.001546
0.001518
0.00151
0.001404
0.001532
0.001634
0.001649
0.001661
0.001483
0.001508
0.001675
0.001338
0.001276
0.001523
0.001282
0.001425
0.001435
0.001619
0.00178
0.001768
0.001729
0.001199
0.001123
0.001249
0.00127
0.001546
0.001242
0.00123
0.001225
0.001298
0.001454
0.00154
0.001248
0.001108
0.001093
0.001123
0.001095
0.001398
0.001393
0.001131
0.001112
0.001102
0.001108
0.001093
0.001104
0.001117
0.001115
0.001117
0.001086
0.001096
0.001105
0.001093
0.001084
0.001097
0.001082
0.001102
0.001112
0.001077
0.001129
0.001089
0.001128
0.001093
0.001111
0.001113
0.001089
0.001111
0.0011
0.001098
0.001094
0.0011
0.001093
0.001104
0.001105
0.00123
0.001108
0.001084
0.001106
0.001094
0.001115
0.001076
0.001093
0.001106
0.001084
0.001105
0.001086
0.001091
0.001088
0.001107
0.001097
0.001098
0.001103
0.001122
0.001104
0.001089
0.001089
0.0011
0.001116
0.001092
0.001091
0.00111
0.001111
0.001086
0.001085
0.001094
0.001073
0.00109
0.001093
0.001109
0.001097
0.001075
0.001111
0.001279
0.001213
0.00125
0.001247
0.001268
0.001134
0.001281
0.001328
0.001308
0.001173
0.001122
0.001094
0.001092
0.001123
0.001183
0.00111
0.001096
0.001126
0.0011
0.001117
0.001093
0.001112
0.001104
0.001092
0.001101
0.001115
0.001088
0.00109
0.001146
0.001104
0.001102
0.001092
0.001123
0.001107
0.001091
0.001114
0.001097
0.001095
0.001093
0.001121
0.0011
0.001088
0.001105
0.001105
0.001106
0.001081
0.001098
0.001088
0.001091
0.001081
0.001124
0.001106
0.001088
0.001108
0.001096
0.001091
0.001099
0.001102
0.001092
0.001085
0.001101
0.001087
0.001131
0.001092
0.001115
0.001098
0.001088
0.001096
0.001092
0.001087
0.001089
0.001104
0.001087
0.001103
0.0011
0.001098
0.001096
0.001089
0.001108
0.001081
0.001114
0.001095
0.001109
0.001083
0.001103
0.00109
0.001094
0.001092
0.001104
0.001116
0.001083
0.001104
0.001101
0.001111
0.00108
0.001109
0.001118
0.001082
0.001094
0.001087
0.001119
0.001094
0.001109
0.001103
0.001112
0.001113
0.001107
0.00113
0.001097
0.001084
0.001089
0.001107
0.001081
0.001081
0.001115
0.001094
0.001146
0.001158
0.00126
0.001115
0.001101
0.001127
0.0011
0.001083
0.001092
0.001112
0.001089
0.001083
0.00113
0.001087
0.001103
0.001075
0.001128
0.00109
0.001079
0.001081
0.001114
0.001106
0.001084
0.001123
0.001098
0.001104
0.001076
0.001073
0.001036
0.001044
0.001035
0.001057
0.001032
0.00105
0.001054
0.001046
0.001056
0.001033
0.001049
0.001039
0.014989
0.001196
0.001078
0.001216
0.001067
0.001065
0.001072
0.001203
0.001063
0.001076
0.001063
0.001081
0.001056
0.001062
0.001248
0.001064
0.00106
0.001175
0.001081
0.001059
0.001065
0.001055
0.001061
0.001058
0.001369
0.001078
0.001061
0.001197
0.00108
0.001091
0.001054
0.00106
0.001088
0.001062
0.001295
0.001057
0.001088
0.001068
0.001058
0.001094
0.001065
0.001314
0.00106
0.001063
0.001193
0.001062
0.001073
0.00107
0.001061
0.001053
0.001087
0.001368
0.001072
0.001077
0.001075
0.001067
0.001062
0.001361
0.001072
0.001056
0.001212
0.001107
0.001056
0.001209
0.00109
0.001067
0.001073
0.001063
0.001082
0.001068
0.001344
0.001081
0.001078
0.001055
0.001061
0.001072
0.001064
0.001378
0.00108
0.001056
0.001192
0.001052
0.001076
0.001069
0.001236
0.001095
0.00107
0.001225
0.001085
0.001083
0.001189
0.001069
0.001062
0.001083
0.001061
0.001132
0.001086
0.001362
0.001079
0.001064
0.001228
0.001085
0.00107
0.001084
0.001235
0.001062
0.001079
0.001103
0.001064
0.001057
0.001297
0.001061
0.001078
0.001194
0.001083
0.001067
0.001214
0.001103
0.001061
0.001057
0.00107
0.001081
0.001068
0.001368
0.001158
0.00106
0.001062
0.001199
0.001116
0.001057
0.001289
0.001112
0.001064
0.001066
0.001066
0.001083
0.001063
0.001319
0.001075
0.001075
0.001095
0.001061
0.001078
0.001303
0.001068
0.001061
0.001083
0.001062
0.001059
0.00109
0.001364
0.001078
0.001065
0.001083
0.00106
0.001061
0.001078
0.001341
0.001094
0.001065
0.001092
0.001057
0.00107
0.001294
0.001061
0.001077
0.001225
0.001298
0.0011
0.007436
0.001404
0.00111
0.00106
0.001082
0.00103
0.001056
0.001037
0.001045
0.00105
0.001058
0.001051
0.001035
0.001041
0.001062
0.00105
0.001037
0.00106
0.001047
0.001058
0.001033
0.001059
0.001037
0.001052
0.001034
0.001062
0.001047
0.00104
0.001035
0.001059
0.001036
0.001034
0.001049
0.001049
0.001031
0.001049
0.001057
0.001046
0.00104
0.001028
0.001053
0.001037
0.001039
0.001045
0.001083
0.00105
0.001036
0.001038
0.001073
0.001037
0.001034
0.001053
0.00104
0.001051
0.001033
0.001061
0.001039
0.001033
0.001036
0.001061
0.001034
0.001031
0.001032
0.001066
0.001045
0.001039
0.001073
0.001051
0.00103
0.001056
0.001062
0.001028
0.001034
0.001033
0.001062
0.001041
0.00103
0.001042
0.001073
0.001036
0.001039
0.001038
0.001085
0.001037
0.001038
0.001057
0.001032
0.001036
0.001035
0.00105
0.001037
0.001035
0.001038
0.001069
0.001034
0.001062
0.001039
0.001066
0.001039
0.001046
0.001053
0.001038
0.001033
0.001049
0.001082
0.001032
0.001028
0.001033
0.001053
0.001037
0.00105
0.001046
0.001056
0.001048
0.001032
0.001058
0.001058
0.001032
0.00104
0.001058
0.001036
0.001036
0.001036
0.001058
0.001043
0.001055
0.001044
0.00106
0.001032
0.001033
0.001041
0.001057
0.001037
0.001035
0.001054
0.001048
0.001032
0.001077
0.001053
0.001037
0.001056
0.001032
0.001059
0.001034
0.001032
0.001042
0.00106
0.001043
0.001057
0.001061
0.001041
0.001037
0.001036
0.00105
0.001048
0.001056
0.001037
0.001056
0.001038
0.001048
0.00104
0.001056
0.001036
0.001033
0.001033
0.001045
0.001026
0.001031
0.001051
0.001043
0.001034
0.001058
0.00105
0.001038
0.001036
0.001037
0.001056
0.001038
0.001037
0.001037
0.001056
0.001036
0.001044
0.001037
0.00106
0.00103
0.001043
0.001052
0.001032
0.001034
0.001033
0.001061
0.001034
0.001043
0.001028
0.001058
0.001043
0.001036
0.001042
0.001073
0.001041
0.001035
0.001058
0.001049
0.00105
0.001041
0.001057
0.001039
0.001039
0.00103
0.001061
0.001037
0.00104
0.001043
0.001057
0.001055
0.001046
0.001042
0.001061
0.001045
0.001044
0.001054
0.001044
0.001039
0.001034
0.001056
0.001049
0.001044
0.001036
0.001065
0.001042
0.001064
0.00104
0.001065
0.001039
0.001034
0.001062
0.001051
0.001039
0.001044
0.002041
0.001115
0.00109
0.001067
0.001044
0.00105
0.00104
0.001064
0.001037
0.00105
0.001059
0.001043
0.001042
0.001048
0.001066
0.001045
0.001052
0.001027
0.001061
0.00104
0.001064
0.001047
0.001059
0.001039
0.001032
0.001053
0.001047
0.001036
0.001039
0.001057
0.001038
0.001058
0.001034
0.001075
0.001042
0.001055
0.001039
0.001063
0.001038
0.001047
0.001065
0.001038
0.001045
0.001041
0.001057
0.001053
0.001038
0.001041
0.001065
0.001046
0.001054
0.001047
0.001065
0.001049
0.001032
0.001045
0.001066
0.001032
0.00104
0.001058
0.001044
0.001035
0.001043
0.001062
0.00105
0.001058
0.00104
0.001068
0.00104
0.001036
0.001041
0.001058
0.001034
0.001033
0.001053
0.001055
0.001037
0.001045
0.001067
0.001043
0.001054
0.001037
0.001038
0.001032
0.001034
0.001039
0.001096
0.001042
0.001029
0.001056
0.001039
0.001042
0.001036
0.001057
0.00104
0.001042
0.001039
0.001053
0.001045
0.001038
0.00103
0.001049
0.001032
0.00103
0.001038
0.001041
0.001035
0.001031
0.001052
0.001053
0.001036
0.001042
0.001053
0.001036
0.001036
0.00104
0.001052
0.001041
0.001042
0.001034
0.001085
0.001038
0.001033
0.001039
0.001061
0.001032
0.001041
0.001061
0.001037
0.001029
0.001039
0.001065
0.001042
0.001039
0.001028
0.001062
0.001035
0.001029
0.001038
0.001061
0.001032
0.001054
0.001064
0.001053
0.00104
0.001042
0.001053
0.001045
0.001038
0.001039
0.001048
0.001039
0.00104
0.001052
0.001063
0.00103
0.001053
0.001041
0.001052
0.001038
0.001034
0.001049
0.00105
0.001037
0.001058
0.001054
0.001035
0.001035
0.001032
0.001058
0.001041
0.001064
0.001037
0.00106
0.001033
0.001049
0.001062
0.001049
0.001043
0.001036
0.001059
0.001042
0.001035
0.001039
0.001046
0.001051
0.001054
0.001041
0.001058
0.001035
0.001046
0.001053
0.001039
0.001035
0.001033
0.001057
0.001048
0.001034
0.001058
0.00107
0.001039
0.001059
0.001035
0.001053
0.001038
0.001032
0.001045
0.001058
0.001043
0.001054
0.001059
0.00105
0.001048
0.001039
0.001056
0.001037
0.001054
0.001044
0.001055
0.001036
0.001052
0.001033
0.001069
0.001039
0.001035
0.001051
0.001039
0.001041
0.001039
0.001064
0.00105
0.001054
0.001044
0.001047
0.00104
0.001045
0.001037
0.001061
0.001038
0.001033
0.001036
0.001052
0.001043
0.001035
0.001058
0.00107
0.001053
0.001058
0.001062
0.001055
0.001041
0.001056
0.001076
0.001058
0.001051
0.00107
0.00105
0.001037
0.001038
0.001057
0.001044
0.001059
0.001064
0.001066
0.001057
0.001053
0.00104
0.001072
0.001042
0.001042
0.001054
0.001041
0.001039
0.001028
0.001059
0.001052
0.001046
0.001047
0.001062
0.001037
0.001033
0.00103
0.001058
0.001051
0.001031
0.001038
0.001059
0.001047
0.001043
0.001054
0.001036
0.00104
0.001039
0.001061
0.00104
0.001047
0.001032
0.001043
0.00105
0.001032
0.00104
0.001068
0.00104
0.001037
0.001057
0.001041
0.001036
0.001053
0.001054
0.001064
0.001036
0.001043
0.001051
0.001039
0.001035
0.001039
0.001054
0.001035
0.001036
0.001032
0.001063
0.00104
0.001059
0.001057
0.00104
0.001034
0.001031
0.001068
0.001042
0.001048
0.001043
0.001072
0.001037
0.001031
0.001026
0.001061
0.001035
0.001049
0.001055
0.001051
0.001039
0.001033
0.00106
0.001048
0.001033
0.001041
0.001052
0.001042
0.001039
0.001053
0.001059
0.001052
0.001054
0.001038
0.001065
0.001034
0.001036
0.001053
0.001046
0.001036
0.001035
0.001067
0.001041
0.001036
0.001039
0.001062
0.001041
0.001056
0.001038
0.001054
0.001041
0.001042
0.001059
0.001043
0.001036
0.001034
0.001064
0.001048
0.001035
0.001047
0.001052
0.001037
0.001069
0.001041
0.001059
0.00104
0.001045
0.001063
0.001039
0.001032
0.00104
0.001059
0.001048
0.00103
0.001039
0.001056
0.001038
0.001069
0.001045
0.001062
0.001036
0.001031
0.001038
0.001046
0.001034
0.001039
0.001058
0.001042
0.001035
0.001052
0.001052
0.001049
0.001055
0.001036
0.001066
0.001039
0.001038
0.001036
0.001038
0.001041
0.001049
0.001053
0.001039
0.001034
0.001042
0.001051
0.001052
0.001038
0.001046
0.001046
0.001036
0.001049
0.001048
0.001057
0.001032
0.001039
0.001052
0.001045
0.001048
0.001036
0.001054
0.001036
0.001036
0.001054
0.001046
0.00105
0.001036
0.00104
0.001056
0.001034
0.001036
0.001042
0.001061
0.001043
0.001048
0.001062
0.001044
0.001034
0.00104
0.001058
0.001052
0.001037
0.001037
0.001053
0.001037
0.001048
0.001047
0.001054
0.001041
0.001034
0.001045
0.001047
0.00104
0.001051
0.00106
0.001044
0.001048
0.001035
0.001044
0.001063
0.001039
0.001037
0.001054
0.001037
0.001041
0.001032
0.001054
0.001053
0.001058
0.001068
0.001048
0.001032
0.001038
0.001051
0.00105
0.001034
0.001031
0.001061
0.001054
0.00104
0.001036
0.001063
0.001037
0.001064
0.001063
0.001046
0.001038
0.001039
0.001065
0.001053
0.001039
0.001046
0.001042
0.001041
0.001035
0.001037
0.001053
0.001038
0.001053
0.001053
0.00104
0.00105
0.001036
0.001067
0.001038
0.001036
0.00104
0.00106
0.001055
0.00103
0.001038
0.001057
0.001051
0.001055
0.00104
0.001072
0.001036
0.001035
0.001051
0.001051
0.001042
0.001032
0.001053
0.001053
0.001032
0.001039
0.001042
0.001047
0.001057
0.001033
0.001059
0.001041
0.00104
0.001052
0.00105
0.00104
0.001033
0.001063
0.001037
0.001036
0.001032
0.00105
0.00104
0.001052
0.001063
0.001066
0.001031
0.00104
0.001037
0.001067
0.001034
0.001036
0.001046
0.001041
0.001031
0.001027
0.001071
0.001039
0.001032
0.001062
0.001052
0.001041
0.001037
0.001044
0.001057
0.001038
0.001039
0.001069
0.001051
0.001869
0.00105
0.001058
0.001043
0.001048
0.001058
0.001042
0.001031
0.001032
0.001058
0.001045
0.001033
0.001046
0.001061
0.001038
0.001034
0.001028
0.001047
0.001052
0.001054
0.001052
0.001059
0.001038
0.011447
0.001253
0.00106
0.001059
0.001033
0.001034
0.001063
0.001047
0.001037
0.001045
0.001049
0.001045
0.001041
0.001037
0.001057
0.001036
0.001066
0.001062
0.001047
0.001037
0.001047
0.001056
0.001044
0.00104
0.001034
0.001059
0.001042
0.001038
0.001036
0.001058
0.001041
0.001081
0.001073
0.001043
0.001038
0.001034
0.001077
0.001044
0.001033
0.001034
0.001054
0.00104
0.001049
0.001039
0.001052
0.001046
0.00106
0.001044
0.001055
0.00104
0.001035
0.001052
0.001039
0.001043
0.001032
0.001062
0.001041
0.001031
0.001033
0.001059
0.001046
0.001054
0.001039
0.001054
0.00105
0.001032
0.001052
0.00104
0.001031
0.001032
0.001046
0.001042
0.001034
0.00104
0.001052
0.001051
0.001039
0.001036
0.001066
0.001044
0.001041
0.001043
0.001057
0.001038
0.001032
0.001049
0.001035
0.001045
0.001045
0.00105
0.001044
0.001034
0.001043
0.001043
0.001044
0.001039
0.001034
0.001055
0.00105
0.001035
0.001038
0.001033
0.00104
0.001042
0.001051
0.001043
0.001059
0.001043
0.001062
0.001049
0.001044
0.001041
0.001053
0.001042
0.001036
0.001037
0.001037
0.001035
0.001036
0.001052
0.001065
0.001036
0.001053
0.001056
0.001038
0.001056
0.00105
0.001052
0.001042
0.001042
0.001039
0.001075
0.001044
0.001034
0.001072
0.001036
0.001038
0.001053
0.001072
0.001051
0.001034
0.001034
0.001074
0.00104
0.001038
0.001033
0.001052
0.001055
0.001047
0.001036
0.001051
0.001037
0.001054
0.001069
0.001038
0.001042
0.001037
0.001067
0.001035
0.001039
0.001041
0.00106
0.001047
0.001052
0.001037
0.001054
0.001035
0.001057
0.001051
0.001032
0.001029
0.001032
0.001053
0.001041
0.001035
0.001034
0.001061
0.001039
0.001039
0.001035
0.001054
0.001049
0.001058
0.001044
0.001033
0.001034
0.001041
0.001067
0.001035
0.001032
0.001034
0.001052
0.001042
0.001033
0.001029
0.001058
0.001051
0.001048
0.001051
0.001062
0.001038
0.001053
0.001049
0.001039
0.001043
0.001039
0.001052
0.00105
0.001037
0.001046
0.001048
0.001041
0.001033
0.001076
0.001113
0.001088
0.001085
0.001121
0.001091
0.001099
0.001106
0.001115
0.001094
0.001103
0.0011
0.001088
0.001102
0.001096
0.001104
0.001107
0.001102
0.001086
0.001117
0.001093
0.0011
0.001104
0.001096
0.001095
0.001077
0.001109
0.001102
0.001121
0.001109
0.001097
0.001087
0.001084
0.001096
0.001101
0.001083
0.001089
0.001085
0.001105
0.001093
0.001097
0.001105
0.001098
0.001092
0.001099
0.001106
0.001092
0.001101
0.001085
0.001088
0.001092
0.001092
0.001114
0.001078
0.001091
0.001104
0.001088
0.00112
0.001108
0.001078
0.0011
0.001086
0.001109
0.001107
0.001095
0.00112
0.001087
0.001097
0.00109
0.001118
0.001086
0.001105
0.001103
0.0011
0.001104
0.001094
0.001111
0.001085
0.001098
0.001091
0.001102
0.001088
0.001099
0.001107
0.001075
0.001092
0.001103
0.001098
0.001084
0.001093
0.001088
0.001107
0.001088
0.00109
0.001121
0.00109
0.001097
0.001092
0.001101
0.001089
0.001106
0.001115
0.001094
0.001077
0.001088
0.001106
0.001103
0.001082
0.00115
0.001119
0.001098
0.001087
0.001106
0.001093
0.001084
0.001089
0.001117
0.001096
0.00111
0.001105
0.001103
0.001098
0.001077
0.001109
0.001092
0.001083
0.001096
0.001114
0.001083
0.001092
0.001114
0.001096
0.001095
0.001079
0.001108
0.001091
0.001088
0.001119
0.001092
0.001093
0.001082
0.001102
0.001096
0.001083
0.001099
0.001101
0.001093
0.001088
0.001093
0.001084
0.001093
0.001084
0.001118
0.0011
0.001099
0.001104
0.0011
0.001092
0.001101
0.001107
0.001084
0.001085
0.001093
0.001103
0.001094
0.001094
0.001108
0.001086
0.001081
0.001092
0.001095
0.001096
0.001107
0.0011
0.001096
0.001089
0.001086
0.001103
0.001364
0.001131
0.001144
0.001119
0.001133
0.001148
0.00115
0.001237
0.001171
0.001134
0.00112
0.001152
0.001114
0.0011
0.00111
0.001129
0.001102
0.001094
0.001127
0.001107
0.001141
0.001114
0.00111
0.001094
0.001095
0.001116
0.001122
0.001139
0.001089
0.001116
0.001115
0.001084
0.00108
0.001081
0.001111
0.001099
0.001123
0.001089
0.001114
0.001084
0.001085
0.001125
0.001094
0.001091
0.001082
0.001114
0.00108
0.001094
0.001136
0.001101
0.001086
0.001081
0.001146
0.00111
0.001083
0.0011
0.001105
0.001089
0.001107
0.00113
0.001107
0.001086
0.001129
0.001128
0.001145
0.001116
0.001131
0.001093
0.001111
0.001122
0.001102
0.001094
0.001097
0.001093
0.001093
0.001092
0.001151
0.001114
0.001092
0.001095
0.001107
0.001119
0.001116
0.001097
0.001134
0.001136
0.001092
0.001084
0.001103
0.00108
0.001109
0.001251
0.001101
0.001091
0.001126
0.001125
0.001088
0.001093
0.001158
0.001087
0.001093
0.001146
0.001147
0.001076
0.001106
0.001119
0.001103
0.001102
0.001123
0.001148
0.001083
0.001082
0.001126
0.00109
0.001079
0.001081
0.001145
0.001093
0.001073
0.001156
0.001118
0.001083
0.001086
0.001113
0.001093
0.001089
0.001115
0.001121
0.001086
0.00108
0.001138
0.001097
0.001091
0.001087
0.001113
0.001087
0.001089
0.001105
0.001156
0.00111
0.001128
0.001127
0.001082
0.001116
0.001122
0.001089
0.001091
0.001086
0.001117
0.001129
0.001093
0.001117
0.001125
0.00109
0.001088
0.001112
0.001114
0.001091
0.001095
0.001099
0.001103
0.001086
0.001171
0.001093
0.001091
0.001096
0.001104
0.001092
0.001093
0.001104
0.00112
0.001111
0.001113
0.001104
0.0011
0.001131
0.001115
0.001126
0.0011
0.001119
0.001108
0.001082
0.001111
0.001093
0.001112
0.001094
0.001124
0.001105
0.001083
0.00113
0.001089
0.001111
0.001082
0.001091
0.001098
0.001102
0.001131
0.001102
0.001151
0.001121
0.00112
0.001095
0.001115
0.001084
0.001094
0.001113
0.001097
0.001084
0.001106
0.001119
0.001117
0.001116
0.001113
0.001092
0.00111
0.001093
0.001119
0.001092
0.001078
0.001095
0.001065
0.001048
0.001034
0.001092
0.001039
0.001038
0.001035
0.001109
0.001064
0.001055
0.00109
0.001112
0.001072
0.00104
0.001086
0.001041
0.001049
0.001073
0.001072
0.001073
0.001043
0.001071
0.001064
0.001074
0.001075
0.001065
0.00108
0.00107
0.014321
0.001337
0.001079
0.001109
0.001231
0.001065
0.001061
0.001156
0.001116
0.001059
0.001117
0.001086
0.001061
0.001055
0.001276
0.001077
0.001062
0.001182
0.001098
0.001088
0.001073
0.001077
0.001055
0.001047
0.001338
0.001113
0.001076
0.001198
0.001081
0.001063
0.001055
0.001193
0.0011
0.001068
0.001058
0.001068
0.001061
0.001334
0.001078
0.001094
0.001061
0.001277
0.001087
0.001064
0.001198
0.001067
0.001073
0.001048
0.001212
0.001072
0.001081
0.001057
0.001056
0.001071
0.001053
0.001053
0.001057
0.00126
0.001066
0.001052
0.001195
0.001111
0.001046
0.001061
0.001189
0.001067
0.001059
0.001088
0.001116
0.001102
0.001345
0.00115
0.001107
0.001184
0.001255
0.001075
0.001066
0.001075
0.001075
0.001055
0.001074
0.001501
0.001135
0.001074
0.001262
0.001115
0.001082
0.001079
0.001081
0.001063
0.001094
0.001345
0.001119
0.001082
0.001225
0.001104
0.001059
0.001062
0.001075
0.001109
0.001054
0.001267
0.001111
0.001053
0.001062
0.001057
0.001116
0.001366
0.001108
0.001088
0.001226
0.00109
0.001082
0.001086
0.001213
0.001056
0.001114
0.001096
0.001069
0.001081
0.00127
0.001086
0.001052
0.001093
0.001084
0.001055
0.001061
0.001362
0.001089
0.001067
0.001221
0.001069
0.001063
0.001059
0.00125
0.001069
0.001073
0.00122
0.001164
0.001086
0.001054
0.001254
0.001067
0.001047
0.001214
0.001088
0.001052
0.001052
0.001102
0.001054
0.001056
0.00142
0.0011
0.00113
0.00119
0.001075
0.001076
0.00108
0.001062
0.001102
0.001326
0.001064
0.0011
0.001257
0.001285
0.001144
0.001062
0.001075
0.001063
0.001072
0.0059
0.001212
0.001085
0.001087
0.001051
0.001053
0.001073
0.001071
0.001041
0.001064
0.001054
0.001039
0.001059
0.001083
0.00106
0.001044
0.00104
0.001073
0.001042
0.001088
0.001063
0.001117
0.001099
0.00107
0.001105
0.001067
0.001064
0.001041
0.001055
0.001075
0.001073
0.001061
0.001081
0.001064
0.001063
0.001066
0.001087
0.001051
0.001064
0.001098
0.001039
0.001104
0.001493
0.001201
0.001307
0.001058
0.001072
0.001038
0.001031
0.001071
0.001052
0.001034
0.00105
0.001436
0.001473
0.001444
0.001314
0.001459
0.001155
0.001063
0.00104
0.00103
0.001073
0.001031
0.001037
0.00106
0.001068
0.001049
0.001032
0.001044
0.001099
0.001115
0.00108
0.001153
0.00108
0.001062
0.001049
0.001069
0.001047
0.001031
0.001044
0.00106
0.001041
0.001056
0.001052
0.001088
0.001042
0.001047
0.001054
0.001055
0.001042
0.001034
0.001078
0.001048
0.001047
0.001046
0.001087
0.001057
0.001057
0.001038
0.001088
0.001035
0.001044
0.001063
0.001053
0.001035
0.001058
0.001083
0.001079
0.001068
0.00104
0.001092
0.001055
0.001057
0.001047
0.001081
0.00105
0.001054
0.001055
0.001064
0.001057
0.001038
0.001056
0.001061
0.001039
0.001043
0.001074
0.001052
0.001055
0.001045
0.001061
0.001036
0.001033
0.001052
0.00104
0.001042
0.00103
0.001066
0.001051
0.001033
0.001037
0.001047
0.001043
0.001034
0.001037
0.001059
0.001044
0.001028
0.001039
0.001052
0.001041
0.001032
0.00106
0.001045
0.001035
0.001036
0.001044
0.001042
0.00103
0.001027
0.001046
0.001045
0.001043
0.001038
0.001053
0.001028
0.00103
0.001045
0.001034
0.001056
0.001079
0.001072
0.001067
0.001055
0.001068
0.001072
0.001057
0.001056
0.001054
0.001053
0.001054
0.00106
0.001096
0.001052
0.001042
0.001072
0.001045
0.00106
0.00103
0.001052
0.001088
0.001059
0.001035
0.001037
0.001072
0.001054
0.001072
0.001083
0.001063
0.001032
0.001076
0.001072
0.001064
0.001049
0.00105
0.001079
0.001056
0.001055
0.001037
0.001065
0.001071
0.001066
0.001071
0.001046
0.001056
0.001064
0.001046
0.001058
0.001068
0.001049
0.001078
0.001037
0.001035
0.001082
0.001033
0.001054
0.001043
0.001089
0.001069
0.001039
0.00105
0.00104
0.001039
0.001035
0.001031
0.001062
0.001045
0.001034
0.001058
0.001034
0.001037
0.001032
0.001061
0.001043
0.001031
0.001031
0.001055
0.00105
0.00103
0.001034
0.001072
0.001041
0.001032
0.001031
0.001055
0.001034
0.001033
0.00107
0.001035
0.001032
0.001033
0.001049
0.001043
0.00103
0.001026
0.001046
0.001045
0.001027
0.001031
0.00105
0.001042
0.001033
0.001094
0.001072
0.001058
0.001064
0.001068
0.001033
0.001045
0.001037
0.001063
0.001071
0.001034
0.00106
0.001084
0.001051
0.001037
0.001066
0.001088
0.001064
0.001059
0.001072
0.001044
0.001054
0.001073
0.001071
0.001075
0.001054
0.001042
0.001057
0.001067
0.001033
0.001086
0.001081
0.001051
0.00104
0.001049
0.001066
0.001042
0.001047
0.001082
0.00106
0.001058
0.001035
0.001088
0.001063
0.001057
0.001082
0.001059
0.001069
0.001052
0.001076
0.001054
0.001037
0.001034
0.001081
0.001064
0.001065
0.00107
0.001042
0.001058
0.001041
0.001054
0.001052
0.001086
0.001057
0.001054
0.001048
0.001035
0.001036
0.001063
0.001035
0.001039
0.001028
0.00104
0.001036
0.00103
0.001074
0.001025
0.001038
0.001036
0.00105
0.001039
0.001034
0.001035
0.001049
0.001033
0.001035
0.001091
0.001093
0.001046
0.001034
0.001064
0.001076
0.001034
0.001048
0.001061
0.001047
0.001057
0.001037
0.001067
0.001056
0.001047
0.001037
0.001063
0.001082
0.001055
0.001079
0.001063
0.001056
0.001038
0.001063
0.001045
0.001036
0.00103
0.001072
0.001069
0.00105
0.001039
0.001052
0.001077
0.001083
0.001102
0.001033
0.001061
0.001057
0.001063
0.001071
0.001034
0.001062
0.001085
0.001034
0.001056
0.001055
0.001037
0.001026
0.001064
0.00108
0.001064
0.001074
0.001037
0.001057
0.001061
0.001035
0.001042
0.001173
0.001042
0.001038
0.001159
0.001044
0.00115
0.001439
0.001515
0.001218
0.001381
0.001215
0.001534
0.001387
0.001332
0.001176
0.001082
0.00119
0.00109
0.001102
0.001099
0.001041
0.001035
0.001254
0.001242
0.001082
0.001166
0.001161
0.00104
0.001128
0.001065
0.001061
0.00105
0.001042
0.001079
0.001041
0.00104
0.001059
0.001072
0.001039
0.001173
0.001067
0.001212
0.001108
0.001171
0.001214
0.001168
0.001133
0.00115
0.001105
0.001063
0.001107
0.001105
0.001075
0.001064
0.001094
0.00111
0.001087
0.001084
0.001121
0.001088
0.001054
0.001097
0.00108
0.001116
0.001063
0.001102
0.001092
0.001067
0.001074
0.001131
0.001068
0.001085
0.001066
0.001097
0.001056
0.001089
0.001114
0.001117
0.001099
0.00107
0.001103
0.001127
0.001063
0.001092
0.001119
0.001077
0.001073
0.0011
0.001095
0.0011
0.001078
0.001097
0.001068
0.001049
0.001078
0.001067
0.001053
0.001059
0.001088
0.001066
0.001056
0.001053
0.001059
0.001044
0.001091
0.001112
0.001088
0.001059
0.001042
0.001068
0.001041
0.00108
0.001108
0.001086
0.001048
0.001048
0.001049
0.001067
0.001052
0.001051
0.001058
0.001043
0.001038
0.001038
0.00107
0.001112
0.001075
0.001167
0.001113
0.001097
0.001091
0.001119
0.001061
0.001058
0.001065
0.001115
0.001114
0.001057
0.001057
0.001086
0.00104
0.001042
0.001058
0.001135
0.001127
0.001088
0.001168
0.001098
0.001067
0.001145
0.001099
0.001088
0.001068
0.001147
0.001093
0.001087
0.001111
0.001101
0.001077
0.001101
0.001105
0.001086
0.001066
0.001075
0.001072
0.001055
0.001072
0.001065
0.001149
0.001119
0.001078
0.001114
0.00109
0.001074
0.001095
0.0011
0.001046
0.001042
0.001086
0.001046
0.001045
0.001043
0.001054
0.001075
0.001041
0.001042
0.001072
0.001084
0.001047
0.001046
0.001062
0.001038
0.001032
0.001083
0.001053
0.001075
0.00105
0.00105
0.001038
0.001034
0.001046
0.001054
0.001044
0.001039
0.001039
0.001053
0.001045
0.001043
0.001099
0.001041
0.001077
0.001038
0.001052
0.001039
0.001026
0.001045
0.001081
0.001041
0.001041