0.001979
0.001001
0.000815
0.000835
0.000816
0.000815
0.000815
0.000795
0.000804
0.000779
0.000786
0.000823
0.000833
0.000854
0.000789
0.000771
0.000779
0.000776
0.000787
0.000802
0.000773
0.000779
0.000787
0.000822
0.000777
0.000775
0.000826
0.000767
0.000791
0.000784
0.000748
0.000775
0.000762
0.001241
0.000785
0.000816
0.000777
0.000763
0.000801
0.000761
0.001419
0.00079
0.00082
0.001585
0.000794
0.000798
0.000836
0.000762
0.00075
0.000818
0.00082
0.000805
0.001556
0.000793
0.000773
0.000833
0.000731
0.000725
0.000746
0.000765
0.000769
0.000751
0.000738
0.000732
0.000742
0.000725
0.000734
0.00073
0.000768
0.000746
0.00079
0.000723
0.000721
0.00073
0.000772
0.000729
0.000726
0.000726
0.000723
0.000733
0.00074
0.000752
0.00072
0.00072
0.00073
0.000743
0.000725
0.000735
0.000751
0.000759
0.000789
0.000774
0.001991
0.00161
0.001474
0.000994
0.000812
0.000807
0.000819
0.000766
0.000737
0.000744
0.000742
0.000734
0.000875
0.000727
0.000741
0.000739
0.000802
0.000956
0.000873
0.000766
0.000847
0.000764
0.000848
0.000823
0.00086
0.001369
0.000894
0.000777
0.000854
0.000814
0.00084
0.00082
0.000787
0.000785
0.000759
0.000803
0.001278
0.001731
0.002098
0.002402
0.00089
0.000756
0.000914
0.001267
0.000801
0.000782
0.000746
0.000729
0.000808
0.000823
0.000721
0.000724
0.00075
0.000734
0.000728
0.000727
0.000743
0.000732
0.000719
0.000755
0.00073
0.000956
0.000845
0.00077
0.000725
0.000724
0.000723
0.000738
0.000735
0.000776
0.00074
0.000725
0.000726
0.000764
0.000753
0.000733
0.000731
0.000732
0.000739
0.000743
0.000791
0.00072
0.000765
0.000736
0.000761
0.000787
0.000774
0.000805
0.000804
0.000772
0.000812
0.000779
0.000775
0.000775
0.00085
0.000831
0.000773
0.000768
0.000786
0.00075
0.000834
0.00077
0.000754
0.000773
0.000733
0.000785
0.00076
0.000966
0.00183
0.000998
0.000835
0.000908
0.001186
0.000861
0.000794
0.000756
0.000808
0.001207
0.001313
0.000985
0.00092
0.001481
0.001463
0.00081
0.000894
0.000761
0.000798
0.000876
0.000773
0.000831
0.000801
0.000798
0.000852
0.00079
0.001463
0.001003
0.000874
0.000798
0.000868
0.000789
0.000782
0.000803
0.000773
0.001017
0.000795
0.000794
0.00075
0.000758
0.000826
0.000811
0.000795
0.0008
0.00082
0.000762
0.000719
0.000737
0.000778
0.000763
0.000767
0.000726
0.000719
0.000779
0.000784
0.000804
0.000747
0.000754
0.000769
0.000751
0.000758
0.000765
0.001333
0.000767
0.000755
0.00072
0.000725
0.00072
0.000733
0.000736
0.000736
0.000725
0.000719
0.000732
0.00075
0.000783
0.000719
0.000716
0.00073
0.000738
0.000731
0.000716
0.000728
0.000744
0.000764
0.000756
0.000798
0.000833
0.000786
0.000792
0.000755
0.000782
0.000806
0.000769
0.000857
0.000786
0.000818
0.00078
0.000756
0.000805
0.000765
0.000801
0.000763
0.000753
0.000787
0.000745
0.000805
0.00076
0.00078
0.000781
0.000761
0.000776
0.000783
0.000768
0.000786
0.000778
0.000805
0.000767
0.000757
0.000776
0.00077
0.000761
0.000775
0.000749
0.000766
0.000823
0.000808
0.00078
0.000792
0.000809
0.000815
0.000836
0.000858
0.000805
0.000811
0.000827
0.000873
0.000929
0.000817
0.000816
0.00081
0.000797
0.000801
0.00079
0.000831
0.001276
0.001128
0.001377
0.00128
0.000893
0.000813
0.000841
0.000811
0.000801
0.000824
0.000812
0.000857
0.000798
0.000795
0.000819
0.000808
0.000781
0.000829
0.000793
0.000804
0.00084
0.000775
0.000802
0.000777
0.000776
0.000786
0.000758
0.000846
0.000782
0.000777
0.000844
0.000771
0.000794
0.000756
0.000773
0.00078
0.000763
0.000784
0.000762
0.000796
0.000772
0.000785
0.00075
0.00075
0.000745
0.000777
0.000777
0.002926
0.001894
0.000921
0.0008
0.000807
0.000772
0.001065
0.000783
0.000744
0.000791
0.00076
0.000775
0.000746
0.000789
0.000787
0.000759
0.001626
0.00134
0.000777
0.00079
0.000812
0.000771
0.000776
0.000788
0.001132
0.00187
0.000858
0.000783
0.000799
0.000789
0.000841
0.000791
0.000797
0.000773
0.000763
0.000786
0.000784
0.000782
0.000769
0.000781
0.00077
0.000776
0.00079
0.001452
0.001008
0.000763
0.000818
0.000769
0.00078
0.000742
0.000867
0.000824
0.000803
0.000835
0.000824
0.000819
0.000786
0.000782
0.000789
0.000855
0.000834
0.000839
0.000763
0.000801
0.000797
0.000802
0.000835
0.00081
0.000766
0.000818
0.00081
0.000856
0.0008
0.000839
0.000829
0.00079
0.000802
0.000794
0.0008
0.000821
0.000814
0.000833
0.0008
0.000798
0.000794
0.00081
0.000811
0.000866
0.000809
0.000789
0.00131
0.002275
0.000947
0.000824
0.000815
0.000807
0.000815
0.00083
0.000815
0.000829
0.000801
0.00079
0.000791
0.000775
0.00079
0.000826
0.000777
0.001057
0.002633
0.00155
0.00102
0.000775
0.000753
0.000809
0.0008
0.00077
0.000824
0.000787
0.000798
0.000787
0.000767
0.000762
0.000817
0.000863
0.000761
0.000753
0.000778
0.000781
0.000761
0.000758
0.000776
0.000747
0.000768
0.000753
0.00104
0.00077
0.000743
0.000776
0.000734
0.000721
0.000742
0.00072
0.000729
0.000718
0.000762
0.000716
0.000722
0.000729
0.000721
0.000733
0.000719
0.000735
0.000719
0.000755
0.000724
0.000759
0.000721
0.000717
0.000736
0.000722
0.000732
0.000716
0.000716
0.000728
0.000721
0.000735
0.000752
0.000742
0.000719
0.000724
0.000719
0.000718
0.000792
0.000729
0.000746
0.000755
0.001045
0.001367
0.000815
0.000852
0.000892
0.000892
0.001649
0.001078
0.001096
0.000824
0.000852
0.000823
0.000787
0.000852
0.00081
0.000794
0.000793
0.000809
0.000802
0.000824
0.000847
0.000783
0.000773
0.000774
0.000812
0.000873
0.001196
0.001932
0.000961
0.000779
0.000791
0.000797
0.000821
0.000793
0.000827
0.000852
0.000794
0.000793
0.000794
0.000782
0.000796
0.000784
0.000783
0.000858
0.000807
0.000773
0.000781
0.000777
0.000795
0.000807
0.000794
0.00078
0.000769
0.000792
0.000816
0.002003
0.001808
0.000959
0.000766
0.000791
0.000828
0.000768
0.000808
0.000769
0.000773
0.000754
0.000763
0.000737
0.000741
0.000996
0.001384
0.000815
0.000803
0.000773
0.000774
0.000737
0.000727
0.000716
0.00074
0.001446
0.000795
0.000797
0.000787
0.000749
0.000776
0.000743
0.008065
0.001089
0.001237
0.001155
0.000798
0.000785
0.000858
0.000858
0.001208
0.000794
0.000839
0.000787
0.000875
0.000794
0.000765
0.000782
0.000766
0.000779
0.000871
0.000768
0.000781
0.000764
0.001405
0.001466
0.000784
0.000796
0.000754
0.000765
0.000768
0.000768
0.000827
0.00079
0.00076
0.000812
0.000771
0.000766
0.000815
0.000745
0.000772
0.00075
0.000808
0.000755
0.000778
0.000781
0.000756
0.000771
0.000793
0.000753
0.000748
0.000772
0.000781
0.003628
0.000829
0.000817
0.000775
0.000877
0.000782
0.000787
0.000771
0.00077
0.000779
0.000785
0.000805
0.000796
0.000866
0.000824
0.000825
0.0016
0.000883
0.000879
0.000781
0.000782
0.000808
0.000784
0.000805
0.000823
0.00082
0.000783
0.000803
0.000814
0.000789
0.000781
0.000768
0.0008
0.000781
0.001095
0.001419
0.000835
0.000831
0.000827
0.00083
0.000842
0.000833
0.000776
0.000846
0.000819
0.000792
0.000848
0.000821
0.000814
0.000804
0.000814
0.000859
0.000859
0.000809
0.000783
0.000776
0.000785
0.000802
0.000783
0.000799
0.000803
0.000798
0.000932
0.000783
0.00084
0.000785
0.000789
0.000778
0.000828
0.000771
0.000779
0.000779
0.001301
0.002269
0.000915
0.000796
0.000765
0.000766
0.000805
0.000774
0.000824
0.000757
0.000742
0.000747
0.000742
0.000743
0.000735
0.000805
0.000766
0.000783
0.000797
0.000785
0.000818
0.000778
0.000789
0.000794
0.000796
0.000786
0.000785
0.000786
0.002072
0.002415
0.000806
0.000775
0.000776
0.000789
0.001002
0.002249
0.00087
0.00074
0.000774
0.000746
0.000757
0.000767
0.000825
0.00076
0.000755
0.00078
0.000755
0.000799
0.000753
0.000761
0.000777
0.000741
0.000713
0.000762
0.000839
0.000854
0.000759
0.000774
0.000791
0.001045
0.000914
0.000819
0.001625
0.001812
0.001047
0.001133
0.00186
0.000986
0.000911
0.000827
0.001031
0.000818
0.001453
0.001684
0.000876
0.001351
0.001719
0.001299
0.00083
0.000809
0.000847
0.001047
0.000881
0.000826
0.00085
0.000802
0.001193
0.00221
0.000894
0.002154
0.001119
0.001624
0.001396
0.000838
0.000871
0.000947
0.00103
0.000862
0.000808
0.000812
0.001193
0.000821
0.00084
0.000828
0.000794
0.000848
0.000838
0.000778
0.001088
0.000843
0.000801
0.00081
0.00081
0.00139
0.000893
0.00122
0.000855
0.000786
0.000781
0.001029
0.000802
0.00085
0.000856
0.000825
0.002462
0.002292
0.001704
0.000849
0.000802
0.000805
0.000826
0.000868
0.000824
0.001272
0.000891
0.002644
0.001161
0.001102
0.000812
0.000811
0.000879
0.001038
0.002211
0.000978
0.001277
0.000802
0.000811
0.000818
0.001795
0.001799
0.002063
0.001147
0.001112
0.001071
0.00092
0.00121
0.000857
0.001293
0.002332
0.001524
0.001536
0.000853
0.000799
0.000845
0.001183
0.000909
0.000802
0.001697
0.001236
0.001029
0.001028
0.000831
0.000782
0.000878
0.000877
0.003347
0.001388
0.000853
0.00111
0.000832
0.001739
0.001257
0.00084
0.000822
0.00083
0.001221
0.000818
0.000855
0.000841
0.000811
0.000827
0.000832
0.000787
0.00118
0.000804
0.000848
0.000893
0.000821
0.000784
0.000851
0.001197
0.001003
0.000841
0.000799
0.000838
0.000999
0.000834
0.000793
0.001253
0.000799
0.000808
0.001012
0.00083
0.000841
0.001645
0.00272
0.000834
0.000818
0.000826
0.001191
0.000863
0.0008
0.000809
0.008777
0.001205
0.000851
0.000823
0.000809
0.000837
0.000829
0.000822
0.000817
0.000813
0.000784
0.000794
0.000787
0.000805
0.000811
0.000834
0.00088
0.00088
0.000791
0.00077
0.000773
0.00078
0.000809
0.000791
0.000813
0.000986
0.000968
0.00084
0.001007
0.001418
0.00077
0.000754
0.000752
0.000749
0.000876
0.00106
0.000924
0.001016
0.001277
0.001315
0.000853
0.000759
0.000832
0.000809
0.000776
0.000795
0.000764
0.000788
0.000764
0.000787
0.000771
0.000787
0.000847
0.000788
0.000778
0.00079
0.000835
0.000805
0.000875
0.000786
0.000852
0.000821
0.000787
0.000786
0.000865
0.000797
0.000791
0.000788
0.000777
0.000791
0.000769
0.000864
0.000816
0.000776
0.000886
0.000894
0.002667
0.001381
0.001319
0.000802
0.000797
0.000828
0.000831
0.000811
0.000819
0.000786
0.000828
0.000839
0.000762
0.000796
0.000773
0.000792
0.000799
0.000796
0.00081
0.000791
0.000764
0.000883
0.000798
0.000802
0.000795
0.000783
0.000789
0.000774
0.00077
0.000813
0.000824
0.001773
0.001495
0.001394
0.001081
0.000941
0.001287
0.001325
0.001009
0.000978
0.001297
0.001541
0.002019
0.001373
0.001684
0.001347
0.000862
0.000822
0.000812
0.001269
0.000796
0.000796
0.000848
0.0008
0.000803
0.00083
0.000807
0.000804
0.000891
0.000892
0.000867
0.000832
0.00081
0.000801
0.000841
0.000803
0.00082
0.000789
0.000828
0.000832
0.000769
0.000799
0.000784
0.000884
0.000792
0.000785
0.000785
0.000786
0.00084
0.000784
0.000774
0.000816
0.000789
0.000816
0.000782
0.000824
0.000859
0.000804
0.000863
0.000816
0.000828
0.000764
0.000796
0.000778
0.000766
0.000736
0.000761
0.000757
0.001739
0.001895
0.00096
0.000917
0.00088
0.001005
0.001533
0.001373
0.001145
0.000904
0.00094
0.000821
0.000802
0.000759
0.001268
0.000815
0.00086
0.000838
0.000841
0.000933
0.000836
0.000773
0.000923
0.001242
0.001151
0.000803
0.000883
0.000803
0.000787
0.000796
0.000823
0.00113
0.002244
0.000972
0.001108
0.001445
0.001082
0.000896
0.000824
0.000831
0.000788
0.000808
0.000794
0.000799
0.000775
0.000823
0.000803
0.000828
0.000817
0.000792
0.000819
0.000812
0.00079
0.000774
0.000776
0.00083
0.000824
0.001399
0.000856
0.000827
0.000784
0.000801
0.000845
0.000777
0.000839
0.000806
0.000839
0.000807
0.000808
0.000844
0.000816
0.000804
0.000776
0.000825
0.000821
0.001109
0.00129
0.000822
0.000807
0.000831
0.001416
0.001103
0.000801
0.001489
0.00091
0.000829
0.000783
0.000792
0.000789
0.000793
0.000832
0.001682
0.000841
0.000796
0.000781
0.000838
0.0008
0.00084
0.000821
0.000802
0.000836
0.000943
0.000919
0.000824
0.000799
0.000791
0.000795
0.000833
0.000794
0.000782
0.000801
0.000802
0.000796
0.000794
0.000783
0.000797
0.000786
0.000799
0.000811
0.000891
0.000829
0.000803
0.00083
0.000832
0.000817
0.000827
0.000818
0.000848
0.000789
0.00083
0.00083
0.00081
0.000768
0.000754
0.000764
0.000773
0.0008
0.000796
0.000802
0.000825
0.000801
0.000791
0.000828
0.000792
0.000874
0.000771
0.000777
0.000779
0.00077
0.001399
0.001275
0.000958
0.000949
0.00084
0.000799
0.000852
0.000796
0.000773
0.00077
0.000769
0.000764
0.000817
0.000775
0.000822
0.000775
0.000844
0.000777
0.000893
0.000791
0.000803
0.000827
0.000787
0.000824
0.000748
0.000805
0.00131
0.001095
0.001821
0.000938
0.000814
0.000825
0.000804
0.000759
0.000744
0.000922
0.001259
0.000902
0.000827
0.000822
0.000884
0.00086
0.000805
0.000822
0.00078
0.000759
0.000868
0.00081
0.000749
0.000827
0.000803
0.000809
0.000777
0.000749
0.001008
0.000805
0.001042
0.001209
0.000894
0.000759
0.000753
0.000824
0.000793
0.000873
0.00081
0.000815
0.000817
0.000823
0.000809
0.000804
0.000783
0.000796
0.000799
0.000818
0.000901
0.001038
0.000851
0.000758
0.000814
0.000875
0.000809
0.000843
0.000842
0.000724
0.000721
0.000992
0.001588
0.001877
0.001097
0.001163
0.001202
0.001369
0.000814
0.000833
0.000816
0.000841
0.000811
0.00162
0.001406
0.001227
0.001014
0.000887
0.000927
0.001227
0.001109
0.001189
0.000783
0.000756
0.000763
0.000988
0.000909
0.000839
0.000843
0.00081
0.000788
0.000855
0.000799
0.000817
0.000766
0.00082
0.000833
0.000955
0.00143
0.000833
0.000796
0.000853
0.000879
0.000782
0.000774
0.000775
0.001345
0.002563
0.001218
0.001564
0.001643
0.001063
0.000786
0.000804
0.000855
0.000804
0.000816
0.00082
0.000821
0.000839
0.000849
0.000858
0.000797
0.002108
0.00108
0.001327
0.001096
0.001114
0.000819
0.000781
0.000861
0.000817
0.000817
0.000789
0.00082
0.000776
0.001086
0.00086
0.000773
0.00158
0.001744
0.001662
0.001192
0.001062
0.000804
0.000825
0.000781
0.000889
0.000848
0.000778
0.000821
0.000854
0.0008
0.000793
0.000778
0.000756
0.000803
0.000813
0.000803
0.000867
0.000853
0.000902
0.000858
0.000796
0.000783
0.000768
0.000807
0.000801
0.00075
0.000824
0.000958
0.000804
0.000771
0.000776
0.000763
0.000794
0.000773
0.000754
0.000794
0.000921
0.000811
0.000791
0.00077
0.000817
0.00082
0.000814
0.000797
0.000821
0.000842
0.00084
0.000805
0.000761
0.000762
0.000828
0.000786
0.000783
0.000807
0.000769
0.000779
0.000791
0.000883
0.000822
0.000777
0.000803
0.000764
0.00079
0.000772
0.000761
0.000819
0.000813
0.001103
0.001218
0.000746
0.000853
0.000778
0.000817
0.00076
0.000782
0.000767
0.000918
0.000787
0.000745
0.000801
0.000763
0.00085
0.000787
0.000791
0.000979
0.001778
0.002908
0.001124
0.000859
0.001048
0.001805
0.001252
0.002243
0.001477
0.000848
0.000909
0.001175
0.001326
0.000844
0.000807
0.000812
0.001666
0.000965
0.000858
0.0015
0.001146
0.000823
0.000824
0.00078
0.000808
0.000751
0.000766
0.000828
0.000816
0.00094
0.001906
0.000964
0.000881
0.000828
0.000793
0.000897
0.000831
0.000799
0.000892
0.000833
0.000876
0.00079
0.000794
0.000867
0.000824
0.000761
0.000765
0.000775
0.000763
0.000776
0.000766
0.000776
0.000786
0.001322
0.00282
0.002031
0.001088
0.000835
0.000793
0.000931
0.00187
0.00087
0.000836
0.000844
0.000808
0.00081
0.000839
0.000843
0.000789
0.000835
0.000795
0.000746
0.000743
0.000736
0.000739
0.000755
0.000766
0.000824
0.000809
0.000786
0.000829
0.000791
0.000801
0.000807
0.000787
0.000802
0.000785
0.000855
0.000791
0.000784
0.000788
0.000757
0.000736
0.000805
0.000775
0.000797
0.000774
0.000853
0.000784
0.000771
0.000862
0.000782
0.000797
0.000789
0.000772
0.000797
0.000762
0.001004
0.000832
0.000807
0.000803
0.000783
0.000804
0.000792
0.000788
0.000779
0.000814
0.000805
0.000809
0.000783
0.000802
0.000787
0.00077
0.000794
0.000796
0.000793
0.000753
0.002268
0.001303
0.001375
0.001822
0.000989
0.000865
0.000797
0.00082
0.000883
0.000819
0.000785
0.000802
0.000793
0.000794
0.000794
0.000844
0.000802
0.000859
0.000886
0.000773
0.00078
0.000871
0.000845
0.000845
0.001414
0.002209
0.001936
0.001287
0.000836
0.000987
0.001766
0.001046
0.000827
0.000813
0.000785
0.000836
0.000892
0.000822
0.0008
0.000824
0.000867
0.000798
0.000833
0.000825
0.000792
0.000854
0.000799
0.000825
0.001746
0.000823
0.000814
0.000806
0.000825
0.000788
0.000797
0.000857
0.000799
0.000789
0.000774
0.001669
0.002023
0.001009
0.00085
0.000853
0.000823
0.000891
0.001016
0.00076
0.000786
0.000722
0.000781
0.000722
0.000844
0.000821
0.000735
0.001372
0.001529
0.000872
0.000881
0.000903
0.000936
0.00102
0.000751
0.000756
0.000785
0.000788
0.000853
0.000978
0.000887
0.00073
0.000928
0.001011
0.001066
0.00153
0.000887
0.001125
0.001694
0.001016
0.000788
0.000813
0.000819
0.000792
0.000776
0.000806
0.000831
0.000878
0.000795
0.000805
0.000812
0.000769
0.000821
0.000788
0.000822
0.000799
0.000753
0.000848
0.000769
0.000765
0.000817
0.000763
0.000776
0.000811
0.000775
0.000775
0.000793
0.001415
0.002474
0.001144
0.000796
0.000811
0.000768
0.000801
0.000828
0.000771
0.000795
0.000789
0.000758
0.000775
0.000761
0.000836
0.000803
0.000798
0.00175
0.000967
0.000796
0.000947
0.000851
0.000781
0.000798
0.000759
0.000785
0.000756
0.000832
0.000888
0.000787
0.000818
0.000819
0.000806
0.000768
0.000761
0.002063
0.001638
0.000903
0.000887
0.000789
0.000808
0.000791
0.000861
0.000759
0.000795
0.000783
0.000761
0.000751
0.000847
0.000784
0.001021
0.00156
0.001133
0.001516
0.000946
0.000851
0.00081
0.000752
0.000785
0.000792
0.000966
0.000999
0.000773
0.000815
0.000813
0.000721
0.000801
0.000747
0.000718
0.000864
0.000858
0.000734
0.001053
0.001232
0.000796
0.000869
0.000832
0.000786
0.000802
0.000759
0.000857
0.000788
0.000778
0.000824
0.000781
0.000822
0.00079
0.000827
0.000816
0.000809
0.0008
0.000807
0.000799
0.00078
0.000768
0.000801
0.000778
0.000812
0.000771
0.000812
0.000846
0.000848
0.000807
0.00078
0.000785
0.000783
0.000797
0.000817
0.000797
0.000774
0.000824
0.00077
0.000792
0.000867
0.000789
0.000801
0.000751
0.000848
0.000746
0.000796
0.000797
0.00081
0.000782
0.000771
0.000766
0.000773
0.00088
0.003011
0.000933
0.000829
0.000855
0.000815
0.000809
0.000804
0.000849
0.00089
0.000847
0.000794
0.000783
0.000839
0.00077
0.000822
0.000806
0.000828
0.000837
0.000804
0.000821
0.000845
0.000801
0.000806
0.000759
0.000765
0.00076
0.001055
0.002058
0.000979
0.000779
0.000787
0.000788
0.000791
0.000837
0.000844
0.000801
0.001803
0.001335
0.000907
0.001321
0.00112
0.000877
0.000759
0.000746
0.000762
0.000746
0.000829
0.000793
0.000873
0.000817
0.000775
0.001488
0.000953
0.000799
0.00079
0.000809
0.000874
0.000847
0.000795
0.001506
0.001239
0.000826
0.000827
0.000901
0.000804
0.000794
0.000783
0.000996
0.002152
0.000852
0.000796
0.000789
0.000831
0.000851
0.000845
0.000854
0.000814
0.000807
0.001053
0.001621
0.001511
0.001619
0.001815
0.002833
0.001151
0.000884
0.000862
0.000886
0.000843
0.000771
0.000993
0.001726
0.001161
0.000847
0.00098
0.001464
0.001078
0.000963
0.0008
0.000879
0.000819
0.000819
0.000835
0.000861
0.000829
0.000809
0.000846
0.000827
0.00082
0.000878
0.000904
0.000849
0.000853
0.000805
0.000776
0.000778
0.000796
0.000809
0.000843
0.000803
0.000787
0.000763
0.000828
0.000831
0.000823
0.000823
0.00079
0.000772
0.000797
0.000768
0.000804
0.000768
0.001661
0.002082
0.002049
0.001428
0.002351
0.001482
0.00123
0.001097
0.001363
0.001045
0.001095
0.001356
0.001366
0.002359
0.002951
0.001208
0.001895
0.0009
0.000759
0.000823
0.000877
0.001197
0.003105
0.002052
0.001304
0.000918
0.000838
0.000972
0.000799
0.000777
0.000819
0.001027
0.000828
0.000799
0.001355
0.00084
0.000747
0.000784
0.000775
0.001266
0.000803
0.000823
0.001005
0.001228
0.000995
0.00084
0.001001
0.000835
0.000791
0.000774
0.000992
0.001544
0.001739
0.002668
0.001812
0.001151
0.001318
0.00212
0.000927
0.000821
0.000832
0.000832
0.001099
0.000821
0.000849
0.000803
0.001039
0.000799
0.000833
0.00084
0.000786
0.000794
0.000813
0.000766
0.00162
0.0008
0.000784
0.000807
0.001048
0.00082
0.000818
0.000768
0.000804
0.000809
0.000789
0.001203
0.000799
0.000837
0.00084
0.001723
0.000929
0.000848
0.000837
0.001287
0.00082
0.000857
0.001119
0.000927
0.000789
0.00079
0.001
0.000868
0.000777
0.000779
0.000827
0.000785
0.000828
0.000827
0.001482
0.000812
0.000844
0.000816
0.00121
0.000817
0.001315
0.001518
0.000806
0.000801
0.000834
0.000789
0.000817
0.000817
0.00155
0.000864
0.000792
0.000774
0.000843
0.000806
0.000782
0.000862
0.001277
0.000772
0.000768
0.001086
0.000767
0.000788
0.000797
0.000806
0.000777
0.000791
0.000822
0.001349
0.000862
0.000801
0.00078
0.001985
0.001429
0.001362
0.002159
0.000876
0.000783
0.000807
0.000811
0.000776
0.000902
0.000805
0.001234
0.00081
0.000866
0.0008
0.000978
0.000862
0.000794
0.001236
0.001517
0.000821
0.001583
0.001816
0.001099
0.000914
0.000831
0.000948
0.000827
0.000822
0.000782
0.000986
0.000833
0.000797
0.001281
0.00125
0.000791
0.000798
0.001334
0.000779
0.000911
0.000773
0.000807
0.000816
0.000784
0.007132
0.001312
0.000889
0.000822
0.000792
0.000794
0.000822
0.000841
0.001219
0.00079
0.000836
0.000829
0.000749
0.000777
0.000758
0.000756
0.000764
0.000773
0.001924
0.000863
0.000781
0.000802
0.000778
0.000758
0.000754
0.000815
0.000937
0.001735
0.001021
0.000782
0.000775
0.000774
0.000879
0.000789
0.000789
0.000821
0.00076
0.000949
0.000763
0.000791
0.000753
0.000829
0.000759
0.000791
0.000818
0.000782
0.000765
0.000746
0.000787
0.000758
0.000757
0.000776
0.000764
0.000772
0.000739
0.000781
0.000753
0.000829
0.00083
0.000818
0.000762
0.000792
0.000766
0.000765
0.000758
0.000796
0.000829
0.000804
0.000751
0.000746
0.000815
0.000799
0.000787
0.000799
0.000824
0.002228
0.001287
0.000812
0.000799
0.000821
0.000842
0.000793
0.00102
0.000781
0.000794
0.000835
0.000872
0.000787
0.000813
0.000769
0.000774
0.000761
0.000797
0.000839
0.000805
0.000796
0.000764
0.00079
0.000838
0.000791
0.00085
0.00091
0.002305
0.001873
0.001424
0.001247
0.001214
0.000943
0.000946
0.001463
0.001028
0.001684
0.0012
0.002076
0.001079
0.00133
0.001324
0.001065
0.000828
0.001758
0.002241
0.001689
0.00107
0.000819
0.000794
0.000802
0.000882
0.000752
0.000749
0.001044
0.001021
0.000784
0.000824
0.000775
0.000804
0.000735
0.000748
0.00073
0.000723
0.000776
0.000748
0.000723
0.000796
0.000794
0.00083
0.000818
0.000766
0.000801
0.000775
0.000776
0.000767
0.000918
0.000814
0.000786
0.000797
0.000822
0.000777
0.000801
0.000833
0.000795
0.000869
0.000769
0.000817
0.001062
0.001593
0.000837
0.000769
0.000791
0.000773
0.000795
0.000827
0.000773
0.000855
0.000792
0.000787
0.000843
0.00076
0.000809
0.000798
0.000769
0.000826
0.000795
0.000847
0.000803
0.000816
0.000813
0.000787
0.001248
0.000797
0.00085
0.000786
0.000862
0.002145
0.000983
0.000745
0.00077
0.000782
0.000806
0.000774
0.001624
0.001268
0.000931
0.000776
0.000755
0.000808
0.000836
0.000828
0.00083
0.000813
0.000779
0.000759
0.000923
0.00153
0.001094
0.000792
0.000781
0.001903
0.000882
0.000791
0.000765
0.000746
0.000784
0.000785
0.000762
0.000808
0.000888
0.000815
0.000844
0.000819
0.000799
0.000805
0.000784
0.000783
0.000804
0.000861
0.000792
0.000786
0.000804
0.000792
0.000759
0.000775
0.000792
0.001746
0.001617
0.000783
0.000793
0.000824
0.000827
0.000772
0.000745
0.000785
0.000759
0.000804
0.000799
0.000742
0.000826
0.000742
0.000898
0.000815
0.000763
0.000811
0.0008
0.000817
0.000812
0.000757
0.000844
0.000793
0.000786
0.000763
0.000794
0.000804
0.000796
0.000826
0.000791
0.000768
0.000811
0.000784
0.000766
0.000777
0.000719
0.000756
0.000754
0.00118
0.00107
0.000899
0.000733
0.000907
0.001143
0.000932
0.001428
0.000929
0.000827
0.000809
0.000765
0.000759
0.000762
0.000822
0.000833
0.000767
0.001161
0.000879
0.000761
0.000772
0.000769
0.000764
0.000767
0.00075
0.000742
0.000754
0.001115
0.002015
0.001045
0.000809
0.000762
0.000748
0.00083
0.000844
0.000804
0.000832
0.000827
0.000781
0.00076
0.000827
0.000854
0.000775
0.000758
0.000833
0.000789
0.000791
0.000801
0.000799
0.000793
0.000793
0.000769
0.000898
0.001787
0.000996
0.000778
0.000806
0.000829
0.000804
0.000787
0.000762
0.000789
0.000785
0.000817
0.000887
0.00086
0.000777
0.000769
0.000754
0.000761
0.000781
0.000773
0.000944
0.001509
0.001665
0.000878
0.000766
0.000819
0.000793
0.000754
0.0008
0.000772
0.000761
0.000773
0.000797
0.000749
0.000767
0.001893
0.00167
0.001394
0.001652
0.00196
0.001324
0.001477
0.000876
0.000794
0.000815
0.000802
0.000803
0.000792
0.000831
0.001894
0.000836
0.000834
0.001213
0.001678
0.000845
0.000771
0.00079
0.000818
0.000777
0.000824
0.000796
0.000783
0.001622
0.0008
0.000899
0.001454
0.000849
0.000779
0.000778
0.000774
0.000786
0.000806
0.000943
0.001424
0.001104
0.00139
0.001637
0.000925
0.001543
0.001952
0.000852
0.000825
0.00077
0.000747
0.000783
0.000806
0.000804
0.000795
0.000741
0.00079
0.000732
0.000747
0.000814
0.000789
0.000755
0.000767
0.000763
0.000751
0.000787
0.000795
0.000881
0.000773
0.000772
0.000789
0.000806
0.000755
0.00086
0.000827
0.000784
0.00084
0.000827
0.000781
0.000816
0.000797
0.000771
0.000756
0.000753
0.000876
0.000813
0.001245
0.001549
0.000827
0.000754
0.000785
0.000779
0.000755
0.000774
0.000764
0.000798
0.000857
0.000788
0.000793
0.000755
0.000869
0.000772
0.000755
0.000805
0.000801
0.000868
0.000822
0.00079
0.000848
0.000882
0.000817
0.000788
0.000815
0.000817
0.001043
0.000829
0.000877
0.000837
0.000796
0.000814
0.000853
0.000821
0.000767
0.000759
0.000871
0.000785
0.000795
0.000819
0.000814
0.000771
0.00078
0.000778
0.000811
0.001238
0.001896
0.001719
0.000802
0.000792
0.000794
0.000779
0.001145
0.002296
0.002139
0.000911
0.00083
0.000778
0.00082
0.000818
0.000785
0.000774
0.000804
0.000882
0.000823
0.000805
0.000816
0.000825
0.001149
0.002382
0.001672
0.002153
0.001803
0.001105
0.000827
0.000854
0.000835
0.000834
0.000839
0.000844
0.001256
0.001211
0.001167
0.001899
0.001393
0.001283
0.001096
0.000824
0.000849
0.00091
0.000824
0.000851
0.000789
0.000853
0.000783
0.000805
0.000788
0.000803
0.000805
0.00078
0.000785
0.000829
0.000777
0.000825
0.00083
0.000822
0.000807
0.000762
0.000793
0.000814
0.000782
0.000774
0.000797
0.000802
0.00074
0.000882
0.00078
0.000751
0.000758
0.000752
0.000786
0.00079
0.000799
0.000803
0.00081
0.000841
0.000811
0.000774
0.00078
0.000769
0.000813
0.000791
0.000781
0.000816
0.000797
0.000887
0.000793
0.000804
0.000844
0.000782
0.000793
0.000768
0.000804
0.000812
0.000778
0.000817
0.000814
0.00075
0.000754
0.000787
0.000729
0.000749
0.000719
0.000757
0.000764
0.000754
0.00072
0.000782
0.000771
0.00074
0.000741
0.000796
0.000767
0.000805
0.000813
0.000843
0.000737
0.000723
0.000729
0.000734
0.000732
0.000774
0.000733
0.000774
0.000832
0.000743
0.000785
0.00081
0.000766
0.000842
0.000787
0.000796
0.00076
0.000751
0.000865
0.000739
0.000764
0.000793
0.000778
0.000813
0.000801
0.000775
0.000789
0.000755
0.000782
0.000744
0.001299
0.001498
0.000756
0.001201
0.001175
0.000887
0.000742
0.000802
0.000732
0.000732
0.000735
0.000722
0.000732
0.000726
0.000735
0.000773
0.000748
0.00076
0.000756
0.001545
0.000891
0.000791
0.000859
0.000776
0.000794
0.000876
0.000814
0.000847
0.000815
0.000765
0.000825
0.000825
0.00079
0.000812
0.0008
0.000765
0.000882
0.000801
0.000775
0.00083
0.000845
0.000838
0.000784
0.000819
0.000786
0.000796
0.001392
0.000845
0.00082
0.000802
0.000841
0.000798
0.000858
0.000825
0.000798
0.000817
0.000786
0.000807
0.000795
0.00078
0.000782
0.00077
0.000796
0.000847
0.000737
0.000792
0.000728
0.000729
0.000738
0.000741
0.000791
0.000789
0.000751
0.000785
0.00077
0.000795
0.000812
0.000787
0.000867
0.000767
0.000775
0.00076
0.000723
0.000748
0.000784
0.000761
0.001012
0.001469
0.000742
0.000728
0.000731
0.000725
0.000725
0.000738
0.000744
0.000906
0.000752
0.000782
0.000787
0.000785
0.000764
0.000728
0.000789
0.000808
0.000749
0.000923
0.000858
0.000758
0.000775
0.001114
0.001186
0.000787
0.001245
0.001098
0.000797
0.000839
0.000907
0.001606
0.00082
0.000828
0.000787
0.000936
0.001692
0.000945
0.000828
0.000886
0.000771
0.000878
0.000829
0.000863
0.000757
0.000811
0.000856
0.000811
0.00078
0.000816
0.000756
0.000796
0.000819
0.000822
0.000786
0.000776
0.000911
0.000794
0.000814
0.000793
0.000814
0.000825
0.000752
0.001009
0.000798
0.000751
0.000764
0.000777
0.000773
0.000794
0.000789
0.000825
0.000799
0.000824
0.00085
0.000816
0.00087
0.000836
0.000798
0.000792
0.00081
0.000779
0.000841
0.00082
0.000818
0.000781
0.000834
0.000768
0.000751
0.000759
0.00077
0.000773
0.000902
0.000809
0.000761
0.000807
0.000787
0.000816
0.000881
0.000751
0.000799
0.000786
0.001536
0.001982
0.001935
0.000862
0.000795
0.000816
0.001208
0.001515
0.00096
0.000997
0.001052
0.001355
0.001155
0.000939
0.000845
0.000807
0.000785
0.000808
0.000785
0.000847
0.000799
0.000876
0.000848
0.000812
0.000786
0.000834
0.000838
0.000805
0.000761
0.000829
0.00084
0.000779
0.000833
0.000764
0.000763
0.000763
0.000773
0.00079
0.000784
0.000799
0.000787
0.000757
0.000792
0.000744
0.000846
0.000848
0.000794
0.000766
0.000806
0.000793
0.000778
0.0008
0.000847
0.0008
0.00078
0.000796
0.000764
0.000781
0.000753
0.000835
0.000797
0.000782
0.000854
0.000814
0.000809
0.000788
0.000779
0.000762
0.000766
0.000749
0.000818
0.000787
0.00083
0.000833
0.000801
0.000787
0.000836
0.000819
0.000788
0.000802
0.000841
0.000838
0.0008
0.00085
0.000817
0.000816
0.000804
0.000807
0.000774
0.000862
0.000768
0.000815
0.00076
0.000758
0.000823
0.00078
0.000766
0.000742
0.000729
0.000821
0.00073
0.000789
0.000728
0.000815
0.000749
0.000735
0.000721
0.000777
0.000723
0.000754
0.000729
0.000715
0.000944
0.001693
0.001015
0.00081
0.002832
0.000843
0.000848
0.000818
0.00082
0.00081
0.00077
0.000836
0.000754
0.000763
0.000794
0.000723
0.001516
0.000895
0.000876
0.001227
0.000791
0.000805
0.000852
0.000744
0.000819
0.000763
0.000829
0.000796
0.000774
0.000764
0.000782
0.000755
0.000808
0.000747
0.001119
0.001811
0.0009
0.000731
0.00107
0.000725
0.000817
0.000758
0.000901
0.000983
0.00095
0.000952
0.000898
0.000873
0.000864
0.001347
0.000991
0.001049
0.00142
0.001024
0.000983
0.000829
0.000817
0.00074
0.000938
0.000984
0.000776
0.000983
0.00091
0.00079
0.000779
0.001079
0.00092
0.000764
0.000836
0.000764
0.000853
0.000732
0.000893
0.000872
0.000886
0.000931
0.000817
0.000977
0.001023
0.000809
0.000731
0.000766
0.001029
0.001637
0.001073
0.000895
0.000775
0.0008
0.000802
0.000793
0.000794
0.000791
0.000772
0.000773
0.000796
0.000833
0.000792
0.000781
0.00076
0.000758
0.000808
0.000796
0.00081
0.00079
0.000794
0.000778
0.000766
0.000785
0.000773
0.000772
0.000815
0.000799
0.000776
0.000848
0.000816
0.000808
0.000803
0.000783
0.000756
0.000816
0.000785
0.000763
0.000865
0.000806
0.000843
0.000841
0.00079
0.000805
0.000813
0.000794
0.000798
0.000778
0.000784
0.000743
0.001964
0.000931
0.00081
0.000782
0.000775
0.00077
0.000784
0.000828
0.000889
0.000764
0.00077
0.000771
0.001247
0.000813
0.00081
0.000789
0.000792
0.001451
0.001996
0.001499
0.001721
0.001602
0.001378
0.00101
0.001175
0.000868
0.000821
0.000795
0.000987
0.000799
0.000869
0.000825
0.001029
0.000796
0.000808
0.000822
0.000818
0.000798
0.000777
0.001289
0.002326
0.001255
0.001083
0.002686
0.000981
0.000739
0.001758
0.001271
0.000741
0.000842
0.000943
0.000903
0.000756
0.000906
0.000814
0.000732
0.000968
0.00088
0.000901
0.001669
0.000885
0.000759
0.000776
0.000762
0.000826
0.001113
0.000735
0.000765
0.00073
0.000765
0.000741
0.000931
0.000773
0.000738
0.000768
0.000764
0.001167
0.000758
0.000793
0.000958
0.001037
0.000848
0.000787
0.001447
0.000811
0.000928
0.001053
0.001115
0.000788
0.000782
0.000779
0.000995
0.000974
0.000892
0.00084
0.000812
0.001073
0.000809
0.000829
0.00122
0.001002
0.000805
0.001043
0.000795
0.000843
0.000856
0.000905
0.000789
0.000782
0.000788
0.001327
0.000859
0.000782
0.000823
0.001055
0.000826
0.00088
0.000851
0.001125
0.00083
0.001709
0.001068
0.000838
0.000867
0.001354
0.000812
0.000846
0.000776
0.000819
0.000868
0.000838
0.00083
0.001259
0.000815
0.000799
0.002311
0.000831
0.001474
0.001763
0.000975
0.000818
0.000804
0.000813
0.001674
0.002269
0.001577
0.001666
0.001509
0.001085
0.000822
0.000814
0.001022
0.000834
0.000814
0.00127
0.00084
0.000768
0.001424
0.00114
0.001998
0.001345
0.001497
0.002199
0.001113
0.001003
0.001222
0.001524
0.000803
0.001115
0.001644
0.001392
0.001176
0.001302
0.001121
0.000862
0.000849
0.000888
0.001185
0.001245
0.00224
0.001304
0.001359
0.002727
0.000951
0.001041
0.000791
0.000776
0.001095
0.00129
0.000861
0.001008
0.000912
0.007238
0.001574
0.001376
0.001412
0.002407
0.00095
0.000832
0.000788
0.000836
0.000822
0.001142
0.002825
0.001068
0.000794
0.000793
0.000831
0.000823
0.00138
0.001852
0.000832
0.00084
0.000791
0.001002
0.001824
0.000824
0.000794
0.000906
0.000799
0.00095
0.001784
0.001243
0.00137
0.000868
0.000808
0.000791
0.001182
0.002361
0.001794
0.001398
0.001223
0.001039
0.001682
0.001329
0.001389
0.001279
0.000915
0.000849
0.000761
0.000763
0.000762
0.000782
0.001278
0.001019
0.000938
0.001248
0.000921
0.000918
0.000767
0.000726
0.00072
0.000727
0.000718
0.000735
0.000719
0.000949
0.000936
0.00087
0.000869
0.000733
0.001078
0.000948
0.000778
0.000842
0.000758
0.000754
0.000778
0.000778
0.000759
0.000815
0.000835
0.000731
0.000765
0.000765
0.001251
0.001536
0.001291
0.001286
0.001301
0.001095
0.001111
0.000903
0.000778
0.001007
0.001012
0.001076
0.00146
0.000988
0.001067
0.000972
0.000784
0.001475
0.001133
0.000825
0.000827
0.000796
0.000795
0.000782
0.000963
0.000827
0.000812
0.001669
0.000849
0.000814
0.000767
0.000836
0.00081
0.000812
0.000794
0.000824
0.000897
0.000782
0.000797
0.00082
0.000802
0.000808
0.000773
0.000847
0.000799
0.001226
0.002024
0.001599
0.001835
0.00223
0.001061
0.000777
0.001361
0.00123
0.000817
0.000816
0.000819
0.001092
0.00153
0.001726
0.001164
0.000843
0.000832
0.000832
0.000856
0.00079
0.000823
0.000786
0.000761
0.0008
0.000763
0.000811
0.000811
0.000759
0.001182
0.000828
0.000799
0.000787
0.000832
0.000766
0.000759
0.000799
0.000771
0.000842
0.000789
0.000782
0.000772
0.000802
0.000828
0.000776
0.000795
0.000802
0.00077
0.000815
0.00077
0.000775
0.000782
0.000817
0.000827
0.000799
0.000763
0.000817
0.000818
0.000877
0.000764
0.000771
0.000793
0.000801
0.000772
0.000754
0.000816
0.000809
0.000808
0.001103
0.000918
0.000855
0.000785
0.000743
0.000827
0.000761
0.000799
0.000761
0.001371
0.001541
0.001959
0.001129
0.000929
0.000891
0.00166
0.000992
0.000901
0.001049
0.001312
0.000864
0.000865
0.000843
0.000979
0.000911
0.000841
0.000801
0.000818
0.000842
0.00081
0.000804
0.000752
0.001496
0.000815
0.000772
0.00085
0.000764
0.000764
0.000809
0.000808
0.000774
0.000841
0.000765
0.000769
0.00082
0.000768
0.000789
0.000818
0.000807
0.000783
0.000776
0.00085
0.0008
0.000797
0.000826
0.000797
0.000841
0.000766
0.000778
0.000776
0.000756
0.000851
0.000756
0.000767
0.000757
0.000771
0.000825
0.000805
0.000805
0.000835
0.000794
0.001474
0.001593
0.001268
0.000984
0.000833
0.0018
0.001355
0.00085
0.001757
0.00114
0.00079
0.000836
0.000764
0.000886
0.000787
0.000829
0.000825
0.000807
0.000776
0.000768
0.000787
0.000799
0.000763
0.000987
0.00168
0.001531
0.0008
0.000787
0.000818
0.00082
0.001894
0.001008
0.001597
0.001199
0.000845
0.000785
0.000836
0.001344
0.001907
0.001375
0.000858
0.000786
0.000826
0.000798
0.000846
0.000853
0.000805
0.000791
0.000775
0.000783
0.000779
0.000766
0.000764
0.000779
0.001545
0.000834
0.000841
0.000865
0.000824
0.000802
0.000806
0.000796
0.000769
0.000821
0.000764
0.000783
0.000831
0.000779
0.000817
0.000794
0.000773
0.000772
0.000751
0.000859
0.000801
0.000774
0.000802
0.000791
0.000807
0.000777
0.000797
0.000778
0.001166
0.000833
0.000789
0.000783
0.000779
0.000777
0.000771
0.00079
0.000756
0.000786
0.001346
0.000853
0.000821
0.000781
0.000802
0.00076
0.00078
0.00086
0.000786
0.001154
0.001467
0.000823
0.000839
0.000776
0.000767
0.000825
0.000787
0.000775
0.002005
0.001391
0.000841
0.000824
0.000861
0.000854
0.000785
0.000976
0.002052
0.00088
0.000763
0.000746
0.000757
0.00077
0.000779
0.000981
0.001537
0.000812
0.000835
0.000798
0.000759
0.000779
0.00077
0.000789
0.001653
0.001063
0.000791
0.000899
0.000821
0.000738
0.000797
0.000762
0.000755
0.001441
0.000873
0.000807
0.000796
0.000812
0.00085
0.000781
0.000858
0.00082
0.001877
0.001033
0.00093
0.001169
0.000863
0.000786
0.000814
0.001151
0.000778
0.000838
0.0008
0.000761
0.000759
0.000766
0.000837
0.000803
0.001014
0.001567
0.00124
0.000955
0.001004
0.000808
0.000826
0.000791
0.001025
0.000798
0.000856
0.000834
0.000773
0.0008
0.000759
0.000777
0.00077
0.000766
0.00192
0.000849
0.000811
0.000867
0.000802
0.000783
0.000815
0.000774
0.001664
0.000811
0.000771
0.000754
0.000793
0.000867
0.000808
0.000837
0.000773
0.001328
0.000799
0.000862
0.000771
0.00077
0.000813
0.000789
0.000836
0.000866
0.001668
0.001847
0.00153
0.001063
0.000918
0.000775
0.000836
0.000769
0.000754
0.000829
0.000766
0.000879
0.000788
0.00077
0.000871
0.00081
0.000833
0.000818
0.000757
0.000792
0.000789
0.000799
0.000805
0.000778
0.002179
0.001333
0.000815
0.000804
0.000807
0.000808
0.000808
0.000767
0.000827
0.001321
0.001865
0.0009
0.000867
0.001113
0.000909
0.000852
0.0009
0.000888
0.000836
0.000832
0.000813
0.000803
0.000819
0.000795
0.000802
0.000781
0.000854
0.000896
0.000732
0.001123
0.000894
0.000731
0.000996
0.002547
0.002544
0.0025
0.001444
0.001126
0.00083
0.000821
0.000789
0.000796
0.000779
0.000755
0.000784
0.00077
0.000821
0.001202
0.002386
0.0019
0.001306
0.00089
0.00087
0.000787
0.000783
0.000942
0.000816
0.000823
0.000798
0.001429
0.002093
0.000838
0.000782
0.000766
0.000831
0.001447
0.00177
0.001149
0.000844
0.000774
0.000817
0.000788
0.000804
0.000784
0.000802
0.000835
0.000734
0.001469
0.000801
0.000897
0.001778
0.000965
0.001281
0.001249
0.000947
0.001015
0.000777
0.000796
0.000801
0.000785
0.000774
0.000784
0.000812
0.000822
0.000764
0.000851
0.0012
0.000821
0.000783
0.000799
0.0008
0.000769
0.001952
0.00094
0.000817
0.000853
0.000951
0.000796
0.000844
0.0008
0.000989
0.000778
0.000811
0.00078
0.000788
0.000789
0.000813
0.000823
0.000831
0.00189
0.002517
0.001178
0.001098
0.001042
0.000757
0.001296
0.00107
0.001144
0.000974
0.00081
0.000795
0.000908
0.000772
0.00111
0.001808
0.000992
0.00082
0.000763
0.000799
0.000775
0.000837
0.001714
0.001693
0.000854
0.000879
0.000785
0.000814
0.000807
0.001243
0.001761
0.001693
0.000764
0.001049
0.000841
0.000761
0.000891
0.002412
0.00107
0.000944
0.000726
0.000743
0.000877
0.000896
0.001719
0.001006
0.001416
0.001069
0.00087
0.000885
0.000995
0.002172
0.001082
0.001473
0.001509
0.001322
0.001129
0.000925
0.00247
0.001399
0.001065
0.001208
0.001415
0.001375
0.001573
0.000818
0.000858
0.000862
0.000845
0.000841
0.000811
0.000802
0.000813
0.000794
0.000792
0.000808
0.000808
0.000783
0.00082
0.000804
0.000816
0.000804
0.000837
0.000809
0.000784
0.000808
0.000772
0.000758
0.001403
0.000838
0.000809
0.000838
0.000789
0.000805
0.000788
0.000804
0.000793
0.00145
0.001387
0.000849
0.001601
0.000905
0.000786
0.000778
0.00112
0.001233
0.00123
0.001522
0.000905
0.000829
0.001535
0.001089
0.00176
0.001085
0.000817
0.00081
0.000793
0.000771
0.000809
0.000763
0.001437
0.000803
0.00115
0.001108
0.001032
0.00077
0.000797
0.000734
0.000725
0.000749
0.000757
0.000822
0.000765
0.000721
0.000894
0.000736
0.000722
0.001172
0.000915
0.001072
0.000855
0.000933
0.000851
0.000799
0.000726
0.000743
0.000788
0.000824
0.000827
0.000842
0.000798
0.000775
0.000722
0.000897
0.000777
0.000886
0.00073
0.000815
0.00083
0.000868
0.000862
0.000798
0.000784
0.000865
0.000774
0.000782
0.000728
0.000792
0.000769
0.000935
0.000994
0.000883
0.000789
0.000882
0.000817
0.00082
0.00076
0.000913
0.00076
0.000908
0.000928
0.000804
0.000836
0.000801
0.000947
0.000788
0.000756
0.000825
0.000788
0.000784
0.000767
0.000781
0.000831
0.000795
0.002283
0.002118
0.001342
0.000861
0.000782
0.000949
0.001216
0.000807
0.001876
0.001321
0.001048
0.000775
0.00106
0.001528
0.001029
0.001083
0.00101
0.000929
0.002021
0.001679
0.002324
0.001136
0.001031
0.00098
0.000905
0.000912
0.000812
0.00086
0.000929
0.00076
0.000733
0.000781
0.000828
0.000882
0.001492
0.001344
0.000747
0.000756
0.000729
0.001217
0.001246
0.001462
0.001307
0.001102
0.001081
0.001015
0.001112
0.000788
0.001937
0.001114
0.000852
0.000781
0.000879
0.000804
0.000798
0.000855
0.001511
0.000791
0.000774
0.000822
0.000805
0.000845
0.000823
0.000864
0.001146
0.001732
0.001809
0.001007
0.000771
0.000805
0.000869
0.000839
0.000809
0.000819
0.000788
0.000789
0.000778
0.000788
0.000789
0.000803
0.000764
0.000959
0.001033
0.00076
0.001007
0.001296
0.001093
0.002097
0.002688
0.001412
0.000892
0.000839
0.000822
0.00082
0.001035
0.001519
0.001509
0.001231
0.001086
0.000839
0.000775
0.001461
0.00091
0.000809
0.00084
0.000877
0.001045
0.002291
0.001135
0.000854
0.000832
0.000817
0.000824
0.000919
0.000892
0.000726
0.000723
0.000834
0.000735
0.000774
0.000777
0.000727
0.000811
0.001517
0.000949
0.000852
0.001495
0.001008
0.001302
0.001027
0.000822
0.000818
0.000809
0.000875
0.000797
0.000758
0.000809
0.0008
0.000783
0.003056
0.001299
0.000972
0.000784
0.000758
0.000823
0.00083
0.000847
0.000774
0.00077
0.000831
0.000771
0.000771
0.000814
0.000901
0.000834
0.000744
0.000753
0.000772
0.000755
0.000893
0.000798
0.000813
0.000837
0.000753
0.00074
0.000792
0.000834
0.000907
0.00083
0.001153
0.001341
0.000953
0.000874
0.00096
0.000822
0.001271
0.001978
0.001319
0.001034
0.001289
0.00144
0.001578
0.001444
0.001559
0.001356
0.000953
0.000796
0.000796
0.000813
0.001281
0.000879
0.000794
0.000802
0.000788
0.00079
0.000772
0.000874
0.000786
0.000939
0.001298
0.00085
0.000809
0.000838
0.000812
0.000803
0.00083
0.000806
0.001505
0.001023
0.000786
0.000758
0.000772
0.000811
0.000777
0.000822
0.000783
0.001668
0.000873
0.000776
0.000773
0.000767
0.000754
0.000833
0.000819
0.000936
0.001659
0.00134
0.000985
0.000802
0.00078
0.000849
0.000761
0.000937
0.000849
0.000723
0.000738
0.000778
0.000724
0.000729
0.000724
0.000747
0.000771
0.000891
0.001173
0.001889
0.00151
0.001703
0.00102
0.000819
0.000817
0.000776
0.00077
0.000723
0.000818
0.000795
0.000773
0.000767
0.000726
0.000859
0.001545
0.001856
0.000844
0.000812
0.000779
0.000769
0.000783
0.001145
0.000992
0.000892
0.000727
0.000953
0.000946
0.000862
0.000821
0.000798
0.000763
0.00081
0.000809
0.000747
0.000771
0.000725
0.000752
0.000837
0.000726
0.000741
0.001363
0.000923
0.000982
0.000841
0.001098
0.001347
0.000969
0.001373
0.001074
0.000852
0.00134
0.001486
0.001196
0.000856
0.000817
0.000841
0.00084
0.000905
0.000921
0.001065
0.001339
0.000843
0.001027
0.000776
0.000768
0.000843
0.000752
0.001225
0.000834
0.000748
0.000744
0.000987
0.000853
0.000914
0.000845
0.001055
0.000988
0.000846
0.000784
0.00115
0.000758
0.000743
0.000735
0.000751
0.001064
0.000862
0.000753
0.000757
0.001534
0.001551
0.001308
0.000896
0.001202
0.000815
0.000868
0.000849
0.001472
0.001804
0.00104
0.000874
0.002054
0.000867
0.0009
0.001096
0.001254
0.001909
0.001211
0.00156
0.001268
0.001613
0.002085
0.001528
0.000928
0.00154
0.000905
0.000844
0.001078
0.000899
0.000845
0.001114
0.000843
0.000864
0.000872
0.000828
0.000844
0.000822
0.001381
0.00083
0.000854
0.000831
0.001984
0.001808
0.001084
0.000995
0.00148
0.000865
0.001312
0.001053
0.00099
0.000861
0.000844
0.001255
0.000972
0.000901
0.000793
0.000848
0.000861
0.000781
0.001319
0.000873
0.0009
0.000843
0.001494
0.001843
0.00107
0.001512
0.001547
0.001317
0.001224
0.001005
0.001662
0.001047
0.000928
0.001944
0.001207
0.000832
0.000767
0.001063
0.000813
0.000784
0.000804
0.000772
0.000949
0.001196
0.001339
0.00088
0.000866
0.000778
0.001075
0.000805
0.001351
0.001754
0.001686
0.001437
0.001152
0.001488
0.000851
0.000743
0.001801
0.002014
0.001462
0.001414
0.001829
0.001868
0.000952
0.000844
0.000824
0.001467
0.001221
0.001402
0.001021
0.001491
0.000966
0.000808
0.001898
0.000897
0.000799
0.007815
0.001882
0.000911
0.000846
0.000818
0.001147
0.000804
0.000911
0.000898
0.000819
0.000802
0.002778
0.002194
0.001681
0.001248
0.001101
0.001332
0.002648
0.001164
0.001404
0.000945
0.001351
0.001338
0.000896
0.000928
0.000812
0.000798
0.000862
0.000799
0.00084
0.000778
0.000888
0.00084
0.000789
0.000805
0.000891
0.000878
0.00078
0.000799
0.000784
0.000974
0.001355
0.000815
0.001322
0.002067
0.002119
0.001222
0.001799
0.001046
0.000886
0.000851
0.000856
0.000831
0.000733
0.000856
0.000724
0.000739
0.000819
0.000937
0.000864
0.000896
0.001112
0.001591
0.000902
0.000878
0.000799
0.000789
0.000755
0.000747
0.000774
0.000754
0.000796
0.000802
0.000741
0.000755
0.000758
0.000761
0.000739
0.000805
0.000794
0.000789
0.001396
0.001665
0.001367
0.000863
0.000766
0.000774
0.000822
0.001091
0.001935
0.000905
0.000777
0.000758
0.000756
0.000811
0.000769
0.001224
0.001608
0.001402
0.001299
0.001295
0.000827
0.000964
0.001261
0.000838
0.000767
0.001039
0.000778
0.000749
0.000791
0.000756
0.001009
0.001961
0.001206
0.000825
0.000813
0.000759
0.000736
0.00072
0.000734
0.000716
0.000724
0.000731
0.00072
0.000799
0.000794
0.000773
0.000762
0.001019
0.001539
0.001484
0.000873
0.000768
0.001374
0.001399
0.001263
0.001247
0.001266
0.001335
0.000945
0.000791
0.000791
0.000796
0.000834
0.000812
0.000761
0.000777
0.000836
0.000826
0.000763
0.000782
0.000772
0.000788
0.000957
0.001869
0.000903
0.000822
0.000809
0.000762
0.000865
0.000819
0.001072
0.001596
0.001518
0.001573
0.000901
0.000825
0.000769
0.000822
0.000795
0.000793
0.000799
0.000769
0.000784
0.001571
0.001588
0.001245
0.00082
0.000825
0.000784