0.015662
0.003964
0.001288
0.001229
0.001098
0.001421
0.000915
0.001274
0.001474
0.002183
0.001065
0.001152
0.001375
0.001299
0.001282
0.001399
0.000966
0.000872
0.001181
0.001754
0.001051
0.001273
0.001267
0.001065
0.001105
0.001015
0.001151
0.000843
0.002333
0.001395
0.000974
0.001556
0.002077
0.001138
0.001198
0.001214
0.000935
0.000982
0.002139
0.001617
0.000974
0.00103
0.001166
0.004124
0.001481
0.001264
0.001044
0.001359
0.000938
0.000931
0.000981
0.000965
0.001825
0.001165
0.001073
0.00119
0.001224
0.000922
0.000994
0.002252
0.001024
0.001187
0.001051
0.002002
0.001326
0.004981
0.003221
0.001237
0.00099
0.001146
0.001143
0.000933
0.000898
0.001327
0.002708
0.00109
0.001365
0.001363
0.004064
0.001328
0.001033
0.001249
0.001119
0.001355
0.000917
0.000938
0.001138
0.001498
0.000909
0.001817
0.001134
0.00139
0.001113
0.001178
0.001096
0.001136
0.002731
0.001141
0.00109
0.00122
0.001346
0.001808
0.001006
0.00089
0.000881
0.001108
0.000933
0.000874
0.001133
0.001311
0.001213
0.001188
0.001383
0.001138
0.001552
0.001089
0.001219
0.001097
0.001066
0.000987
0.001159
0.000943
0.000888
0.000869
0.00089
0.000872
0.000946
0.000919
0.001418
0.00169
0.005196
0.015741
0.002293
0.001173
0.001283
0.001245
0.001079
0.001066
0.017394
0.002483
0.001163
0.001194
0.000865
0.00091
0.000893
0.000937
0.001404
0.00128
0.001108
0.000886
0.000857
0.000863
0.000852
0.000874
0.000882
0.000871
0.000897
0.000843
0.00122
0.000845
0.000851
0.000834
0.000883
0.000862
0.000847
0.000842
0.001129
0.001542
0.001119
0.001083
0.000865
0.000872
0.000865
0.00083
0.000841
0.000863
0.000828
0.000853
0.00102
0.001221
0.0012
0.001144
0.001362
0.001174
0.001116
0.001108
0.000833
0.000859
0.000845
0.000847
0.000849
0.00085
0.000863
0.000847
0.000871
0.00103
0.00202
0.001058
0.000858
0.000831
0.000853
0.001165
0.001254
0.00149
0.001186
0.002085
0.000874
0.001014
0.001168
0.001219
0.001276
0.000988
0.000859
0.000878
0.000852
0.001192
0.001404
0.001272
0.00107
0.001234
0.00093
0.00096
0.001312
0.0013
0.001106
0.001138
0.000992
0.001023
0.001211
0.001108
0.001177
0.001111
0.001095
0.000962
0.000901
0.000874
0.000896
0.000951
0.001249
0.001017
0.000901
0.000919
0.000917
0.000954
0.000945
0.001338
0.001324
0.001223
0.00123
0.001081
0.001388
0.001513
0.001375
0.001304
0.001235
0.001284
0.001334
0.001592
0.001299
0.000938
0.000917
0.000967
0.000916
0.000907
0.000923
0.000906
0.000914
0.000902
0.001103
0.001477
0.001401
0.001271
0.001268
0.001319
0.001206
0.001686
0.001618
0.001463
0.001395
0.001463
0.001013
0.001206
0.001967
0.001151
0.002611
0.001406
0.001617
0.001304
0.000987
0.000981
0.001057
0.001411
0.001005
0.00101
0.001014
0.00091
0.000908
0.001019
0.001437
0.001822
0.001409
0.001085
0.000983
0.000988
0.000955
0.001508
0.001424
0.001392
0.001184
0.001135
0.000971
0.000956
0.001007
0.000933
0.00093
0.001014
0.000983
0.000963
0.000914
0.000925
0.001485
0.001362
0.002173
0.001035
0.000921
0.001912
0.000999
0.00309
0.005333
0.001398
0.001469
0.001264
0.000924
0.000921
0.000842
0.000917
0.00084
0.001107
0.001469
0.001133
0.001132
0.001081
0.001067
0.000905
0.00094
0.001224
0.001281
0.001068
0.001129
0.00141
0.001175
0.001126
0.001035
0.001105
0.001308
0.001108
0.001222
0.001387
0.001198
0.001147
0.001241
0.001158
0.002622
0.001237
0.001229
0.001066
0.001142
0.001175
0.001171
0.001053
0.001294
0.00094
0.001271
0.001035
0.000904
0.00096
0.00096
0.001302
0.001122
0.001043
0.001283
0.001073
0.000904
0.001273
0.00098
0.001012
0.000944
0.001034
0.001178
0.0011
0.001343
0.001051
0.001602
0.003614
0.001015
0.00128
0.001098
0.001078
0.001165
0.000972
0.001227
0.00122
0.00121
0.001098
0.000906
0.000903
0.000892
0.000836
0.00083
0.000822
0.000841
0.000838
0.00117
0.001101
0.000975
0.000862
0.000865
0.000818
0.000849
0.00083
0.00101
0.001131
0.00114
0.001053
0.001109
0.000968
0.000869
0.000834
0.001134
0.001018
0.001014
0.001051
0.001015
0.001021
0.001209
0.001229
0.001151
0.001222
0.001126
0.001014
0.001009
0.005043
0.001139
0.001432
0.001232
0.001262
0.001049
0.000998
0.001145
0.001088
0.001325
0.001334
0.001225
0.001122
0.001009
0.000986
0.002196
0.001164
0.001286
0.001413
0.001097
0.001264
0.001154
0.00104
0.001121
0.001131
0.001181
0.001182
0.00132
0.001136
0.008054
0.001625
0.001102
0.001085
0.001249
0.00151
0.001066
0.000869
0.000875
0.000938
0.000856
0.000845
0.000857
0.000837
0.000845
0.000823
0.000862
0.000855
0.000871
0.001577
0.001121
0.001133
0.001155
0.001006
0.00103
0.001296
0.000895
0.000938
0.000872
0.000863
0.001035
0.000873
0.00087
0.00091
0.001709
0.001266
0.001054
0.001246
0.001089
0.00089
0.000859
0.00093
0.000831
0.001863
0.001714
0.001218
0.001052
0.001137
0.000985
0.001179
0.002833
0.003179
0.001169
0.000974
0.004849
0.001124
0.002344
0.001057
0.001447
0.001918
0.000999
0.001133
0.001954
0.001349
0.001101
0.001163
0.001202
0.001065
0.001364
0.001728
0.000917
0.000994
0.001174
0.001089
0.001104
0.001005
0.001011
0.001206
0.001136
0.00107
0.001072
0.001133
0.001076
0.001055
0.001041
0.0012
0.001171
0.001054
0.001086
0.00101
0.000991
0.001011
0.001069
0.00095
0.001144
0.001607
0.001065
0.001086
0.00109
0.001027
0.001049
0.001054
0.001002
0.000986
0.000984
0.000988
0.000999
0.001038
0.001133
0.001043
0.001129
0.001064
0.001113
0.001037
0.001186
0.000986
0.001139
0.001455
0.001289
0.001248
0.001279
0.001057
0.001181
0.001166
0.000978
0.001059
0.001465
0.001345
0.001004
0.001852
0.001347
0.001407
0.001377
0.001142
0.0016
0.001294
0.001208
0.001168
0.001016
0.000973
0.001329
0.00142
0.001085
0.009103
0.001196
0.001161
0.001064
0.001305
0.002535
0.001533
0.001664
0.000996
0.001417
0.001302
0.001776
0.001469
0.001249
0.000917
0.00136
0.001952
0.001857
0.001474
0.00156
0.001326
0.001439
0.001147
0.001146
0.001412
0.001172
0.001159
0.001269
0.001203
0.000987
0.001832
0.001056
0.001145
0.001611
0.001188
0.001148
0.001751
0.001263
0.001243
0.003005
0.001302
0.001055
0.001044
0.001127
0.001647
0.001117
0.001448
0.002211
0.001762
0.001187
0.001361
0.001113
0.001031
0.001577
0.001038
0.002302
0.001211
0.001067
0.001008
0.001493
0.001947
0.001417
0.002237
0.001488
0.001535
0.001419
0.001241
0.001229
0.001332
0.001905
0.001205
0.001512
0.001519
0.001715
0.001489
0.001141
0.001168
0.001358
0.001197
0.001264
0.002117
0.001049
0.001062
0.001715
0.001162
0.003562
0.001837
0.001748
0.001333
0.001527
0.00227
0.00144
0.001287
0.001242
0.001431
0.001676
0.001634
0.001251
0.001858
0.0011
0.001243
0.000977
0.001127
0.001528
0.001931
0.001346
0.001088
0.001447
0.001655
0.001516
0.001757
0.001389
0.001602
0.006435
0.001625
0.001105
0.001059
0.001425
0.001594
0.001014
0.000932
0.001005
0.001801
0.001217
0.001627
0.001382
0.001232
0.001004
0.001023
0.001078
0.001052
0.001026
0.001009
0.001378
0.00193
0.001469
0.001081
0.001674
0.001343
0.001369
0.00116
0.001856
0.001431
0.001479
0.001245
0.001102
0.002012
0.00143
0.001157
0.00144
0.001127
0.001328
0.001247
0.00111
0.001137
0.001076
0.00105
0.003968
0.001869
0.00097
0.001413
0.005825
0.001395
0.001161
0.001314
0.001008
0.000956
0.001159
0.001029
0.001016
0.000975
0.001004
0.000968
0.002278
0.001131
0.019358
0.006336
0.024522
0.019173
0.011482
0.003314
0.002012
0.002586
0.00144
0.009329
0.001709
0.000988
0.000963
0.001056
0.00095
0.000943
0.008849
0.006246
0.001688
0.002378
0.001975
0.000974
0.001236
0.001159
0.003026
0.002282
0.001145
0.001045
0.001027
0.005845
0.001767
0.000951
0.001113
0.001106
0.002202
0.002117
0.001439
0.004929
0.00147
0.001025
0.001812
0.001533
0.001065
0.000974
0.000994
0.000961
0.000938
0.000905
0.000997
0.001005
0.001524
0.002138
0.001162
0.001704
0.001394
0.001419
0.001149
0.001201
0.001003
0.000939
0.001002
0.001293
0.001688
0.001693
0.001637
0.001052
0.000943
0.001264
0.001018
0.001169
0.001581
0.00181
0.001728
0.001014
0.000943
0.001028
0.001714
0.001402
0.001799
0.001046
0.001275
0.002036
0.001115
0.00122
0.001097
0.001034
0.001454
0.001796
0.001004
0.00096
0.000987
0.000928
0.001027
0.001894
0.001945
0.00133
0.000959
0.001126
0.00102
0.000945
0.001011
0.001021
0.00135
0.000961
0.000929
0.001103
0.001211
0.001975
0.001002
0.001321
0.001027
0.000947
0.001016
0.003234
0.004011
0.001361
0.000999
0.000946
0.00108
0.000993
0.004
0.002074
0.001262
0.001547
0.001508
0.001507
0.001638
0.00153
0.001256
0.001116
0.000968
0.001324
0.001242
0.001846
0.001596
0.001055
0.001036
0.001196
0.00236
0.002621
0.001441
0.001483
0.002099
0.00153
0.002342
0.001301
0.00212
0.002303
0.001592
0.001093
0.001125
0.001125
0.001035
0.001069
0.001134
0.001084
0.001102
0.002161
0.001072
0.001007
0.002436
0.002187
0.001215
0.001197
0.00139
0.001265
0.001052
0.001782
0.002598
0.0018
0.001235
0.001239
0.001079
0.001041
0.001221
0.001126
0.001043
0.000952
0.0011
0.001172
0.001152
0.001328
0.001885
0.001009
0.001097
0.000971
0.000998
0.00175
0.000989
0.000952
0.001248
0.001204
0.001027
0.000969
0.00163
0.001027
0.001099
0.001271
0.000998
0.001097
0.001068
0.00102
0.001354
0.001053
0.001666
0.00129
0.00124
0.002047
0.002221
0.00473
0.002164
0.003171
0.001502
0.001351
0.001059
0.000979
0.003638
0.002184
0.001538
0.001139
0.001015
0.000949
0.000981
0.000983
0.001047
0.004468
0.001588
0.001075
0.001017
0.001026
0.001106
0.001082
0.001077
0.003433
0.00136
0.001015
0.000995
0.001047
0.001005
0.001052
0.001362
0.007593
0.005013
0.00145
0.001096
0.001303
0.001107
0.00108
0.001288
0.001067
0.007734
0.001954
0.003049
0.001958
0.001362
0.002045
0.001296
0.001048
0.001017
0.001718
0.002336
0.012675
0.003693
0.001519
0.007916
0.002547
0.001699
0.00143
0.008798
0.003058
0.000942
0.000905
0.001263
0.001056
0.0011
0.001127
0.002713
0.001098
0.001152
0.001057
0.001032
0.001037
0.001045
0.001028
0.001002
0.000978
0.001072
0.00106
0.000994
0.001022
0.000974
0.000984
0.000988
0.001002
0.000945
0.006942
0.002104
0.001546
0.001168
0.001209
0.002003
0.001424
0.002055
0.001249
0.001246
0.00124
0.001108
0.001164
0.001066
0.00228
0.001989
0.002297
0.002061
0.001224
0.001031
0.001331
0.001284
0.002224
0.001703
0.00145
0.001055
0.001001
0.011008
0.001234
0.002624
0.001927
0.001193
0.001251
0.001945
0.001264
0.001073
0.001151
0.001782
0.001737
0.00204
0.001649
0.00129
0.00107
0.001298
0.001376
0.00152
0.001351
0.00119
0.001672
0.001207
0.000928
0.001174
0.001542
0.000928
0.001153
0.000897
0.000914
0.001125
0.001233
0.001495
0.000905
0.00108
0.001334
0.001099
0.001048
0.000862
0.000888
0.001034
0.000951
0.001123
0.001021
0.001243
0.00179
0.001236
0.000929
0.001014
0.000903
0.001384
0.001351
0.000965
0.000924
0.001783
0.001099
0.001071
0.001131
0.00203
0.001265
0.00101
0.001785
0.001341
0.001312
0.001287
0.001191
0.001902
0.001407
0.001664
0.001381
0.001053
0.001484
0.001925
0.001261
0.001318
0.001002
0.000896
0.001091
0.000977
0.001021
0.001159
0.001147
0.001164
0.001644
0.001229
0.001743
0.001122
0.001019
0.001325
0.001439
0.001221
0.001066
0.001017
0.001139
0.001232
0.001529
0.001616
0.001551
0.001714
0.002032
0.001028
0.000957
0.000932
0.001634
0.001057
0.000921
0.000993
0.000923
0.00092
0.000903
0.00118
0.002105
0.001036
0.001862
0.001545
0.001493
0.000979
0.001015
0.001252
0.001206
0.001592
0.000968
0.001078
0.001905
0.001569
0.001567
0.001581
0.001214
0.000979
0.001087
0.00121
0.001384
0.001516
0.001352
0.001279
0.001113
0.001361
0.001287
0.001028
0.000993
0.001332
0.001723
0.000986
0.001258
0.001233
0.001774
0.001204
0.000992
0.000951
0.001022
0.000935
0.001034
0.001454
0.0017
0.0014
0.001181
0.001235
0.001122
0.001125
0.001348
0.00144
0.001077
0.000997
0.001187
0.001714
0.001214
0.001144
0.000979
0.000929
0.001804
0.001045
0.001425
0.004485
0.001393
0.001798
0.001113
0.001017
0.001066
0.001207
0.001203
0.001278
0.001011
0.001071
0.000926
0.000953
0.001072
0.001101
0.00195
0.001279
0.001143
0.001133
0.001236
0.00164
0.001057
0.001572
0.001244
0.001196
0.001174
0.000979
0.000984
0.000873
0.001057
0.001833
0.001078
0.001097
0.001739
0.001214
0.001165
0.001159
0.001288
0.001081
0.000973
0.001142
0.001613
0.001249
0.001561
0.001105
0.00124
0.002545
0.001635
0.001283
0.000956
0.0012
0.000976
0.001161
0.001031
0.001272
0.001457
0.001334
0.001544
0.001133
0.001185
0.001189
0.00168
0.00123
0.001412
0.001699
0.001523
0.001399
0.001228
0.001406
0.001499
0.001502
0.001635
0.001482
0.001185
0.001237
0.001007
0.001136
0.003534
0.001458
0.001867
0.001116
0.001316
0.001523
0.001632
0.001331
0.001303
0.001184
0.001513
0.001636
0.00126
0.00114
0.001083
0.00156
0.001487
0.00119
0.001336
0.001927
0.001594
0.00111
0.001364
0.001679
0.001257
0.001493
0.001117
0.001646
0.001208
0.001151
0.002352
0.001572
0.001319
0.001158
0.002124
0.000963
0.001071
0.001584
0.000997
0.015687
0.001766
0.001191
0.001396
0.000969
0.000996
0.001299
0.00107
0.00233
0.001373
0.001395
0.00115
0.002016
0.001136
0.00114
0.001714
0.00131
0.001554
0.001416
0.001075
0.001511
0.001828
0.001309
0.0013
0.001494
0.001426
0.001286
0.001368
0.001047
0.001025
0.001344
0.001033
0.000996
0.001334
0.001607
0.001014
0.000901
0.000946
0.000943
0.001555
0.001752
0.001091
0.001
0.001606
0.001705
0.002135
0.001588
0.001198
0.00194
0.00125
0.001914
0.00194
0.001355
0.001335
0.001574
0.001035
0.001715
0.00171
0.001154
0.001241
0.001835
0.001597
0.001334
0.001332
0.00106
0.001219
0.001886
0.001151
0.001156
0.001776
0.001674
0.001204
0.001655
0.00114
0.001112
0.001734
0.001435
0.001238
0.001768
0.001036
0.001473
0.001441
0.001555
0.000925
0.001552
0.000924
0.001084
0.001318
0.001806
0.001263
0.001306
0.001109
0.001002
0.00155
0.001655
0.001238
0.001609
0.001246
0.001931
0.001179
0.001106
0.001576
0.00153
0.001449
0.001815
0.001064
0.000981
0.001344
0.001504
0.001307
0.001263
0.007613
0.00234
0.001865
0.001384
0.001326
0.001406
0.001093
0.001018
0.001177
0.001373
0.001301
0.001166
0.001154
0.001073
0.001123
0.000995
0.001537
0.001052
0.001124
0.001536
0.001266
0.001176
0.001278
0.001074
0.000956
0.000944
0.000865
0.001035
0.00126
0.00183
0.00113
0.001002
0.001162
0.00169
0.001205
0.001257
0.001639
0.000976
0.001478
0.00121
0.002032
0.001252
0.001181
0.001684
0.001314
0.001268
0.00097
0.001983
0.00145
0.001075
0.001545
0.001249
0.001297
0.001094
0.000929
0.001221
0.001818
0.001124
0.000983
0.000924
0.000847
0.000881
0.00114
0.00121
0.000915
0.000863
0.000864
0.001444
0.001324
0.001129
0.001237
0.001275
0.001182
0.001322
0.001519
0.000934
0.001317
0.001216
0.001618
0.001102
0.001006
0.001182
0.001819
0.00145
0.001194
0.001122
0.00131
0.002466
0.001668
0.00123
0.001878
0.001291
0.000921
0.001627
0.001581
0.001041
0.001086
0.001352
0.001373
0.002623
0.001029
0.001109
0.001415
0.001331
0.001667
0.00156
0.001321
0.001261
0.001209
0.001121
0.001093
0.000883
0.000897
0.000894
0.001174
0.001269
0.001724
0.001149
0.001257
0.001064
0.001433
0.001246
0.001138
0.000923
0.000989
0.001354
0.001673
0.001223
0.001043
0.001277
0.001538
0.001318
0.00115
0.001177
0.001418
0.001097
0.001177
0.001437
0.001211
0.001018
0.000914
0.000985
0.000948
0.000891
0.001531
0.001564
0.001488
0.001233
0.001427
0.001443
0.00126
0.000957
0.000939
0.001795
0.000955
0.001796
0.001507
0.001837
0.001439
0.001223
0.001558
0.001131
0.001136
0.001028
0.001217
0.001004
0.000845
0.001059
0.001214
0.000923
0.001172
0.001209
0.000922
0.001289
0.001738
0.001482
0.001102
0.001718
0.001033
0.001143
0.001174
0.001436
0.001304
0.001518
0.001108
0.002538
0.001533
0.001257
0.001645
0.001346
0.001055
0.001041
0.001441
0.001329
0.001122
0.00139
0.001271
0.001175
0.000874
0.000856
0.001153
0.001572
0.002063
0.001524
0.001272
0.001405
0.001152
0.001162
0.001265
0.001543
0.001028
0.000933
0.000948
0.001349
0.001075
0.001005
0.00124
0.001547
0.001267
0.000953
0.00114
0.000985
0.001169
0.000898
0.000932
0.000822
0.00104
0.000882
0.001093
0.001779
0.001103
0.001254
0.001326
0.001465
0.001129
0.000958
0.001303
0.001364
0.001143
0.001099
0.000967
0.000948
0.001196
0.001576
0.001101
0.001029
0.001144
0.001395
0.001223
0.001048
0.001151
0.00134
0.00144
0.000959
0.001674
0.001168
0.00119
0.001411
0.001181
0.001587
0.001262
0.001067
0.001015
0.000979
0.001013
0.000981
0.000907
0.001075
0.00139
0.001442
0.001174
0.001086
0.001046
0.001372
0.001096
0.000973
0.000986
0.001287
0.001545
0.001302
0.001409
0.001369
0.001118
0.001075
0.001225
0.001507
0.001019
0.001491
0.001056
0.001174
0.001279
0.001755
0.001266
0.000959
0.001055
0.001085
0.001298
0.001193
0.00093
0.001333
0.002113
0.001072
0.001889
0.001235
0.001359
0.001126
0.001643
0.001403
0.001165
0.001156
0.001116
0.001145
0.000878
0.000885
0.000981
0.001168
0.001561
0.001329
0.001068
0.001578
0.000999
0.001093
0.001021
0.001156
0.001385
0.001499
0.00127
0.001363
0.001255
0.001697
0.001129
0.001074
0.001
0.001146
0.001375
0.001466
0.000996
0.001116
0.001476
0.001159
0.001207
0.000842
0.001013
0.000982
0.00139
0.001277
0.000955
0.001535
0.001265
0.00115
0.001013
0.001039
0.001145
0.001209
0.001249
0.001462
0.001121
0.001575
0.00098
0.00093
0.001003
0.001416
0.001432
0.001221
0.000918
0.000955
0.00091
0.001025
0.000896
0.000961
0.000829
0.001186
0.001134
0.001534
0.001469
0.001164
0.000938
0.000961
0.001033
0.001277
0.001785
0.001597
0.001289
0.001158
0.001119
0.001139
0.001031
0.00096
0.003172
0.001532
0.001477
0.001254
0.001493
0.001461
0.00122
0.001433
0.000979
0.001197
0.001345
0.001494
0.002028
0.00142
0.001139
0.001269
0.001448
0.003504
0.001696
0.000967
0.000923
0.001363
0.001569
0.001142
0.001444
0.001168
0.001445
0.001271
0.001165
0.001713
0.001055
0.000965
0.001754
0.001267
0.001009
0.001229
0.001706
0.001199
0.001529
0.001377
0.001188
0.000907
0.000955
0.000972
0.001102
0.001972
0.001804
0.001252
0.001001
0.00122
0.001226
0.001097
0.00135
0.000977
0.001656
0.001254
0.001395
0.00109
0.000985
0.000989
0.001321
0.001585
0.000925
0.000994
0.000899
0.000996
0.00087
0.001192
0.002176
0.000923
0.001204
0.001101
0.001072
0.001067
0.00116
0.00113
0.000994
0.001479
0.0015
0.001091
0.001247
0.001221
0.001832
0.001267
0.001017
0.000887
0.001341
0.001526
0.001246
0.001106
0.001262
0.002385
0.001243
0.001418
0.001678
0.001324
0.001259
0.001298
0.001169
0.00123
0.001464
0.001261
0.001279
0.001216
0.001715
0.001468
0.001646
0.001401
0.001184
0.001216
0.001221
0.001166
0.001406
0.001333
0.001081
0.001472
0.00141
0.001415
0.001116
0.001622
0.000952
0.001173
0.001144
0.001171
0.001196
0.000979
0.001357
0.001168
0.000892
0.000915
0.001206
0.001577
0.001004
0.001087
0.00165
0.001258
0.001213
0.001067
0.001275
0.001032
0.001156
0.001545
0.001212
0.001093
0.001367
0.001679
0.001157
0.00124
0.001711
0.001194
0.00114
0.000938
0.000926
0.001589
0.001819
0.001676
0.001332
0.001248
0.000979
0.001754
0.000996
0.000925
0.001225
0.001535
0.001007
0.001285
0.001314
0.001244
0.000895
0.000942
0.000942
0.000875
0.000924
0.001474
0.001231
0.001409
0.001397
0.001299
0.001134
0.001523
0.00129
0.001091
0.001983
0.001176
0.00149
0.001097
0.000961
0.001037
0.001333
0.003119
0.00143
0.001203
0.001117
0.001282
0.001097
0.000961
0.000975
0.001146
0.001063
0.000882
0.00088
0.000966
0.001217
0.00092
0.000935
0.000916
0.000991
0.000906
0.001145
0.001266
0.001027
0.001065
0.001986
0.001304
0.001854
0.001099
0.001039
0.001196
0.001834
0.001357
0.00146
0.001228
0.000965
0.000976
0.00093
0.000926
0.001093
0.001344
0.001079
0.001094
0.001316
0.001541
0.00113
0.000948
0.00095
0.001118
0.00181
0.001131
0.001156
0.00144
0.001676
0.001265
0.000999
0.001148
0.001109
0.001013
0.000963
0.001942
0.001265
0.001511
0.001753
0.001224
0.001169
0.00142
0.001517
0.001158
0.000999
0.000981
0.001054
0.001033
0.001371
0.001105
0.001893
0.001014
0.001328
0.001426
0.000942
0.001062
0.000984
0.001388
0.001715
0.002026
0.001203
0.001585
0.001439
0.001243
0.001146
0.001122
0.001153
0.001611
0.001322
0.001117
0.001144
0.001287
0.001275
0.001072
0.001208
0.00119
0.000943
0.000991
0.001069
0.002105
0.00167
0.002083
0.001632
0.001544
0.001105
0.001485
0.00159
0.002236
0.001586
0.002284
0.001867
0.001416
0.00147
0.001382
0.001299
0.001292
0.001045
0.000892
0.0013
0.001174
0.001033
0.001236
0.000996
0.00113
0.000883
0.001873
0.001576
0.001434
0.001323
0.001205
0.001519
0.001368
0.00154
0.000983
0.000951
0.001169
0.001433
0.001511
0.001796
0.001353
0.001502
0.001296
0.00138
0.001351
0.001099
0.001049
0.00106
0.001699
0.001868
0.001623
0.001486
0.001191
0.001274
0.000977
0.000932
0.000961
0.000937
0.000878
0.00119
0.00162
0.00148
0.001334
0.001314
0.001075
0.001532
0.001708
0.001117
0.001131
0.001178
0.001367
0.001759
0.001503
0.001676
0.00116
0.001057
0.001344
0.001108
0.001006
0.000877
0.000966
0.001122
0.001
0.000959
0.001163
0.001145
0.000887
0.001141
0.022538
0.001341
0.001098
0.001243
0.000931
0.001492
0.001229
0.001243
0.001208
0.001261
0.001353
0.001753
0.001409
0.001051
0.000973
0.001419
0.002039
0.001346
0.00175
0.001074
0.001182
0.001108
0.00088
0.000921
0.002792
0.001452
0.001887
0.001454
0.001651
0.001094
0.001051
0.001662
0.001462
0.002185
0.001446
0.001875
0.0018
0.001234
0.001248
0.001698
0.002242
0.002279
0.001758
0.001716
0.001485
0.000978
0.001102
0.002226
0.001482
0.002087
0.001075
0.001347
0.000946
0.000898
0.001111
0.001585
0.001174
0.001525
0.00096
0.001064
0.001974
0.001315
0.001371
0.001656
0.001573
0.001837
0.001561
0.001536
0.001364
0.001725
0.001535
0.001654
0.002545
0.001303
0.001048
0.001577
0.001533
0.001131
0.001382
0.001076
0.00108
0.001547
0.001085
0.001007
0.000883
0.000885
0.001362
0.002654
0.001627
0.001465
0.001373
0.000957
0.000892
0.000958
0.000927
0.002348
0.001519
0.001655
0.001845
0.001376
0.001697
0.001746
0.00126
0.001056
0.001337
0.001098
0.001138
0.001335
0.001245
0.001157
0.001081
0.001237
0.00101
0.001139
0.001261
0.001385
0.001396
0.0011
0.00097
0.001099
0.00585
0.001981
0.001685
0.010217
0.002252
0.001334
0.001415
0.001506
0.001104
0.000947
0.000895
0.001012
0.00099
0.001342
0.001202
0.001012
0.001161
0.001122
0.001296
0.001278
0.001833
0.001258
0.00115
0.00129
0.0014
0.001367
0.001215
0.001066
0.001371
0.001061
0.001026
0.001156
0.000964
0.001414
0.001489
0.001347
0.001292
0.001222
0.001594
0.001173
0.000889
0.001074
0.0016
0.001236
0.001304
0.001332
0.001184
0.001284
0.001039
0.001124
0.001215
0.001257
0.001003
0.001198
0.001555
0.001398
0.001169
0.001044
0.001123
0.001002
0.001036
0.000895
0.00093
0.001132
0.001175
0.000946
0.001044
0.001207
0.001727
0.001145
0.000923
0.001117
0.001486
0.001484
0.001321
0.001443
0.001248
0.001041
0.000956
0.001049
0.001341
0.001145
0.001176
0.000998
0.00181
0.000954
0.001142
0.001053
0.001631
0.001481
0.001834
0.001595
0.001407
0.00189
0.001306
0.001334
0.000971
0.001468
0.001686
0.001189
0.001027
0.001685
0.001024
0.001023
0.001043
0.001354
0.001027
0.000905
0.001112
0.001088
0.000856
0.000893
0.001201
0.001563
0.001177
0.001094
0.000824
0.000841
0.000948
0.001073
0.001759
0.00112
0.001319
0.001568
0.000914
0.000979
0.001778
0.001793
0.001393
0.001218
0.000993
0.001013
0.001004
0.000943
0.000878
0.001144
0.001058
0.001084
0.000908
0.002033
0.001362
0.001368
0.00123
0.001007
0.000889
0.001618
0.001071
0.001594
0.00124
0.001935
0.000992
0.001129
0.00109
0.001249
0.001096
0.000966
0.001706
0.001728
0.000978
0.000845
0.000994
0.000942
0.001145
0.001317
0.001807
0.001138
0.001123
0.001318
0.001002
0.001755
0.001082
0.000982
0.00101
0.001307
0.001625
0.001338
0.00158
0.001152
0.001449
0.001286
0.001427
0.00112
0.000981
0.001192
0.00113
0.001127
0.001011
0.001345
0.001928
0.001352
0.001106
0.00116
0.001446
0.001552
0.001154
0.00098
0.000884
0.00114
0.000951
0.00142
0.00109
0.002525
0.001173
0.001466
0.001623
0.000995
0.000874
0.001027
0.00102
0.000942
0.001092
0.001181
0.000959
0.001991
0.001166
0.000984
0.001048
0.00116
0.000986
0.001063
0.001213
0.000936
0.001087
0.000934
0.000926
0.001251
0.001004
0.001
0.001646
0.001039
0.000881
0.000883
0.001205
0.001079
0.000962
0.000925
0.001189
0.000921
0.000928
0.000849
0.000986
0.00135
0.000978
0.001045
0.000896
0.000979
0.000912
0.000856
0.001412
0.001039
0.001017
0.000893
0.000933
0.001056
0.000864
0.001891
0.001258
0.00142
0.001524
0.001227
0.001125
0.001066
0.001556
0.001199
0.00132
0.000913
0.001178
0.001086
0.001075
0.000899
0.00122
0.001218
0.00112
0.001078
0.001649
0.001394
0.000967
0.000875
0.001251
0.001597
0.001721
0.000895
0.000859
0.000996
0.001027
0.001213
0.001227
0.002064
0.001217
0.001289
0.00114
0.001007
0.00091
0.000933
0.001283
0.001475
0.001432
0.001226
0.001295
0.001378
0.001374
0.00127
0.000963
0.00129
0.001093
0.001257
0.001501
0.001393
0.001227
0.00214
0.001326
0.000955
0.001156
0.000902
0.001609
0.001485
0.001254
0.001087
0.000972
0.001308
0.001201
0.00128
0.001248
0.001968
0.001559
0.000977
0.00098
0.000975
0.001378
0.001388
0.001861
0.001243
0.001276
0.001299
0.001441
0.00124
0.001204
0.001927
0.001735
0.001337
0.00118
0.001374
0.001511
0.001568
0.001354
0.001207
0.001196
0.002185
0.000962
0.000883
0.000913
0.001683
0.001799
0.001355
0.001419
0.001241
0.00122
0.001498
0.001192
0.001393
0.001357
0.001456
0.001035
0.001409
0.00126
0.001952
0.001412
0.002125
0.00102
0.000971
0.001688
0.001848
0.001148
0.001484
0.001236
0.001087
0.001115
0.000996
0.001276
0.001677
0.000917
0.001131
0.001593
0.001685
0.001675
0.001238
0.001611
0.001784
0.00174
0.001213
0.001151
0.001068
0.001396
0.001946
0.001435
0.001063
0.000934
0.000988
0.001539
0.001251
0.00116
0.00314
0.000952
0.001275
0.001836
0.001226
0.001755
0.001127
0.00094
0.00185
0.001373
0.001439
0.001206
0.001451
0.001378
0.001181
0.001514
0.001302
0.00156
0.001103
0.00145
0.001108
0.001105
0.000992
0.001184
0.001234
0.00108
0.001138
0.001162
0.000887
0.001003
0.001128
0.002048
0.0012
0.001697
0.002333
0.001494
0.001106
0.001119
0.001573
0.001444
0.001109
0.001563
0.001016
0.001157
0.001211
0.001645
0.00096
0.001141
0.001716
0.001614
0.00142
0.001433
0.001244
0.001336
0.001507
0.001846
0.002075
0.002196
0.001866
0.001567
0.000961
0.001349
0.000984
0.001194
0.001434
0.000856
0.000919
0.001176
0.001786
0.001159
0.001134
0.001039
0.001118
0.001251
0.001232
0.001177
0.001472
0.001699
0.001314
0.001228
0.000926
0.000956
0.001726
0.001285
0.001271
0.001301
0.00128
0.001156
0.001442
0.001184
0.001249
0.0012
0.001021
0.000973
0.001093
0.001133
0.001451
0.000983
0.000852
0.00123
0.001629
0.002449
0.001192
0.001455
0.00126
0.001219
0.001111
0.001017
0.001571
0.000981
0.00106
0.001556
0.001034
0.001761
0.001306
0.00113
0.001068
0.00127
0.001028
0.001026
0.000862
0.000959
0.001022
0.001192
0.002012
0.001188
0.00161
0.001068
0.001044
0.000977
0.001436
0.001795
0.001283
0.001474
0.00157
0.000981
0.001486
0.00132
0.001436
0.001591
0.001048
0.002401
0.001389
0.001429
0.002998
0.001615
0.001298
0.001145
0.002025
0.001013
0.001095
0.001107
0.000896
0.000937
0.000998
0.001771
0.00097
0.001111
0.001307
0.001828
0.001191
0.00123
0.001305
0.002145
0.001368
0.001289
0.001445
0.001381
0.001571
0.001029
0.000915
0.000911
0.001117
0.001251
0.001492
0.001159
0.001206
0.000918
0.001363
0.001279
0.001612
0.001252
0.00165
0.000885
0.000908
0.001295
0.001343
0.001132
0.001204
0.001233
0.001056
0.001269
0.001722
0.000939
0.001206
0.001277
0.001129
0.000945
0.002106
0.001103
0.000939
0.00127
0.000906
0.00088
0.000945
0.001093
0.000945
0.001061
0.001025
0.001119
0.001039
0.001033
0.001079
0.000991
0.000959
0.001142
0.001054
0.001041
0.001462
0.001671
0.001597
0.00094
0.001017
0.000939
0.001566
0.001874
0.000926
0.001
0.001565
0.000968
0.001023
0.001132
0.001384
0.000977
0.001235
0.000957
0.000924
0.001059
0.001049
0.000997
0.001049
0.000935
0.000982
0.001727
0.001386
0.001377
0.001457
0.000875
0.00092
0.001161
0.001768
0.00119
0.001522
0.001317
0.001527
0.001258
0.00099
0.001301
0.001413
0.001021
0.000854
0.001061
0.001391
0.000959
0.001029
0.001737
0.001392
0.001221
0.000876
0.001496
0.001204
0.000903
0.000853
0.001174
0.001487
0.001548
0.001513
0.001023
0.00086
0.000981
0.000854
0.001607
0.001371
0.001104
0.001035
0.000957
0.000965
0.000955
0.000907
0.00099
0.000924
0.001388
0.00143
0.001859
0.001159
0.000986
0.000975
0.000892
0.00088
0.001521
0.001364
0.001676
0.001233
0.001133
0.001272
0.001086
0.000864
0.000925
0.001393
0.001111
0.001099
0.000982
0.001585
0.001314
0.001513
0.000953
0.000852
0.001057
0.001293
0.001701
0.000958
0.001247
0.001759
0.001102
0.000985
0.001058
0.000874
0.001045
0.000959
0.000955
0.001089
0.001739
0.001286
0.001719
0.001102
0.001393
0.00117
0.001001
0.001339
0.001002
0.000892
0.0011
0.001938
0.001305
0.001299
0.001305
0.001088
0.001073
0.001341
0.001507
0.00134
0.001517
0.001588
0.000953
0.000888
0.001078
0.001892
0.001327
0.001548
0.001353
0.000926
0.000862
0.001062
0.001352
0.001601
0.001173
0.001032
0.001118
0.001554
0.020622
0.001241
0.001015
0.001081
0.000962
0.000964
0.001064
0.000966
0.001622
0.001104
0.000925
0.001394
0.001716
0.000956
0.000946
0.001246
0.001374
0.001637
0.001444
0.001045
0.001056
0.001177
0.00087
0.001016
0.001221
0.000833
0.00091
0.001134
0.000882
0.00087
0.001153
0.000885
0.001397
0.00121
0.000883
0.001244
0.00111
0.001163
0.001153
0.001864
0.001112
0.000935
0.001697
0.001161
0.000846
0.000945
0.000902
0.000867
0.001308
0.001758
0.00108
0.001633
0.001399
0.000943
0.001111
0.001016
0.001125
0.001109
0.00091
0.001156
0.001587
0.000908
0.001089
0.001126
0.000873
0.000851
0.001083
0.001239
0.000903
0.00153
0.001363
0.000867
0.001271
0.004749
0.00114
0.00147
0.001621
0.001338
0.000932
0.0017
0.001033
0.000895
0.001053
0.001335
0.00117
0.000873
0.000875
0.000978
0.000848
0.00096
0.001568
0.001105
0.001091
0.000927
0.000859
0.001046
0.000884
0.000869
0.001559
0.00106
0.000847
0.001123
0.001133
0.001023
0.001168
0.001682
0.000968
0.001109
0.000909
0.000867
0.001104
0.00085
0.000957
0.001283
0.001012
0.000846
0.001004
0.000826
0.000848
0.001076
0.001109
0.00114
0.000891
0.001236
0.000844
0.000813
0.000827
0.010712
0.001199
0.001031
0.000956
0.0017
0.000916
0.000857
0.000892
0.000854
0.000838
0.000839
0.00088
0.000897
0.0013
0.00102
0.000859
0.000904
0.000834
0.000818
0.000858
0.000804
0.000804
0.000925
0.001087
0.001008
0.000856
0.000849
0.000905
0.000903
0.00093
0.000819
0.000896
0.000947
0.001283
0.001046
0.000985
0.000815
0.000842
0.000825
0.000824
0.000847
0.000941
0.000835
0.000814
0.00082
0.000821
0.000836
0.000894
0.001021
0.000915
0.00088
0.00102
0.000923
0.001022
0.001019
0.000909
0.001028
0.001631
0.001107
0.001023
0.000965
0.001002
0.00142
0.001014
0.00117
0.001372
0.001064
0.000909
0.000903
0.00092
0.00105
0.000991
0.000884
0.00086
0.000929
0.000826
0.000894
0.000844
0.000887
0.001467
0.00163
0.001405
0.001426
0.001141
0.001084
0.00087
0.001004
0.001486
0.000885
0.000903
0.000815
0.000978
0.000851
0.000904
0.001735
0.001546
0.001195
0.0011
0.001161
0.000842
0.000827
0.000845
0.001012
0.001051
0.000885
0.000855
0.001045
0.001154
0.001208
0.001265
0.001273
0.001315
0.001601
0.001009
0.000815
0.000832
0.000854
0.001267
0.001076
0.000975
0.000996
0.00087
0.000816
0.000848
0.000866
0.001273
0.001193
0.00093
0.001022
0.001139
0.000871
0.000898
0.000973
0.001062
0.00083
0.000859
0.000959
0.001077
0.001244
0.001187
0.001356
0.000941
0.000923
0.00082
0.00093
0.000841
0.000838
0.00083
0.000818
0.000959
0.000997
0.00122
0.000961
0.001
0.001068
0.000971
0.001036
0.000894
0.001049
0.001009
0.001057
0.001547
0.000911
0.000831
0.000993
0.001285
0.000996
0.000879
0.000878
0.000862
0.0008
0.000818
0.0009
0.001092
0.00082
0.001153
0.001064
0.001593
0.001074
0.000988
0.000914
0.000909
0.000856
0.00083
0.001027
0.001069
0.001052
0.001126
0.000937
0.00084
0.000819
0.000916
0.000856
0.000837
0.000817
0.000853
0.000817
0.000928
0.000908
0.000841
0.000851
0.000839
0.001898
0.0014
0.001107
0.001254
0.001091
0.001151
0.001343
0.001159
0.000867
0.001298
0.001164
0.001089
0.001285
0.00114
0.001045
0.001299
0.001402
0.001322
0.001208
0.000902
0.000916
0.00093
0.000855
0.001323
0.000925
0.00167
0.001181
0.001251
0.001125
0.001268
0.001099
0.001162
0.001114
0.001124
0.00122
0.001097
0.001156
0.001241
0.001094
0.002404
0.001164
0.001305
0.001121
0.00093
0.000826
0.00084
0.000798
0.000839
0.000846
0.000832
0.000818
0.001083
0.001682
0.001096
0.000876
0.00091
0.001275
0.001134
0.001151
0.001082
0.0009
0.000943
0.001244
0.001538
0.001393
0.001127
0.001126
0.001386
0.00139
0.001365
0.000889
0.001046
0.001381
0.001287
0.001239
0.001267
0.001299
0.001393
0.001333
0.000995
0.000835
0.000876
0.000838
0.001151
0.001519
0.001058
0.000839
0.000892
0.00084
0.000828
0.001464
0.001289
0.001385
0.000918
0.00091
0.001225
0.00157
0.001348
0.001495
0.000996
0.00121
0.001182
0.001062
0.001001
0.000983
0.000891
0.000934
0.000865
0.001029
0.001162
0.001381
0.00115
0.001172
0.001216
0.00102
0.001191
0.001323
0.001103
0.001181
0.001038
0.001591
0.00111
0.001052
0.001428
0.002032
0.001234
0.001332
0.001482
0.001197
0.001049
0.000901
0.000904
0.000927
0.000956
0.000907
0.000967
0.001017
0.000923
0.00083
0.001078
0.001241
0.001149
0.000986
0.001078
0.000891
0.00099
0.001231
0.000831
0.00113
0.001568
0.001773
0.001459
0.001488
0.001414
0.001252
0.001421
0.001452
0.001217
0.001234
0.001204
0.001429
0.001287
0.001201
0.001035
0.001348
0.000964
0.001321
0.00136
0.001146
0.001001
0.000937
0.001154
0.00121
0.001338
0.001102
0.001263
0.001374
0.001132
0.00135
0.001205
0.001575
0.001128
0.001296
0.001231
0.001236
0.000988
0.004309
0.001099
0.000875
0.00087
0.000966
0.001363
0.00126
0.000982
0.001027
0.00149
0.001311
0.00133
0.001245
0.000984
0.001035
0.000883
0.000871
0.000834
0.000893
0.000866
0.000898
0.001245
0.001008
0.001001
0.000831
0.001112
0.001295
0.001292
0.001282
0.001225
0.001241
0.001182
0.001321
0.001082
0.001162
0.001107
0.001268
0.001158
0.001261
0.001162
0.001086
0.001211
0.00117
0.001006
0.001172
0.001152
0.000934
0.001396
0.001229
0.00117
0.001294
0.001217
0.000901
0.001274
0.001225
0.001387
0.001309
0.001233
0.001445
0.001521
0.001293
0.000975
0.000936
0.0009
0.00135
0.001165
0.001151
0.000846
0.000954
0.001234
0.001144
0.001501
0.001072
0.00093
0.00083
0.000816
0.000985
0.001136
0.001277
0.001284
0.001156
0.00119
0.001164
0.001253
0.001398
0.001277
0.001178
0.000879
0.000932
0.001206
0.001117
0.001118
0.001291
0.001324
0.001396
0.001139
0.001491
0.001222
0.001127
0.001227
0.00121
0.001048
0.001087
0.001171
0.001352
0.001231
0.001177
0.001172
0.001123
0.001144
0.001218
0.001024
0.001165
0.001265
0.001092
0.001062
0.001115
0.000887
0.00084
0.001227
0.000942
0.001369
0.001472
0.000992
0.001137
0.001759
0.001132
0.001918
0.001246
0.000889
0.001485
0.001008
0.000896
0.000977
0.001172
0.001343
0.001354
0.001012
0.00088
0.001078
0.001576
0.00115
0.001101
0.001101
0.001045
0.001281
0.001138
0.001461
0.001276
0.001106
0.001081
0.001336
0.001207
0.001218
0.001102
0.001388
0.00118
0.001174
0.001176
0.001455
0.001271
0.001268
0.001115
0.001322
0.001336
0.001114
0.001343
0.001257
0.001207
0.001252
0.001204
0.000954
0.000858
0.001101
0.001216
0.00098
0.00084
0.001208
0.001266
0.001112
0.00132
0.001092
0.001218
0.001269
0.00108
0.000996
0.001334
0.001249
0.001205
0.001269
0.001171
0.001069
0.001394
0.001059
0.001395
0.001305
0.000957
0.00116
0.001239
0.001295
0.001294
0.001262
0.001136
0.001162
0.001175
0.00107
0.001374
0.000882
0.000826
0.000908
0.000867
0.001278
0.001064
0.001258
0.001254
0.001178
0.001091
0.001175
0.001234
0.001314
0.00109
0.00133
0.001063
0.001096
0.000887
0.001446
0.001248
0.001291
0.001316
0.001239
0.00119
0.001355
0.001152
0.000978
0.001275
0.001406
0.001097
0.001079
0.001218
0.001112
0.001235
0.001375
0.001226
0.001089
0.001205
0.001019
0.000849
0.00089
0.001286
0.001151
0.00133
0.001062
0.001243
0.001198
0.001197
0.001502
0.001045
0.001024
0.00138
0.001245
0.001108
0.001075
0.001021
0.00128
0.001186
0.001074
0.00132
0.001208
0.000907
0.001009
0.001267
0.001279
0.001227
0.001328
0.001394
0.001197
0.001177
0.001265
0.001229
0.001212
0.001378
0.00127
0.001109
0.001107
0.000892
0.000932
0.001079
0.001191
0.001399
0.001296
0.000983
0.000905
0.000819
0.000822
0.001185
0.000987
0.000884
0.000833
0.000841
0.000861
0.000934
0.001443
0.000979
0.001089
0.001335
0.001109
0.001274
0.000874
0.000921
0.00122
0.001174
0.000929
0.000827
0.001163
0.001266
0.001218
0.001033
0.001353
0.001158
0.001075
0.00099
0.001294
0.001189
0.001089
0.001139
0.00089
0.000853
0.000913
0.000835
0.001017
0.0012
0.000872
0.000809
0.001876
0.001481
0.001669
0.002299
0.00185
0.001476
0.001008
0.000946
0.000926
0.000887
0.000837
0.00166
0.001645
0.001354
0.001101
0.001217
0.001244
0.001272
0.001642
0.001031
0.001117
0.001161
0.001392
0.001236
0.001078
0.001418
0.001171
0.001517
0.000954
0.001207
0.001208
0.001201
0.00116
0.000979
0.001173
0.000906
0.001587
0.001414
0.001418
0.001097
0.001505
0.001405
0.001166
0.001249
0.00124
0.00132
0.018418
0.00181
0.001591
0.001443
0.001359
0.001179
0.001151
0.000987
0.001183
0.001131
0.00096
0.001053
0.001355
0.001294
0.001564
0.00155
0.001279
0.001176
0.00162
0.001328
0.001099
0.001661
0.001208
0.001099
0.001372
0.001232
0.000992
0.001509
0.001512
0.001089
0.001564
0.001319
0.001156
0.001474
0.001288
0.001309
0.001164
0.00098
0.001297
0.00203
0.001252
0.000973
0.001093
0.001133
0.0012
0.001232
0.001284
0.001204
0.000879
0.001235
0.001242
0.001564
0.001195
0.000884
0.000991
0.000988
0.000966
0.001246
0.001059
0.000884
0.00088
0.000831
0.001145
0.004571
0.001228
0.001145
0.001773
0.001409
0.001406
0.00123
0.000891
0.000899
0.001151
0.000894
0.00087
0.001102
0.001114
0.001254
0.001569
0.001156
0.001384
0.001442
0.00108
0.00131
0.001176
0.001322
0.001088
0.001444
0.000895
0.001275
0.001154
0.001665
0.001209
0.001173
0.001083
0.001106
0.001281
0.001017
0.001409
0.001468
0.001107
0.001144
0.001208
0.00088
0.000864
0.001044
0.000845
0.000828
0.00129
0.00121
0.00104
0.000994
0.000914
0.000822
0.001184
0.000866
0.000829
0.001213
0.001457
0.001346
0.001791
0.001429
0.001329
0.001407
0.001014
0.001261
0.001282
0.00116
0.00107
0.001512
0.001217
0.001366
0.00865
0.001969
0.001049
0.001271
0.00111
0.000864
0.000869
0.000823
0.000817
0.000817
0.000889
0.00082
0.000966
0.001667
0.001235
0.001254
0.001273
0.001281
0.001371
0.001336
0.001485
0.001237
0.001301
0.001182
0.001185
0.001251
0.001268
0.001308
0.001069
0.001311
0.001137
0.000993
0.001139
0.00105
0.00137
0.001194
0.001083
0.001323
0.00123
0.000872
0.001181
0.001257
0.001076
0.001167
0.001055
0.001251
0.001274
0.001196
0.0011
0.001128
0.001177
0.001664
0.00103
0.000847
0.000848
0.000829
0.001123
0.001209
0.00122
0.001083
0.001285
0.001207
0.001083
0.001017
0.001005
0.001272
0.001255
0.001069
0.001135
0.001258
0.001252
0.001164
0.001209
0.001165
0.001133
0.001059
0.000895
0.00084
0.001201
0.001219
0.001083
0.000842
0.000926
0.000806
0.001126
0.00116
0.001297
0.001271
0.001222
0.00098
0.000828
0.000922
0.000816
0.000969
0.001069
0.001087
0.00087
0.000836
0.000902
0.001193
0.001127
0.00128
0.001296
0.001353
0.001042
0.001187
0.000976
0.001228
0.001063
0.001109
0.000912
0.000834
0.000876
0.000846
0.00099
0.001127
0.001259
0.001468
0.000943
0.001076
0.001306
0.000914
0.00085
0.000882
0.000851
0.001314
0.000991
0.001279
0.001237
0.00131
0.001344
0.001099
0.001114
0.001432
0.00122
0.001199
0.001209
0.001053
0.001028
0.000949
0.000839
0.000815
0.001162
0.000937
0.001106
0.001159
0.000944
0.000969
0.000822
0.000915
0.001076
0.001127
0.000858
0.000912
0.001005
0.001206
0.000916
0.000828
0.001144
0.001063
0.000932
0.000846
0.000884
0.000881
0.000804
0.000956
0.001302
0.001131
0.001031
0.001193
0.001288
0.00128
0.001201
0.001567
0.00125
0.001177
0.001151
0.001069
0.001198
0.001178
0.001161
0.001364
0.001316
0.001271
0.001196
0.001178
0.000917
0.000821
0.000925
0.00129
0.001315
0.001119
0.000859
0.001073
0.000848
0.000831
0.001263
0.001136
0.00112
0.000976
0.001405
0.001264
0.001205
0.001093
0.001268
0.001131
0.001248
0.000912
0.001299
0.000929
0.000971
0.001271
0.00136
0.000959
0.001006
0.000823
0.000961
0.001567
0.001396
0.001343
0.001277
0.001123
0.001304
0.001282
0.00113
0.001022
0.000859
0.000936
0.001073
0.001041
0.000898
0.000867
0.000942
0.001291
0.001298
0.00159
0.001309
0.001135
0.001427
0.000999
0.000841
0.001073
0.000892
0.001185
0.001374
0.001306
0.00093
0.00084
0.000816
0.00084
0.000869
0.000826
0.000822
0.000856
0.001092
0.00126
0.001108
0.001421
0.001057
0.001234
0.001268
0.001292
0.001138
0.001254
0.001229
0.001013
0.001166
0.001381
0.001526
0.001453
0.001184
0.001218
0.001454
0.000945
0.001137
0.001328
0.000915
0.000916
0.001083
0.001308
0.001266
0.000854
0.000866
0.000948
0.001061
0.001421
0.001225
0.001167
0.000984
0.000852
0.001108
0.001188
0.001021
0.000828
0.000966
0.001013
0.001258
0.001081
0.001457
0.001225
0.001264
0.001413
0.001018
0.000856
0.001109
0.001244
0.001328
0.001253
0.001142
0.001355
0.001416
0.001164
0.001075
0.000931
0.00116
0.001331
0.001222
0.001049
0.001132
0.001041
0.001011
0.001229
0.001171
0.000931
0.001039
0.001148
0.00104
0.001164
0.00104
0.001162
0.001136
0.000875
0.001449
0.001102
0.000923
0.000916
0.000834
0.000865
0.000834
0.000896
0.000836
0.001409
0.00142
0.001253
0.000963
0.001059
0.00117
0.000962
0.001119
0.001109
0.000902
0.001121
0.001315
0.001131
0.001377
0.001221
0.001206
0.000845
0.000828
0.000908
0.001383
0.000999
0.001089
0.001026
0.000935
0.000939
0.001109
0.001601
0.00111
0.000983
0.000943
0.001136
0.001076
0.003471
0.001522
0.001085
0.00118
0.00091
0.000844
0.00109
0.000936
0.001268
0.001151
0.000998
0.000851
0.000988
0.001059
0.001189
0.001089
0.001188
0.001083
0.001258
0.001271
0.001201
0.001181
0.000949
0.000805
0.00092
0.000849
0.000805
0.000849
0.000839
0.001311
0.001304
0.001441
0.000939
0.001224
0.001197
0.001163
0.001381
0.00113
0.001241
0.001036
0.001075
0.000938
0.001144
0.001297
0.001567
0.001302
0.001406
0.001145
0.001382
0.001091
0.001334
0.001241
0.001248
0.001177
0.001197
0.001007
0.000894
0.001342
0.001382
0.001041
0.001158
0.000975
0.001078
0.001096
0.001
0.001241
0.000875
0.000926
0.000844
0.001071
0.001169
0.000855
0.000841
0.000813
0.000846
0.000825
0.000903
0.000851
0.001019
0.001809
0.000974
0.001088
0.000968
0.001078
0.001248
0.001401
0.001353
0.00135
0.00121
0.001116
0.00085
0.001227
0.001101
0.001166
0.000827
0.001115
0.001287
0.00109
0.001223
0.000993
0.00091
0.001303
0.001129
0.000999
0.00139
0.001245
0.001395
0.0012
0.001037
0.000934
0.000928
0.000882
0.000892
0.000999
0.001264
0.001156
0.000856
0.000864
0.000826
0.000871
0.000859
0.001143
0.001267
0.000883
0.000848
0.001477
0.001338
0.001034
0.001371
0.001171
0.001169
0.001282
0.001368
0.001059
0.000968
0.001134
0.001258
0.001051
0.00117
0.000961
0.001199
0.00133
0.001112
0.001108
0.000959
0.000865
0.000822
0.000854
0.00092
0.000854
0.001146
0.000904
0.000895
0.000911
0.001008
0.001045
0.00143
0.001126
0.001094
0.001063
0.001015
0.000859
0.000896
0.000919
0.000826
0.000919
0.0009
0.000849
0.000905
0.00086
0.000977
0.000875
0.000828
0.000894
0.001234
0.00145
0.00137
0.001333
0.001141
0.001299
0.001133
0.000937
0.000931
0.000927
0.000886
0.001033
0.001124
0.000901
0.000993
0.000931
0.001071
0.00107
0.001234
0.001185
0.000931
0.000923
0.000902
0.001019
0.001012
0.000845
0.000808
0.000807
0.000829
0.000866
0.000808
0.000981
0.001018
0.001888
0.001174
0.001028
0.000939
0.000908
0.001025
0.00095
0.000837
0.000843
0.000886
0.001403
0.00218
0.001325
0.001301
0.001136
0.00095
0.000856
0.000849
0.000938
0.000976
0.000841
0.000861
0.000826
0.000844
0.000942
0.001011
0.000877
0.000845
0.001235
0.001387
0.001169
0.001136
0.00125
0.001206
0.001087
0.001374
0.001256
0.00107
0.001189
0.001291
0.001154
0.001353
0.001143
0.000855
0.000831
0.001203
0.001121
0.000926
0.001022
0.000941
0.00082
0.000841
0.001367
0.000958
0.000892
0.001177
0.001216
0.001274
0.001197
0.001189
0.001452
0.001276
0.001448
0.001213
0.001196
0.001426
0.001081
0.00151
0.001207
0.001004
0.001075
0.000998
0.001261
0.001108
0.000892
0.001059
0.001362
0.00117
0.001308
0.00112
0.000899
0.00087
0.000945
0.001215
0.000975
0.000908
0.001251
0.001168
0.001417
0.001259
0.00107
0.000835
0.000902
0.000799
0.000857
0.001014
0.001161
0.001187
0.001205
0.001231
0.001184
0.001378
0.001449
0.001025
0.001921
0.001337
0.001098
0.000973
0.001096
0.001343
0.001137
0.001311
0.001091
0.001182
0.001368
0.001318
0.00116
0.001221
0.001186
0.001172
0.001019
0.000934
0.001023
0.001185
0.001131
0.001353
0.001539
0.00123
0.001331
0.001308
0.001546
0.000954
0.000874
0.000857
0.000855
0.001191
0.001137
0.001381
0.001014
0.000848
0.000879
0.000811
0.001206
0.001149
0.00125
0.001271
0.001003
0.000872
0.000867
0.000846
0.000865
0.00098
0.001195
0.000943
0.000881
0.000845
0.001271
0.001434
0.00112
0.001581
0.001383
0.00105
0.000951
0.001268
0.001175
0.001025
0.001201
0.000901
0.001431
0.001204
0.001236
0.000869
0.000843
0.000811
0.001181
0.001149
0.00094
0.001138
0.001226
0.001119
0.000992
0.000916
0.000913
0.000926
0.001138
0.001017
0.000828
0.018502
0.001622
0.000991
0.001152
0.00131
0.001368
0.001191
0.001366
0.001271
0.001426
0.001297
0.001162
0.001538
0.001283
0.001275
0.001588
0.001272
0.001025
0.001465
0.001226
0.001093
0.000898
0.001136
0.001115
0.001701
0.001048
0.001127
0.00094
0.000886
0.001131
0.001574
0.001349
0.000941
0.001217
0.000939
0.000873
0.000842
0.001122
0.000855
0.001091
0.001545